2024-12-29 23:13:52,706 - pcp: Could not find `cid` for [H4L1\u202e6.5]
2024-12-29 23:13:53,371 - pcp: Could not find `cid` for [Mg(NO3)2\\u00b]
2024-12-29 23:13:54,086 - pcp: Could not find `cid` for [H3BTB]
2024-12-29 23:13:54,422 - pcp: Could not find `cid` for [Co(NO3)2\u22ef6H]
2024-12-29 23:13:54,765 - pcp: Could not find `cid` for [H3IDC]
2024-12-29 23:13:55,097 - pcp: Could not find `cid` for [1]
2024-12-29 23:13:55,415 - pcp: Could not find `cid` for [2-bis(4-pyrid]
2024-12-29 23:13:56,048 - pcp: Could not find `cid` for [CoCl2\u22c6 6H]
2024-12-29 23:13:56,361 - pcp: Could not find `cid` for [H3BTPCA]
2024-12-29 23:13:56,688 - pcp: Could not find `cid` for [Htrz]
2024-12-29 23:13:57,049 - pcp: Could not find `cid` for [1-[(4-methylphenyl)sul]
2024-12-29 23:13:57,381 - pcp: Could not find `cid` for [L]
2024-12-29 23:13:58,046 - pcp: Could not find `cid` for [Water (H2O)]
2024-12-29 23:13:58,733 - pcp: Could not find `cid` for [N(Et)3 (0.1 mL]
2024-12-29 23:13:59,065 - pcp: Could not find `cid` for [DMF (1 mL)]
2024-12-29 23:13:59,384 - pcp: Could not find `cid` for [N(Et)]
2024-12-29 23:13:59,717 - pcp: Could not find `cid` for [H2tdc]
2024-12-29 23:14:00,068 - pcp: Could not find `cid` for [pDBI]
2024-12-29 23:14:00,385 - pcp: Could not find `cid` for [Cd(NO3)2·4H2O]
2024-12-29 23:14:01,061 - pcp: Could not find `cid` for [H2bdc]
2024-12-29 23:14:01,783 - pcp: Could not find `cid` for [pdp]
2024-12-29 23:14:02,113 - pcp: Could not find `cid` for [H2BDC]
2024-12-29 23:14:03,621 - pcp: Could not find `cid` for [None]
2024-12-29 23:14:03,977 - pcp: Could not find `cid` for [DMF + CH3COOH + HCl]
2024-12-29 23:14:04,315 - pcp: Could not find `cid` for [9\u2014diaminon]
2024-12-29 23:14:04,644 - pcp: Could not find `cid` for [MgCl2·6H2O]
2024-12-29 23:14:04,963 - pcp: Could not find `cid` for [HBF4 (40%)]
2024-12-29 23:14:05,279 - pcp: Could not find `cid` for [Zn(OAc)2\u22ef2]
2024-12-29 23:14:05,627 - pcp: Could not find `cid` for [H4BDPO]
2024-12-29 23:14:07,830 - pcp: Could not find `cid` for [pyrazine-2]
2024-12-29 23:14:08,158 - pcp: Could not find `cid` for [3-dicar]
2024-12-29 23:14:10,023 - pcp: Could not find `cid` for [MnCl2·4H2O]
2024-12-29 23:14:11,097 - pcp: Could not find `cid` for [CuSO4\u25a0\u25a]
2024-12-29 23:14:11,425 - pcp: Could not find `cid` for [Ba(NO3)2]
2024-12-29 23:14:12,411 - pcp: Could not find `cid` for [Zn(Ac)2]
2024-12-29 23:14:12,725 - pcp: Could not find `cid` for [H3CMPEIP]
2024-12-29 23:14:13,386 - pcp: Could not find `cid` for [CuCl2\\u20242H2O]
2024-12-29 23:14:13,708 - pcp: Could not find `cid` for [Zn(NO3)2\u20096H]
2024-12-29 23:14:14,353 - pcp: Could not find `cid` for [10 mL]
2024-12-29 23:14:14,684 - pcp: Could not find `cid` for [4]
2024-12-29 23:14:15,004 - pcp: Could not find `cid` for [4\u0027-Bipy]
2024-12-29 23:14:15,317 - pcp: Could not find `cid` for [ZnF_(2) \* 4]
2024-12-29 23:14:15,637 - pcp: Could not find `cid` for [H3LMe]
2024-12-29 23:14:15,974 - pcp: Could not find `cid` for [DMF (4 mL)]
2024-12-29 23:14:16,302 - pcp: Could not find `cid` for [MeOH (]
2024-12-29 23:14:16,656 - pcp: Could not find `cid` for [3]
2024-12-29 23:14:17,012 - pcp: Could not find `cid` for [5-triazine-2]
2024-12-29 23:14:17,342 - pcp: Could not find `cid` for [Cu(ClO4)2\u22c6]
2024-12-29 23:14:17,677 - pcp: Could not find `cid` for [Zn(OAc)2\u22c75]
2024-12-29 23:14:18,318 - pcp: Could not find `cid` for [Dy(NO3)3·6H2]
2024-12-29 23:14:18,655 - pcp: Could not find `cid` for [H2Me4BPDC]
2024-12-29 23:14:18,992 - pcp: Could not find `cid` for [H2adi]
2024-12-29 23:14:19,668 - pcp: Could not find `cid` for [5-bis(4′-car]
2024-12-29 23:14:20,002 - pcp: Could not find `cid` for [1H-1]
2024-12-29 23:14:20,336 - pcp: Could not find `cid` for [2]
2024-12-29 23:14:20,673 - pcp: Could not find `cid` for [4-triaz]
2024-12-29 23:14:21,015 - pcp: Could not find `cid` for [H2dnpdc]
2024-12-29 23:14:21,669 - pcp: Could not find `cid` for [Millipore Water]
2024-12-29 23:14:21,990 - pcp: Could not find `cid` for [Cd(ClO4)2·6H2]
2024-12-29 23:14:22,309 - pcp: Could not find `cid` for [6 M HCl]
2024-12-29 23:14:22,648 - pcp: Could not find `cid` for [0.0129 g of EuCl3·]
2024-12-29 23:14:22,966 - pcp: Could not find `cid` for [ca. 10.6 g of distilled water]
2024-12-29 23:14:23,303 - pcp: Could not find `cid` for [Co(NO3)2⋅6 H]
2024-12-29 23:14:23,619 - pcp: Could not find `cid` for [DMF  NMP]
2024-12-29 23:14:23,935 - pcp: Could not find `cid` for [4\u2032-bpy]
2024-12-29 23:14:24,948 - pcp: Could not find `cid` for [Ce(NO3)3·6H2O]
2024-12-29 23:14:25,300 - pcp: Could not find `cid` for [4-bib]
2024-12-29 23:14:25,636 - pcp: Could not find `cid` for [H2PAM]
2024-12-29 23:14:25,954 - pcp: Could not find `cid` for [Cu(NO3)2·2.5H]
2024-12-29 23:14:26,608 - pcp: Could not find `cid` for [H5bpbc]
2024-12-29 23:14:26,956 - pcp: Could not find `cid` for [4\u]
2024-12-29 23:14:27,284 - pcp: Could not find `cid` for [Zn(NO3)2·6H2]
2024-12-29 23:14:27,599 - pcp: Could not find `cid` for [HCl (0.1 M)]
2024-12-29 23:14:27,912 - pcp: Could not find `cid` for [DMF (10 mL)]
2024-12-29 23:14:28,232 - pcp: Could not find `cid` for [H3TAIP]
2024-12-29 23:14:28,550 - pcp: Could not find `cid` for [Zn(OAc)2\u22bf2]
2024-12-29 23:14:28,886 - pcp: Could not find `cid` for [DMF\\]
2024-12-29 23:14:29,222 - pcp: Could not find `cid` for [water\\]
2024-12-29 23:14:29,568 - pcp: Could not find `cid` for [MeOH (2\\]
2024-12-29 23:14:29,908 - pcp: Could not find `cid` for [2 M HCl]
2024-12-29 23:14:30,242 - pcp: Could not find `cid` for [Zn(NO3)2\u22126H]
2024-12-29 23:14:30,577 - pcp: Could not find `cid` for [YbCl3·6H2O]
2024-12-29 23:14:30,893 - pcp: Could not find `cid` for [CuCl2\\u00b72H2]
2024-12-29 23:14:31,208 - pcp: Could not find `cid` for [H4TADIP]
2024-12-29 23:14:31,544 - pcp: Could not find `cid` for [H3BPT (0.045 mmol]
2024-12-29 23:14:31,885 - pcp: Could not find `cid` for [H4L]
2024-12-29 23:14:32,238 - pcp: Could not find `cid` for [KH2TDA]
2024-12-29 23:14:32,568 - pcp: Could not find `cid` for [azopy]
2024-12-29 23:14:32,908 - pcp: Could not find `cid` for [H3PIMDC]
2024-12-29 23:14:33,242 - pcp: Could not find `cid` for [H4tpta]
2024-12-29 23:14:33,573 - pcp: Could not find `cid` for [H4ptptc]
2024-12-29 23:14:33,918 - pcp: Could not find `cid` for [Me4NBr]
2024-12-29 23:14:34,254 - pcp: Could not find `cid` for [H3btc]
2024-12-29 23:14:34,588 - pcp: Could not find `cid` for [H8TDM]
2024-12-29 23:14:35,256 - pcp: Could not find `cid` for [3-bis(4-carboxy]
2024-12-29 23:14:35,570 - pcp: Could not find `cid` for [HFP]
2024-12-29 23:14:35,888 - pcp: Could not find `cid` for [MnCl2·4H2O (]
2024-12-29 23:14:36,233 - pcp: Could not find `cid` for [Co(NO3)2\\u20096H]
2024-12-29 23:14:37,237 - pcp: Could not find `cid` for [py]
2024-12-29 23:14:37,569 - pcp: Could not find `cid` for [Hade]
2024-12-29 23:14:37,901 - pcp: Could not find `cid` for [Cu(NO3)2·3H2O]
2024-12-29 23:14:38,232 - pcp: Could not find `cid` for [1 solution of N]
2024-12-29 23:14:38,563 - pcp: Could not find `cid` for [N-dimethyl]
2024-12-29 23:14:39,551 - pcp: Could not find `cid` for [H2SBA (0.186 g]
2024-12-29 23:14:39,866 - pcp: Could not find `cid` for [Na+L]
2024-12-29 23:14:40,218 - pcp: Could not find `cid` for [Cu(ClO4)2]
2024-12-29 23:14:40,888 - pcp: Could not find `cid` for [La(NO3)3\\u20262H]
2024-12-29 23:14:41,206 - pcp: Could not find `cid` for [Gd(NO3)3\u22c6]
2024-12-29 23:14:41,532 - pcp: Could not find `cid` for [A mixture of CoCl2\\u20226]
2024-12-29 23:14:41,852 - pcp: Could not find `cid` for [Zn(NO3)·6H2O]
2024-12-29 23:14:42,182 - pcp: Could not find `cid` for [H3MIDC]
2024-12-29 23:14:43,213 - pcp: Could not find `cid` for [bpfp (29.6 mg]
2024-12-29 23:14:43,531 - pcp: Could not find `cid` for [0]
2024-12-29 23:14:43,866 - pcp: Could not find `cid` for [H2O (10 mL)]
2024-12-29 23:14:44,185 - pcp: Could not find `cid` for [15 mL]
2024-12-29 23:14:44,824 - pcp: Could not find `cid` for [Tb(NO3)3\u00b66]
2024-12-29 23:14:45,164 - pcp: Could not find `cid` for [DMF (2 mL)]
2024-12-29 23:14:45,499 - pcp: Could not find `cid` for [H2O (]
2024-12-29 23:14:45,823 - pcp: Could not find `cid` for [H2BDC-F4]
2024-12-29 23:14:46,464 - pcp: Could not find `cid` for [H4bptc]
2024-12-29 23:14:46,802 - pcp: Could not find `cid` for [water\u2014ethanol (2]
2024-12-29 23:14:47,477 - pcp: Could not find `cid` for [50 μL of 6 M HCl]
2024-12-29 23:14:48,151 - pcp: Could not find `cid` for [4A-zeolite]
2024-12-29 23:14:48,468 - pcp: Could not find `cid` for [CdCO3 (0.217 g]
2024-12-29 23:14:48,786 - pcp: Could not find `cid` for [0.304 g meso-tartaric]
2024-12-29 23:14:49,119 - pcp: Could not find `cid` for [[(CH3)4N]OH]
2024-12-29 23:14:49,437 - pcp: Could not find `cid` for [Cu(NO3)2\u22c51.]
2024-12-29 23:14:49,750 - pcp: Could not find `cid` for [Et4NOH]
2024-12-29 23:14:50,072 - pcp: Could not find `cid` for [H3BTT]
2024-12-29 23:14:50,750 - pcp: Could not find `cid` for [CuCl2\u20222H2O]
2024-12-29 23:14:51,431 - pcp: Could not find `cid` for [DMF+H2O]
2024-12-29 23:14:51,747 - pcp: Could not find `cid` for [5-benzene]
2024-12-29 23:14:52,088 - pcp: Could not find `cid` for [H3tci]
2024-12-29 23:14:52,441 - pcp: Could not find `cid` for [5-cyano-1]
2024-12-29 23:14:52,776 - pcp: Could not find `cid` for [3-ben]
2024-12-29 23:14:53,102 - pcp: Could not find `cid` for [NH3\u00b7H2O]
2024-12-29 23:14:53,447 - pcp: Could not find `cid` for [MnSO4\u00b7H2]
2024-12-29 23:14:54,140 - pcp: Could not find `cid` for [100 \u00b5L of 6]
2024-12-29 23:14:54,458 - pcp: Could not find `cid` for [mixed solvent of N]
2024-12-29 23:14:54,796 - pcp: Could not find `cid` for [N-dimethyl formamide]
2024-12-29 23:14:55,114 - pcp: Could not find `cid` for [Eu(NO3)3]
2024-12-29 23:14:55,819 - pcp: Could not find `cid` for [Cu(NO3)2\\u202e2]
2024-12-29 23:14:56,493 - pcp: Could not find `cid` for [H4btec]
2024-12-29 23:14:57,454 - pcp: Could not find `cid` for [KI]
2024-12-29 23:14:57,798 - pcp: Could not find `cid` for [NaOH aqueous solution]
2024-12-29 23:14:58,448 - pcp: Could not find `cid` for [obtz]
2024-12-29 23:14:59,470 - pcp: Could not find `cid` for [CdSO4·8]
2024-12-29 23:14:59,805 - pcp: Could not find `cid` for [3H2O]
2024-12-29 23:15:00,149 - pcp: Could not find `cid` for [MnCl2\u202f4H2]
2024-12-29 23:15:00,467 - pcp: Could not find `cid` for [dmurea]
2024-12-29 23:15:00,802 - pcp: Could not find `cid` for [Cd(ClO4)2\u00b26]
2024-12-29 23:15:01,127 - pcp: Could not find `cid` for [TRZ]
2024-12-29 23:15:01,449 - pcp: Could not find `cid` for [Mn(NO3)2·4H2]
2024-12-29 23:15:01,770 - pcp: Could not find `cid` for [Zn(NO3)2\u20226H]
2024-12-29 23:15:02,089 - pcp: Could not find `cid` for [H3TBOT]
2024-12-29 23:15:02,431 - pcp: Could not find `cid` for [H2TBA]
2024-12-29 23:15:02,752 - pcp: Could not find `cid` for [0.16 mmol]
2024-12-29 23:15:03,089 - pcp: Could not find `cid` for [32 mg Mn]
2024-12-29 23:15:03,419 - pcp: Could not find `cid` for [10 mL water]
2024-12-29 23:15:03,750 - pcp: Could not find `cid` for [2 drops]
2024-12-29 23:15:04,067 - pcp: Could not find `cid` for [bpdc]
2024-12-29 23:15:04,407 - pcp: Could not find `cid` for [Zn(NO3)2\\u20226]
2024-12-29 23:15:04,723 - pcp: Could not find `cid` for [TPOM]
2024-12-29 23:15:05,038 - pcp: Could not find `cid` for [Cu(NO3)2\u00b66 H]
2024-12-29 23:15:05,369 - pcp: Could not find `cid` for [H2L2]
2024-12-29 23:15:05,715 - pcp: Could not find `cid` for [H4ABTC]
2024-12-29 23:15:06,038 - pcp: Could not find `cid` for [H22BPC]
2024-12-29 23:15:06,385 - pcp: Could not find `cid` for [UO2(NO3)3\\u00]
2024-12-29 23:15:06,702 - pcp: Could not find `cid` for [KH3L1]
2024-12-29 23:15:07,018 - pcp: Could not find `cid` for [H2pdc]
2024-12-29 23:15:07,352 - pcp: Could not find `cid` for [aqueous]
2024-12-29 23:15:08,020 - pcp: Could not find `cid` for [2 drops concentrated nitric acid]
2024-12-29 23:15:08,354 - pcp: Could not find `cid` for [C6H6(COOH)6·]
2024-12-29 23:15:08,689 - pcp: Could not find `cid` for [water-ethanol (1]
2024-12-29 23:15:09,006 - pcp: Could not find `cid` for [4)]
2024-12-29 23:15:09,321 - pcp: Could not find `cid` for [1 mol L\u22121 NaOH]
2024-12-29 23:15:09,646 - pcp: Could not find `cid` for [CH3OH (5 mL)]
2024-12-29 23:15:10,604 - pcp: Could not find `cid` for [DMF (36 mL)]
2024-12-29 23:15:10,923 - pcp: Could not find `cid` for [4-dioxane (24 mL)]
2024-12-29 23:15:11,265 - pcp: Could not find `cid` for [dilute sodium hydroxide]
2024-12-29 23:15:11,963 - pcp: Could not find `cid` for [C6H5PO3H2]
2024-12-29 23:15:12,298 - pcp: Could not find `cid` for [ZnF2·4H2O]
2024-12-29 23:15:12,624 - pcp: Could not find `cid` for [Dy2O3 (0.094 g]
2024-12-29 23:15:12,944 - pcp: Could not find `cid` for [H3L3]
2024-12-29 23:15:13,253 - pcp: Could not find `cid` for [H2Tart]
2024-12-29 23:15:13,585 - pcp: Could not find `cid` for [Co(NO3)2\u207a6H]
2024-12-29 23:15:13,907 - pcp: Could not find `cid` for [14]
2024-12-29 23:15:14,245 - pcp: Could not find `cid` for [0.50 mL of a 1.0]
2024-12-29 23:15:14,594 - pcp: Could not find `cid` for [distilled H2O]
2024-12-29 23:15:14,927 - pcp: Could not find `cid` for [H2BPDC]
2024-12-29 23:15:15,261 - pcp: Could not find `cid` for [N-H2BDC]
2024-12-29 23:15:15,595 - pcp: Could not find `cid` for [none]
2024-12-29 23:15:15,933 - pcp: Could not find `cid` for [H4PANAD]
2024-12-29 23:15:16,253 - pcp: Could not find `cid` for [CuSO4\u22125H2O]
2024-12-29 23:15:16,908 - pcp: Could not find `cid` for [H2bpta]
2024-12-29 23:15:17,255 - pcp: Could not find `cid` for [concentrated sulfuric acid (98%)]
2024-12-29 23:15:17,576 - pcp: Could not find `cid` for [L (16.8 mg]
2024-12-29 23:15:17,898 - pcp: Could not find `cid` for [0.]
2024-12-29 23:15:18,215 - pcp: Could not find `cid` for [water (10 mL)]
2024-12-29 23:15:18,552 - pcp: Could not find `cid` for [CoCl2\u20226H2O]
2024-12-29 23:15:18,865 - pcp: Could not find `cid` for [H4bdfdpa]
2024-12-29 23:15:19,193 - pcp: Could not find `cid` for [NH2–H2BDC]
2024-12-29 23:15:19,513 - pcp: Could not find `cid` for [Zn(OAc)2\u00b72]
2024-12-29 23:15:19,862 - pcp: Could not find `cid` for [H6L2]
2024-12-29 23:15:20,202 - pcp: Could not find `cid` for [Zn(NO3)2\u00b26]
2024-12-29 23:15:20,540 - pcp: Could not find `cid` for [H8TIAPy (5 mg]
2024-12-29 23:15:20,875 - pcp: Could not find `cid` for [DMF (5 mL)]
2024-12-29 23:15:21,217 - pcp: Could not find `cid` for [H2L]
2024-12-29 23:15:21,552 - pcp: Could not find `cid` for [CdCl2·2.]
2024-12-29 23:15:21,870 - pcp: Could not find `cid` for [Cu(NO3)2\u22123H2]
2024-12-29 23:15:22,210 - pcp: Could not find `cid` for [DEF\\]
2024-12-29 23:15:22,545 - pcp: Could not find `cid` for [MeOH (1.5\\]
2024-12-29 23:15:22,887 - pcp: Could not find `cid` for [3-dimethylurea]
2024-12-29 23:15:23,232 - pcp: Could not find `cid` for [1-methyl-2-pyrrolidin]
2024-12-29 23:15:23,904 - pcp: Could not find `cid` for [Cu(NO3)2\u20262.5]
2024-12-29 23:15:24,562 - pcp: Could not find `cid` for [Cd(NO3)2\u00b44H]
2024-12-29 23:15:25,255 - pcp: Could not find `cid` for [bpz]
2024-12-29 23:15:25,587 - pcp: Could not find `cid` for [CoCl2]
2024-12-29 23:15:25,931 - pcp: Could not find `cid` for [7 mL of distilled water]
2024-12-29 23:15:26,250 - pcp: Could not find `cid` for [H4MDIP]
2024-12-29 23:15:26,585 - pcp: Could not find `cid` for [H4dpstc]
2024-12-29 23:15:26,922 - pcp: Could not find `cid` for [ZnCl2]
2024-12-29 23:15:27,242 - pcp: Could not find `cid` for [Gd(NO3)3 (0.045]
2024-12-29 23:15:27,564 - pcp: Could not find `cid` for [NH2(CH3)2Cl]
2024-12-29 23:15:27,900 - pcp: Could not find `cid` for [two drops of conc. HCl]
2024-12-29 23:15:28,221 - pcp: Could not find `cid` for [a mixture of DMF (1.5 mL]
2024-12-29 23:15:28,865 - pcp: Could not find `cid` for [Cobalt(II) chloride hexahydr]
2024-12-29 23:15:29,252 - pcp: Could not find `cid` for [Cd(NO3)2\u00b74H]
2024-12-29 23:15:29,573 - pcp: Could not find `cid` for [NaOH or KOH (10 mol·l]
2024-12-29 23:15:30,243 - pcp: Could not find `cid` for [H2pddb]
2024-12-29 23:15:30,562 - pcp: Could not find `cid` for [Zn(Ac)2.2H2]
2024-12-29 23:15:30,920 - pcp: Could not find `cid` for [2-propylimidazole (2-pim)]
2024-12-29 23:15:31,246 - pcp: Could not find `cid` for [Cd(NO3)2\\u00b24]
2024-12-29 23:15:31,556 - pcp: Could not find `cid` for [H2C2O4]
2024-12-29 23:15:31,886 - pcp: Could not find `cid` for [NH4(NO3)2]
2024-12-29 23:15:32,224 - pcp: Could not find `cid` for [btrb]
2024-12-29 23:15:32,548 - pcp: Could not find `cid` for [NH4VO3 (0.047 g]
2024-12-29 23:15:32,883 - pcp: Could not find `cid` for [H2O (8 mL)]
2024-12-29 23:15:33,222 - pcp: Could not find `cid` for [timtz]
2024-12-29 23:15:33,540 - pcp: Could not find `cid` for [Isophthalic acid (H2ipa]
2024-12-29 23:15:34,204 - pcp: Could not find `cid` for [Cd(NO3)2·6H2O]
2024-12-29 23:15:34,837 - pcp: Could not find `cid` for [HNO3 (2.0 mol·L]
2024-12-29 23:15:35,162 - pcp: Could not find `cid` for [DMF (1.5 mL)]
2024-12-29 23:15:35,857 - pcp: Could not find `cid` for [Co(OAc)2\u20042H2]
2024-12-29 23:15:36,193 - pcp: Could not find `cid` for [Sm(NO3)3\u20096H2]
2024-12-29 23:15:36,535 - pcp: Could not find `cid` for [H4X]
2024-12-29 23:15:36,872 - pcp: Could not find `cid` for [Cd(NO3)2·]
2024-12-29 23:15:37,220 - pcp: Could not find `cid` for [Mg(NO3)2 \u22194]
2024-12-29 23:15:37,558 - pcp: Could not find `cid` for [H3TPO]
2024-12-29 23:15:37,876 - pcp: Could not find `cid` for [Cd(BF4)2]
2024-12-29 23:15:38,193 - pcp: Could not find `cid` for [H2O-MeOH]
2024-12-29 23:15:38,525 - pcp: Could not find `cid` for [NaHCOO\u00b72 H]
2024-12-29 23:15:39,192 - pcp: Could not find `cid` for [Cd(NO3)2\u22124H2]
2024-12-29 23:15:39,529 - pcp: Could not find `cid` for [BTC]
2024-12-29 23:15:40,544 - pcp: Could not find `cid` for [btca]
2024-12-29 23:15:41,194 - pcp: Could not find `cid` for [aqueous solution]
2024-12-29 23:15:41,893 - pcp: Could not find `cid` for [Htz (14.0 mg]
2024-12-29 23:15:42,213 - pcp: Could not find `cid` for [methanol\u2013water (v]
2024-12-29 23:15:42,547 - pcp: Could not find `cid` for [v =]
2024-12-29 23:15:42,880 - pcp: Could not find `cid` for [H3bpt]
2024-12-29 23:15:43,230 - pcp: Could not find `cid` for [H3PyImDC]
2024-12-29 23:15:43,570 - pcp: Could not find `cid` for [BaCl2\\u22C5\\u]
2024-12-29 23:15:43,919 - pcp: Could not find `cid` for [Cu(NO3)2\u22c75H]
2024-12-29 23:15:44,572 - pcp: Could not find `cid` for [H2E2Ge2O3]
2024-12-29 23:15:44,920 - pcp: Could not find `cid` for [Hmtz]
2024-12-29 23:15:45,240 - pcp: Could not find `cid` for [H2ntd]
2024-12-29 23:15:45,916 - pcp: Could not find `cid` for [Cd(NO3)2\u20242H2]
2024-12-29 23:15:46,253 - pcp: Could not find `cid` for [H3PMo12O40\u22c]
2024-12-29 23:15:46,589 - pcp: Could not find `cid` for [Cu(NO3)6\u20233H2]
2024-12-29 23:15:46,916 - pcp: Could not find `cid` for [CuBr (29 mg]
2024-12-29 23:15:47,232 - pcp: Could not find `cid` for [0.2]
2024-12-29 23:15:47,965 - pcp: Could not find `cid` for [ethanol (1]
2024-12-29 23:15:48,633 - pcp: Could not find `cid` for [Na2C2O4]
2024-12-29 23:15:48,948 - pcp: Could not find `cid` for [Cu(NO3)2⋅2.]
2024-12-29 23:15:49,595 - pcp: Could not find `cid` for [68 % concentrated nitric acid]
2024-12-29 23:15:49,920 - pcp: Could not find `cid` for [Dy(NO3)3·5H2]
2024-12-29 23:15:50,236 - pcp: Could not find `cid` for [MCF-19]
2024-12-29 23:15:50,886 - pcp: Could not find `cid` for [Zn(OAc)\u00252\u002]
2024-12-29 23:15:51,234 - pcp: Could not find `cid` for [imidazolidine-2]
2024-12-29 23:15:51,915 - pcp: Could not find `cid` for [Mn(CH3COO)2·4]
2024-12-29 23:15:53,586 - pcp: Could not find `cid` for [EtOH (4]
2024-12-29 23:15:54,572 - pcp: Could not find `cid` for [Gd(NO3)3]
2024-12-29 23:15:54,895 - pcp: Could not find `cid` for [H4[SiW12O40]]
2024-12-29 23:15:55,260 - pcp: Could not find `cid` for [5-(pyridin-4-yl)]
2024-12-29 23:15:55,910 - pcp: Could not find `cid` for [bztpy]
2024-12-29 23:15:56,245 - pcp: Could not find `cid` for [Sm(NO3)3\u00b66 H]
2024-12-29 23:15:56,564 - pcp: Could not find `cid` for [sodium acetate buffer]
2024-12-29 23:15:56,897 - pcp: Could not find `cid` for [MnCl2\u22c5\u002]
2024-12-29 23:15:57,220 - pcp: Could not find `cid` for [NH3\u00b0H2O]
2024-12-29 23:15:57,550 - pcp: Could not find `cid` for [HO-H3BTC (11 mg]
2024-12-29 23:15:57,887 - pcp: Could not find `cid` for [4′]
2024-12-29 23:15:58,207 - pcp: Could not find `cid` for [4-bipy]
2024-12-29 23:15:58,557 - pcp: Could not find `cid` for [formic acid solution]
2024-12-29 23:15:58,877 - pcp: Could not find `cid` for [H3L]
2024-12-29 23:15:59,211 - pcp: Could not find `cid` for [2 M HNO3]
2024-12-29 23:16:00,220 - pcp: Could not find `cid` for [bimb]
2024-12-29 23:16:00,537 - pcp: Could not find `cid` for [Cu(NO3)2\u20263H2]
2024-12-29 23:16:01,210 - pcp: Could not find `cid` for [Zn(NO3)2\u20266H]
2024-12-29 23:16:01,546 - pcp: Could not find `cid` for [FeCl2·4H2O (0]
2024-12-29 23:16:01,891 - pcp: Could not find `cid` for [p-BrPhH3IDC]
2024-12-29 23:16:02,230 - pcp: Could not find `cid` for [Cd(NO3)2\\u202f4]
2024-12-29 23:16:02,546 - pcp: Could not find `cid` for [DMF\\\\u002fEtOH\\\\u]
2024-12-29 23:16:02,863 - pcp: Could not find `cid` for [50 \u00b5L of 6]
2024-12-29 23:16:03,533 - pcp: Could not find `cid` for [Cd(NO3)2\u202614H2]
2024-12-29 23:16:03,867 - pcp: Could not find `cid` for [0.038 g]
2024-12-29 23:16:04,192 - pcp: Could not find `cid` for [0.2 mm]
2024-12-29 23:16:04,511 - pcp: Could not find `cid` for [Hdpt24]
2024-12-29 23:16:04,828 - pcp: Could not find `cid` for [CdSO4\u00b88]
2024-12-29 23:16:05,501 - pcp: Could not find `cid` for [5-pyridinedicarbox]
2024-12-29 23:16:05,836 - pcp: Could not find `cid` for [Zn(NO3)2\u22c7]
2024-12-29 23:16:06,172 - pcp: Could not find `cid` for [Cd(NO3)2\u22c75H]
2024-12-29 23:16:06,486 - pcp: Could not find `cid` for [bimh]
2024-12-29 23:16:06,812 - pcp: Could not find `cid` for [two drops of HCl (6 mol L\u]
2024-12-29 23:16:07,122 - pcp: Could not find `cid` for [Co(Ac)2⋅4 H]
2024-12-29 23:16:07,466 - pcp: Could not find `cid` for [Er(NO3)3\u00b55H]
2024-12-29 23:16:07,799 - pcp: Could not find `cid` for [KIO4]
2024-12-29 23:16:08,119 - pcp: Could not find `cid` for [ZrOCl2\u00b28H]
2024-12-29 23:16:08,786 - pcp: Could not find `cid` for [4-pyridinedicarbox]
2024-12-29 23:16:09,137 - pcp: Could not find `cid` for [PDEB (11.33 mg]
2024-12-29 23:16:09,476 - pcp: Could not find `cid` for [H2C2O4\\u202a]
2024-12-29 23:16:09,808 - pcp: Could not find `cid` for [Co(NO3)⋅6 H2]
2024-12-29 23:16:10,137 - pcp: Could not find `cid` for [2-imidazolidone hemihydr]
2024-12-29 23:16:10,477 - pcp: Could not find `cid` for [Co(CH3COO)2\u22124]
2024-12-29 23:16:10,788 - pcp: Could not find `cid` for [Zn(CH3COO)2·2]
2024-12-29 23:16:11,770 - pcp: Could not find `cid` for [Sr(NO3)2]
2024-12-29 23:16:12,088 - pcp: Could not find `cid` for [Zn(NO3)2\\u20266]
2024-12-29 23:16:12,415 - pcp: Could not find `cid` for [NaOH (0.004 g]
2024-12-29 23:16:12,731 - pcp: Could not find `cid` for [InCl3·4H2O]
2024-12-29 23:16:13,045 - pcp: Could not find `cid` for [4 ml H2O]
2024-12-29 23:16:13,378 - pcp: Could not find `cid` for [2 ml CH]
2024-12-29 23:16:13,695 - pcp: Could not find `cid` for [Cd(ClO4)2\\u20226]
2024-12-29 23:16:14,043 - pcp: Could not find `cid` for [DIPA]
2024-12-29 23:16:14,377 - pcp: Could not find `cid` for [La(NO)3\\u20096H2]
2024-12-29 23:16:15,032 - pcp: Could not find `cid` for [Dy(NO3)3\u25cf5]
2024-12-29 23:16:15,360 - pcp: Could not find `cid` for [1.5 ml benzene]
2024-12-29 23:16:15,695 - pcp: Could not find `cid` for [0.5 ml CHCl3]
2024-12-29 23:16:16,046 - pcp: Could not find `cid` for [H3btc (0.02 mmol)]
2024-12-29 23:16:16,360 - pcp: Could not find `cid` for [NH3·H2O]
2024-12-29 23:16:16,705 - pcp: Could not find `cid` for [Ba(OH]
2024-12-29 23:16:17,029 - pcp: Could not find `cid` for [Zn(NO3)2\u22ef6]
2024-12-29 23:16:17,366 - pcp: Could not find `cid` for [4-abpt]
2024-12-29 23:16:18,360 - pcp: Could not find `cid` for [4-dioxane (or THF]
2024-12-29 23:16:19,140 - pcp: Could not find `cid` for [sodium acetate buffer (8 mL]
2024-12-29 23:16:19,474 - pcp: Could not find `cid` for [4-bimb]
2024-12-29 23:16:19,806 - pcp: Could not find `cid` for [0.095 g bib]
2024-12-29 23:16:20,154 - pcp: Could not find `cid` for [Tb(NO3)3\u2229]
2024-12-29 23:16:20,489 - pcp: Could not find `cid` for [Hatz]
2024-12-29 23:16:20,824 - pcp: Could not find `cid` for [DMF (1.0 mL)]
2024-12-29 23:16:21,155 - pcp: Could not find `cid` for [ethanol (]
2024-12-29 23:16:21,481 - pcp: Could not find `cid` for [CdBr2.4H2O]
2024-12-29 23:16:22,157 - pcp: Could not find `cid` for [H10L]
2024-12-29 23:16:22,493 - pcp: Could not find `cid` for [MnCl2\u20044]
2024-12-29 23:16:22,811 - pcp: Could not find `cid` for [4\u2019-bipyridine]
2024-12-29 23:16:23,145 - pcp: Could not find `cid` for [2\u2032-oxydiac]
2024-12-29 23:16:23,477 - pcp: Could not find `cid` for [Linker H43 (0.050 g]
2024-12-29 23:16:23,830 - pcp: Could not find `cid` for [CuSO4\u20255H2O (]
2024-12-29 23:16:24,158 - pcp: Could not find `cid` for [K2C2O4]
2024-12-29 23:16:24,501 - pcp: Could not find `cid` for [n-C4H10OH]
2024-12-29 23:16:24,836 - pcp: Could not find `cid` for [DMF + CH3OH]
2024-12-29 23:16:25,161 - pcp: Could not find `cid` for [Cu-based materials were prepared by adding 2]
2024-12-29 23:16:25,483 - pcp: Could not find `cid` for [In(NO3)3\u20244.5]
2024-12-29 23:16:25,817 - pcp: Could not find `cid` for [H2MFDA]
2024-12-29 23:16:26,151 - pcp: Could not find `cid` for [H2MHFDA]
2024-12-29 23:16:26,492 - pcp: Could not find `cid` for [H6CPB]
2024-12-29 23:16:26,815 - pcp: Could not find `cid` for [Ni(ClO4)2]
2024-12-29 23:16:27,135 - pcp: Could not find `cid` for [H4BTC]
2024-12-29 23:16:27,469 - pcp: Could not find `cid` for [H2-4]
2024-12-29 23:16:27,817 - pcp: Could not find `cid` for [5-pmbc]
2024-12-29 23:16:28,825 - pcp: Could not find `cid` for [40% HBF4]
2024-12-29 23:16:29,160 - pcp: Could not find `cid` for [LiOH\u2009\u00b7H]
2024-12-29 23:16:29,515 - pcp: Could not find `cid` for [5-amino-benzene-1]
2024-12-29 23:16:29,833 - pcp: Could not find `cid` for [DyCl3·6H2O]
2024-12-29 23:16:30,463 - pcp: Could not find `cid` for [3CdSO4\u22188H2O]
2024-12-29 23:16:30,793 - pcp: Could not find `cid` for [Co(NO3)2\u00b24H]
2024-12-29 23:16:31,573 - pcp: Could not find `cid` for [H4MTB (0.020 g]
2024-12-29 23:16:31,888 - pcp: Could not find `cid` for [DMF (3 mL)]
2024-12-29 23:16:33,217 - pcp: Could not find `cid` for [40 \u03bcL of 6 M]
2024-12-29 23:16:33,557 - pcp: Could not find `cid` for [DMF\u2013C2H5OH]
2024-12-29 23:16:33,897 - pcp: Could not find `cid` for [H2obb]
2024-12-29 23:16:34,223 - pcp: Could not find `cid` for [1 drop of aqueous HCl]
2024-12-29 23:16:34,542 - pcp: Could not find `cid` for [0-phenanthroline]
2024-12-29 23:16:34,892 - pcp: Could not find `cid` for [H2fum]
2024-12-29 23:16:35,992 - pcp: Could not find `cid` for [NaOH (0.3 ml]
2024-12-29 23:16:36,311 - pcp: Could not find `cid` for [H3btb]
2024-12-29 23:16:36,645 - pcp: Could not find `cid` for [Mg(NO3)2·6H2]
2024-12-29 23:16:37,313 - pcp: Could not find `cid` for [H2bpydb]
2024-12-29 23:16:37,630 - pcp: Could not find `cid` for [H3PMo12O40\u22C]
2024-12-29 23:16:37,949 - pcp: Could not find `cid` for [Ni(Ac)2\u20214H2]
2024-12-29 23:16:38,267 - pcp: Could not find `cid` for [H4PAGeS]
2024-12-29 23:16:38,936 - pcp: Could not find `cid` for [Ni(NO3)2\u20096H2]
2024-12-29 23:16:39,261 - pcp: Could not find `cid` for [1 (v]
2024-12-29 23:16:39,591 - pcp: Could not find `cid` for [v) mixture of meth]
2024-12-29 23:16:39,907 - pcp: Could not find `cid` for [L2]
2024-12-29 23:16:40,230 - pcp: Could not find `cid` for [CH3OH (2 mL)]
2024-12-29 23:16:40,580 - pcp: Could not find `cid` for [Tb(ClO4)3·6H]
2024-12-29 23:16:40,918 - pcp: Could not find `cid` for [nitrate acid solution]
2024-12-29 23:16:41,244 - pcp: Could not find `cid` for [no additive]
2024-12-29 23:16:41,562 - pcp: Could not find `cid` for [Cu(NO3)2\u00b22.]
2024-12-29 23:16:41,913 - pcp: Could not find `cid` for [4\u2032-bipyridyl]
2024-12-29 23:16:42,264 - pcp: Could not find `cid` for [NiCl2\\u00b]
2024-12-29 23:16:42,599 - pcp: Could not find `cid` for [Cu(CH3COO)2]
2024-12-29 23:16:42,912 - pcp: Could not find `cid` for [CuCl2\u22122H2O]
2024-12-29 23:16:43,233 - pcp: Could not find `cid` for [CuCl2·2H2O]
2024-12-29 23:16:43,555 - pcp: Could not find `cid` for [H2pdc (0.2500 mm]
2024-12-29 23:16:43,892 - pcp: Could not find `cid` for [aqueous mixture (10.0 mL)]
2024-12-29 23:16:44,237 - pcp: Could not find `cid` for [Pr6O11]
2024-12-29 23:16:44,962 - pcp: Could not find `cid` for [Na2WO4\u20092H2O]
2024-12-29 23:16:45,276 - pcp: Could not find `cid` for [H3PMo12O40 · 12]
2024-12-29 23:16:45,595 - pcp: Could not find `cid` for [H4ATC]
2024-12-29 23:16:45,921 - pcp: Could not find `cid` for [aqueous NaOH solution]
2024-12-29 23:16:46,243 - pcp: Could not find `cid` for [Zn(NO3)2\\u20092]
2024-12-29 23:16:46,559 - pcp: Could not find `cid` for [6N HNO3]
2024-12-29 23:16:46,877 - pcp: Could not find `cid` for [dpdo]
2024-12-29 23:16:47,214 - pcp: Could not find `cid` for [dmfCH3OH]
2024-12-29 23:16:47,537 - pcp: Could not find `cid` for [NaOH(0.004 g]
2024-12-29 23:16:47,880 - pcp: Could not find `cid` for [deionized water (4 mL)]
2024-12-29 23:16:48,208 - pcp: Could not find `cid` for [CH]
2024-12-29 23:16:48,548 - pcp: Could not find `cid` for [H3TCMTB]
2024-12-29 23:16:49,195 - pcp: Could not find `cid` for [Eu(NO3)3 \u22c6]
2024-12-29 23:16:49,515 - pcp: Could not find `cid` for [Zn(NO3)2\u00b66]
2024-12-29 23:16:50,166 - pcp: Could not find `cid` for [Co(NO3)2\\u20076H]
2024-12-29 23:16:50,818 - pcp: Could not find `cid` for [BIDPE]
2024-12-29 23:16:51,176 - pcp: Could not find `cid` for [2-sulfoterephthalic acid mon]
2024-12-29 23:16:51,513 - pcp: Could not find `cid` for [TEA]
2024-12-29 23:16:52,194 - pcp: Could not find `cid` for [LiOH\u202fh2o]
2024-12-29 23:16:52,547 - pcp: Could not find `cid` for [FeTCPPCl]
2024-12-29 23:16:52,864 - pcp: Could not find `cid` for [H4L2]
2024-12-29 23:16:53,185 - pcp: Could not find `cid` for [Eu(NO3)3·nH2O]
2024-12-29 23:16:53,853 - pcp: Could not find `cid` for [H4SiW12O40\u00b]
2024-12-29 23:16:54,518 - pcp: Could not find `cid` for [H2ip (16.6 mg]
2024-12-29 23:16:54,854 - pcp: Could not find `cid` for [4′‐bipy]
2024-12-29 23:16:55,189 - pcp: Could not find `cid` for [H2CPNA]
2024-12-29 23:16:55,503 - pcp: Could not find `cid` for [H4BTeC]
2024-12-29 23:16:55,820 - pcp: Could not find `cid` for [CdCl2\\u20076H2O]
2024-12-29 23:16:56,159 - pcp: Could not find `cid` for [H2BPDA (0.0968 g]
2024-12-29 23:16:56,474 - pcp: Could not find `cid` for [H4DBIP]
2024-12-29 23:16:56,789 - pcp: Could not find `cid` for [NH2–H3BTB]
2024-12-29 23:16:57,114 - pcp: Could not find `cid` for [CoSO4\u22c5]
2024-12-29 23:16:57,440 - pcp: Could not find `cid` for [La(NO3)3\\u00b76]
2024-12-29 23:16:58,155 - pcp: Could not find `cid` for [La(NO3)2\u20226H2]
2024-12-29 23:16:58,490 - pcp: Could not find `cid` for [DMSO\\u00252H2O]
2024-12-29 23:16:58,819 - pcp: Could not find `cid` for [H9L1]
2024-12-29 23:16:59,138 - pcp: Could not find `cid` for [4bpdh]
2024-12-29 23:16:59,452 - pcp: Could not find `cid` for [ethanol (0]
2024-12-29 23:16:59,768 - pcp: Could not find `cid` for [Zn(NO3)2 \u00b]
2024-12-29 23:17:00,110 - pcp: Could not find `cid` for [tpt]
2024-12-29 23:17:00,449 - pcp: Could not find `cid` for [H2bpdc]
2024-12-29 23:17:00,784 - pcp: Could not find `cid` for [HBF]
2024-12-29 23:17:01,120 - pcp: Could not find `cid` for [CuI]
2024-12-29 23:17:01,456 - pcp: Could not find `cid` for [bpmp]
2024-12-29 23:17:01,793 - pcp: Could not find `cid` for [NaH2SIP]
2024-12-29 23:17:02,130 - pcp: Could not find `cid` for [H5L1]
2024-12-29 23:17:02,444 - pcp: Could not find `cid` for [H3TZI]
2024-12-29 23:17:02,787 - pcp: Could not find `cid` for [H3tzdc]
2024-12-29 23:17:03,133 - pcp: Could not find `cid` for [4-diazabicyclo[2]
2024-12-29 23:17:03,469 - pcp: Could not find `cid` for [Zn(OAc)2\u22122H]
2024-12-29 23:17:03,809 - pcp: Could not find `cid` for [Cd(NO3)2\u00b42H]
