2025-01-07 17:40:27,112 - 
Paragraph: IQECIS_clean
Model: Phi 3 Mini 4k Instruct
Expected one of: ['Dimethylacetamide', 'Dimethylacetamid', 'DMA', 'methanol', 'CH3OH', 'Dioxane', 'Dioxan']
Got : DMA/CH3OH/1,4
Original text: CoSO4⋅7 H2O (0.029 g, 0.103 mmol), tpt (0.019 g, 0.061 mmol), and H3btb (0.021 g, 0.048 mmol) were added in the solvent mixture of N,N‐dimethylacetamide (DMA, 5 mL)/methanol (CH3OH, 5 mL)/1,4‐dioxane ...
2025-01-07 17:40:27,854 - 
Paragraph: TAGVAB_clean
Model: Phi 3 Mini 4k Instruct
Expected one of: ['DIETHANOLAMINE', '111-42-2', "2,2'-Iminodiethanol", 'Diolamine', 'Iminodiethanol', 'Bis(2-hydroxyethyl)amine', 'Diethylolamine', '2-(2-Hydroxyethylamino)ethanol', "2,2'-Dihydroxydiethylamine", 'N,N-Diethanolamine', 'Diethanolamin', "Ethanol, 2,2'-iminobis-", "2,2'-Azanediyldiethanol", "2,2'-Iminobisethanol", 'Di(2-hydroxyethyl)amine', "N,N'-Iminodiethanol", 'Niax DEOA-LF', 'Diaethanolamin', 'Bis(hydroxyethyl)amine', 'Dabco DEOA-LF', '2-[(2-hydroxyethyl)amino]ethan-1-ol', 'N,N-Bis(2-hydroxyethyl)amine', "2,2'-Iminodi-1-ethanol", 'N,N-Di(hydroxyethyl)amine', 'H2dea', 'NCI-C55174', 'Di(beta-hydroxyethyl)amine', 'Bis-2-hydroxyethylamine', 'MFCD00002843', "Diethylamine, 2,2'-dihydroxy-", 'Diolamine [INN]', 'Tegoamin deoa 85', "Ethanol, 2,2'-iminodi-", 'NSC 4959', "2,2'Iminobisethanol", 'CCRIS 5906', 'HSDB 924', 'UNII-AZE05TDV2V', "2,2'-Iminobis[ethanol]", 'AZE05TDV2V', '2-[(2-Hydroxyethyl)amino]ethanol', 'NSC-4959', 'EINECS 203-868-0', 'bis-(2-hydroxy-ethyl)-amine', 'BRN 0605315', 'Diethanolamine (NF)', 'Diethanolamine [NF]', 'DTXSID3021932', 'CHEBI:28123', 'AI3-15335', 'DTXCID601932', 'EC 203-868-0', '2-((2-Hydroxyethyl)amino)ethanol', '4-04-00-01514 (Beilstein Handbook Reference)', "2,2'-iminobis(ethanol)", 'DIOLAMINE (MART.)', 'DIOLAMINE [MART.]', 'DIETHANOLAMINE (II)', 'DIETHANOLAMINE [II]', 'Diolamine (VAN)', 'DIETHANOLAMINE (IARC)', 'DIETHANOLAMINE [IARC]', "AMINE,DIETHYL,2,2'-DIHYDROXY   DIETHANOLAMINE", 'DIETHANOLAMINE (USP-RS)', 'DIETHANOLAMINE [USP-RS]', 'Diethanolamin [Czech]', 'Diaethanolamin [German]', 'CAS-111-42-2', 'TROLAMINE IMPURITY B (EP IMPURITY)', 'TROLAMINE IMPURITY B [EP IMPURITY]', 'ethane, 1-hydroxy-2-(2-hydroxyethyl)amino-', "2,2'-Dihydroxydiethyamine", 'diethanolarnine', 'diethanol amine', 'Aliphatic amine', "2,2'-Iminobis", 'Diethanolamine, 99%', "Ethanol,2'-iminodi-", 'N, N-diethanol amine', "Ethanol,2'-iminobis-", 'bis-(2-hydroxyethyl)amine', 'bmse000371', "Diethanol, 2,2'-imino-", 'DIETHANOLAMINE [MI]', "Diethylamine,2'-dihydroxy-", 'SCHEMBL2324', 'bis-(2-hydroxyethyl)-amine', 'NCIOpen2_008991', 'WLN: Q2M2Q', '(HOCH2 CH2)2NH', 'DIETHANOLAMINE [HSDB]', 'ghl.PD_Mitscher_leg0.542', 'bis-(2-hydroxy-ethyl) amine', 'MLS001065608', 'BIDD:GT0277', 'DIETHANOLAMINE [VANDF]', 'Diethanolamine, LR, >=98%', 'CHEMBL119604', 'SCHEMBL5200828', '2-(2-hydroxy-ethylamino)ethanol', '2-(2-hydroxyethylamino)-ethanol', 'Diethanolamine, Biochemical grade', 'DI(2-HYDROXYETHYL) AMINE', 'NSC4959', "2,2'-Azanediylbis(ethan-1-ol)", 'BIS-(2-HYDROXY)ETHYLAMINE', 'Diethanolamine, ACS reagent grade', '2-(2-hydroxy-ethylamino)-ethanol', 'Diethanolamine, analytical standard', 'Diethanolamine, puriss., 99.0%', 'HMS2269D18', 'STR03965', "2,2'-DIHYDROXYDIETHYL AMINE", 'Tox21_201701', 'Tox21_300034', 'Diethanolamine, BioXtra, >=98.5%', 'STL264122', "2,2'-Iminodiethanol (Diethanolamine)", 'AKOS000119884', '1ST9086', 'AMINE, DIETHYL, 2,2-DIHYDROXY-', 'Diethanolamine, ACS reagent, >=98.5%', 'NCGC00091478-01', 'NCGC00091478-02', 'NCGC00091478-03', 'NCGC00091478-04', 'NCGC00254061-01', 'NCGC00259250-01', 'BP-31238', 'Diethanolamine, reagent grade, >=98.0%', 'SMR000112130', 'Diethanolamine, BioUltra, >=99.5% (GC)', 'Diethanolamine, SAJ first grade, >=98.0%', 'I0008', 'NS00005053', 'S0376', 'Diethanolamine, JIS special grade, >=99.0%', 'EN300-19762', 'C06772', 'D02337', 'D92250', 'Q418437', 'J-506841', 'F2190-0311', 'Z104475196', 'BFC20619-2EDF-4764-8E91-830AA892BD39', 'Diethanolamine, puriss. p.a., ACS reagent, >=99.0% (GC)', 'InChI=1/C4H11NO2/c6-3-1-5-2-4-7/h5-7H,1-4H', 'Diethanolamine, United States Pharmacopeia (USP) Reference Standard', 'Trolamine impurity B, European Pharmacopoeia (EP) Reference Standard', 'Diethanolamine, Pharmaceutical Secondary Standard; Certified Reference Material', 'ethanol', 'Thanol', 'S S']
Got unresolvable (Which appears in text!): DEA
Original text: In a 20 mL glass vial, 51.3 mg of Mg(NO3)2·6H2O and 33.2 mg of H2BDC were dissolved in 2.0 g of DEA and 1.0 g of ethanol. The vial was sealed and placed in a 120 °C oven for 5 days. Large pure block c...
2025-01-07 17:40:28,547 - 
Paragraph: UYOFIY_clean
Model: Phi 3 Mini 4k Instruct
Expected one of: ['ethanol', 'EtOH', 'Thanol', 'S S', 'water', 'H2O']
Got unresolvable (Which appears in text!): EtOH/H2O
Original text: Synthesis of 1: A mixture of Tb(NO3)3⋅6H2O (45.3 mg, 0.10 mmol), H3IDC (15.6 mg, 0.10 mmol), Et3N (0.1 mL) and EtOH/H2O (1:1, 4 mL) was sealed in a 10 mL Teflon-lined stainless-steel reactor and then ...
2025-01-07 17:40:28,883 - 
Paragraph: SUNLAP_clean
Model: Phi 3 Mini 4k Instruct
Expected one of: ['DMF', 'H2O']
Got unresolvable (Which appears in text!): dmf/H2O
Original text: 3: A mixture of (R)‐H4L (20 mg, 0.024 mmol) and Cu(NO3)2⋅2.5 H2O (40 mg, 0.17 mmol) was dissolved in a solvent mixture of dmf/H2O (3 mL/1 mL). Aqueous NH3 (3 m, 0.6 mL) was then added. The resulting s...
2025-01-07 17:40:29,908 - 
Paragraph: PORVID_clean
Model: Phi 3 Mini 4k Instruct
Expected one of: ['H2O']
Got unresolvable (Which appears in text!): aqueous
Original text: Single crystals of Cu4(H3N–(CH2)9–NH3)(OH)2[C6H2(COO)4]2·5H2O were synthesized in the presence of 1,9‐diaminononane. An aqueous solution of Cu(NO3)2 (5 ml, 0.1 M) was added to a solution of 1,9‐diamin...
2025-01-07 17:40:30,256 - 
Paragraph: ZIDVAL_clean
Model: Phi 3 Mini 4k Instruct
Expected one of: ['water', 'Distilled water', 'H2O', 'DMF']
Got unresolvable (Which appears in text!): 2DMF
Original text: Recently, a large number of MOFs based on mixed-ligands have been reported [8], [9], [10], [11]. It is known that combining different ligands in a complex offers greater tenability of structural frame...
2025-01-07 17:40:30,600 - 
Paragraph: OBIBOT_clean
Model: Phi 3 Mini 4k Instruct
Expected one of: ['Dimethylacetamide', 'Dimethylacetamid', 'H2O']
Got unresolvable (Which appears in text!): N,N′-dimethylacet
Original text:   H3TCMTB (0.17 g, 0.30 mmol), Ba(NO3)2 (0.16 g, 0.60 mmol), N,N′-dimethylacetamide (7.5 g) and H2O (1.5 g) were mixed and homogenised for half an hour. The homogeneous mixture was then transferred in...
2025-01-07 17:40:30,934 - 
Paragraph: UYAMIS_clean
Model: Phi 3 Mini 4k Instruct
Expected one of: ['DMF', '1,4-DIOXANE', 'Dioxane', 'Dioxan', '1,4-Dioxan']
Got unresolvable (Which appears in text!): DMF/1,4-diox
Original text: A mixture of Cd(NO3)2·4H2O (0.062 g, 0.2 mmol), H2BDC (0.033 g, 0.2 mmol), MTAZ (0.017 g, 0.4 mmol), and 6 mL DMF/1,4-dioxane (v/v = 2:1) in a 20 mL vial, while stirring at room temperature. After a f...
2025-01-07 17:40:31,590 - 
Paragraph: ANIDIL_clean
Model: Phi 3 Mini 4k Instruct
Expected one of: ['DMF', 'ethanol', 'Thanol', 'S S']
Got unresolvable (Which appears in text!): DMF/ethanol
Original text: A mixture of Co(NO3)2·6H2O (41.6 mg, 0.14 mmol), isophthalic acid (20.1 mg, 0.12 mmol), 1,3-bis(4-pyridyl)propane (24.3 mg, 0.12 mmol), ammonium hydroxide (29.30 μL, 0.24 mmol) and DMF/ethanol (1/4, v...
2025-01-07 17:40:31,929 - 
Paragraph: AVESUR_clean
Model: Phi 3 Mini 4k Instruct
Expected one of: ['DMF', 'H2O']
Got unresolvable (Which appears in text!): DMF/H2O
Original text:   A mixture of Cd(NO3)2·4H2O (0.02 mmol, 6.1 mg), H5L1 (0.01 mmol, 4.5 mg), HCl (0.15 mL, 1 mol L−1) and DMF/H2O (6 mL, 5/1, v/v) was sealed in a 23 mL Teflon-lined autoclave and heated at 100 °C for ...
2025-01-07 17:40:32,254 - 
Paragraph: IZEWAN_clean
Model: Phi 3 Mini 4k Instruct
Expected one of: ['1,4-DIOXANE', 'Dioxane', 'Dioxan', '1,4-Dioxan', 'H2O']
Got unresolvable (Which appears in text!): 1,4-dioxane/H
Original text:   Zn(OAc)2·2H2O (22 mg) and H6L (8 mg) were mixed with 2 ml of 1,4-dioxane/H2O (4:1) in a glass container and tightly capped with a Teflon vial and heated at 100 °C for two days. After cooling to room...
2025-01-07 17:40:32,254 - 
Paragraph: OKIPOO_clean
Model: Phi 3 Mini 4k Instruct
Expected one of: ['DMF', 'H2O']
Got unresolvable (Which appears in text!): DMF/H2O
Original text: A mixture of Co(NO3)2·6H2O (29.1 mg, 0.1 mmol), H2bdc (16.6 mg, 0.1 mmol), and BIDPE (30.2 mg, 0.1 mmol) in 12 mL of DMF/H2O (3:1, v/v) was placed in a Parr Teflon-lined stainless steel vessel (15 mL)...
2025-01-07 17:40:32,617 - 
Paragraph: FIHRIZ_clean
Model: Phi 3 Mini 4k Instruct
Expected one of: ['N,N-DIMETHYLACETAMIDE', 'Dimethylacetamide', 'Dimethylacetamid', 'n-dimethylacetamide', 'methanol']
Got unresolvable (Which appears in text!): N,N-dimethylacetam
Original text:   A mixture of Ni(NO3)2·6H2O (0.1500 g, 0.5 mmol), H2bdc (0.0730 g, 0.5 mmol), pyrazine (0.040 g, 0.5 mmol), N,N-dimethylacetamide (5 mL) and methanol (2.5 mL) was sealed in a 25 mL Teflon-lined stain...
2025-01-07 17:40:32,618 - 
Paragraph: JUTCIM_clean
Model: Phi 3 Mini 4k Instruct
Expected one of: ['Dimethylacetamide', 'Dimethylacetamid', 'DMA', 'EtOH', 'H2O']
Got : DMA-EtOH-H2O
Original text: H2dnpdc (0.075 mmol, 0.025 g) and Cu(NO3)2 (0.1 mmol, 0.024 g) were dissolved in DMA (N,N′-dimethylacetamide)–EtOH–H2O (5 mL, v/v/v = 3/1/1) mixture with 0.2 mL ethyl glycol (EG) under stirring for 40...
2025-01-07 17:40:32,942 - 
Paragraph: JELPAS_clean
Model: Phi 3 Mini 4k Instruct
Expected one of: ['water', 'Distilled water', 'H2O']
Got unresolvable (Which appears in text!): millipore water
Original text: III(HAsO4)6(AsO4)2(C2O4)3], I, was synthesized under hydrothermal conditions using iron (II) oxalate dihydrate as the source of iron. In a typical synthesis, 0.297 g of iron (II) oxalate dihydrate was...
2025-01-07 17:40:32,943 - 
Paragraph: AQIXUV_clean
Model: Phi 3 Mini 4k Instruct
Expected one of: ['DMF', 'H2O']
Got unresolvable (Which appears in text!): DMF/H2O
Original text: A solvothermal reaction of H3L (30 mg, 0.05 mmol), bpe (18 mg, 0.1 mmol) and Ni(NO3)2·6H2O (24 mg, 0.1 mmol) in 6 mL DMF/H2O (4:2 vol ratio) was performed in a teflon-lined acid digestion bomb at 80 °...
2025-01-07 17:40:33,257 - 
Paragraph: MAQJEW_clean
Model: Phi 3 Mini 4k Instruct
Expected one of: ['H2O']
Got : water
Original text: Blue columnar crystals of 1 were obtained from a hydrothermal self-assembly of Ni(CH3COO)2·4H2O (10 mg, 0.04 mmol), N2H4·H2O (0.1 mL) and H2C2O4 (3 mg, 0.02 mmol) in a 10 mL aqueous solution (pH = 4, ...
2025-01-07 17:40:33,573 - 
Paragraph: DOQKAW_charged
Model: Phi 3 Mini 4k Instruct
Expected one of: ['DMA']
Got (Which appears in text!): Et2O
Original text: ‡ Synthesis: A DMA solution (5 mL) containing Cd(NO3)2·4H2O (92 mg, 0.3 mmol), H2bdc (41 mg, 0.25 mmol), Htrz (17 mg, 0.25 mmol), and Hbtrz (30 mg, 0.25 mmol) in a Teflon-lined steel bomb was heated a...
2025-01-07 17:40:33,891 - 
Paragraph: GUJTOV_clean
Model: Phi 3 Mini 4k Instruct
Expected one of: ['water', 'Distilled water', 'H2O']
Got unresolvable (Which appears in text!): distilled H2O
Original text: CuCl2·2H2O (63 mg, 0.37 mmol), MoO3 (53 mg, 0.37 mmol), and 4,4′-dpk (136 mg, 0.74 mmol) were added to 10 mL of distilled H2O in a 23 mL Teflon lined Parr acid digestion bomb. The bomb was sealed, hea...
2025-01-07 17:40:34,249 - 
Paragraph: BEXVEH_clean
Model: Phi 3 Mini 4k Instruct
Expected one of: ['DMA', 'water', 'H2O']
Got (Which appears in text!): DMA–water
Original text:   A mixture of Cu(NO3)2·2½H2O (11.6 mg, 0.05 mmol) and H4L (7.2 mg, 0.02 mmol) was dissolved in 8 ml of DMA–water (1:1). Then, 0.5 ml of 12(N) HNO3 was added. The mixture was heated for 48 h in a bath...
2025-01-07 17:40:34,625 - 
Paragraph: AJAMEF_clean
Model: Phi 3 Mini 4k Instruct
Expected one of: ['DMA', 'CH3CN', 'H2O']
Got (Which appears in text!): DMA/CH3CN/H2O
Original text:   A mixture of Co(NO3)2·6H2O (29 mg, 0.1 mmol), BPYPY (23 mg, 0.1 mmol) and trans-chdc (17.2 mg, 0.1 mmol) was dissolved in 5 mL of DMA/CH3CN/H2O (1:3:1, v/v/v). The final mixture was placed in a Parr...
2025-01-07 17:40:34,958 - 
Paragraph: PERSEM_clean
Model: Phi 3 Mini 4k Instruct
Expected one of: ['water', 'H2O']
Got (Which appears in text!): mellitic acid
Original text: The mixture of UO2(NO3)2·6H2O (250 mg, 0.5 mmol), metallic zinc (40 mg, 0.62 mmol), mellitic acid (220 mg, 0.64 mmol), and H2O (5 mL, 277 mmol) was placed in a Parr bomb and then heated statically at ...
2025-01-07 17:40:36,043 - 
Paragraph: ANUGIA_clean
Model: Phi 3 Mini 4k Instruct
Expected one of: ['DMF', 'Dioxane', 'Dioxan', 'H2O']
Got unresolvable (Which appears in text!): DMF/dioxane/H2
Original text: Linker H43 (0.050 g, 0.10 mmol) was added to a solution of 0.005 M HCl in DMF/dioxane/H2O (4:1:1, 10 mL) in a 20-mL scintillation vial. To this mixture, Cu(NO3)2·2.5H2O (0.096 g, 0.41 mmol) was added,...
2025-01-07 17:40:36,379 - 
Paragraph: YICGOI_clean
Model: Phi 3 Mini 4k Instruct
Expected one of: ['DMF', 'MeCN', 'H2O']
Got unresolvable (Which appears in text!): DMF/MeCN/H2O
Original text: A mixture of Co(NO3)2·6H2O (29.1 mg, 0.1 mmol), TPPA (47.6 mg, 0.1 mmol), and benzene-p-dicarboxylic acid (33.2 mg, 0.2 mmol) was dissolved in 15 mL of DMF/MeCN/H2O (1:2:3). The final mixture was plac...
2025-01-07 17:40:36,748 - 
Paragraph: WISTID_clean
Model: Phi 3 Mini 4k Instruct
Expected one of: ['water', 'H2O', 'ethanol', 'Thanol', 'S S']
Got unresolvable (Which appears in text!): water–ethanol
Original text: A mixture of Zn(NO3)2·6H2O (0.059 g, 0.2 mmol) and H4bptc (0.033 g, 0.1 mmol) in water–ethanol (2:1 v/v) was stirred for 30 min, and then sealed in a 25 mL Teflon reactor and heated at 150 °C for 72 h...
2025-01-07 17:40:37,090 - 
Paragraph: NAFGOR_clean
Model: Phi 3 Mini 4k Instruct
Expected one of: ['DMA']
Got (Which appears in text!): ethanol
Original text: [Co(im)2·0.5DMA]∞ (7). Co(Ac)2·4H2O (1.245 g, 5.0 mmol), imidazole (0.68 g, 10 mmol), and piperazine (0.68 g, 8 mmol) were added to DMA (25 mL). The reaction mixture was stirred at room temperature fo...
2025-01-07 17:40:37,469 - 
Paragraph: DUSHIK_clean
Model: Phi 3 Mini 4k Instruct
Expected one of: ['DMA']
Got (Which appears in text!): H2O
Original text:   A mixture of FeCl2·4H2O (1.193 g, 6.0 mmol), H2bdc (0.996 g, 6.0 mmol), Hna (0.738 g, 6.0 mmol), HBF4 (50 wt% in H2O, 0.4 mL), and DMA (60.0 mL) was stirred for 30 min in air, then transferred into ...
2025-01-07 17:40:38,350 - 
Paragraph: VAGBUD_clean
Model: Phi 3 Mini 4k Instruct
Expected one of: ['H2O', '1,4-DIOXANE', 'Dioxane', 'Dioxan', '1,4-Dioxan']
Got unresolvable (Which appears in text!): H2O/1,4-dio
Original text:   Gd(NO3)3 (0.045 g, 0.1 mmol), CuI (0.019 g, 0.1 mmol), KI (0.032 g, 0.2 mmol) and Hpba (0.030 g, 0.15 mmol) were placed in 5 mL of H2O/1,4-dioxane (v:v = 2:3) solution and stirred for a few hours, t...
2025-01-07 17:40:39,236 - 
Paragraph: MAZSUD_clean
Model: Phi 3 Mini 4k Instruct
Expected one of: ['Dimethylformamide', 'Dimethylformamid', 'DMF']
Got unresolvable (Which appears in text!): N,N‐dimethylformamide
Original text: Synthesis of Zn3(tz)2(bdc)2⋅x(DMF) (2): A mixture of Zn(NO3)2⋅6H2O (0.0800 g, 0.27 mmol), pyrazine(0.0150 g 0.19 mmol), 1,2,3–1H‐triazole (0.0400 g, 0.58 mmol), 1,4‐benzenedicarboxylic acid (0.0500 g ...
2025-01-07 17:40:39,898 - 
Paragraph: WURNOO_clean
Model: Phi 3 Mini 4k Instruct
Expected one of: ['water']
Got (Which appears in text!): pivalic acid
Original text: ‡ Synthesis of [CuII4(μ4-O)L4][CuI6Br8] (1): a mixture of Gd2O3 (0.25 mmol, 0.091 g), CuBr (0.30 mmol, 0.043 g) and HL (0.50 mmol, 0.099 g) was added to a mixed solution of pivalic acid (0.202 g, 2.00...
2025-01-07 17:40:39,899 - 
Paragraph: ILAGUY_charged
Model: Phi 3 Mini 4k Instruct
Expected one of: ['water', 'Distilled water', 'H2O', '8O']
Got unresolvable (Which appears in text!): distilled H2O
Original text: Cd(ClO4)2·6H2O (75 mg, 0.18 mmol), 3-bpmp (99 mg, 0.37 mmol) and diphenic acid (44 mg, 0.18 mmol) were placed into 5 mL distilled H2O in a 15 mL screw-cap vial. The vial was sealed and heated in an oi...
2025-01-07 17:40:40,238 - 
Paragraph: NIYZIG_clean
Model: Phi 3 Mini 4k Instruct
Expected one of: ['DEF', 'EtOH', 'H2O']
Got unresolvable (Which appears in text!): DEF/EtOH/H2O
Original text: A total of 0.20 mmol of Zn(NO3)2·6H2O (60 mg) and 0.10 mmol of H3TPO (41 mg) were dissolved in a mixed solvent of DEF/EtOH/H2O (8 mL, v/v/v = 1:2:1) and then sealed in a Teflon-lined autoclave (30 mL)...
2025-01-07 17:40:40,240 - 
Paragraph: LAZJIH_clean
Model: Phi 3 Mini 4k Instruct
Expected one of: ['DMF', 'H2O']
Got unresolvable (Which appears in text!): DMF/H2O
Original text: A mixture of Zn(NO3)2·6H2O (29.7 mg, 0.1 mmol), H4btc (25.4 mg, 0.1 mmol), and TPOM (22.2 mg, 0.05 mmol) was dissolved in 9 mL of DMF/H2O (1/2, v/v). The final mixture was heated at 100 °C for 2 days....
2025-01-07 17:40:40,564 - 
Paragraph: OFODET_clean
Model: Phi 3 Mini 4k Instruct
Expected one of: ['DMF', 'glycol', 'H2O']
Got unresolvable (Which appears in text!): DMF/glycol/H2O
Original text: A mixture of MnCl2·(H2O)4 (40 mg, 0.2 mmol) and H4ABTC (11 mg, 0.03 mmol) was dissolved in DMF/glycol/H2O (8:2:1) at room temperature in a 25 mL beaker. Sufficient 2 M HCl was added until the mixture ...
2025-01-07 17:40:40,888 - 
Paragraph: VEHRIL_clean
Model: Phi 3 Mini 4k Instruct
Expected one of: ['H2O']
Got unresolvable (Which appears in text!): aqueous mixture
Original text:   An aqueous mixture (10.0 mL) containing H2pdc (0.2500 mmol, 41.75 mg), Na2MoO4·2H2O (0.2500 mmol, 60.40 mg), Na2SiO3·9H2O (0.2500 mmol, 71.00 mg) and Sm2O3 (0.1250 mmol, 43.60 mg), with a starting p...
2025-01-07 17:40:42,026 - 
Paragraph: REKZIR_clean
Model: Phi 3 Mini 4k Instruct
Expected one of: ['water', 'H2O', '8O', 'ethanol', 'Thanol', 'S S']
Got unresolvable (Which appears in text!): water−ethanol
Original text: Synthesis of [Cd6(MeCO2)4(bpy)2(H2bna)4]·3.5H2O (2). A mixture of Cd(MeCO2)2·2H2O (0.266 g, 1 mmol), H4bna (0.094 g, 0.25 mmol), bpy (0.040 g, 0.25 mmol), and NaOH (0.020 g, 0.50 mmol) in water−ethano...
2025-01-07 17:40:42,695 - 
Paragraph: AVETEC_clean
Model: Phi 3 Mini 4k Instruct
Expected one of: ['DMF', 'H2O']
Got unresolvable (Which appears in text!): DMF/H2O
Original text:   A mixture of Cd(NO3)2·4H2O (0.02 mmol, 6.1 mg), H6L2 (0.01 mmol, 4.8 mg), HCl (0.15 mL, 1 mol L−1) and DMF/H2O (6 mL, 5/1, v/v) was sealed in a 23 mL Teflon-lined autoclave and heated at 90 °C for 7...
2025-01-07 17:40:42,696 - 
Paragraph: UJEFOE01_clean
Model: Phi 3 Mini 4k Instruct
Expected one of: ['H2O']
Got : water
Original text: [Yb2(NDC)3(H2O)]·H2O (3): Two drops of hydrochloric acid (1.65 mol·L−1) were added to a mixture of dipotassium 2,6‐naphthalenedicarboxylate (0.044 g, 0.15 mmol) and H2O (15 mL) and the mixture was sti...
2025-01-07 17:40:43,405 - 
Paragraph: NOQKUB_clean
Model: Phi 3 Mini 4k Instruct
Expected one of: ['water', 'H2O', 'glycol']
Got unresolvable (Which appears in text!): H2O/glycol
Original text: A mixture of CoCl2⋅6 H2O (0.019 g, 0.008 mmol), H3imda (0.006 g, 0.004 mmol), and 4,4′‐dpbp (0.025 g, 0.008 mmol) was added to a solution of H2O/glycol (14:1; 15 mL) and stirred for 10 min. The result...
2025-01-07 17:40:43,405 - 
Paragraph: TUBJAD_clean
Model: Phi 3 Mini 4k Instruct
Expected one of: ['water', 'Distilled water', 'H2O']
Got unresolvable (Which appears in text!): distilled H2O
Original text: Cu(NO3)2·2.5H2O (88 mg, 0.38 mmol), isophthalic acid (63 mg, 0.38 mmol), 3-pmna (78 mg, 0.38 mmol) and 0.50 mL of a 1.0 M NaOH solution were placed into 10 mL distilled H2O in a Teflon-lined acid dige...
2025-01-07 17:40:44,419 - 
Paragraph: APUPEH_clean
Model: Phi 3 Mini 4k Instruct
Expected one of: ['DEF', 'MeOH', 'Dimethylaniline']
Got unresolvable (Which appears in text!): DEF/MeOH
Original text:   Cu(NO3)2·3H2O (7.2 mg, 0.030 mmol) and (S)-1H2 (9.0 mg, 0.030 mmol) in a solvent mixture of DEF/MeOH (1.5/1.5 mL) were placed in a 4 mL vial. N,N′-dimethylaniline (1 mL) was placed in a 20 mL vial. ...
2025-01-07 17:40:44,779 - 
Paragraph: MEJQOJ_clean
Model: Phi 3 Mini 4k Instruct
Expected one of: ['1-METHYL-2-PYRROLIDINONE', 'Methyl-2-pyrrolidinone', 'methanol']
Got (Which appears in text!): 1,3-dimethylurea
Original text:   The mixture of Zn(NO3)2 (0.5 mmol, 0.150 g), adenine (0.5 mmol, 0.070 g), isonicotinic acid (0.5 mmol, 0.06 g), 1-methyl-2-pyrrolidinone (3 ml), 1,3-dimethylurea (2 g) and methanol (3 ml) was sealed...
2025-01-07 17:40:45,209 - 
Paragraph: LUCKAX_clean
Model: Phi 3 Mini 4k Instruct
Expected one of: ['DMF', 'CH3CH2OH', 'S S', 'water', 'Distilled water', 'H2O']
Got unresolvable (Which appears in text!): DMF/CH3CH2OH/H
Original text: Cd(NO3)2·4H2O (25 mg, 0.26 mmol) was added to the DMF/CH3CH2OH/H2O (3:3:2, 4 ml) solution of H4L (15 mg, 0.45 mmol), and the mixture was stirred for ca. 20 min in air. Then it was heated at 75 °C for ...
2025-01-07 17:40:46,300 - 
Paragraph: VAGBOX_clean
Model: Phi 3 Mini 4k Instruct
Expected one of: ['H2O', 'ethanol', 'Thanol']
Got unresolvable (Which appears in text!): H2O/ethanol
Original text:   Gd(NO3)3 (0.045 g, 0.1 mmol), CuI (0.019 g, 0.1 mmol), NaI (0.030 g, 0.2 mmol) and Hpba (0.030 g, 0.15 mmol) were placed in 5 mL of H2O/ethanol (v:v = 2:3) solution and stirred for a few hours, then...
2025-01-07 17:40:46,974 - 
Paragraph: XUGROI_clean
Model: Phi 3 Mini 4k Instruct
Expected one of: ['Diethylformamide', 'DEF', 'water', 'H2O']
Got unresolvable (Which appears in text!): N, N′-diethylformam
Original text: 1 is constructed from 1,2,4,5-tetrakis(3-carboxyphenyl)-benzene (m-H4TCPB) (Scheme 1), which can be straightforwardly synthesized by the coupling and hydrolysis reaction, from its precursor. A mixture...
2025-01-07 17:40:47,316 - 
Paragraph: FIGQUJ_clean
Model: Phi 3 Mini 4k Instruct
Expected one of: ['water', 'Distilled water', 'H2O']
Got unresolvable (Which appears in text!): distilled H2O
Original text: Cu(NO3)2·2.5H2O (43 mg, 0.185 mmol), glutaric acid (49 mg, 0.185 mmol) and 3-pna (37 mg, 0.185 mmol) were placed into 5 mL distilled H2O in a 15 mL screw-cap vial. The vial was sealed and heated in an...
2025-01-07 17:40:47,317 - 
Paragraph: AROFAP_clean
Model: Phi 3 Mini 4k Instruct
Expected one of: ['DMF', 'H2O']
Got unresolvable (Which appears in text!): DMF/H2O
Original text: A mixture of H4X (0.05 mmol, 30.8 mg) and Cd(NO3)2·6H2O (0.11 mmol, 28.2 mg) was dissolved in 6 mL of DMF/H2O (2:1) in a 20 mL vial. The reaction vial was capped tightly and placed in an oven at 85 °C...
2025-01-07 17:40:47,655 - 
Paragraph: IBUBAL_clean
Model: Phi 3 Mini 4k Instruct
Expected one of: ['DMF', 'H2O']
Got unresolvable (Which appears in text!): DMF/H2O
Original text:   A mixture of Cd(NO3)2·4H2O (154 mg, 0.5 mmol), H2BDC (42 mg, 0.25 mmol), DATRZ (25 mg, 0.25 mmol) and 6 mL DMF/H2O (v/v = 2:1) solution was stirred in a 20 mL closed vial at room temperature. The mi...
2025-01-07 17:40:47,990 - 
Paragraph: DACXOV_clean
Model: Phi 3 Mini 4k Instruct
Expected one of: ['H2O']
Got : Water
Original text: [Tb2(NDC)3(phen)2]·H2NDC (1): Hydrochloric acid (1.65 mol·L−1, 4 drops) was added with stirring to a mixture of dipotassium 2,6‐naphthalenedicarboxylate (0.044 g, 0.15 mmol) and H2O (10 mL). TbCl3·6H2...
2025-01-07 17:40:48,326 - 
Paragraph: TOFLAD_clean
Model: Phi 3 Mini 4k Instruct
Expected one of: ['Dimethyl acetamide', 'water', 'Deionized water', 'H2O', '8O']
Got unresolvable (Which appears in text!): N,N‐dimethyl acetam
Original text: {[Cd2(L1)2(btc)(Ac)]·8H2O}n (3): A mixture of Cd(NO3)2·4H2O (0.09 g, 0.3 mmol), L1 (0.04 g, 0.1 mmol), and H3btc (0.042 g, 0.2 mmol) in 8 mL component solvent (N,N‐dimethyl acetamide : deionized water...
2025-01-07 17:40:48,666 - 
Paragraph: SUKYIH_clean
Model: Phi 3 Mini 4k Instruct
Expected one of: ['DEF', 'H2O']
Got unresolvable (Which appears in text!): def/H2O
Original text: 1: A mixture of L1‐H4 (15 mg, 0.030 mmol) and Cu(NO3)2⋅2.5 H2O (30 mg, 0.13 mmol) in DEF/H2O (4.5 mL/1.5 mL) mixed solvents was placed in a screw‐capped vial. After addition of several drops of HCl (3...
2025-01-07 17:40:49,033 - 
Paragraph: WARXUL_clean
Model: Phi 3 Mini 4k Instruct
Expected one of: ['DMF', 'H2O']
Got unresolvable (Which appears in text!): DMF/H2O
Original text:   The organic linker 5-methoxyl-1,3-bis(3,5-dicarboxylphenyl)-benzene (H4MBDPB) (Scheme 1) was readily synthesized according to ref. 6. 1H NMR (500 MHz, DMSO-d6): 13.31 (bs, 4H), 8.40 (s, 2H), 8.36 (s...
2025-01-07 17:40:49,359 - 
Paragraph: RIPWIY_clean
Model: Phi 3 Mini 4k Instruct
Expected one of: ['H2O']
Got unresolvable (Which appears in text!): sodium acetate buffer
Original text: A mixture of K12.5Na1.5[Na(H2O)P5W30O110]⋅15 H2O (0.207 g, 0.026 mmol), Sm(NO3)3⋅6 H2O (0.062 g, 0.14 mmol), Mn(ClO4)2⋅6 H2O (0.300 g, 0.83 mmol), and glycolic acid (0.100 g, 1.3 mmol) in sodium aceta...
2025-01-07 17:40:49,360 - 
Paragraph: HAFSOZ_clean
Model: Phi 3 Mini 4k Instruct
Expected one of: ['DMA', 'H2O']
Got (Which appears in text!): DMA and H2O
Original text:   Zn(NO3)2·6H2O (30 mg, 0.1 mmol), HO-H3BTC (11 mg, 0.05 mmol), and 4,4′-bipyridine (7.8 mg, 0.05 mmol) were dissolved in 4 mL of mixed solvent of DMA and H2O (1:1, v/v) in a 10 mL glass vial. After t...
2025-01-07 17:40:49,361 - 
Paragraph: MICDEJ_clean
Model: Phi 3 Mini 4k Instruct
Expected one of: ['DMF', 'H2O']
Got unresolvable (Which appears in text!): DMF/H2O
Original text: Compound 5 was prepared by using Mn(NO3)2·6H2O (29.1 mg, 0.1 mmol) and H3BCPBA (39.4 mg, 0.1 mmol) containing 4′,4-bipy (15.6 mg, 0.1 mmol) in 8 mL of DMF/H2O (3:1, v/v). The final mixture was placed ...
2025-01-07 17:40:49,998 - 
Paragraph: HUYXUV_clean
Model: Phi 3 Mini 4k Instruct
Expected one of: ['DMF', 'water', 'H2O', '8O', 'ethanol', 'Thanol', 'C2H5OH', 'S S']
Got unresolvable (Which appears in text!): DMF/H2O/C2H
Original text: Single crystals of 2 suitable for X-ray analysis were obtained by a modified method of that described above for 1. A mixture of Co(NO3)2·6H2O (0.12 mmol, 35 mg) and L (0.1 mmol, 29 mg) was suspended i...
2025-01-07 17:40:50,665 - 
Paragraph: OFOCUI_clean
Model: Phi 3 Mini 4k Instruct
Expected one of: ['DMF', 'ethanol', 'Thanol', 'H2O']
Got unresolvable (Which appears in text!): DMF/ethanol/H2O
Original text: A mixture of Cu(NO3)2·(H2O)2.5 (24 mg, 0.1 mmol) and H4ABTC (18 mg, 0.05 mmol) was dissolved in DMF/ethanol/H2O (5:3:1) at room temperature in a 25 mL beaker. Sufficient 2 M HNO3 was added until the m...
2025-01-07 17:40:50,666 - 
Paragraph: AJAKON_clean
Model: Phi 3 Mini 4k Instruct
Expected one of: ['DMA', 'EtOH', 'S S', 'H2O']
Got (Which appears in text!): DMA/EtOH/H2O
Original text:   A mixture of H3TCA (0.05 mol), Cd(NO3)2·4H2O (0.25 mmol)) and HBF4 (40% aqueous, 2 drops) in the DMA/EtOH/H2O mixed solvent (DMA 2 mL; EtOH 1 mL; H2O 1 mL) was fully stirred at room temperature for ...
2025-01-07 17:40:51,000 - 
Paragraph: LAWHUP_clean
Model: Phi 3 Mini 4k Instruct
Expected one of: ['DMF', 'EtOH', 'H2O']
Got unresolvable (Which appears in text!): DMF/EtOH/H2O
Original text: A mixture containing Cd(NO3)2·4H2O (0.0308 g, 0.1 mmol) and H2L (0.0224 g, 0.1 mmol) was dissolved in 5 mL of DMF/EtOH/H2O (1:2:2, v/v/v). The mixture was heated at 120 °C in a 20 mL Teflon-lined auto...
2025-01-07 17:40:51,000 - 
Paragraph: CABDER_clean
Model: Phi 3 Mini 4k Instruct
Expected one of: ['water', 'Distilled water', 'H2O']
Got unresolvable (Which appears in text!): distilled H2O
Original text: Cd(NO3)2·4H2O (112 mg, 0.363 mmol), 4-pmina (79 mg, 0.37 mmol), 2,2-dimethylsuccinic acid (55 mg, 0.38 mmol), and 1 mL of a 1.0 M NaOH solution were mixed with 10 mL of distilled H2O in a 23 mL Teflon...
2025-01-07 17:40:51,654 - 
Paragraph: MIZKOW_clean
Model: Phi 3 Mini 4k Instruct
Expected one of: ['H2O']
Got (Which appears in text!): CH3COOH
Original text: Synthesis of 1,2: A mixture of La2(C2O4)3·9 H2O (0.298 g), CuCl2·2 H2O (0.034 g), H2pdc (0.167 g), H2O (10 ml), and CH3COOH (0.5 mmol) was sealed in a 30 ml Teflon-lined bomb at 170 °C for 7 d, then c...
2025-01-07 17:40:51,655 - 
Paragraph: AVETAY_clean
Model: Phi 3 Mini 4k Instruct
Expected one of: ['DMF', 'H2O']
Got unresolvable (Which appears in text!): DMF/H2O
Original text:   A mixture of Zn(NO3)2·6H2O (0.045 mmol, 13.4 mg), H6L2 (0.018 mmol, 8.7 mg), HCl (0.20 mL, 1 mol L−1) and DMF/H2O (6 mL, 5/1, v/v) was sealed in a 23 mL Teflon-lined autoclave and heated at 90 °C fo...
2025-01-07 17:40:51,978 - 
Paragraph: HAPGIR_clean
Model: Phi 3 Mini 4k Instruct
Expected one of: ['Dimethylformamide', 'Dimethylformamid', 'DMF', 'ACETONITRILE', 'Acetonitril']
Got unresolvable (Which appears in text!): N,N′‐dimethylformam
Original text: Synthesis of [Mn3(btca)2(HCOO)(μ3‐OH)(H2O)2]·2DMF (1): A mixture of Mn(Ac)2·4H2O (0.20 mmol, 49.0 mg), H2btac (0.1 mmol, 16.3 mg), N,N′‐dimethylformamide (4 mL), and acetonitrile (1 mL) was stirred fo...
2025-01-07 17:40:52,651 - 
Paragraph: KOLWEO_clean
Model: Phi 3 Mini 4k Instruct
Expected one of: ['DEF', 'ETHYLENE GLYCOL', 'Ethane-1,2-diol', '1,2-ethanediol', '107-21-1', 'glycol', 'monoethylene glycol', '1,2-Dihydroxyethane', '2-hydroxyethanol', 'Glycol alcohol', 'Ethylene alcohol', 'Macrogol', 'Fridex', 'Tescol', 'Ethylene dihydrate', 'Norkool', 'Macrogol 400 BPC', 'Dowtherm SR 1', 'Zerex', 'Ucar 17', 'Lutrol-9', 'ethanediol', 'ethyleneglycol', 'Aethylenglykol', 'Glycol, ethylene-', '1,2-Ethandiol', '1,2-ethylene glycol', 'Caswell No. 441', '146AR', 'MFCD00002885', 'NSC 93876', 'Athylenglykol', 'CCRIS 3744', 'ethylen glycol', 'DTXSID8020597', 'HSDB 5012', 'M.e.g.', 'NCI-C00920', 'UNII-FC72KVT52F', 'EINECS 203-473-3', 'FC72KVT52F', 'Lutrol 9', 'EPA Pesticide Chemical Code 042203', 'NANOSILVER+EG', 'PEG', 'CHEBI:30742', 'AI3-03050', 'HOCH2CH2OH', 'NSC-93876', 'LOWENOL T-163A', 'DTXCID40597', 'EC 203-473-3', '1,2-Ethylene Glycol (Ethylene Glycol)', 'Kollisolv PEG 300', 'ETHYLENE GLYCOL (II)', 'ETHYLENE GLYCOL [II]', 'Poly(ethylene Glycol) ~200', 'Poly(ethylene Glycol) ~400', 'Poly(ethylene Glycol) ~600', 'Poly(ethylene Glycol) ~1000', 'Poly(ethylene Glycol) ~2000', 'Poly(ethylene Glycol) ~4000', 'Poly(ethylene Glycol) ~6000', 'Poly(ethylene Glycol) ~9000', 'ETHYLENE GLYCOL (MART.)', 'ETHYLENE GLYCOL [MART.]', 'Poly(ethylene Glycol) ~20000', 'Ethylenglycol', 'Aethylenglykol [German]', 'ethylene-glycol', 'Poly(ethylene Glycol) ~30,000', 'Poly(ethylene Glycol) ~40,000', '2 Hydroxyethanol', 'Glycol, Ethylene', 'PEG 1000', 'CAS-107-21-1', 'GLYCEROL IMPURITY B (EP IMPURITY)', 'GLYCEROL IMPURITY B [EP IMPURITY]', 'Macrogol 400', 'Glycol, Monoethylene', 'Dowtherm 4000', '1,2-dihydroxy ethane', 'WLN: Q2Q', 'ethyleneglycole', 'ehtylene glycol', 'etylene glycol', '2-ethanediol', 'Ilexan E', 'MEG 100', 'Solbanon (TN)', '1,2-ethane diol', '1,2-ethane-diol', 'ethane-1.2-diol', 'GXT', 'Hydroxyethyl Salicylate Imp. B (EP); Ethylene Glycol; Propan-1,2-diol; Glycerol Impurity B; Hydroxyethyl Salicylate Impurity B', '1,2-ethyleneglycol', 'ethan-1,2-diol', 'mono-ethylene glycol', 'Ethane-1,2-diol (Ethylene Glycol)', 'Mono Ethylene Glycol', '1,2-ethylene-glycol', 'Lutrol E (TN)', 'Ethylene glycol,98%', 'DuPont Zonyl FSO Fluorinated Surfactants', 'Ethylene glycol, aerosol', 'Macrogol 400 (TN)', 'Ethylene glycol 1000 microg/mL in Methanol', 'Macrogol 1500 (TN)', 'Macrogol 4000 (TN)', 'Macrogol ointment (JP17)', 'HO-CH2-CH2-OH', 'HO(CH2)2OH', 'NCIOpen2_001979', 'NCIOpen2_002019', 'NCIOpen2_002100', 'Macrogol 400 (JP17)', 'ETHYLENE GLYCOL [MI]', 'MLS002454404', 'BIDD:ER0283', 'Macrogol 1500 (JP17)', 'Macrogol 4000 (JP17)', 'ETHYLENE GLYCOL [HSDB]', 'CHEMBL457299', 'Ethylene glycol, AR, >=99%', 'Ethylene glycol, LR, >=99%', 'Macrogol 20000 (JP17)', 'CHEBI:46793', 'ETHYLENE GLYCOL [USP-RS]', 'ETHYLENE GLYCOL [WHO-DD]', 'PEG1000', 'HMS2267F07', 'Ethylene glycol, p.a., 99.5%', 'Poly(ethylene Glycol) (~2000)', '1,2-ETHANEDIOL  (GLYCOL)', 'Ethylene Glycol Blank Standard in Multi-grade Diesel Engine Oil', 'HY-Y0338', 'NSC32853', 'NSC32854', 'NSC57859', 'NSC93876', 'PEG 3600', 'PEG-1000', 'STR01171', 'Ethylene glycol, analytical standard', 'Tox21_202038', 'Tox21_300637', 'Ethylene glycol, anhydrous, 99.8%', 'NSC-32853', 'NSC-32854', 'NSC-57859', 'NSC152324', 'NSC152325', 'NSC155081', 'STL264188', '100 microg/g Ethylene Glycol Standard in Multi-grade Diesel Engine Oil', '1000 microg/g Ethylene Glycol Standard in Multi-grade Diesel Engine Oil', '2000 microg/g Ethylene Glycol Standard in Multi-grade Diesel Engine Oil', '500 microg/g Ethylene Glycol Standard in Multi-grade Diesel Engine Oil', 'AKOS000119039', 'NSC-152324', 'NSC-152325', 'NSC-155081', 'USEPA/OPP Pesticide Code: 042203', 'NCGC00091510-01', 'NCGC00091510-02', 'NCGC00091510-03', 'NCGC00254292-01', 'NCGC00259587-01', 'BP-13454', 'BP-31056', 'SMR001262244', 'Ethylene glycol, ReagentPlus(R), >=99%', '1ST000065', 'DuPont Zonyl FSE   Fluorinated Surfactants', 'Residual Solvent Class 2 - Ethylene Glycol', 'E0105', 'Ethylene glycol, puriss., >=99.5% (GC)', 'NS00003552', '1,2-Ethane-1,1,2,2-d4-diol-d2(9ci)', 'EN300-19312', 'Ethylene glycol, BioUltra, >=99.5% (GC)', 'Ethylene glycol, SAJ first grade, >=99.0%', 'C01380', 'D03370', 'D06418', 'D06419', 'D06420', 'D06421', 'D06423', 'Ethylene glycol, JIS special grade, >=99.5%', 'Ethylene glycol, anhydrous, ZerO2(TM), 99.8%', 'Ethylene glycol, Vetec(TM) reagent grade, 98%', 'A851234', 'Ethylene glycol, spectrophotometric grade, >=99%', 'Q194207', 'InChI=1/C2H6O2/c3-1-2-4/h3-4H,1-2H', 'J-001731', 'F0001-0142', '004143F9-240E-472F-9D5A-B1B13BBA2A18', 'Ethylene glycol, United States Pharmacopeia (USP) Reference Standard', '600 microg/g Ethylene Glycol QC Check Standard in Multi-grade Diesel Engine Oil', 'Ethylene glycol, Pharmaceutical Secondary Standard; Certified Reference Material', 'ethylene glycol;1,2-ethanediol;ethane-1,2-diol;glycolethylene glycol;ethanediol;ethylene glycol 1,2-ethanediol ethane-1,2-diol glycolethylene glycol ethanediol', 'Residual Solvent Class 2 - Ethylene Glycol, United States Pharmacopeia (USP) Reference Standard', 'toluene', 'Toluen']
Got unresolvable (Which appears in text!): DEF/EG/Toluene
Original text:   A mixture of H3BTB (30 mg, 0.68 mmol), Ni(NO3)2·6H2O (30 mg, 1.02 mmol) and 4,4′-bipyridine (32 mg, 2.05 mmol) in 2 ml of a DEF/EG/Toluene (molar ratio 1.3:1.7:1.0) solvent mixture was placed in a 2...
2025-01-07 17:40:52,652 - 
Paragraph: KEBDIG_charged
Model: Phi 3 Mini 4k Instruct
Expected one of: ['ethanol', 'EtOH', 'Thanol', 'S S', 'H2O']
Got unresolvable (Which appears in text!): EtOH/H2O
Original text: A mixture of Co(NO3)2·6H2O (0.07 g, 0.24 mmol), DBIBN (0.04 g, 0.12 mmol), and conc. HCl (0.1 mL) in EtOH/H2O (3 mL, 2:1 v/v) were placed in a Teflon lined stainless steel autoclave and heated at 180 ...
2025-01-07 17:40:53,991 - 
Paragraph: RIPWEU_clean
Model: Phi 3 Mini 4k Instruct
Expected one of: ['H2O']
Got unresolvable (Which appears in text!): sodium acetate buffer
Original text: A mixture of K12.5Na1.5[Na(H2O)P5W30O110]⋅15 H2O (0.300 g, 0.037 mmol), Sm(NO3)3⋅6 H2O (0.070 g, 0.16 mmol), CuCl2⋅5 H2O (0.200 g, 0.88 mmol), and iminodiacetic acid (0.077 g, 0.58 mmol) in sodium ace...
2025-01-07 17:40:54,326 - 
Paragraph: ANUGOG_clean
Model: Phi 3 Mini 4k Instruct
Expected one of: ['NMP', 'Dioxane', 'Dioxan', 'H2O']
Got unresolvable (Which appears in text!): NMP/dioxane/H2
Original text: Linker H43 (0.050 g, 0.10 mmol) was added to a solution of NMP/dioxane/H2O (4:1:1, 10 mL) in a 20-mL scintillation vial. To this mixture, Cu(NO3)2·2.5H2O (0.096 g, 0.41 mmol) was added, and the conten...
2025-01-07 17:40:54,664 - 
Paragraph: HUNBEX_clean
Model: Phi 3 Mini 4k Instruct
Expected one of: ['1-butanol', 'butanol', 'Butan-1-ol', 'n-butanol', 'Butyl alcohol', '71-36-3', 'n-butyl alcohol', '1-hydroxybutane', 'Propylcarbinol', 'Butyl hydroxide', 'Methylolpropane', 'Propylmethanol', 'Hemostyp', 'n-Butan-1-ol', 'Butyric alcohol', '1-Butyl alcohol', 'Butanolo', 'Propyl carbinol', 'Alcool butylique', 'Butylowy alkohol', 'BuOH', 'Butanolen', 'Normal primary butyl alcohol', 'RCRA waste number U031', 'CCS 203', 'n-Butylalkohol', 'Alcohol, Butyl', 'Butyl alcohol (natural)', 'FEMA No. 2178', 'FEMA Number 2178', '1 Butanol', '35296-72-1', 'Butyric or normal primary butyl alcohol', 'n-BuOH', 'HSDB 48', 'NSC 62782', 'CCRIS 4321', 'butanol-1', 'EINECS 200-751-6', 'UNII-8PJ61P6TS3', 'MFCD00002964', '8PJ61P6TS3', 'Butyl alcohol (NF)', 'Butyl alcohol [NF]', 'ALCOHOL,BUTYL', 'DTXSID1021740', 'CHEBI:28885', 'AI3-00405', 'n-Butyl--d6 Alcohol', 'NSC-62782', '1219794-84-9', '64118-16-7', 'CHEMBL14245', 'DTXCID701740', '1-Butanol-4,4,4-d3', 'EC 200-751-6', 'NCGC00090961-02', 'Butanols', '1-BUTANOL-3,3,4,4,4-D5', 'BUTYL ALCOHOL (II)', 'BUTYL ALCOHOL [II]', 'n-Propyl carbinol', 'Butanol [French]', 'Butanolen [Dutch]', '1-butanol (n-butyl alcohol)', 'Butanolo [Italian]', '1-Butanol, analytical standard', 'BUTYL ALCOHOL (MART.)', 'BUTYL ALCOHOL [MART.]', 'VANADIUM TETRABUTOXIDE', 'n-Butanol, Butan-1-ol, 1-Butanol', '6167-45-9', 'n Butanol', 'n Butyl Alcohol', 'Alcool butylique [French]', 'Butylowy alkohol [Polish]', '1-Butanol, ACS reagent, >=99.4%', 'CAS-71-36-3', 'Alcohol, n-Butyl', '1BO', 'Butanol, 1-', 'TRIBUTYL ACETYLCITRATE IMPURITY D (EP IMPURITY)', 'TRIBUTYL ACETYLCITRATE IMPURITY D [EP IMPURITY]', 'RCRA waste no. U031', 'UNII-WB09NY83YA', 'butaneol', 'butylalcohol', 'butan-1-olate,vanadium(4+)', 'butyl-alcohol', 'n-butylalcohol', 'normal butanol', '1-butylalcohol', 'n-Propylcarbinol', 'n-Butanolbutanolen', 'nBuOH', '1 -butanol', '1- butanol', '1-n-Butanol', '1-Butanol, anhydrous', 'N-Butyl Alcohol,(S)', '1-Butanol, for HPLC', 'n-Butanol, HPLC grade', '1-Butanol, 99%', '1-Butanol, HPLC Grade', 'n-C4H9OH', 'bmse000447', '1-butanol (butyl alcohol)', '1-Butanol, 99.9%', 'BUTYL ALCOHOL [FCC]', 'WB09NY83YA', 'BUTYL ALCOHOL [FHFI]', 'BUTYL ALCOHOL [HSDB]', 'WLN: Q4', '1-BUTANOL [USP-RS]', 'ALCOHOL,BUTYL [VANDF]', 'BIDD:ER0611', 'N-BUTYL ALCOHOL [MI]', '1-Butanol, LR, >=99%', 'BDBM36173', '1-Butanol, anhydrous, 99.8%', 'DTXSID20172556', 'N-Butanol, ACS, 99.4+%', 'N-BUTYL ALCOHOL [WHO-DD]', '1-Butanol, AR, >=99.5%', '1-Butanol, for HPLC, 99.8%', 'Butyl alcohol, >=99.9%, FCC', 'HY-Y0340', 'NSC62782', 'Tox21_111046', 'Tox21_200741', 'LMFA05000109', 'STL264186', 'AKOS000249218', '1-Butanol 500 microg/mL in Methanol', '1-Butanol, for HPLC, >=99.7%', '1ST6708', 'DB02145', 'Butyl alcohol, >=99.9%, FCC, FG', 'NCGC00090961-01', 'NCGC00090961-03', 'NCGC00258295-01', 'BP-30034', '1-Butanol, SAJ first grade, >=99.0%', '1-Butanol, for molecular biology, >=99%', '1-Butanol, JIS special grade, >=99.0%', '1-Butanol, p.a., ACS reagent, 99.4%', '1-Butanol, for HPLC, >=99.8% (GC)', '1-Butanol, spectrophotometric grade, 99.5%', '1-Butanol, UV HPLC spectroscopic, 99.5%', 'B0228', 'B0704', 'B0944', 'NS00009227', '1-Butanol, anhydrous, ZerO2(TM), 99.8%', 'EN300-19305', '1-Butanol, Ultrapure, Spectrophotometric Grade', 'Butyl alcohol, natural, >=99.5%, FCC, FG', 'C06142', 'D03200', 'Q16391', 'F0001-1830', 'InChI=1/C4H10O/c1-2-3-4-5/h5H,2-4H2,1H', '1-Butanol, puriss. p.a., ACS reagent, >=99.5% (GC)', 'BDBC6468-886D-4F6C-8746-734F2B63E6CE', '1-Butanol, ACS reagent, reag. ISO, reag. Ph. Eur., 99.5%', '1-Butanol, United States Pharmacopeia (USP) Reference Standard', '1-Butanol, Pharmaceutical Secondary Standard; Certified Reference Material', '1-Butanol, puriss. p.a., ACS reagent, reag. ISO, reag. Ph. Eur., >=99.5% (GC)', 'water', 'Deionized water', 'H2O']
Got unresolvable (Which appears in text!): n-C4H10OH
Original text: The zinc oxalate, K[C6N2H13][Zn2(C2O4)3]2.4H2O, was synthesized under hydrothermal conditions in the presence of diazabicyclo[2,2,2]octane (DABCO). In a typical synthesis, 0.25 g of ZnO was dispersed ...
2025-01-07 17:40:55,366 - 
Paragraph: FIBFUS_clean
Model: Phi 3 Mini 4k Instruct
Expected one of: ['water', 'H2O', 'ethanol', 'Thanol', 'S S']
Got unresolvable (Which appears in text!): water/ethanol
Original text: A mixture of timpt (16.5 mg, 0.030 mmol) and Ni(ClO4)2 · 6H2O (11.9 mg, 0.032 mmol) in water/ethanol (6:1, v/v, 14 ml) was stirred for ≈15 min at room temperature. Then the mixture was transferred and...
2025-01-07 17:40:55,702 - 
Paragraph: VOLPET_clean
Model: Phi 3 Mini 4k Instruct
Expected one of: ['DMF', 'MeCN']
Got unresolvable (Which appears in text!): DMF/MeCN
Original text: H2thb (52 mg, 0.3 mmol), Zn(NO3)2·6H2O (80 mg, 0.27 mmol), and tetrabutylammonium bromide (100 mg, 0.31 mmol) were dissolved in 5 mL of DMF/MeCN (4:1, v/v), which were placed in a small vial. The mixt...
2025-01-07 17:40:56,055 - 
Paragraph: FONKEA_clean
Model: Phi 3 Mini 4k Instruct
Expected one of: ['DMF', 'CH3OH', 'H2O']
Got unresolvable (Which appears in text!): DMF/CH3OH/H2O
Original text:   A mixture of 3CdSO4·8H2O (23.08 mg, 0.03 mmol) and H3L (5.72 mg, 0.02 mmol) was dissolved in 4.5 mL of DMF/CH3OH/H2O (1:4:4, v/v/v). The final mixture was placed in a Teflon-lined stainless steel co...
2025-01-07 17:40:56,056 - 
Paragraph: LAZHUR_clean
Model: Phi 3 Mini 4k Instruct
Expected one of: ['DMF', 'H2O']
Got unresolvable (Which appears in text!): DMF/H2O
Original text: A mixture of Co(NO3)2·4H2O (29.1 mg, 0.1 mmol), H2bdc (16.6 mg, 0.1 mmol), and TPOM (22.2 mg, 0.05 mmol) was dissolved in 9 mL DMF/H2O (1/2, v/v). The final mixture was placed in a Parr Teflon-lined s...
2025-01-07 17:40:56,736 - 
Paragraph: AXOHIE_clean
Model: Phi 3 Mini 4k Instruct
Expected one of: ['water', 'H2O']
Got (Which appears in text!): NaOC2H5
Original text: [{Cd4(bpa)4(bpy)6}·(bpy)0.5·7H2O]n (3): Similar to the synthesis of 1, the hydrothermal reaction of cadmium acetate dihydrate (1.5 mmol), H2bpa (1 mmol), bpy·2H2O (1 mmol), NaOC2H5 (4 mmol) and H2O (5...
2025-01-07 17:40:56,738 - 
Paragraph: QEBKUF_SL
Model: Phi 3 Mini 4k Instruct
Expected one of: ['DMF', 'H2O']
Got unresolvable (Which appears in text!): DMF/H2O
Original text:   A mixture of L-H8 (10 mg, 0.008 mmol) and Zn(NO3)2·6H2O (20 mg, 0.07 mmol) was dissolved in a solvent mixture of DMF/H2O (6 mL/2 mL) in a screw-capped vial. After addition of 0.1 mL of HCl (3 M, aq....
2025-01-07 17:40:57,068 - 
Paragraph: NEFTUP_clean
Model: Phi 3 Mini 4k Instruct
Expected one of: ['H2O', 'H20', 'CH3OH']
Got unresolvable (Which appears in text!): H2O/CH3OH
Original text: Synthesis of 1 (Solvothermal Method): A mixture of Co(NO3)2·6H2O (0.12 mmol, 35 mg), NaN3 (0.2 mmol, 13 mg), and bib (0.1 mmol, 21 mg) was suspended in the solvent mixture (H2O/CH3OH = 3:4, 12 mL). Af...
2025-01-07 17:40:57,406 - 
Paragraph: QUQHEQ_clean
Model: Phi 3 Mini 4k Instruct
Expected one of: ['water', 'H2O', 'methanol']
Got unresolvable (Which appears in text!): water/methanol
Original text: Yellow crystals of 1 with pseudohexagonal external morphology were synthesized by stirring Zn carbonate basic (0.075 g, 0.219 mmol), l-aspartic acid (0.175 g, 1.32 mmol), and 4,4′-bipyridyl (0.103 g, ...
2025-01-07 17:40:57,726 - 
Paragraph: BOWNUY_clean
Model: Phi 3 Mini 4k Instruct
Expected one of: ['DMF']
Got (Which appears in text!): methanol
Original text:   A solution of Cu(CH3COO)2·4H2O (40 mg, 0.2 mmol) in 4 mL of methanol and nitric acid (0.2 mL) were added to a solution of H3BTT·2HCl·H2O·CH3OH (45 mg, 0.11 mmol) in 4 mL of DMF. The resulting mixtur...
2025-01-07 17:40:58,062 - 
Paragraph: PODXEN_clean
Model: Phi 3 Mini 4k Instruct
Expected one of: ['DMF', 'MeOH', 'H2O', 'DMSO']
Got unresolvable (Which appears in text!): DMF/MeOH/H2O/
Original text: A mixture of Tipa (0.0225 g, 0.05 mmol), 4,4′-H2bpdc (0.0225 g, 0.08 mmol), Zn(NO3)2·6H2O (0.0560 g, 0.2 mmol), one drop of mineralization triethylamine, and DMF/MeOH/H2O/DMSO (v:v:v:v 4:1:1:2, 8 mL) ...
2025-01-07 17:40:58,399 - 
Paragraph: GUJREK_clean
Model: Phi 3 Mini 4k Instruct
Expected one of: ['water', 'H2O', 'ACETONITRILE', 'Acetonitril', 'MeCN']
Got unresolvable (Which appears in text!): H2O/MeCN
Original text: The ∞3[Cu2ICu2II{H2O}2{(Me–trz–mba)2thio}2]Cl2 MOF samples were synthesized using solvothermal synthesis with H2O/MeCN (water/acetonitrile, volume ratio 1:1) as a solvent. A Teflon beaker was loaded w...
2025-01-07 17:40:58,399 - 
Paragraph: VEHROR_charged
Model: Phi 3 Mini 4k Instruct
Expected one of: ['H2O']
Got unresolvable (Which appears in text!): aqueous mixture
Original text:   An aqueous mixture (10.0 mL) containing H2pdc (0.2500 mmol, 41.75 mg), H3[PMo12O40]·nH2O (182.5 mg), LaCl3 (0.2500 mmol, 61.30 mg) and NaF (52.00 mg 0.1250 mmol), with a starting pH of 2.0 adjusted ...
2025-01-07 17:40:58,399 - 
Paragraph: YOYYUI_clean
Model: Phi 3 Mini 4k Instruct
Expected one of: ['N,N-DIMETHYLACETAMIDE', 'Dimethylacetamide', 'Dimethylacetamid', 'n-dimethylacetamide', 'DMA', 'water', 'H2O']
Got unresolvable (Which appears in text!): N,N-dimethylacetam
Original text: The mixture of Zn(NO3)2·6H2O (1.0 mmol, 0.301 g), H-2-mbim (1.25 mmol, 0.163 g), H3btc (0.89 mmol, 0.184 g), N(CH3)4·Br (0.42 mmol, 0.065 g) in 6 mL of N,N-dimethylacetamide (DMA) and 2 mL of water wa...
2025-01-07 17:40:58,400 - 
Paragraph: PUWCEP_charged
Model: Phi 3 Mini 4k Instruct
Expected one of: ['water', 'H2O']
Got unresolvable (Which appears in text!): aqueous
Original text: Cd(ATC)·[Cd(H2O)6](H2O)5, MOF-32. H4ATC (0.048 g, 0.15 mmol), Cd(NO3)2·4H2O (0.120 g, 0.39 mmol), and aqueous NaOH solution (3 mL, 6 × 10-4 mmol) were added respectively to a vessel, which was sealed ...
2025-01-07 17:40:58,731 - 
Paragraph: OBIBAF_clean
Model: Phi 3 Mini 4k Instruct
Expected one of: ['Dimethylacetamide', 'Dimethylacetamid', 'water', 'H2O']
Got unresolvable (Which appears in text!): N,N′-dimethylacet
Original text:   H3TCMTB (0.17 g, 0.30 mmol), Mg(NO3)2·6H2O (0.15 g, 0.60 mmol), N,N′-dimethylacetamide (7.5 g) and water (1.5 g) were mixed and homogenised for half an hour. The homogenous mixture was then transfer...
2025-01-07 17:40:59,131 - 
Paragraph: OBIBEJ_clean
Model: Phi 3 Mini 4k Instruct
Expected one of: ['Dimethylformamide', 'Dimethylformamid', 'H2O']
Got unresolvable (Which appears in text!): N,N′-dimethylformam
Original text:   H3TCMTB (0.085 g, 0.15 mmol), CaCl2 (0.034 g, 0.30 mmol), N,N′-dimethylformamide (7.5 g) and H2O (1.5 g) were mixed and the mixture was stirred for half an hour. The resulting homogeneous mixture wa...
2025-01-07 17:40:59,131 - 
Paragraph: YILJAG_clean
Model: Phi 3 Mini 4k Instruct
Expected one of: ['Dimethylformamide', 'Dimethylformamid', 'ethanol', 'EtOH', 'Thanol', 'S S']
Got unresolvable (Which appears in text!): N,N‐dimethylformamide
Original text: [Zn4O(bpz)2(abdc)]⋅guest (1⋅g, MAF‐X11). A mixture of H2abdc (0.068 g, 0.375 mmol), H2bpz (0.143 g, 0.75 mmol), Zn(NO3)2⋅6 H2O (0.446 g, 1.5 mmol), N,N‐dimethylformamide (30 mL), and EtOH (20 mL) was ...
2025-01-07 17:40:59,131 - 
Paragraph: QAWPIO_clean
Model: Phi 3 Mini 4k Instruct
Expected one of: ['H2O']
Got (Which appears in text!): CH3COOH
Original text: ‡ A mixture of NaVO3  (244 mg, 2mmol), Na2TeO3  (110 mg, 0.5 mmol), Ni(CH3COO)2·4H2O (124 mg, 0.5 mmol), 4,4′-bpy (156 mg, 1 mmol), HCl (3 mol L−1, 0.2 ml) and H2O (10 ml) adjusted with CH3COOH (36%) ...
2025-01-07 17:40:59,132 - 
Paragraph: OKIPUU_clean
Model: Phi 3 Mini 4k Instruct
Expected one of: ['DMF', 'H2O', '8O']
Got unresolvable (Which appears in text!): DMF/H2O
Original text: A mixture of Cd(NO3)2·4H2O (30.1 mg, 0.1 mmol), H2bdc (16.6 mg, 0.1 mmol), and BIDPE (30.2 mg, 0.1 mmol) was dissolved in 12 mL of DMF/H2O (3:1, v/v). The final mixture was placed in a Parr Teflon-lin...
2025-01-07 17:40:59,490 - 
Paragraph: LUSYEF_clean
Model: Phi 3 Mini 4k Instruct
Expected one of: ['DMF', 'H2O']
Got unresolvable (Which appears in text!): DMF/H2O
Original text:   The H4NPA (4 mg, 0.0088 mmol) and Cu(NO3)2·2.5H2O (8.50 mg, 0.0352 mmol) were dissolved in DMF/H2O (3 mL, 4/1, v/v) in a screw-capped vial. After HNO3 (150 μL) was added to the mixture, the vial was...
2025-01-07 17:40:59,810 - 
Paragraph: BEDYEQ_clean
Model: Phi 3 Mini 4k Instruct
Expected one of: ['Diethylformamide']
Got unresolvable (Which appears in text!): N,N‐diethylformamide
Original text: Synthesis of PCN‐222: ZrCl4 (70 mg), FeTCPPCl (50 mg) and benzoic acid (2700 mg) in N,N‐diethylformamide (8 mL) were ultrasonically dissolved in a 20 mL Pyrex vial. The mixture was heated at 120 °C in...
2025-01-07 17:40:59,810 - 
Paragraph: HEDTER_clean
Model: Phi 3 Mini 4k Instruct
Expected one of: ['DMF', 'MeCN', 'H2O']
Got unresolvable (Which appears in text!): DMF/MeCN/H2O
Original text: A mixture of Ni(NO3)2·6H2O (30.0 mg, 0.1 mmol), TPPA (47.6 mg, 0.1 mmol), and trans-1,4-cyclohexanedicarboxylic acid (17.2 mg, 0.1 mmol) was dissolved in 15 mL of DMF/MeCN/H2O (1/1/2). The final mixtu...
2025-01-07 17:41:00,488 - 
Paragraph: PEZCII_clean
Model: Phi 3 Mini 4k Instruct
Expected one of: ['DMF', 'MeOH', 'H2O']
Got unresolvable (Which appears in text!): DMF/MeOH/H2O
Original text: Synthesis of [La(BTB)H2O]·Guest (1·Guest): La(NO3)3·6H2O (17.6 mg, 0.040 mmol) and 1,3,5‐tris(4‐carboxyphenyl)benzene (H3BTB, 6 mg, 0.0136 mmol) were mixed with 2 mL of DMF/MeOH/H2O (3:3:0.5) in a gla...
2025-01-07 17:41:00,489 - 
Paragraph: OKIZIT_clean
Model: Phi 3 Mini 4k Instruct
Expected one of: ['N,N-DIMETHYLACETAMIDE', 'Dimethylacetamide', 'Dimethylacetamid', 'n-dimethylacetamide', 'DMA', 'methanol', 'CH3OH']
Got : DMA/CH3OH
Original text: Synthesis of 1. Co(NO3)2·6H2O (0.058 g, 0.2 mmol), tpt (0.031 g, 0.1 mmol) and H2bpdc (0.024 g, 0.1 mmol) were added in the solvent mixture of N,N-dimethylacetamide (DMA, 5 mL)/methanol (CH3OH, 5 mL) ...
2025-01-07 17:41:00,490 - 
Paragraph: VAGBEN_clean
Model: Phi 3 Mini 4k Instruct
Expected one of: ['DMF', 'ethanol', 'Thanol']
Got unresolvable (Which appears in text!): DMF/ethanol
Original text:   Gd(NO3)3 (0.045 g, 0.1 mmol), CuI (0.038 g, 0.2 mmol), NaI (0.030 g, 0.2 mmol) and nicotinic acid (0.049 g, 0.4 mmol) were placed in 5 mL of DMF/ethanol (v:v = 2:3) solution and stirred for a few ho...
2025-01-07 17:41:00,490 - 
Paragraph: CUYQIX_clean
Model: Phi 3 Mini 4k Instruct
Expected one of: ['water', 'Distilled water', 'H2O', '8O']
Got unresolvable (Which appears in text!): distilled H2O
Original text: ZnSO4·7H2O (53 mg, 0.18 mmol), bpmp (99 mg, 0.37 mmol), and tricarballylic acid (33 mg, 0.19 mmol) were placed into 5 mL of distilled H2O in a 15 mL screw-cap glass vial. The vial was sealed and heate...
2025-01-07 17:41:00,490 - 
Paragraph: AVESOL_clean
Model: Phi 3 Mini 4k Instruct
Expected one of: ['DMF', 'H2O']
Got unresolvable (Which appears in text!): DMF/H2O
Original text:   A mixture of Zn(NO3)2·6H2O (0.045 mmol, 13.4 mg), H5L1 (0.018 mmol, 8.1 mg), HCl (0.15 mL, 1 mol L−1) and DMF/H2O (6 mL, 5/1, v/v) was sealed in a 23 mL Teflon-lined autoclave and heated at 90 °C fo...
