2025-01-07 17:40:27,457 - pcp: Could not find `cid` for [aqueous HNO3 solution (2.0]
2025-01-07 17:40:27,853 - pcp: Could not find `cid` for [DEA]
2025-01-07 17:40:28,185 - pcp: Could not find `cid` for [None]
2025-01-07 17:40:28,547 - pcp: Could not find `cid` for [EtOH/H2O]
2025-01-07 17:40:28,882 - pcp: Could not find `cid` for [dmf/H2O]
2025-01-07 17:40:29,565 - pcp: Could not find `cid` for [HNO3 in EtOH]
2025-01-07 17:40:29,908 - pcp: Could not find `cid` for [aqueous]
2025-01-07 17:40:30,256 - pcp: Could not find `cid` for [2DMF]
2025-01-07 17:40:30,600 - pcp: Could not find `cid` for [N,N′-dimethylacet]
2025-01-07 17:40:30,933 - pcp: Could not find `cid` for [DMF/1,4-diox]
2025-01-07 17:40:31,271 - pcp: Could not find `cid` for [6 M HCl]
2025-01-07 17:40:31,590 - pcp: Could not find `cid` for [DMF/ethanol]
2025-01-07 17:40:31,929 - pcp: Could not find `cid` for [DMF/H2O]
2025-01-07 17:40:32,254 - pcp: Could not find `cid` for [1,4-dioxane/H]
2025-01-07 17:40:32,617 - pcp: Could not find `cid` for [N,N-dimethylacetam]
2025-01-07 17:40:32,942 - pcp: Could not find `cid` for [millipore water]
2025-01-07 17:40:33,891 - pcp: Could not find `cid` for [distilled H2O]
2025-01-07 17:40:34,249 - pcp: Could not find `cid` for [12(N) HNO3]
2025-01-07 17:40:34,624 - pcp: Could not find `cid` for [HFP]
2025-01-07 17:40:35,402 - pcp: Could not find `cid` for [2 M HCl]
2025-01-07 17:40:35,721 - pcp: Could not find `cid` for [NH4VO3]
2025-01-07 17:40:36,043 - pcp: Could not find `cid` for [DMF/dioxane/H2]
2025-01-07 17:40:36,379 - pcp: Could not find `cid` for [DMF/MeCN/H2O]
2025-01-07 17:40:36,748 - pcp: Could not find `cid` for [water–ethanol]
2025-01-07 17:40:38,349 - pcp: Could not find `cid` for [H2O/1,4-dio]
2025-01-07 17:40:38,870 - pcp: Could not find `cid` for [NaOH aqueous solution]
2025-01-07 17:40:39,236 - pcp: Could not find `cid` for [N,N‐dimethylformamide]
2025-01-07 17:40:40,238 - pcp: Could not find `cid` for [DEF/EtOH/H2O]
2025-01-07 17:40:40,564 - pcp: Could not find `cid` for [DMF/glycol/H2O]
2025-01-07 17:40:40,888 - pcp: Could not find `cid` for [aqueous mixture]
2025-01-07 17:40:41,224 - pcp: Could not find `cid` for [concentrated nitric acid]
2025-01-07 17:40:42,025 - pcp: Could not find `cid` for [water−ethanol]
2025-01-07 17:40:42,348 - pcp: Could not find `cid` for [NaH2sip]
2025-01-07 17:40:42,695 - pcp: Could not find `cid` for [dilute sodium hydroxide]
2025-01-07 17:40:43,405 - pcp: Could not find `cid` for [H2O/glycol]
2025-01-07 17:40:43,752 - pcp: Could not find `cid` for [0.05 ml of concentrated H]
2025-01-07 17:40:44,077 - pcp: Could not find `cid` for [concentrated HNO3]
2025-01-07 17:40:44,419 - pcp: Could not find `cid` for [DEF/MeOH]
2025-01-07 17:40:45,209 - pcp: Could not find `cid` for [DMF/CH3CH2OH/H]
2025-01-07 17:40:45,966 - pcp: Could not find `cid` for [bpz]
2025-01-07 17:40:46,300 - pcp: Could not find `cid` for [H2O/ethanol]
2025-01-07 17:40:46,639 - pcp: Could not find `cid` for [conc. HCl]
2025-01-07 17:40:46,974 - pcp: Could not find `cid` for [N, N′-diethylformam]
2025-01-07 17:40:47,654 - pcp: Could not find `cid` for [0.1 M HCl]
2025-01-07 17:40:48,326 - pcp: Could not find `cid` for [N,N‐dimethyl acetam]
2025-01-07 17:40:48,666 - pcp: Could not find `cid` for [def/H2O]
2025-01-07 17:40:49,359 - pcp: Could not find `cid` for [sodium acetate buffer]
2025-01-07 17:40:49,681 - pcp: Could not find `cid` for [formic acid solution]
2025-01-07 17:40:49,998 - pcp: Could not find `cid` for [DMF/H2O/C2H]
2025-01-07 17:40:50,322 - pcp: Could not find `cid` for [2 M HNO3]
2025-01-07 17:40:50,665 - pcp: Could not find `cid` for [DMF/ethanol/H2O]
2025-01-07 17:40:51,000 - pcp: Could not find `cid` for [DMF/EtOH/H2O]
2025-01-07 17:40:51,320 - pcp: Could not find `cid` for [H2pdc]
2025-01-07 17:40:51,978 - pcp: Could not find `cid` for [N,N′‐dimethylformam]
2025-01-07 17:40:52,320 - pcp: Could not find `cid` for [KI]
2025-01-07 17:40:52,650 - pcp: Could not find `cid` for [DEF/EG/Toluene]
2025-01-07 17:40:53,008 - pcp: Could not find `cid` for [DIPA]
2025-01-07 17:40:53,357 - pcp: Could not find `cid` for [Ammonia solution]
2025-01-07 17:40:54,326 - pcp: Could not find `cid` for [NMP/dioxane/H2]
2025-01-07 17:40:54,664 - pcp: Could not find `cid` for [n-C4H10OH]
2025-01-07 17:40:55,005 - pcp: Could not find `cid` for [Concentrated hydrochloric acid]
2025-01-07 17:40:55,366 - pcp: Could not find `cid` for [water/ethanol]
2025-01-07 17:40:55,701 - pcp: Could not find `cid` for [DMF/MeCN]
2025-01-07 17:40:56,055 - pcp: Could not find `cid` for [DMF/CH3OH/H2O]
2025-01-07 17:40:56,419 - pcp: Could not find `cid` for [o-Phen]
2025-01-07 17:40:57,068 - pcp: Could not find `cid` for [H2O/CH3OH]
2025-01-07 17:40:57,406 - pcp: Could not find `cid` for [water/methanol]
2025-01-07 17:40:58,062 - pcp: Could not find `cid` for [DMF/MeOH/H2O/]
2025-01-07 17:40:58,398 - pcp: Could not find `cid` for [H2O/MeCN]
2025-01-07 17:40:58,730 - pcp: Could not find `cid` for [6N HNO3]
2025-01-07 17:40:59,131 - pcp: Could not find `cid` for [N,N′-dimethylformam]
2025-01-07 17:40:59,490 - pcp: Could not find `cid` for [TEA]
2025-01-07 17:40:59,810 - pcp: Could not find `cid` for [N,N‐diethylformamide]
2025-01-07 17:41:00,153 - pcp: Could not find `cid` for [TATBr]
2025-01-07 17:41:00,488 - pcp: Could not find `cid` for [DMF/MeOH/H2O]
