2024-12-29 02:43:58,417 - pcp: Could not find `cid` for [DMF/H2O (3 mL,]
2024-12-29 02:43:59,109 - pcp: Could not find `cid` for [H3TMBTC]
2024-12-29 02:43:59,440 - pcp: Could not find `cid` for [EtOH:H2O (1:1)]
2024-12-29 02:43:59,769 - pcp: Could not find `cid` for [Co(NO3)⋅6 H2]
2024-12-29 02:44:00,134 - pcp: Could not find `cid` for [N,N\u02b0-methylformamide]
2024-12-29 02:44:00,469 - pcp: Could not find `cid` for [H2BDC]
2024-12-29 02:44:01,626 - pcp: Could not find `cid` for [DMF/H2O]
2024-12-29 02:44:01,942 - pcp: Could not find `cid` for [Zn(NO3)2\u22c6]
2024-12-29 02:44:02,258 - pcp: Could not find `cid` for [EtOH/DMF]
2024-12-29 02:44:02,601 - pcp: Could not find `cid` for [H4BDDC]
2024-12-29 02:44:02,940 - pcp: Could not find `cid` for [DMF (1 mL), EtOH (0]
2024-12-29 02:44:03,317 - pcp: Could not find `cid` for [Tb(NO3)3·5H2]
2024-12-29 02:44:03,646 - pcp: Could not find `cid` for [KH2TDA]
2024-12-29 02:44:03,992 - pcp: Could not find `cid` for [dmurea]
2024-12-29 02:44:04,338 - pcp: Could not find `cid` for [water and MeOH]
2024-12-29 02:44:04,676 - pcp: Could not find `cid` for [Cu(NO3)2\u20233H2]
2024-12-29 02:44:05,014 - pcp: Could not find `cid` for [DMF, methanol, H2O (]
2024-12-29 02:44:05,356 - pcp: Could not find `cid` for [H2O/CH3OH]
2024-12-29 02:44:05,674 - pcp: Could not find `cid` for [H2O/CH3OH = 3]
2024-12-29 02:44:05,996 - pcp: Could not find `cid` for [DMF/EtOH]
2024-12-29 02:44:06,313 - pcp: Could not find `cid` for [Zn(NO3)2·6H2]
2024-12-29 02:44:06,658 - pcp: Could not find `cid` for [KH3L1]
2024-12-29 02:44:07,009 - pcp: Could not find `cid` for [DMF: H2O]
2024-12-29 02:44:07,337 - pcp: Could not find `cid` for [CdBr2\u00b4\u20042]
2024-12-29 02:44:08,435 - pcp: Could not find `cid` for [methanol/water (V1:1)]
2024-12-29 02:44:09,140 - pcp: Could not find `cid` for [1.5 ml benzene and 0.]
2024-12-29 02:44:09,466 - pcp: Could not find `cid` for [Co(NO3)2\u20226H2]
2024-12-29 02:44:09,801 - pcp: Could not find `cid` for [N,N-Dimethyl Formamide (DMF]
2024-12-29 02:44:10,152 - pcp: Could not find `cid` for [H4L2]
2024-12-29 02:44:10,481 - pcp: Could not find `cid` for [Hta (21.0 mg, 0]
2024-12-29 02:44:10,799 - pcp: Could not find `cid` for [doubly deionized water (8.]
2024-12-29 02:44:11,119 - pcp: Could not find `cid` for [CdSO4\u22128/3H]
2024-12-29 02:44:12,171 - pcp: Could not find `cid` for [DMF:6 M HCl (1.]
2024-12-29 02:44:12,505 - pcp: Could not find `cid` for [CdCl2·2.5H2O]
2024-12-29 02:44:12,833 - pcp: Could not find `cid` for [biyi]
2024-12-29 02:44:13,183 - pcp: Could not find `cid` for [water:dmf=1:1]
2024-12-29 02:44:13,939 - pcp: Could not find `cid` for [water-ACN]
2024-12-29 02:44:14,258 - pcp: Could not find `cid` for [H3BPT]
2024-12-29 02:44:14,612 - pcp: Could not find `cid` for [NaOH (3 mg), KOH (4]
2024-12-29 02:44:14,940 - pcp: Could not find `cid` for [N,N-dimethylacetamide/methanol]
2024-12-29 02:44:15,262 - pcp: Could not find `cid` for [PTAZ]
2024-12-29 02:44:15,941 - pcp: Could not find `cid` for [Mn(NO3)2·4H2]
2024-12-29 02:44:16,591 - pcp: Could not find `cid` for [0.029 g, 0.10 mm]
2024-12-29 02:44:16,974 - pcp: Could not find `cid` for [NH2(CH3)2Cl]
2024-12-29 02:44:17,316 - pcp: Could not find `cid` for [H4EBTC]
2024-12-29 02:44:17,632 - pcp: Could not find `cid` for [H2BDC, DATRZ]
2024-12-29 02:44:17,975 - pcp: Could not find `cid` for [DMF/H2O (v/v =]
2024-12-29 02:44:18,312 - pcp: Could not find `cid` for [0.02 M stock solution of copper nitrate]
2024-12-29 02:44:18,966 - pcp: Could not find `cid` for [TPOM]
2024-12-29 02:44:19,285 - pcp: Could not find `cid` for [DMF/H2O (1/2,]
2024-12-29 02:44:19,982 - pcp: Could not find `cid` for [DMF/H2O (4:2 vol]
2024-12-29 02:44:20,298 - pcp: Could not find `cid` for [Zn(NO3)2\u22a68]
2024-12-29 02:44:21,655 - pcp: Could not find `cid` for [water and acetonitrile]
2024-12-29 02:44:22,304 - pcp: Could not find `cid` for [DMF and H2O]
2024-12-29 02:44:22,635 - pcp: Could not find `cid` for [DMF/ethanol]
2024-12-29 02:44:22,976 - pcp: Could not find `cid` for [Li4btca]
2024-12-29 02:44:23,294 - pcp: Could not find `cid` for [DMF/MeOH/H2O (3]
2024-12-29 02:44:23,618 - pcp: Could not find `cid` for [Cd(NO3)2\\u22c5]
2024-12-29 02:44:23,954 - pcp: Could not find `cid` for [DMF\\\\u202fEtOH\\\\u]
2024-12-29 02:44:24,278 - pcp: Could not find `cid` for [H4qptc]
2024-12-29 02:44:24,609 - pcp: Could not find `cid` for [water/DMF (1:1)]
2024-12-29 02:44:24,970 - pcp: Could not find `cid` for [1-methyl-2-pyrrolidin]
2024-12-29 02:44:25,314 - pcp: Could not find `cid` for [1H-1,2,4-triaz]
2024-12-29 02:44:25,646 - pcp: Could not find `cid` for [bpz]
2024-12-29 02:44:25,971 - pcp: Could not find `cid` for [Na2C2O4, Cd(NO3]
2024-12-29 02:44:26,295 - pcp: Could not find `cid` for [H2TBA]
2024-12-29 02:44:26,645 - pcp: Could not find `cid` for [N,N\u2019-dimethylformamide]
2024-12-29 02:44:27,010 - pcp: Could not find `cid` for [H2btac]
2024-12-29 02:44:27,357 - pcp: Could not find `cid` for [ammonia (25 wt.%)]
2024-12-29 02:44:27,692 - pcp: Could not find `cid` for [H4PANAD]
2024-12-29 02:44:28,012 - pcp: Could not find `cid` for [DMF and ethanol]
2024-12-29 02:44:28,366 - pcp: Could not find `cid` for [Cd(NO3)2·4H2O]
2024-12-29 02:44:28,718 - pcp: Could not find `cid` for [H2L]
2024-12-29 02:44:29,037 - pcp: Could not find `cid` for [H2adi]
2024-12-29 02:44:29,368 - pcp: Could not find `cid` for [water\u2013ethanol]
2024-12-29 02:44:29,755 - pcp: Could not find `cid` for [pyrazine-2,3-dicar]
2024-12-29 02:44:30,088 - pcp: Could not find `cid` for [H3btc, InCl3, pyrid]
2024-12-29 02:44:30,824 - pcp: Could not find `cid` for [H3PMo12O40\\u202]
2024-12-29 02:44:31,175 - pcp: Could not find `cid` for [H2tda]
2024-12-29 02:44:31,494 - pcp: Could not find `cid` for [H3tci]
2024-12-29 02:44:31,841 - pcp: Could not find `cid` for [Cu(NO3)2·2.5H]
2024-12-29 02:44:32,162 - pcp: Could not find `cid` for [DMF/NMP/pyridine]
2024-12-29 02:44:32,498 - pcp: Could not find `cid` for [6 M HCl]
2024-12-29 02:44:32,846 - pcp: Could not find `cid` for [DMF (7.0 mL) and H]
2024-12-29 02:44:33,172 - pcp: Could not find `cid` for [18 M HNO3]
2024-12-29 02:44:33,491 - pcp: Could not find `cid` for [none]
2024-12-29 02:44:33,838 - pcp: Could not find `cid` for [H2O/1,4-dioxane]
2024-12-29 02:44:34,935 - pcp: Could not find `cid` for [H2L (21 mg, 0.]
2024-12-29 02:44:35,272 - pcp: Could not find `cid` for [Ytterbium(III) chloride hex]
2024-12-29 02:44:35,608 - pcp: Could not find `cid` for [Zn(NO3)2\u00b26]
2024-12-29 02:44:36,416 - pcp: Could not find `cid` for [H3L]
2024-12-29 02:44:36,801 - pcp: Could not find `cid` for [DMF-CH3OH]
2024-12-29 02:44:37,130 - pcp: Could not find `cid` for [acetonitrile, H2O]
2024-12-29 02:44:37,463 - pcp: Could not find `cid` for [Zn(NO3)2·6(H2]
2024-12-29 02:44:38,461 - pcp: Could not find `cid` for [Zn(Ac)2·2H2]
2024-12-29 02:44:38,802 - pcp: Could not find `cid` for [beneze]
2024-12-29 02:44:39,577 - pcp: Could not find `cid` for [H3BTC]
2024-12-29 02:44:39,902 - pcp: Could not find `cid` for [Na2S]
2024-12-29 02:44:40,249 - pcp: Could not find `cid` for [Cd(CH3COO)2·2H]
2024-12-29 02:44:40,589 - pcp: Could not find `cid` for [Zn(NO3)2\u00b62]
2024-12-29 02:44:40,928 - pcp: Could not find `cid` for [Mn(OAc)\u22124\u221]
2024-12-29 02:44:41,243 - pcp: Could not find `cid` for [DMF, H2O]
2024-12-29 02:44:41,569 - pcp: Could not find `cid` for [Ba(NO3)2 (31.36 mg]
2024-12-29 02:44:41,902 - pcp: Could not find `cid` for [H2O (5 mL) and DMF]
2024-12-29 02:44:42,218 - pcp: Could not find `cid` for [def/H2O]
2024-12-29 02:44:42,538 - pcp: Could not find `cid` for [H2pzbtz]
2024-12-29 02:44:42,876 - pcp: Could not find `cid` for [Cu(NO3)2.25 H2O]
2024-12-29 02:44:43,540 - pcp: Could not find `cid` for [Htrz]
2024-12-29 02:44:43,863 - pcp: Could not find `cid` for [H4MDIP]
2024-12-29 02:44:44,201 - pcp: Could not find `cid` for [DMF:H2O]
2024-12-29 02:44:44,880 - pcp: Could not find `cid` for [H3BTB]
2024-12-29 02:44:45,547 - pcp: Could not find `cid` for [DMF, EtOH (99%), water]
2024-12-29 02:44:45,895 - pcp: Could not find `cid` for [4,4\u2032-bipyridine]
2024-12-29 02:44:46,212 - pcp: Could not find `cid` for [Cu(NO3)2\u22c75H]
2024-12-29 02:44:46,534 - pcp: Could not find `cid` for [DMF, MeOH, H2O]
2024-12-29 02:44:46,875 - pcp: Could not find `cid` for [K2C2O4]
2024-12-29 02:44:47,199 - pcp: Could not find `cid` for [H2BPDC]
2024-12-29 02:44:47,518 - pcp: Could not find `cid` for [H4L4]
2024-12-29 02:44:47,847 - pcp: Could not find `cid` for [H3BTTC]
2024-12-29 02:44:48,525 - pcp: Could not find `cid` for [n-C4H10OH]
2024-12-29 02:44:48,857 - pcp: Could not find `cid` for [EtOH/H2O]
2024-12-29 02:44:49,189 - pcp: Could not find `cid` for [Co(Ac)\u221e4 H2]
2024-12-29 02:44:49,520 - pcp: Could not find `cid` for [3 mL DMF and 2 mL H2]
2024-12-29 02:44:49,839 - pcp: Could not find `cid` for [H2bdc]
2024-12-29 02:44:50,193 - pcp: Could not find `cid` for [pyridine-2,4,6-tr]
2024-12-29 02:44:50,505 - pcp: Could not find `cid` for [Zn(NO3)2\u22126H]
2024-12-29 02:44:50,829 - pcp: Could not find `cid` for [Co(NO3)2⋅6 H]
2024-12-29 02:44:51,160 - pcp: Could not find `cid` for [DMF,NMP]
2024-12-29 02:44:52,449 - pcp: Could not find `cid` for [Cu(NO3)2\u20252.5]
2024-12-29 02:44:52,779 - pcp: Could not find `cid` for [distilled H2O]
2024-12-29 02:44:53,102 - pcp: Could not find `cid` for [CuCl2\u20242H2O]
2024-12-29 02:44:53,450 - pcp: Could not find `cid` for [H2O/DMF/dioxane]
2024-12-29 02:44:53,801 - pcp: Could not find `cid` for [1.0 M HCl]
2024-12-29 02:44:54,148 - pcp: Could not find `cid` for [1,4-phenylenediprop]
2024-12-29 02:44:55,141 - pcp: Could not find `cid` for [InCl3\u202f4H2O]
2024-12-29 02:44:55,457 - pcp: Could not find `cid` for [water/CH3CN]
2024-12-29 02:44:56,034 - pcp: Could not find `cid` for [Tb(NO3)3]
2024-12-29 02:44:56,364 - pcp: Could not find `cid` for [Co(NO3)2·6H2O]
2024-12-29 02:44:56,701 - pcp: Could not find `cid` for [DMF/H2O (3:1,]
2024-12-29 02:44:57,049 - pcp: Could not find `cid` for [H3PIDC]
2024-12-29 02:44:57,391 - pcp: Could not find `cid` for [L]
2024-12-29 02:44:58,072 - pcp: Could not find `cid` for [Co(NO3)2 6H2O]
2024-12-29 02:44:58,409 - pcp: Could not find `cid` for [EtOH, H2O]
2024-12-29 02:44:58,746 - pcp: Could not find `cid` for [EtOH (5 ml), H2O (]
2024-12-29 02:44:59,060 - pcp: Could not find `cid` for [H3TCMTB]
2024-12-29 02:44:59,397 - pcp: Could not find `cid` for [N,N′-dimethylacetamide]
2024-12-29 02:44:59,947 - pcp: Could not find `cid` for [H3LMe]
2024-12-29 02:45:00,282 - pcp: Could not find `cid` for [HCl (2 M, 0.3]
2024-12-29 02:45:00,935 - pcp: Could not find `cid` for [H2nip]
2024-12-29 02:45:01,624 - pcp: Could not find `cid` for [H2O,CH3CH2OH]
2024-12-29 02:45:01,952 - pcp: Could not find `cid` for [H3TBOT]
2024-12-29 02:45:02,295 - pcp: Could not find `cid` for [DMF:NMP:FA]
2024-12-29 02:45:02,640 - pcp: Could not find `cid` for [H2BPDA]
2024-12-29 02:45:02,977 - pcp: Could not find `cid` for [H2O/DMF]
2024-12-29 02:45:03,676 - pcp: Could not find `cid` for [None]
2024-12-29 02:45:04,005 - pcp: Could not find `cid` for [N,N-dimethylformamide/EtOH]
2024-12-29 02:45:04,340 - pcp: Could not find `cid` for [H4L]
2024-12-29 02:45:04,667 - pcp: Could not find `cid` for [Sr(NO3)2]
2024-12-29 02:45:04,985 - pcp: Could not find `cid` for [H2O:DMF]
2024-12-29 02:45:05,303 - pcp: Could not find `cid` for [Eu(NO3)3·6H2O]
2024-12-29 02:45:05,638 - pcp: Could not find `cid` for [DMF/EtOH/MeCN/H2]
2024-12-29 02:45:05,988 - pcp: Could not find `cid` for [Me4NBr]
2024-12-29 02:45:06,299 - pcp: Could not find `cid` for [H2tdc (0.085 g,]
2024-12-29 02:45:07,013 - pcp: Could not find `cid` for [DMF/CH3COOH]
2024-12-29 02:45:07,344 - pcp: Could not find `cid` for [H2O/EtOH]
2024-12-29 02:45:07,661 - pcp: Could not find `cid` for [Cd(ClO4)2\u00b26]
2024-12-29 02:45:07,982 - pcp: Could not find `cid` for [5 mL distilled H2O]
2024-12-29 02:45:08,312 - pcp: Could not find `cid` for [CoSO4\u202f7 H2O]
2024-12-29 02:45:08,660 - pcp: Could not find `cid` for [DMF/H2O (6 mL/2]
2024-12-29 02:45:08,993 - pcp: Could not find `cid` for [Cd(NO3)2·6H2O]
2024-12-29 02:45:09,324 - pcp: Could not find `cid` for [DMF/H2O (2:1)]
2024-12-29 02:45:09,662 - pcp: Could not find `cid` for [H3btc]
2024-12-29 02:45:10,336 - pcp: Could not find `cid` for [H3BTT]
2024-12-29 02:45:10,660 - pcp: Could not find `cid` for [MeOH (2 mL) and CH3CN]
2024-12-29 02:45:10,991 - pcp: Could not find `cid` for [H2O (4 mL), MeOH (]
2024-12-29 02:45:11,332 - pcp: Could not find `cid` for [trans-chdc]
2024-12-29 02:45:12,025 - pcp: Could not find `cid` for [ammonia:MeCN]
2024-12-29 02:45:12,349 - pcp: Could not find `cid` for [DMF/MeCN/H2O (1]
2024-12-29 02:45:12,677 - pcp: Could not find `cid` for [H3TDA]
2024-12-29 02:45:13,336 - pcp: Could not find `cid` for [DMF, distilled water, ethanol]
2024-12-29 02:45:13,663 - pcp: Could not find `cid` for [bpmp]
2024-12-29 02:45:13,993 - pcp: Could not find `cid` for [Zn(NO3)2\u22c7]
2024-12-29 02:45:15,174 - pcp: Could not find `cid` for [Zn(OAc)2\u22c75]
2024-12-29 02:45:15,834 - pcp: Could not find `cid` for [H4BBTC]
2024-12-29 02:45:16,184 - pcp: Could not find `cid` for [DMF, methanol, HNO3]
2024-12-29 02:45:16,578 - pcp: Could not find `cid` for [DMF (6.0 mL) and H]
2024-12-29 02:45:16,931 - pcp: Could not find `cid` for [H3ABTC]
2024-12-29 02:45:17,250 - pcp: Could not find `cid` for [DMF (4 mL) and H2O]
2024-12-29 02:45:17,565 - pcp: Could not find `cid` for [H2C2O4\u00b72]
2024-12-29 02:45:17,897 - pcp: Could not find `cid` for [H3imda, 4,4′]
2024-12-29 02:45:18,217 - pcp: Could not find `cid` for [H2O/glycol (14:1]
2024-12-29 02:45:18,559 - pcp: Could not find `cid` for [CoCl2\\u00b26H2]
2024-12-29 02:45:18,894 - pcp: Could not find `cid` for [H2C2O4]
2024-12-29 02:45:19,228 - pcp: Could not find `cid` for [Cu(NO3)2\u22c5]
2024-12-29 02:45:19,899 - pcp: Could not find `cid` for [DMF/H2O (9/1,]
2024-12-29 02:45:20,234 - pcp: Could not find `cid` for [La(NO3)2\u00b26H]
2024-12-29 02:45:20,588 - pcp: Could not find `cid` for [DMSO/H2O]
2024-12-29 02:45:20,934 - pcp: Could not find `cid` for [ZnCl2]
2024-12-29 02:45:21,290 - pcp: Could not find `cid` for [Cu(NO3)2·3H2O]
2024-12-29 02:45:21,614 - pcp: Could not find `cid` for [DMF, methanol and H2O (]
2024-12-29 02:45:21,928 - pcp: Could not find `cid` for [H2O, HNO3]
2024-12-29 02:45:22,684 - pcp: Could not find `cid` for [4,5-Imidazoledicar]
2024-12-29 02:45:22,998 - pcp: Could not find `cid` for [H4BTeC]
2024-12-29 02:45:23,329 - pcp: Could not find `cid` for [DMF/EtOH/H2O (2]
2024-12-29 02:45:23,652 - pcp: Could not find `cid` for [CH3CH2OH/CH3OH]
2024-12-29 02:45:23,993 - pcp: Could not find `cid` for [0.139 g]
2024-12-29 02:45:24,312 - pcp: Could not find `cid` for [5.0 mL]
2024-12-29 02:45:24,649 - pcp: Could not find `cid` for [EtOH:H2O (v:v =]
2024-12-29 02:45:24,993 - pcp: Could not find `cid` for [EtOH:H2O]
2024-12-29 02:45:25,306 - pcp: Could not find `cid` for [Cd(NO3)2\u22c75H]
2024-12-29 02:45:25,644 - pcp: Could not find `cid` for [DMF/CH3CH2OH/H2]
2024-12-29 02:45:25,979 - pcp: Could not find `cid` for [DMF,dioxane,H2O]
2024-12-29 02:45:26,635 - pcp: Could not find `cid` for [H4X]
2024-12-29 02:45:26,965 - pcp: Could not find `cid` for [0.016 g NaOH, 0.]
2024-12-29 02:45:27,291 - pcp: Could not find `cid` for [CH3CN/CH3OH/H2O]
2024-12-29 02:45:27,626 - pcp: Could not find `cid` for [DMF/MeOH/H2O]
2024-12-29 02:45:27,967 - pcp: Could not find `cid` for [Ni(ClO4)2]
2024-12-29 02:45:28,291 - pcp: Could not find `cid` for [water/ethanol]
2024-12-29 02:45:28,644 - pcp: Could not find `cid` for [NiCl2\u22c65H2O]
2024-12-29 02:45:29,327 - pcp: Could not find `cid` for [H2tdc (0.034 g,]
2024-12-29 02:45:29,668 - pcp: Could not find `cid` for [NaOH solution]
2024-12-29 02:45:30,044 - pcp: Could not find `cid` for [aqueous]
2024-12-29 02:45:30,362 - pcp: Could not find `cid` for [Mg(NO3)2·6H2]
2024-12-29 02:45:30,697 - pcp: Could not find `cid` for [DEF/H2O]
2024-12-29 02:45:31,034 - pcp: Could not find `cid` for [distilled water, ethanol]
2024-12-29 02:45:31,362 - pcp: Could not find `cid` for [H4L1]
2024-12-29 02:45:31,697 - pcp: Could not find `cid` for [H2O, MeCN]
2024-12-29 02:45:32,025 - pcp: Could not find `cid` for [timtz]
2024-12-29 02:45:32,709 - pcp: Could not find `cid` for [water and ethanol]
2024-12-29 02:45:33,045 - pcp: Could not find `cid` for [DMF, water]
2024-12-29 02:45:33,385 - pcp: Could not find `cid` for [dilute sodium hydroxide]
2024-12-29 02:45:33,710 - pcp: Could not find `cid` for [TEA]
2024-12-29 02:45:34,399 - pcp: Could not find `cid` for [H3btb]
2024-12-29 02:45:34,727 - pcp: Could not find `cid` for [Eu(NO3)3]
2024-12-29 02:45:35,420 - pcp: Could not find `cid` for [NaH2SIP]
2024-12-29 02:45:35,767 - pcp: Could not find `cid` for [Mn(CH3COO)2·4]
2024-12-29 02:45:36,485 - pcp: Could not find `cid` for [tcpcb]
2024-12-29 02:45:36,829 - pcp: Could not find `cid` for [NaHCOO\u2009\u00]
2024-12-29 02:45:37,176 - pcp: Could not find `cid` for [DMF/CH3CN]
2024-12-29 02:45:37,495 - pcp: Could not find `cid` for [Ba(NO3)2]
2024-12-29 02:45:37,844 - pcp: Could not find `cid` for [DMF, EtOH, H2O]
2024-12-29 02:45:38,185 - pcp: Could not find `cid` for [Dy(NO3)3·6H2]
2024-12-29 02:45:38,847 - pcp: Could not find `cid` for [Na2WO4\u20092H2O]
2024-12-29 02:45:39,159 - pcp: Could not find `cid` for [Zn(OAC)2\u00b22]
2024-12-29 02:45:39,494 - pcp: Could not find `cid` for [DPT]
2024-12-29 02:45:39,849 - pcp: Could not find `cid` for [CuCl2\u22c5\u22122]
2024-12-29 02:45:40,178 - pcp: Could not find `cid` for [DMF, acetonitrile and H2]
2024-12-29 02:45:40,493 - pcp: Could not find `cid` for [H4MTB]
2024-12-29 02:45:40,828 - pcp: Could not find `cid` for [DMF, C2H5OH, H]
2024-12-29 02:45:41,160 - pcp: Could not find `cid` for [2 drops of HNO3 (0.1]
2024-12-29 02:45:41,477 - pcp: Could not find `cid` for [DMF (5 mL)]
2024-12-29 02:45:41,800 - pcp: Could not find `cid` for [H2SBA]
2024-12-29 02:45:42,128 - pcp: Could not find `cid` for [NH4+ as anion]
2024-12-29 02:45:42,792 - pcp: Could not find `cid` for [Zn(CH3COO)2·2]
2024-12-29 02:45:43,136 - pcp: Could not find `cid` for [Cd(ClO4)2\u22126H]
2024-12-29 02:45:43,791 - pcp: Could not find `cid` for [Cu(NO3)2·2.5 H]
2024-12-29 02:45:44,135 - pcp: Could not find `cid` for [dmf/H2O (3 mL/1]
2024-12-29 02:45:44,470 - pcp: Could not find `cid` for [H2pdc, Na2MoO4]
2024-12-29 02:45:44,786 - pcp: Could not find `cid` for [aqueous mixture]
2024-12-29 02:45:45,121 - pcp: Could not find `cid` for [CuI (4.76 mg, 0]
2024-12-29 02:45:45,452 - pcp: Could not find `cid` for [DMF and 1 mL of CH3CN]
2024-12-29 02:45:45,773 - pcp: Could not find `cid` for [MnCl2·4H2O]
2024-12-29 02:45:46,441 - pcp: Could not find `cid` for [H4DBIP]
2024-12-29 02:45:47,126 - pcp: Could not find `cid` for [H3PMo12O40\u00b]
2024-12-29 02:45:47,460 - pcp: Could not find `cid` for [pyridine-2,5-dicar]
2024-12-29 02:45:47,797 - pcp: Could not find `cid` for [DMF:EtOH=2:1]
2024-12-29 02:45:48,130 - pcp: Could not find `cid` for [DMF, CH3OH]
2024-12-29 02:45:48,797 - pcp: Could not find `cid` for [MeCN/H2O]
2024-12-29 02:45:49,112 - pcp: Could not find `cid` for [Zn(NO3)2·6 H2]
2024-12-29 02:45:49,469 - pcp: Could not find `cid` for [DMF/C2H5OH/H2O]
2024-12-29 02:45:49,813 - pcp: Could not find `cid` for [Cd(NO3)2\\u00b74]
2024-12-29 02:45:50,223 - pcp: Could not find `cid` for [THF/H2O]
2024-12-29 02:45:50,564 - pcp: Could not find `cid` for [Hatz]
2024-12-29 02:45:50,894 - pcp: Could not find `cid` for [[(CH3)2NH (40%)]]
2024-12-29 02:45:51,208 - pcp: Could not find `cid` for [DMF (2 mL) and EtOH (]
2024-12-29 02:45:51,523 - pcp: Could not find `cid` for [N,N\u2032-dimethylformamide]
2024-12-29 02:45:51,862 - pcp: Could not find `cid` for [DMF--ethanol--water]
2024-12-29 02:45:52,200 - pcp: Could not find `cid` for [H2dcbpy]
2024-12-29 02:45:52,535 - pcp: Could not find `cid` for [DMF/CH3OH/H2O (]
2024-12-29 02:45:52,849 - pcp: Could not find `cid` for [H4abtc]
2024-12-29 02:45:53,178 - pcp: Could not find `cid` for [an aliquot of HNO3 in EtOH]
2024-12-29 02:45:53,508 - pcp: Could not find `cid` for [bfbpdcH2]
2024-12-29 02:45:54,152 - pcp: Could not find `cid` for [MeCN:H2O (4:2,]
2024-12-29 02:45:54,815 - pcp: Could not find `cid` for [NaOH or KOH (10 mol·l]
2024-12-29 02:45:55,161 - pcp: Could not find `cid` for [H2O/ethanol (v:v =]
2024-12-29 02:45:55,514 - pcp: Could not find `cid` for [v:v =]
2024-12-29 02:45:55,827 - pcp: Could not find `cid` for [Zn(OAc)2\*H2]
2024-12-29 02:45:56,173 - pcp: Could not find `cid` for [one drop of 6N HNO3]
2024-12-29 02:45:56,503 - pcp: Could not find `cid` for [Cd(NO3)2\u00b44H]
2024-12-29 02:45:57,278 - pcp: Could not find `cid` for [H6L2]
2024-12-29 02:45:57,597 - pcp: Could not find `cid` for [DMF:water]
2024-12-29 02:45:57,925 - pcp: Could not find `cid` for [H4ABTC]
2024-12-29 02:45:58,247 - pcp: Could not find `cid` for [DMF/ethanol/H2O]
2024-12-29 02:45:58,590 - pcp: Could not find `cid` for [H4ATC]
2024-12-29 02:45:58,936 - pcp: Could not find `cid` for [CuCl2\u20252H2O (]
2024-12-29 02:45:59,293 - pcp: Could not find `cid` for [H2O and CH3CN]
2024-12-29 02:45:59,659 - pcp: Could not find `cid` for [distilled water and ethanol]
2024-12-29 02:45:59,973 - pcp: Could not find `cid` for [8 mL]
2024-12-29 02:46:00,313 - pcp: Could not find `cid` for [water and CH3CN]
2024-12-29 02:46:00,683 - pcp: Could not find `cid` for [Eu(NO3)3·5H2O]
2024-12-29 02:46:01,015 - pcp: Could not find `cid` for [DMF, ethanol, H2O]
2024-12-29 02:46:01,353 - pcp: Could not find `cid` for [H3CMPEIP]
2024-12-29 02:46:01,674 - pcp: Could not find `cid` for [H3L2 (0.04 g,]
2024-12-29 02:46:01,986 - pcp: Could not find `cid` for [water and 0.2 mL of Et4]
2024-12-29 02:46:02,322 - pcp: Could not find `cid` for [Dy2O3]
2024-12-29 02:46:03,038 - pcp: Could not find `cid` for [sodium acetate buffer]
2024-12-29 02:46:03,383 - pcp: Could not find `cid` for [LiOH·H2O]
2024-12-29 02:46:03,698 - pcp: Could not find `cid` for [CuCl2·2H2O]
2024-12-29 02:46:04,044 - pcp: Could not find `cid` for [melitic acid]
2024-12-29 02:46:04,361 - pcp: Could not find `cid` for [H2NDC]
2024-12-29 02:46:05,039 - pcp: Could not find `cid` for [7.5 mL]
2024-12-29 02:46:05,790 - pcp: Could not find `cid` for [2,6-\u00b0naph]
2024-12-29 02:46:06,125 - pcp: Could not find `cid` for [dmf/CH3OH]
2024-12-29 02:46:06,471 - pcp: Could not find `cid` for [H12L]
2024-12-29 02:46:06,790 - pcp: Could not find `cid` for [Cu(NO3)2\u20096 H2]
2024-12-29 02:46:07,112 - pcp: Could not find `cid` for [TAAP]
2024-12-29 02:46:07,445 - pcp: Could not find `cid` for [water\u2013ethanol (2:1]
2024-12-29 02:46:08,223 - pcp: Could not find `cid` for [H2pdc]
2024-12-29 02:46:08,560 - pcp: Could not find `cid` for [Cu(NO3)2\u20222.5]
2024-12-29 02:46:08,878 - pcp: Could not find `cid` for [DMF/EtOH/pyridine (1]
2024-12-29 02:46:09,207 - pcp: Could not find `cid` for [CoCl2·6H2O]
2024-12-29 02:46:09,541 - pcp: Could not find `cid` for [formic acid solution (88%)]
2024-12-29 02:46:09,881 - pcp: Could not find `cid` for [DMF/H2O/C2H5OH]
2024-12-29 02:46:10,198 - pcp: Could not find `cid` for [H3BCPBA]
2024-12-29 02:46:12,170 - pcp: Could not find `cid` for [H2O, EtOH, DMF]
2024-12-29 02:46:12,508 - pcp: Could not find `cid` for [DMF (1 mL), N(Et)]
2024-12-29 02:46:12,826 - pcp: Could not find `cid` for [H4btec (0.1 mmol]
2024-12-29 02:46:13,146 - pcp: Could not find `cid` for [DMF, MeOH]
2024-12-29 02:46:13,590 - pcp: Could not find `cid` for [ZnSO4\u00b77H2]
2024-12-29 02:46:13,943 - pcp: Could not find `cid` for [In(NO3)3\\u202f4]
2024-12-29 02:46:14,272 - pcp: Could not find `cid` for [HCOOH, DMF, DEF]
2024-12-29 02:46:14,689 - pcp: Could not find `cid` for [H2O/MeCN]
2024-12-29 02:46:15,029 - pcp: Could not find `cid` for [DMF/MeCN/H2O]
2024-12-29 02:46:15,345 - pcp: Could not find `cid` for [DMF, methanol, water]
2024-12-29 02:46:16,081 - pcp: Could not find `cid` for [tetrahydrofuran (THF)]
2024-12-29 02:46:16,394 - pcp: Could not find `cid` for [H4BTEC]
2024-12-29 02:46:16,711 - pcp: Could not find `cid` for [DMF and EtOH]
2024-12-29 02:46:17,393 - pcp: Could not find `cid` for [N,N-dimethylformamide (DMF]
2024-12-29 02:46:17,753 - pcp: Could not find `cid` for [1,3,5-benzenetricar]
2024-12-29 02:46:18,088 - pcp: Could not find `cid` for [N,N'-dimethylformamide (DMF]
2024-12-29 02:46:18,424 - pcp: Could not find `cid` for [3 drops of concentrated nitric acid]
2024-12-29 02:46:18,760 - pcp: Could not find `cid` for [Ni(NO3)2·6H2O]
2024-12-29 02:46:19,429 - pcp: Could not find `cid` for [ZnSO4\u00b72H2]
2024-12-29 02:46:19,751 - pcp: Could not find `cid` for [Co(CH3COO)2\u22c]
2024-12-29 02:46:20,151 - pcp: Could not find `cid` for [pDBI]
2024-12-29 02:46:20,469 - pcp: Could not find `cid` for [0.384 g of magnesium nitrate hexahy]
2024-12-29 02:46:20,793 - pcp: Could not find `cid` for [water (3 mL)]
2024-12-29 02:46:21,112 - pcp: Could not find `cid` for [H5bpbc]
2024-12-29 02:46:21,811 - pcp: Could not find `cid` for [doubly deionized water]
2024-12-29 02:46:22,204 - pcp: Could not find `cid` for [N,N\\u2032-dimethylform]
2024-12-29 02:46:22,534 - pcp: Could not find `cid` for [H3PMo12O40\u2009]
2024-12-29 02:46:22,878 - pcp: Could not find `cid` for [1 M HNO3]
2024-12-29 02:46:23,210 - pcp: Could not find `cid` for [DMF-C2H5OH-H2O]
2024-12-29 02:46:23,527 - pcp: Could not find `cid` for [DMF/DMSO (10 mL, v]
2024-12-29 02:46:24,194 - pcp: Could not find `cid` for [H4BCBAIP]
2024-12-29 02:46:25,201 - pcp: Could not find `cid` for [0.50 mL of a 1.0]
2024-12-29 02:46:25,540 - pcp: Could not find `cid` for [H8TBCB]
2024-12-29 02:46:26,547 - pcp: Could not find `cid` for [aqueous solution]
2024-12-29 02:46:26,893 - pcp: Could not find `cid` for [10 mL]
2024-12-29 02:46:27,223 - pcp: Could not find `cid` for [H3PMo12O40]
2024-12-29 02:46:27,575 - pcp: Could not find `cid` for [H2BDC (83 mg, 0]
2024-12-29 02:46:27,921 - pcp: Could not find `cid` for [4,4\u2032-bipy]
2024-12-29 02:46:28,270 - pcp: Could not find `cid` for [CH3N2CH3]
2024-12-29 02:46:29,701 - pcp: Could not find `cid` for [H4btadpa]
2024-12-29 02:46:30,514 - pcp: Could not find `cid` for [Dy(NO3)3\\u2026]
2024-12-29 02:46:31,185 - pcp: Could not find `cid` for [DMF:EtOH]
2024-12-29 02:46:31,510 - pcp: Could not find `cid` for [H4L1 (20.3 mg,]
2024-12-29 02:46:31,839 - pcp: Could not find `cid` for [H2O (10 mL)]
2024-12-29 02:46:32,174 - pcp: Could not find `cid` for [NH2–H3BTB]
2024-12-29 02:46:32,510 - pcp: Could not find `cid` for [DMF/EtOH/H2O]
2024-12-29 02:46:32,850 - pcp: Could not find `cid` for [mineralization triethylamine]
2024-12-29 02:46:33,186 - pcp: Could not find `cid` for [DMF/MeOH/H2O/DMS]
2024-12-29 02:46:33,519 - pcp: Could not find `cid` for [H4TADIP]
2024-12-29 02:46:33,868 - pcp: Could not find `cid` for [NiCl2\u20226H2O]
2024-12-29 02:46:34,201 - pcp: Could not find `cid` for [N,N\'-dimethylformamide (DM]
2024-12-29 02:46:34,515 - pcp: Could not find `cid` for [Cu(NO3)2\u00b23H]
2024-12-29 02:46:34,848 - pcp: Could not find `cid` for [DEF/MeOH]
2024-12-29 02:46:35,182 - pcp: Could not find `cid` for [Zn(Ac)2\u20222]
2024-12-29 02:46:35,505 - pcp: Could not find `cid` for [100 μL of 6 mol L−1]
2024-12-29 02:46:35,842 - pcp: Could not find `cid` for [DMF (1.5 mL), CH3]
2024-12-29 02:46:36,169 - pcp: Could not find `cid` for [H2pt]
2024-12-29 02:46:36,489 - pcp: Could not find `cid` for [Cu(NO3)2\\u00b72]
2024-12-29 02:46:36,812 - pcp: Could not find `cid` for [BIDPE]
2024-12-29 02:46:37,157 - pcp: Could not find `cid` for [1,3-bis(4-pyrid]
2024-12-29 02:46:37,497 - pcp: Could not find `cid` for [dpdo]
2024-12-29 02:46:37,813 - pcp: Could not find `cid` for [Ni(NO3)2\\u00b6]
2024-12-29 02:46:38,128 - pcp: Could not find `cid` for [1:1 (v/v) mixture of meth]
2024-12-29 02:46:39,175 - pcp: Could not find `cid` for [Teflon reactor]
2024-12-29 02:46:39,515 - pcp: Could not find `cid` for [H2btdc]
2024-12-29 02:46:39,850 - pcp: Could not find `cid` for [Cd(ClO4)2\u20226H]
2024-12-29 02:46:40,196 - pcp: Could not find `cid` for [CH3OH/H2O]
2024-12-29 02:46:40,854 - pcp: Could not find `cid` for [H2sdba]
2024-12-29 02:46:41,186 - pcp: Could not find `cid` for [CH3OH DMF]
2024-12-29 02:46:41,518 - pcp: Could not find `cid` for [10 mL aqueous solution]
2024-12-29 02:46:41,837 - pcp: Could not find `cid` for [H4ptptc]
2024-12-29 02:46:42,206 - pcp: Could not find `cid` for [1,9-\u2009diamin]
2024-12-29 02:46:42,523 - pcp: Could not find `cid` for [Zn(NO3)·6H2O]
2024-12-29 02:46:42,845 - pcp: Could not find `cid` for [N,N\u2032-diethylformamide (]
2024-12-29 02:46:43,182 - pcp: Could not find `cid` for [DMF/H2O (1:3)]
2024-12-29 02:46:43,532 - pcp: Could not find `cid` for [H2O and DMF]
2024-12-29 02:46:43,876 - pcp: Could not find `cid` for [DMF/1,4-dioxane]
2024-12-29 02:46:44,215 - pcp: Could not find `cid` for [v/v = 2:1]
2024-12-29 02:46:44,534 - pcp: Could not find `cid` for [H2dpt24]
2024-12-29 02:46:44,866 - pcp: Could not find `cid` for [DMF+MeOH]
2024-12-29 02:46:45,845 - pcp: Could not find `cid` for [Zn(Ac)2\u20226H]
2024-12-29 02:46:46,181 - pcp: Could not find `cid` for [o-phenanthroline (o-Ph]
2024-12-29 02:46:46,510 - pcp: Could not find `cid` for [Cu(ClO4)2\u20226H]
2024-12-29 02:46:46,838 - pcp: Could not find `cid` for [aqueous solution of AgPF6]
2024-12-29 02:46:47,154 - pcp: Could not find `cid` for [DMF/H2O (6 mL,]
2024-12-29 02:46:47,467 - pcp: Could not find `cid` for [H3BTC, FeCl3, TMA]
2024-12-29 02:46:47,806 - pcp: Could not find `cid` for [DEF/EG/Toluene]
2024-12-29 02:46:48,140 - pcp: Could not find `cid` for [CuCl2\u22c5H2O]
2024-12-29 02:46:48,476 - pcp: Could not find `cid` for [DMF and CH3CN]
2024-12-29 02:46:48,795 - pcp: Could not find `cid` for [H2Tart]
2024-12-29 02:46:49,113 - pcp: Could not find `cid` for [FeTCP-Cl]
2024-12-29 02:46:49,465 - pcp: Could not find `cid` for [N,N-diethylformamide (DEF)]
2024-12-29 02:46:49,789 - pcp: Could not find `cid` for [In(NO3)3·5H2O]
2024-12-29 02:46:50,104 - pcp: Could not find `cid` for [H2O and EtOH]
2024-12-29 02:46:50,440 - pcp: Could not find `cid` for [Zn(OAc)2\u00027H]
2024-12-29 02:46:50,759 - pcp: Could not find `cid` for [Cu(NO3)2⋅3H]
2024-12-29 02:46:51,079 - pcp: Could not find `cid` for [DMF, EtOH (abs.), pyrid]
2024-12-29 02:46:51,420 - pcp: Could not find `cid` for [H4BTC]
2024-12-29 02:46:51,739 - pcp: Could not find `cid` for [H2bdc, pyrazine, N]
2024-12-29 02:46:52,080 - pcp: Could not find `cid` for [N,N-dimethylacetamide, methanol]
2024-12-29 02:46:52,415 - pcp: Could not find `cid` for [DMF:NMP:pyridine]
2024-12-29 02:46:52,759 - pcp: Could not find `cid` for [bpdc]
2024-12-29 02:46:53,098 - pcp: Could not find `cid` for [DMF: DMSO=10:2]
2024-12-29 02:46:53,424 - pcp: Could not find `cid` for [H2bpca]
2024-12-29 02:46:53,742 - pcp: Could not find `cid` for [H2fum]
2024-12-29 02:46:54,089 - pcp: Could not find `cid` for [1,3,5-triazine-2]
2024-12-29 02:46:54,445 - pcp: Could not find `cid` for [2,5-dihydroxyterephthal]
2024-12-29 02:46:54,795 - pcp: Could not find `cid` for [Qu-H3L]
2024-12-29 02:46:55,142 - pcp: Could not find `cid` for [DMF/methanol/H2O =]
2024-12-29 02:46:55,795 - pcp: Could not find `cid` for [4-abpt]
2024-12-29 02:46:56,133 - pcp: Could not find `cid` for [H2O, DMF]
2024-12-29 02:46:56,449 - pcp: Could not find `cid` for [DMF/NMP]
2024-12-29 02:46:56,767 - pcp: Could not find `cid` for [H2nip (0.1 mmol),]
2024-12-29 02:46:57,086 - pcp: Could not find `cid` for [7.5 mL v/v = 1:]
2024-12-29 02:46:57,439 - pcp: Could not find `cid` for [imineodiacetic acid]
2024-12-29 02:46:57,797 - pcp: Could not find `cid` for [L3-H8]
2024-12-29 02:46:58,134 - pcp: Could not find `cid` for [DMF, H2O, HCl]
2024-12-29 02:46:58,452 - pcp: Could not find `cid` for [DEA and ethanol]
2024-12-29 02:46:58,784 - pcp: Could not find `cid` for [Co(CH3COO)2\u20214]
2024-12-29 02:46:59,100 - pcp: Could not find `cid` for [EtOH/H2O (1:1)]
2024-12-29 02:46:59,445 - pcp: Could not find `cid` for [ammonia solution (25% to 28]
2024-12-29 02:46:59,779 - pcp: Could not find `cid` for [H2O (3 mL) and DMF]
2024-12-29 02:47:00,131 - pcp: Could not find `cid` for [Na2bdc]
2024-12-29 02:47:00,451 - pcp: Could not find `cid` for [bztpy]
2024-12-29 02:47:00,785 - pcp: Could not find `cid` for [Zn(NO3)2\\u20226]
2024-12-29 02:47:01,118 - pcp: Could not find `cid` for [DEF/EtOH/H2O (8 mL]
2024-12-29 02:47:01,461 - pcp: Could not find `cid` for [H2hfipbb]
2024-12-29 02:47:01,808 - pcp: Could not find `cid` for [bmib]
2024-12-29 02:47:02,135 - pcp: Could not find `cid` for [H3BTN (8.3 mg,]
2024-12-29 02:47:02,497 - pcp: Could not find `cid` for [N,N\u2019-diethylformamide (]
2024-12-29 02:47:02,833 - pcp: Could not find `cid` for [H3IDC]
2024-12-29 02:47:03,514 - pcp: Could not find `cid` for [H3BTC, d-Serine, D]
2024-12-29 02:47:03,833 - pcp: Could not find `cid` for [DMF, dioxane, H2O]
2024-12-29 02:47:04,160 - pcp: Could not find `cid` for [HFP]
2024-12-29 02:47:05,181 - pcp: Could not find `cid` for [DMF/ethanol (1/4,]
2024-12-29 02:47:05,518 - pcp: Could not find `cid` for [NH3·H2O]
2024-12-29 02:47:05,833 - pcp: Could not find `cid` for [DMF/H2O (3/1,]
2024-12-29 02:47:06,170 - pcp: Could not find `cid` for [La(NO3)3\u00b66H]
2024-12-29 02:47:06,502 - pcp: Could not find `cid` for [NaH2sip]
2024-12-29 02:47:06,855 - pcp: Could not find `cid` for [CH3OH, H2O]
2024-12-29 02:47:07,198 - pcp: Could not find `cid` for [Eu(NO3)3 6H2O]
2024-12-29 02:47:07,522 - pcp: Could not find `cid` for [2,2\u2030-bipyridine]
2024-12-29 02:47:07,840 - pcp: Could not find `cid` for [DMF: DMSO: H2O]
2024-12-29 02:47:08,500 - pcp: Could not find `cid` for [Cd(OAc)2\u00b72H]
2024-12-29 02:47:08,835 - pcp: Could not find `cid` for [Zn(NO3)2\u207a6]
2024-12-29 02:47:09,181 - pcp: Could not find `cid` for [10.00 g]
2024-12-29 02:47:09,514 - pcp: Could not find `cid` for [5-cyano-1,3-ben]
2024-12-29 02:47:09,852 - pcp: Could not find `cid` for [H2TPPS]
2024-12-29 02:47:10,171 - pcp: Could not find `cid` for [40% HBF4]
2024-12-29 02:47:10,486 - pcp: Could not find `cid` for [DMF: H2O: MeOH =]
2024-12-29 02:47:10,829 - pcp: Could not find `cid` for [bimb]
2024-12-29 02:47:11,537 - pcp: Could not find `cid` for [Zn(NO3)2\\u2009]
2024-12-29 02:47:11,928 - pcp: Could not find `cid` for [bpdc and bpNDI]
2024-12-29 02:47:12,265 - pcp: Could not find `cid` for [Zn(NO3)2\\u00b]
2024-12-29 02:47:12,584 - pcp: Could not find `cid` for [DMF (5 mL) and chlorobenz]
2024-12-29 02:47:12,917 - pcp: Could not find `cid` for [H6tL1]
2024-12-29 02:47:13,587 - pcp: Could not find `cid` for [Hbtz]
2024-12-29 02:47:13,913 - pcp: Could not find `cid` for [16.0 mL]
2024-12-29 02:47:14,228 - pcp: Could not find `cid` for [50% (CH3)4NOH solution]
2024-12-29 02:47:14,874 - pcp: Could not find `cid` for [4,4\u2032-bipyridyl]
2024-12-29 02:47:15,198 - pcp: Could not find `cid` for [water/methanol mixture]
2024-12-29 02:47:15,512 - pcp: Could not find `cid` for [H2atpa]
2024-12-29 02:47:15,857 - pcp: Could not find `cid` for [H2pydc, triethylamine]
2024-12-29 02:47:16,178 - pcp: Could not find `cid` for [Tb(NO3)3·6 H2]
2024-12-29 02:47:16,493 - pcp: Could not find `cid` for [H2O/CH3CN]
2024-12-29 02:47:16,824 - pcp: Could not find `cid` for [H3pdc, CuCO3.Cu]
2024-12-29 02:47:17,487 - pcp: Could not find `cid` for [DMF/H2O (10 mL,]
2024-12-29 02:47:18,116 - pcp: Could not find `cid` for [Cu(NO3)6·3H2O]
2024-12-29 02:47:18,436 - pcp: Could not find `cid` for [H2O-EtOH]
2024-12-29 02:47:19,109 - pcp: Could not find `cid` for [CdCl2\u22ef2.5H]
2024-12-29 02:47:19,449 - pcp: Could not find `cid` for [0.30 mL]
2024-12-29 02:47:20,105 - pcp: Could not find `cid` for [N,N-dimethyl acetamide : deion]
2024-12-29 02:47:20,441 - pcp: Could not find `cid` for [Gd(NO3)3]
2024-12-29 02:47:20,757 - pcp: Could not find `cid` for [NH3\u2009\u2009H2]
2024-12-29 02:47:21,092 - pcp: Could not find `cid` for [DMF:CH3OH:water]
2024-12-29 02:47:21,447 - pcp: Could not find `cid` for [Cd(NO3)2\u20214H2]
2024-12-29 02:47:21,763 - pcp: Could not find `cid` for [Zn(OAc)2·2H2]
2024-12-29 02:47:22,090 - pcp: Could not find `cid` for [DMF/H2O/MeOH]
2024-12-29 02:47:22,410 - pcp: Could not find `cid` for [DMF (4 mL) and MeOH (]
2024-12-29 02:47:22,745 - pcp: Could not find `cid` for [H4PAGeS and MnCl2]
2024-12-29 02:47:24,139 - pcp: Could not find `cid` for [DMF/methanol (0.3/]
2024-12-29 02:47:24,455 - pcp: Could not find `cid` for [H3EIMDC]
2024-12-29 02:47:25,145 - pcp: Could not find `cid` for [3 mL]
2024-12-29 02:47:25,828 - pcp: Could not find `cid` for [H3PyImDC]
2024-12-29 02:47:26,175 - pcp: Could not find `cid` for [2-sulfoterephthalic acid mon]
2024-12-29 02:47:26,931 - pcp: Could not find `cid` for [H3AsO4, 1,2]
2024-12-29 02:47:27,275 - pcp: Could not find `cid` for [millipore water]
2024-12-29 02:47:28,013 - pcp: Could not find `cid` for [1,4-dioxane/H2O]
2024-12-29 02:47:28,349 - pcp: Could not find `cid` for [Cd(OAc)2]
2024-12-29 02:47:29,372 - pcp: Could not find `cid` for [DMF/CH3CN (8 mL;]
2024-12-29 02:47:29,692 - pcp: Could not find `cid` for [H3PMo12O40\u22c]
2024-12-29 02:47:30,031 - pcp: Could not find `cid` for [H2fum, glutamic acid]
2024-12-29 02:47:30,687 - pcp: Could not find `cid` for [DMF:MeOH]
2024-12-29 02:47:31,360 - pcp: Could not find `cid` for [DMF, CH3CH2OH]
2024-12-29 02:47:31,680 - pcp: Could not find `cid` for [H2ntd, Hmtz]
2024-12-29 02:47:32,016 - pcp: Could not find `cid` for [H2dnpdc]
2024-12-29 02:47:32,346 - pcp: Could not find `cid` for [CdCO3 (0.217 g,]
2024-12-29 02:47:32,693 - pcp: Could not find `cid` for [H4BTC (0.127 g,]
2024-12-29 02:47:33,010 - pcp: Could not find `cid` for [H2tbip]
2024-12-29 02:47:33,359 - pcp: Could not find `cid` for [Htz]
2024-12-29 02:47:34,464 - pcp: Could not find `cid` for [water and NaOH aqueous solution]
2024-12-29 02:47:34,781 - pcp: Could not find `cid` for [DMF/cyclohexanol/H2O]
2024-12-29 02:47:35,127 - pcp: Could not find `cid` for [HO-H3BTC and 4,4\u]
2024-12-29 02:47:35,471 - pcp: Could not find `cid` for [CH3CN/H2O (3/4]
2024-12-29 02:47:36,130 - pcp: Could not find `cid` for [Cd(NO3)2\u00b24H]
2024-12-29 02:47:36,452 - pcp: Could not find `cid` for [H4tpta]
2024-12-29 02:47:37,444 - pcp: Could not find `cid` for [Er(NO3)3·5H2O]
2024-12-29 02:47:37,759 - pcp: Could not find `cid` for [DMF (3 mL), C2H5]
2024-12-29 02:47:38,075 - pcp: Could not find `cid` for [Pr6O11]
2024-12-29 02:47:38,808 - pcp: Could not find `cid` for [DMF+formic acid]
2024-12-29 02:47:39,206 - pcp: Could not find `cid` for [DMF/glycol/H2O (8]
2024-12-29 02:47:39,867 - pcp: Could not find `cid` for [DMF+H2O]
2024-12-29 02:47:40,199 - pcp: Could not find `cid` for [Hmtz]
2024-12-29 02:47:40,584 - pcp: Could not find `cid` for [sdb]
2024-12-29 02:47:40,902 - pcp: Could not find `cid` for [N,N\u2032-dimethylacetamide]
2024-12-29 02:47:41,238 - pcp: Could not find `cid` for [DMF/CH3CN/H2O]
2024-12-29 02:47:41,577 - pcp: Could not find `cid` for [0.04 mmol of Co(NO3)]
2024-12-29 02:47:41,919 - pcp: Could not find `cid` for [7.5 mL H2O]
2024-12-29 02:47:42,277 - pcp: Could not find `cid` for [DMF/MeCN (4:1,]
2024-12-29 02:47:42,599 - pcp: Could not find `cid` for [Cobalt(II) chloride hexahydr]
2024-12-29 02:47:42,929 - pcp: Could not find `cid` for [H3IDC, bpy, KOH]
2024-12-29 02:47:43,266 - pcp: Could not find `cid` for [bpp]
2024-12-29 02:47:43,587 - pcp: Could not find `cid` for [10 ml]
2024-12-29 02:47:43,921 - pcp: Could not find `cid` for [H2E2Ge2O3 (0]
2024-12-29 02:47:44,242 - pcp: Could not find `cid` for [H2Me4BPDC]
2024-12-29 02:47:44,566 - pcp: Could not find `cid` for [68% concentrated nitric acid]
2024-12-29 02:47:44,917 - pcp: Could not find `cid` for [dimethylformamide (3.0 mL),]
2024-12-29 02:47:45,249 - pcp: Could not find `cid` for [Hpza]
2024-12-29 02:47:45,602 - pcp: Could not find `cid` for [DEF, water, HCl]
2024-12-29 02:47:46,302 - pcp: Could not find `cid` for [0.096 g]
2024-12-29 02:47:46,642 - pcp: Could not find `cid` for [DMF/dioxane/H2O (4]
2024-12-29 02:47:47,020 - pcp: Could not find `cid` for [concentrated hydrochloric acid]
2024-12-29 02:47:47,332 - pcp: Could not find `cid` for [DMF/H2O (2.4 mL]
2024-12-29 02:47:48,002 - pcp: Could not find `cid` for [H3MIDC (34.0 mg]
2024-12-29 02:47:48,330 - pcp: Could not find `cid` for [Cd(NO3)2\u22126H2]
2024-12-29 02:47:48,685 - pcp: Could not find `cid` for [1,4-naphthalenedicarbox]
2024-12-29 02:47:49,019 - pcp: Could not find `cid` for [H2O and aqueous NaOH]
2024-12-29 02:47:50,028 - pcp: Could not find `cid` for [Zinc nitrate hexahydrate (55]
2024-12-29 02:47:50,362 - pcp: Could not find `cid` for [KI]
2024-12-29 02:47:50,684 - pcp: Could not find `cid` for [imiminodiacetic acid]
2024-12-29 02:47:51,018 - pcp: Could not find `cid` for [0.062 g, 0.25 mm]
2024-12-29 02:47:51,341 - pcp: Could not find `cid` for [3 mL of water and 3 mL of gly]
2024-12-29 02:47:51,671 - pcp: Could not find `cid` for [NMP/dioxane/H2O]
2024-12-29 02:47:52,347 - pcp: Could not find `cid` for [H4btec]
