2024-12-29 02:47:05,731 - pcp: Could not find `cid` for [H3TMBTC]
2024-12-29 02:47:06,049 - pcp: Could not find `cid` for [Co(NO3)⋅6 H2]
2024-12-29 02:47:06,689 - pcp: Could not find `cid` for [H2BDC]
2024-12-29 02:47:07,669 - pcp: Could not find `cid` for [Zn(NO3)2\u22c6]
2024-12-29 02:47:08,002 - pcp: Could not find `cid` for [H4BDDC]
2024-12-29 02:47:08,337 - pcp: Could not find `cid` for [DMF (1 mL)]
2024-12-29 02:47:08,657 - pcp: Could not find `cid` for [EtOH (0]
2024-12-29 02:47:09,000 - pcp: Could not find `cid` for [Tb(NO3)3·5H2]
2024-12-29 02:47:09,333 - pcp: Could not find `cid` for [KH2TDA]
2024-12-29 02:47:09,685 - pcp: Could not find `cid` for [dmurea]
2024-12-29 02:47:10,031 - pcp: Could not find `cid` for [Cu(NO3)2\u20233H2]
2024-12-29 02:47:10,664 - pcp: Could not find `cid` for [Zn(NO3)2·6H2]
2024-12-29 02:47:10,979 - pcp: Could not find `cid` for [KH3L1]
2024-12-29 02:47:11,314 - pcp: Could not find `cid` for [CdBr2\u00b4\u20042]
2024-12-29 02:47:12,892 - pcp: Could not find `cid` for [1.5 ml benzene]
2024-12-29 02:47:13,227 - pcp: Could not find `cid` for [0.]
2024-12-29 02:47:13,562 - pcp: Could not find `cid` for [Co(NO3)2\u20226H2]
2024-12-29 02:47:13,900 - pcp: Could not find `cid` for [H4L2]
2024-12-29 02:47:14,246 - pcp: Could not find `cid` for [Hta (21.0 mg]
2024-12-29 02:47:14,588 - pcp: Could not find `cid` for [0]
2024-12-29 02:47:14,903 - pcp: Could not find `cid` for [doubly deionized water (8.]
2024-12-29 02:47:15,235 - pcp: Could not find `cid` for [CdSO4\u22128]
2024-12-29 02:47:16,659 - pcp: Could not find `cid` for [CdCl2·2.5H2O]
2024-12-29 02:47:16,981 - pcp: Could not find `cid` for [biyi]
2024-12-29 02:47:17,611 - pcp: Could not find `cid` for [water-ACN]
2024-12-29 02:47:17,943 - pcp: Could not find `cid` for [H3BPT]
2024-12-29 02:47:18,300 - pcp: Could not find `cid` for [NaOH (3 mg)]
2024-12-29 02:47:18,623 - pcp: Could not find `cid` for [KOH (4]
2024-12-29 02:47:18,955 - pcp: Could not find `cid` for [methanol (1 mL)]
2024-12-29 02:47:19,332 - pcp: Could not find `cid` for [PTAZ]
2024-12-29 02:47:19,973 - pcp: Could not find `cid` for [Mn(NO3)2·4H2]
2024-12-29 02:47:20,681 - pcp: Could not find `cid` for [0.029 g]
2024-12-29 02:47:21,018 - pcp: Could not find `cid` for [0.10 mm]
2024-12-29 02:47:21,346 - pcp: Could not find `cid` for [NH2(CH3)2Cl]
2024-12-29 02:47:21,666 - pcp: Could not find `cid` for [H4EBTC]
2024-12-29 02:47:21,991 - pcp: Could not find `cid` for [DATRZ]
2024-12-29 02:47:22,310 - pcp: Could not find `cid` for [0.02 M stock solution of copper nitrate]
2024-12-29 02:47:23,147 - pcp: Could not find `cid` for [TPOM]
2024-12-29 02:47:23,790 - pcp: Could not find `cid` for [Zn(NO3)2\u22a68]
2024-12-29 02:47:25,489 - pcp: Could not find `cid` for [Li4btca]
2024-12-29 02:47:25,799 - pcp: Could not find `cid` for [Cd(NO3)2\\u22c5]
2024-12-29 02:47:26,122 - pcp: Could not find `cid` for [DMF\\\\u202fEtOH\\\\u]
2024-12-29 02:47:26,460 - pcp: Could not find `cid` for [H4qptc]
2024-12-29 02:47:26,798 - pcp: Could not find `cid` for [1]
2024-12-29 02:47:27,119 - pcp: Could not find `cid` for [3-dimethylurea]
2024-12-29 02:47:27,467 - pcp: Could not find `cid` for [1-methyl-2-pyrrolidin]
2024-12-29 02:47:27,806 - pcp: Could not find `cid` for [1H-1]
2024-12-29 02:47:28,149 - pcp: Could not find `cid` for [2]
2024-12-29 02:47:28,510 - pcp: Could not find `cid` for [4-triaz]
2024-12-29 02:47:28,843 - pcp: Could not find `cid` for [bpz]
2024-12-29 02:47:29,159 - pcp: Could not find `cid` for [Na2C2O4]
2024-12-29 02:47:29,494 - pcp: Could not find `cid` for [Cd(NO3]
2024-12-29 02:47:29,812 - pcp: Could not find `cid` for [H2TBA]
2024-12-29 02:47:30,156 - pcp: Could not find `cid` for [H2btac]
2024-12-29 02:47:30,506 - pcp: Could not find `cid` for [ammonia (25 wt.%)]
2024-12-29 02:47:30,841 - pcp: Could not find `cid` for [H4PANAD]
2024-12-29 02:47:31,163 - pcp: Could not find `cid` for [Cd(NO3)2·4H2O]
2024-12-29 02:47:31,477 - pcp: Could not find `cid` for [H2L]
2024-12-29 02:47:31,811 - pcp: Could not find `cid` for [H2adi]
2024-12-29 02:47:32,141 - pcp: Could not find `cid` for [water\u2013ethanol]
2024-12-29 02:47:32,482 - pcp: Could not find `cid` for [pyrazine-2]
2024-12-29 02:47:32,803 - pcp: Could not find `cid` for [3-dicar]
2024-12-29 02:47:33,120 - pcp: Could not find `cid` for [H3btc]
2024-12-29 02:47:34,116 - pcp: Could not find `cid` for [H3PMo12O40\\u202]
2024-12-29 02:47:34,452 - pcp: Could not find `cid` for [H2tda]
2024-12-29 02:47:34,764 - pcp: Could not find `cid` for [H3tci]
2024-12-29 02:47:35,080 - pcp: Could not find `cid` for [Cu(NO3)2·2.5H]
2024-12-29 02:47:35,399 - pcp: Could not find `cid` for [6 M HCl]
2024-12-29 02:47:35,734 - pcp: Could not find `cid` for [DMF (7.0 mL)]
2024-12-29 02:47:36,044 - pcp: Could not find `cid` for [18 M HNO3]
2024-12-29 02:47:36,373 - pcp: Could not find `cid` for [none]
2024-12-29 02:47:37,362 - pcp: Could not find `cid` for [H2L (21 mg]
2024-12-29 02:47:37,695 - pcp: Could not find `cid` for [Ytterbium(III) chloride hex]
2024-12-29 02:47:38,009 - pcp: Could not find `cid` for [Zn(NO3)2\u00b26]
2024-12-29 02:47:38,652 - pcp: Could not find `cid` for [H3L]
2024-12-29 02:47:39,119 - pcp: Could not find `cid` for [DMF-CH3OH]
2024-12-29 02:47:39,666 - pcp: Could not find `cid` for [Zn(NO3)2·6(H2]
2024-12-29 02:47:40,349 - pcp: Could not find `cid` for [Zn(Ac)2·2H2]
2024-12-29 02:47:40,764 - pcp: Could not find `cid` for [beneze]
2024-12-29 02:47:41,080 - pcp: Could not find `cid` for [H3BTC]
2024-12-29 02:47:41,417 - pcp: Could not find `cid` for [Na2S]
2024-12-29 02:47:41,747 - pcp: Could not find `cid` for [Cd(CH3COO)2·2H]
2024-12-29 02:47:42,083 - pcp: Could not find `cid` for [Zn(NO3)2\u00b62]
2024-12-29 02:47:42,430 - pcp: Could not find `cid` for [Mn(OAc)\u22124\u221]
2024-12-29 02:47:42,758 - pcp: Could not find `cid` for [Ba(NO3)2 (31.36 mg]
2024-12-29 02:47:43,076 - pcp: Could not find `cid` for [H2pzbtz]
2024-12-29 02:47:43,411 - pcp: Could not find `cid` for [Cu(NO3)2.25 H2O]
2024-12-29 02:47:44,089 - pcp: Could not find `cid` for [Htrz]
2024-12-29 02:47:44,406 - pcp: Could not find `cid` for [H4MDIP]
2024-12-29 02:47:45,098 - pcp: Could not find `cid` for [H3BTB]
2024-12-29 02:47:45,763 - pcp: Could not find `cid` for [4]
2024-12-29 02:47:46,091 - pcp: Could not find `cid` for [4\u2032-bipyridine]
2024-12-29 02:47:46,407 - pcp: Could not find `cid` for [Cu(NO3)2\u22c75H]
2024-12-29 02:47:46,769 - pcp: Could not find `cid` for [K2C2O4]
2024-12-29 02:47:47,087 - pcp: Could not find `cid` for [H2BPDC]
2024-12-29 02:47:47,422 - pcp: Could not find `cid` for [H4L4]
2024-12-29 02:47:47,737 - pcp: Could not find `cid` for [H3BTTC]
2024-12-29 02:47:48,438 - pcp: Could not find `cid` for [n-C4H10OH]
2024-12-29 02:47:48,757 - pcp: Could not find `cid` for [Co(Ac)\u221e4 H2]
2024-12-29 02:47:49,105 - pcp: Could not find `cid` for [3 mL DMF]
2024-12-29 02:47:49,419 - pcp: Could not find `cid` for [2 mL H2]
2024-12-29 02:47:49,755 - pcp: Could not find `cid` for [H2bdc]
2024-12-29 02:47:50,412 - pcp: Could not find `cid` for [Zn(NO3)2\u22126H]
2024-12-29 02:47:50,726 - pcp: Could not find `cid` for [Co(NO3)2⋅6 H]
2024-12-29 02:47:51,703 - pcp: Could not find `cid` for [Cu(NO3)2\u20252.5]
2024-12-29 02:47:52,029 - pcp: Could not find `cid` for [distilled H2O]
2024-12-29 02:47:52,358 - pcp: Could not find `cid` for [CuCl2\u20242H2O]
2024-12-29 02:47:52,685 - pcp: Could not find `cid` for [1.0 M HCl]
2024-12-29 02:47:53,071 - pcp: Could not find `cid` for [4-phenylenediprop]
2024-12-29 02:47:54,064 - pcp: Could not find `cid` for [InCl3\u202f4H2O]
2024-12-29 02:47:54,401 - pcp: Could not find `cid` for [Tb(NO3)3]
2024-12-29 02:47:54,722 - pcp: Could not find `cid` for [Co(NO3)2·6H2O]
2024-12-29 02:47:55,057 - pcp: Could not find `cid` for [H3PIDC]
2024-12-29 02:47:55,415 - pcp: Could not find `cid` for [L]
2024-12-29 02:47:56,130 - pcp: Could not find `cid` for [Co(NO3)2 6H2O]
2024-12-29 02:47:56,779 - pcp: Could not find `cid` for [EtOH (5 ml)]
2024-12-29 02:47:57,097 - pcp: Could not find `cid` for [H2O (]
2024-12-29 02:47:57,432 - pcp: Could not find `cid` for [H3TCMTB]
2024-12-29 02:47:57,765 - pcp: Could not find `cid` for [H3LMe]
2024-12-29 02:47:58,107 - pcp: Could not find `cid` for [HCl (2 M]
2024-12-29 02:47:58,430 - pcp: Could not find `cid` for [0.3]
2024-12-29 02:47:59,061 - pcp: Could not find `cid` for [H2nip]
2024-12-29 02:47:59,736 - pcp: Could not find `cid` for [H3TBOT]
2024-12-29 02:48:00,054 - pcp: Could not find `cid` for [H2BPDA]
2024-12-29 02:48:00,695 - pcp: Could not find `cid` for [None]
2024-12-29 02:48:01,041 - pcp: Could not find `cid` for [H4L]
2024-12-29 02:48:01,378 - pcp: Could not find `cid` for [Sr(NO3)2]
2024-12-29 02:48:01,717 - pcp: Could not find `cid` for [Eu(NO3)3·6H2O]
2024-12-29 02:48:02,035 - pcp: Could not find `cid` for [Me4NBr]
2024-12-29 02:48:02,351 - pcp: Could not find `cid` for [H2tdc (0.085 g]
2024-12-29 02:48:03,002 - pcp: Could not find `cid` for [Cd(ClO4)2\u00b26]
2024-12-29 02:48:03,355 - pcp: Could not find `cid` for [5 mL distilled H2O]
2024-12-29 02:48:03,675 - pcp: Could not find `cid` for [CoSO4\u202f7 H2O]
2024-12-29 02:48:03,993 - pcp: Could not find `cid` for [Cd(NO3)2·6H2O]
2024-12-29 02:48:04,662 - pcp: Could not find `cid` for [H3BTT]
2024-12-29 02:48:04,993 - pcp: Could not find `cid` for [MeOH (2 mL)]
2024-12-29 02:48:05,663 - pcp: Could not find `cid` for [H2O (4 mL)]
2024-12-29 02:48:06,007 - pcp: Could not find `cid` for [MeOH (]
2024-12-29 02:48:06,370 - pcp: Could not find `cid` for [trans-chdc]
2024-12-29 02:48:07,063 - pcp: Could not find `cid` for [H3TDA]
2024-12-29 02:48:07,440 - pcp: Could not find `cid` for [10-phenanthroline]
2024-12-29 02:48:07,778 - pcp: Could not find `cid` for [bpmp]
2024-12-29 02:48:08,096 - pcp: Could not find `cid` for [Zn(NO3)2\u22c7]
2024-12-29 02:48:09,308 - pcp: Could not find `cid` for [Zn(OAc)2\u22c75]
2024-12-29 02:48:09,974 - pcp: Could not find `cid` for [H4BBTC]
2024-12-29 02:48:10,307 - pcp: Could not find `cid` for [DMF (6.0 mL)]
2024-12-29 02:48:10,653 - pcp: Could not find `cid` for [H3ABTC]
2024-12-29 02:48:10,975 - pcp: Could not find `cid` for [DMF (4 mL)]
2024-12-29 02:48:11,306 - pcp: Could not find `cid` for [H2C2O4\u00b72]
2024-12-29 02:48:11,650 - pcp: Could not find `cid` for [H3imda]
2024-12-29 02:48:11,971 - pcp: Could not find `cid` for [4′]
2024-12-29 02:48:12,324 - pcp: Could not find `cid` for [CoCl2\\u00b26H2]
2024-12-29 02:48:12,663 - pcp: Could not find `cid` for [H2C2O4]
2024-12-29 02:48:12,977 - pcp: Could not find `cid` for [Cu(NO3)2\u22c5]
2024-12-29 02:48:13,635 - pcp: Could not find `cid` for [La(NO3)2\u00b26H]
2024-12-29 02:48:13,983 - pcp: Could not find `cid` for [ZnCl2]
2024-12-29 02:48:14,319 - pcp: Could not find `cid` for [Cu(NO3)2·3H2O]
2024-12-29 02:48:15,022 - pcp: Could not find `cid` for [5-Imidazoledicar]
2024-12-29 02:48:15,340 - pcp: Could not find `cid` for [H4BTeC]
2024-12-29 02:48:15,995 - pcp: Could not find `cid` for [0.139 g]
2024-12-29 02:48:16,331 - pcp: Could not find `cid` for [5.0 mL]
2024-12-29 02:48:16,649 - pcp: Could not find `cid` for [Cd(NO3)2\u22c75H]
2024-12-29 02:48:17,334 - pcp: Could not find `cid` for [H4X]
2024-12-29 02:48:17,652 - pcp: Could not find `cid` for [0.016 g NaOH]
2024-12-29 02:48:17,988 - pcp: Could not find `cid` for [Ni(ClO4)2]
2024-12-29 02:48:18,342 - pcp: Could not find `cid` for [NiCl2\u22c65H2O]
2024-12-29 02:48:19,012 - pcp: Could not find `cid` for [H2tdc (0.034 g]
2024-12-29 02:48:19,337 - pcp: Could not find `cid` for [NaOH solution]
2024-12-29 02:48:19,658 - pcp: Could not find `cid` for [aqueous]
2024-12-29 02:48:20,023 - pcp: Could not find `cid` for [Mg(NO3)2·6H2]
2024-12-29 02:48:20,342 - pcp: Could not find `cid` for [H4L1]
2024-12-29 02:48:20,671 - pcp: Could not find `cid` for [timtz]
2024-12-29 02:48:21,342 - pcp: Could not find `cid` for [dilute sodium hydroxide]
2024-12-29 02:48:21,666 - pcp: Could not find `cid` for [TEA]
2024-12-29 02:48:22,372 - pcp: Could not find `cid` for [H3btb]
2024-12-29 02:48:22,713 - pcp: Could not find `cid` for [Eu(NO3)3]
2024-12-29 02:48:23,400 - pcp: Could not find `cid` for [NaH2SIP]
2024-12-29 02:48:23,717 - pcp: Could not find `cid` for [Mn(CH3COO)2·4]
2024-12-29 02:48:24,440 - pcp: Could not find `cid` for [tcpcb]
2024-12-29 02:48:24,777 - pcp: Could not find `cid` for [NaHCOO\u2009\u00]
2024-12-29 02:48:25,107 - pcp: Could not find `cid` for [Ba(NO3)2]
2024-12-29 02:48:25,420 - pcp: Could not find `cid` for [Dy(NO3)3·6H2]
2024-12-29 02:48:26,076 - pcp: Could not find `cid` for [Na2WO4\u20092H2O]
2024-12-29 02:48:26,417 - pcp: Could not find `cid` for [Zn(OAC)2\u00b22]
2024-12-29 02:48:26,752 - pcp: Could not find `cid` for [DPT]
2024-12-29 02:48:27,074 - pcp: Could not find `cid` for [CuCl2\u22c5\u22122]
2024-12-29 02:48:27,390 - pcp: Could not find `cid` for [H4MTB]
2024-12-29 02:48:27,733 - pcp: Could not find `cid` for [2 drops of HNO3 (0.1]
2024-12-29 02:48:28,042 - pcp: Could not find `cid` for [DMF (5 mL)]
2024-12-29 02:48:28,382 - pcp: Could not find `cid` for [H2SBA]
2024-12-29 02:48:28,713 - pcp: Could not find `cid` for [NH4+ as anion]
2024-12-29 02:48:29,401 - pcp: Could not find `cid` for [Zn(CH3COO)2·2]
2024-12-29 02:48:29,741 - pcp: Could not find `cid` for [Cd(ClO4)2\u22126H]
2024-12-29 02:48:30,380 - pcp: Could not find `cid` for [Cu(NO3)2·2.5 H]
2024-12-29 02:48:30,694 - pcp: Could not find `cid` for [H2pdc]
2024-12-29 02:48:31,341 - pcp: Could not find `cid` for [aqueous mixture]
2024-12-29 02:48:31,687 - pcp: Could not find `cid` for [CuI (4.76 mg]
2024-12-29 02:48:32,044 - pcp: Could not find `cid` for [MnCl2·4H2O]
2024-12-29 02:48:32,710 - pcp: Could not find `cid` for [H4DBIP]
2024-12-29 02:48:33,386 - pcp: Could not find `cid` for [H3PMo12O40\u00b]
2024-12-29 02:48:34,086 - pcp: Could not find `cid` for [Zn(NO3)2·6 H2]
2024-12-29 02:48:34,400 - pcp: Could not find `cid` for [Cd(NO3)2\\u00b74]
2024-12-29 02:48:34,734 - pcp: Could not find `cid` for [Hatz]
2024-12-29 02:48:35,068 - pcp: Could not find `cid` for [[(CH3)2NH (40%)]]
2024-12-29 02:48:35,381 - pcp: Could not find `cid` for [DMF (2 mL)]
2024-12-29 02:48:35,696 - pcp: Could not find `cid` for [EtOH (]
2024-12-29 02:48:36,016 - pcp: Could not find `cid` for [DMF--ethanol--water]
2024-12-29 02:48:36,351 - pcp: Could not find `cid` for [H2dcbpy]
2024-12-29 02:48:36,663 - pcp: Could not find `cid` for [H4abtc]
2024-12-29 02:48:37,011 - pcp: Could not find `cid` for [an aliquot of HNO3 in EtOH]
2024-12-29 02:48:37,340 - pcp: Could not find `cid` for [bfbpdcH2]
2024-12-29 02:48:38,026 - pcp: Could not find `cid` for [NaOH or KOH (10 mol·l]
2024-12-29 02:48:38,663 - pcp: Could not find `cid` for [Zn(OAc)2\*H2]
2024-12-29 02:48:39,011 - pcp: Could not find `cid` for [one drop of 6N HNO3]
2024-12-29 02:48:39,340 - pcp: Could not find `cid` for [Cd(NO3)2\u00b44H]
2024-12-29 02:48:40,004 - pcp: Could not find `cid` for [H6L2]
2024-12-29 02:48:40,326 - pcp: Could not find `cid` for [H4ABTC]
2024-12-29 02:48:40,652 - pcp: Could not find `cid` for [H4ATC]
2024-12-29 02:48:40,995 - pcp: Could not find `cid` for [CuCl2\u20252H2O (]
2024-12-29 02:48:41,336 - pcp: Could not find `cid` for [8 mL]
2024-12-29 02:48:41,673 - pcp: Could not find `cid` for [Eu(NO3)3·5H2O]
2024-12-29 02:48:42,006 - pcp: Could not find `cid` for [H3CMPEIP]
2024-12-29 02:48:42,343 - pcp: Could not find `cid` for [H3L2 (0.04 g]
2024-12-29 02:48:42,689 - pcp: Could not find `cid` for [Dy2O3]
2024-12-29 02:48:43,358 - pcp: Could not find `cid` for [sodium acetate buffer]
2024-12-29 02:48:43,672 - pcp: Could not find `cid` for [LiOH·H2O]
2024-12-29 02:48:43,989 - pcp: Could not find `cid` for [CuCl2·2H2O]
2024-12-29 02:48:44,327 - pcp: Could not find `cid` for [melitic acid]
2024-12-29 02:48:44,659 - pcp: Could not find `cid` for [H2NDC]
2024-12-29 02:48:45,314 - pcp: Could not find `cid` for [7.5 mL]
2024-12-29 02:48:46,004 - pcp: Could not find `cid` for [6-\u00b0naph]
2024-12-29 02:48:46,333 - pcp: Could not find `cid` for [H12L]
2024-12-29 02:48:46,667 - pcp: Could not find `cid` for [Cu(NO3)2\u20096 H2]
2024-12-29 02:48:46,975 - pcp: Could not find `cid` for [TAAP]
2024-12-29 02:48:47,380 - pcp: Could not find `cid` for [water\u2013ethanol (2]
2024-12-29 02:48:48,031 - pcp: Could not find `cid` for [Cu(NO3)2\u20222.5]
2024-12-29 02:48:48,355 - pcp: Could not find `cid` for [CoCl2·6H2O]
2024-12-29 02:48:48,810 - pcp: Could not find `cid` for [formic acid solution (88%)]
2024-12-29 02:48:49,176 - pcp: Could not find `cid` for [H3BCPBA]
2024-12-29 02:48:51,255 - pcp: Could not find `cid` for [N(Et)]
2024-12-29 02:48:51,587 - pcp: Could not find `cid` for [H4btec (0.1 mmol]
2024-12-29 02:48:51,907 - pcp: Could not find `cid` for [ZnSO4\u00b77H2]
2024-12-29 02:48:52,230 - pcp: Could not find `cid` for [In(NO3)3\\u202f4]
2024-12-29 02:48:52,868 - pcp: Could not find `cid` for [tetrahydrofuran (THF)]
2024-12-29 02:48:53,190 - pcp: Could not find `cid` for [H4BTEC]
2024-12-29 02:48:53,858 - pcp: Could not find `cid` for [3]
2024-12-29 02:48:54,191 - pcp: Could not find `cid` for [5-benzenetricar]
2024-12-29 02:48:54,531 - pcp: Could not find `cid` for [3 drops of concentrated nitric acid]
2024-12-29 02:48:54,845 - pcp: Could not find `cid` for [Ni(NO3)2·6H2O]
2024-12-29 02:48:55,480 - pcp: Could not find `cid` for [ZnSO4\u00b72H2]
2024-12-29 02:48:55,816 - pcp: Could not find `cid` for [Co(CH3COO)2\u22c]
2024-12-29 02:48:56,161 - pcp: Could not find `cid` for [pDBI]
2024-12-29 02:48:56,498 - pcp: Could not find `cid` for [0.384 g of magnesium nitrate hexahy]
2024-12-29 02:48:56,834 - pcp: Could not find `cid` for [water (3 mL)]
2024-12-29 02:48:57,148 - pcp: Could not find `cid` for [H5bpbc]
2024-12-29 02:48:57,789 - pcp: Could not find `cid` for [doubly deionized water]
2024-12-29 02:48:58,108 - pcp: Could not find `cid` for [H3PMo12O40\u2009]
2024-12-29 02:48:58,436 - pcp: Could not find `cid` for [1 M HNO3]
2024-12-29 02:48:58,772 - pcp: Could not find `cid` for [DMF-C2H5OH-H2O]
2024-12-29 02:48:59,444 - pcp: Could not find `cid` for [H4BCBAIP]
2024-12-29 02:49:00,079 - pcp: Could not find `cid` for [0.50 mL of a 1.0]
2024-12-29 02:49:00,421 - pcp: Could not find `cid` for [H8TBCB]
2024-12-29 02:49:01,419 - pcp: Could not find `cid` for [aqueous solution]
2024-12-29 02:49:01,747 - pcp: Could not find `cid` for [10 mL]
2024-12-29 02:49:02,059 - pcp: Could not find `cid` for [H3PMo12O40]
2024-12-29 02:49:02,391 - pcp: Could not find `cid` for [H2BDC (83 mg]
2024-12-29 02:49:02,732 - pcp: Could not find `cid` for [4\u2032-bipy]
2024-12-29 02:49:03,091 - pcp: Could not find `cid` for [CH3N2CH3]
2024-12-29 02:49:04,393 - pcp: Could not find `cid` for [H4btadpa]
2024-12-29 02:49:05,207 - pcp: Could not find `cid` for [Dy(NO3)3\\u2026]
2024-12-29 02:49:05,857 - pcp: Could not find `cid` for [H4L1 (20.3 mg]
2024-12-29 02:49:06,194 - pcp: Could not find `cid` for [H2O (10 mL)]
2024-12-29 02:49:06,532 - pcp: Could not find `cid` for [NH2–H3BTB]
2024-12-29 02:49:06,884 - pcp: Could not find `cid` for [mineralization triethylamine]
2024-12-29 02:49:07,217 - pcp: Could not find `cid` for [H4TADIP]
2024-12-29 02:49:07,537 - pcp: Could not find `cid` for [NiCl2\u20226H2O]
2024-12-29 02:49:07,858 - pcp: Could not find `cid` for [Cu(NO3)2\u00b23H]
2024-12-29 02:49:08,190 - pcp: Could not find `cid` for [Zn(Ac)2\u20222]
2024-12-29 02:49:08,521 - pcp: Could not find `cid` for [100 μL of 6 mol L−1]
2024-12-29 02:49:08,840 - pcp: Could not find `cid` for [DMF (1.5 mL)]
2024-12-29 02:49:09,485 - pcp: Could not find `cid` for [H2pt]
2024-12-29 02:49:09,804 - pcp: Could not find `cid` for [Cu(NO3)2\\u00b72]
2024-12-29 02:49:10,128 - pcp: Could not find `cid` for [BIDPE]
2024-12-29 02:49:10,463 - pcp: Could not find `cid` for [3-bis(4-pyrid]
2024-12-29 02:49:10,792 - pcp: Could not find `cid` for [dpdo]
2024-12-29 02:49:11,107 - pcp: Could not find `cid` for [Ni(NO3)2\\u00b6]
2024-12-29 02:49:11,455 - pcp: Could not find `cid` for [1 (v]
2024-12-29 02:49:11,791 - pcp: Could not find `cid` for [v) mixture of meth]
2024-12-29 02:49:12,821 - pcp: Could not find `cid` for [Teflon reactor]
2024-12-29 02:49:13,153 - pcp: Could not find `cid` for [H2btdc]
2024-12-29 02:49:13,497 - pcp: Could not find `cid` for [Cd(ClO4)2\u20226H]
2024-12-29 02:49:14,187 - pcp: Could not find `cid` for [H2sdba]
2024-12-29 02:49:14,517 - pcp: Could not find `cid` for [CH3OH DMF]
2024-12-29 02:49:14,838 - pcp: Could not find `cid` for [10 mL aqueous solution]
2024-12-29 02:49:15,178 - pcp: Could not find `cid` for [H4ptptc]
2024-12-29 02:49:15,530 - pcp: Could not find `cid` for [9-\u2009diamin]
2024-12-29 02:49:15,854 - pcp: Could not find `cid` for [Zn(NO3)·6H2O]
2024-12-29 02:49:16,190 - pcp: Could not find `cid` for [H2dpt24]
2024-12-29 02:49:16,531 - pcp: Could not find `cid` for [DMF+MeOH]
2024-12-29 02:49:17,184 - pcp: Could not find `cid` for [Zn(Ac)2\u20226H]
2024-12-29 02:49:17,524 - pcp: Could not find `cid` for [o-phenanthroline (o-Ph]
2024-12-29 02:49:17,863 - pcp: Could not find `cid` for [Cu(ClO4)2\u20226H]
2024-12-29 02:49:18,209 - pcp: Could not find `cid` for [aqueous solution of AgPF6]
2024-12-29 02:49:18,873 - pcp: Could not find `cid` for [CuCl2\u22c5H2O]
2024-12-29 02:49:19,189 - pcp: Could not find `cid` for [H2Tart]
2024-12-29 02:49:19,511 - pcp: Could not find `cid` for [FeTCP-Cl]
2024-12-29 02:49:19,826 - pcp: Could not find `cid` for [In(NO3)3·5H2O]
2024-12-29 02:49:20,158 - pcp: Could not find `cid` for [Zn(OAc)2\u00027H]
2024-12-29 02:49:20,493 - pcp: Could not find `cid` for [Cu(NO3)2⋅3H]
2024-12-29 02:49:20,829 - pcp: Could not find `cid` for [H4BTC]
2024-12-29 02:49:21,504 - pcp: Could not find `cid` for [bpdc]
2024-12-29 02:49:21,839 - pcp: Could not find `cid` for [H2bpca]
2024-12-29 02:49:22,154 - pcp: Could not find `cid` for [H2fum]
2024-12-29 02:49:22,483 - pcp: Could not find `cid` for [5-triazine-2]
2024-12-29 02:49:22,817 - pcp: Could not find `cid` for [5-dihydroxyterephthal]
2024-12-29 02:49:23,157 - pcp: Could not find `cid` for [Qu-H3L]
2024-12-29 02:49:23,857 - pcp: Could not find `cid` for [4-abpt]
2024-12-29 02:49:24,172 - pcp: Could not find `cid` for [H2nip (0.1 mmol)]
2024-12-29 02:49:24,506 - pcp: Could not find `cid` for [7.5 mL v]
2024-12-29 02:49:24,856 - pcp: Could not find `cid` for [v = 1]
2024-12-29 02:49:25,189 - pcp: Could not find `cid` for [imineodiacetic acid]
2024-12-29 02:49:25,525 - pcp: Could not find `cid` for [L3-H8]
2024-12-29 02:49:25,918 - pcp: Could not find `cid` for [Co(CH3COO)2\u20214]
2024-12-29 02:49:26,255 - pcp: Could not find `cid` for [ammonia solution (25% to 28]
2024-12-29 02:49:26,576 - pcp: Could not find `cid` for [Na2bdc]
2024-12-29 02:49:26,907 - pcp: Could not find `cid` for [bztpy]
2024-12-29 02:49:27,242 - pcp: Could not find `cid` for [Zn(NO3)2\\u20226]
2024-12-29 02:49:27,585 - pcp: Could not find `cid` for [H2hfipbb]
2024-12-29 02:49:27,913 - pcp: Could not find `cid` for [bmib]
2024-12-29 02:49:28,254 - pcp: Could not find `cid` for [H3BTN (8.3 mg]
2024-12-29 02:49:28,588 - pcp: Could not find `cid` for [H3IDC]
2024-12-29 02:49:29,606 - pcp: Could not find `cid` for [HFP]
2024-12-29 02:49:30,285 - pcp: Could not find `cid` for [NH3·H2O]
2024-12-29 02:49:30,620 - pcp: Could not find `cid` for [La(NO3)3\u00b66H]
2024-12-29 02:49:30,942 - pcp: Could not find `cid` for [NaH2sip]
2024-12-29 02:49:31,276 - pcp: Could not find `cid` for [Eu(NO3)3 6H2O]
2024-12-29 02:49:31,620 - pcp: Could not find `cid` for [2\u2030-bipyridine]
2024-12-29 02:49:32,292 - pcp: Could not find `cid` for [Cd(OAc)2\u00b72H]
2024-12-29 02:49:32,625 - pcp: Could not find `cid` for [Zn(NO3)2\u207a6]
2024-12-29 02:49:32,964 - pcp: Could not find `cid` for [10.00 g]
2024-12-29 02:49:33,343 - pcp: Could not find `cid` for [5-cyano-1]
2024-12-29 02:49:33,661 - pcp: Could not find `cid` for [3-ben]
2024-12-29 02:49:33,996 - pcp: Could not find `cid` for [H2TPPS]
2024-12-29 02:49:34,335 - pcp: Could not find `cid` for [40% HBF4]
2024-12-29 02:49:34,675 - pcp: Could not find `cid` for [bimb]
2024-12-29 02:49:35,334 - pcp: Could not find `cid` for [Zn(NO3)2\\u2009]
2024-12-29 02:49:35,688 - pcp: Could not find `cid` for [bpNDI]
2024-12-29 02:49:36,023 - pcp: Could not find `cid` for [Zn(NO3)2\\u00b]
2024-12-29 02:49:36,340 - pcp: Could not find `cid` for [chlorobenz]
2024-12-29 02:49:36,670 - pcp: Could not find `cid` for [H6tL1]
2024-12-29 02:49:37,351 - pcp: Could not find `cid` for [Hbtz]
2024-12-29 02:49:37,707 - pcp: Could not find `cid` for [16.0 mL]
2024-12-29 02:49:38,038 - pcp: Could not find `cid` for [50% (CH3)4NOH solution]
2024-12-29 02:49:38,691 - pcp: Could not find `cid` for [4\u2032-bipyridyl]
2024-12-29 02:49:39,031 - pcp: Could not find `cid` for [H2atpa]
2024-12-29 02:49:39,343 - pcp: Could not find `cid` for [Tb(NO3)3·6 H2]
2024-12-29 02:49:39,663 - pcp: Could not find `cid` for [H3pdc]
2024-12-29 02:49:40,011 - pcp: Could not find `cid` for [CuCO3.Cu]
2024-12-29 02:49:41,021 - pcp: Could not find `cid` for [Cu(NO3)6·3H2O]
2024-12-29 02:49:41,351 - pcp: Could not find `cid` for [H2O-EtOH]
2024-12-29 02:49:42,031 - pcp: Could not find `cid` for [CdCl2\u22ef2.5H]
2024-12-29 02:49:42,351 - pcp: Could not find `cid` for [0.30 mL]
2024-12-29 02:49:43,017 - pcp: Could not find `cid` for [Gd(NO3)3]
2024-12-29 02:49:43,402 - pcp: Could not find `cid` for [NH3\u2009\u2009H2]
2024-12-29 02:49:43,719 - pcp: Could not find `cid` for [Cd(NO3)2\u20214H2]
2024-12-29 02:49:44,037 - pcp: Could not find `cid` for [Zn(OAc)2·2H2]
2024-12-29 02:49:44,349 - pcp: Could not find `cid` for [H4PAGeS]
2024-12-29 02:49:45,011 - pcp: Could not find `cid` for [H3EIMDC]
2024-12-29 02:49:45,678 - pcp: Could not find `cid` for [3 mL]
2024-12-29 02:49:46,318 - pcp: Could not find `cid` for [H3PyImDC]
2024-12-29 02:49:46,648 - pcp: Could not find `cid` for [2-sulfoterephthalic acid mon]
2024-12-29 02:49:47,662 - pcp: Could not find `cid` for [millipore water]
2024-12-29 02:49:48,299 - pcp: Could not find `cid` for [Cd(OAc)2]
2024-12-29 02:49:49,270 - pcp: Could not find `cid` for [H3PMo12O40\u22c]
2024-12-29 02:49:50,276 - pcp: Could not find `cid` for [H2ntd]
2024-12-29 02:49:50,592 - pcp: Could not find `cid` for [Hmtz]
2024-12-29 02:49:50,904 - pcp: Could not find `cid` for [H2dnpdc]
2024-12-29 02:49:51,232 - pcp: Could not find `cid` for [CdCO3 (0.217 g]
2024-12-29 02:49:51,554 - pcp: Could not find `cid` for [H4BTC (0.127 g]
2024-12-29 02:49:51,868 - pcp: Could not find `cid` for [H2tbip]
2024-12-29 02:49:52,207 - pcp: Could not find `cid` for [Htz]
2024-12-29 02:49:53,232 - pcp: Could not find `cid` for [HO-H3BTC]
2024-12-29 02:49:53,565 - pcp: Could not find `cid` for [4\u]
2024-12-29 02:49:54,204 - pcp: Could not find `cid` for [Cd(NO3)2\u00b24H]
2024-12-29 02:49:54,546 - pcp: Could not find `cid` for [H4tpta]
2024-12-29 02:49:55,847 - pcp: Could not find `cid` for [Er(NO3)3·5H2O]
2024-12-29 02:49:56,183 - pcp: Could not find `cid` for [DMF (3 mL)]
2024-12-29 02:49:56,835 - pcp: Could not find `cid` for [Pr6O11]
2024-12-29 02:49:57,511 - pcp: Could not find `cid` for [DMF+formic acid]
2024-12-29 02:49:58,187 - pcp: Could not find `cid` for [DMF+H2O]
2024-12-29 02:49:58,503 - pcp: Could not find `cid` for [sdb]
2024-12-29 02:49:58,844 - pcp: Could not find `cid` for [0.04 mmol of Co(NO3)]
2024-12-29 02:49:59,190 - pcp: Could not find `cid` for [7.5 mL H2O]
2024-12-29 02:49:59,562 - pcp: Could not find `cid` for [Cobalt(II) chloride hexahydr]
2024-12-29 02:50:00,610 - pcp: Could not find `cid` for [bpp]
2024-12-29 02:50:02,009 - pcp: Could not find `cid` for [10 ml]
2024-12-29 02:50:02,326 - pcp: Could not find `cid` for [H2E2Ge2O3 (0]
2024-12-29 02:50:02,643 - pcp: Could not find `cid` for [H2Me4BPDC]
2024-12-29 02:50:02,968 - pcp: Could not find `cid` for [68% concentrated nitric acid]
2024-12-29 02:50:03,289 - pcp: Could not find `cid` for [dimethylformamide (3.0 mL)]
2024-12-29 02:50:03,615 - pcp: Could not find `cid` for [Hpza]
2024-12-29 02:50:04,456 - pcp: Could not find `cid` for [0.096 g]
2024-12-29 02:50:04,794 - pcp: Could not find `cid` for [concentrated hydrochloric acid]
2024-12-29 02:50:05,446 - pcp: Could not find `cid` for [H3MIDC (34.0 mg]
2024-12-29 02:50:05,767 - pcp: Could not find `cid` for [Cd(NO3)2\u22126H2]
2024-12-29 02:50:06,126 - pcp: Could not find `cid` for [4-naphthalenedicarbox]
2024-12-29 02:50:07,275 - pcp: Could not find `cid` for [Zinc nitrate hexahydrate (55]
2024-12-29 02:50:07,610 - pcp: Could not find `cid` for [KI]
2024-12-29 02:50:07,945 - pcp: Could not find `cid` for [imiminodiacetic acid]
2024-12-29 02:50:08,261 - pcp: Could not find `cid` for [0.062 g]
2024-12-29 02:50:08,608 - pcp: Could not find `cid` for [0.25 mm]
2024-12-29 02:50:08,947 - pcp: Could not find `cid` for [3 mL of water]
2024-12-29 02:50:09,265 - pcp: Could not find `cid` for [3 mL of gly]
2024-12-29 02:50:09,914 - pcp: Could not find `cid` for [H4btec]
