2024-12-29 23:18:39,749 - pcp: Could not find `cid` for [None]
2024-12-29 23:18:40,086 - pcp: Could not find `cid` for [aqueous HNO3 solution]
2024-12-29 23:18:40,851 - pcp: Could not find `cid` for [1]
2024-12-29 23:18:41,181 - pcp: Could not find `cid` for [2-bis(4-pyrid]
2024-12-29 23:18:41,512 - pcp: Could not find `cid` for [1-[(4-methylphenyl)sul]
2024-12-29 23:18:41,842 - pcp: Could not find `cid` for [NaOH solution]
2024-12-29 23:18:42,181 - pcp: Could not find `cid` for [H2tpa]
2024-12-29 23:18:42,531 - pcp: Could not find `cid` for [Ba(NO3)2]
2024-12-29 23:18:42,903 - pcp: Could not find `cid` for [HF (48%)]
2024-12-29 23:18:43,873 - pcp: Could not find `cid` for [concentrated HNO3]
2024-12-29 23:18:44,543 - pcp: Could not find `cid` for [4]
2024-12-29 23:18:44,884 - pcp: Could not find `cid` for [4′-bpy]
2024-12-29 23:18:45,546 - pcp: Could not find `cid` for [distilled H2O]
2024-12-29 23:18:46,884 - pcp: Could not find `cid` for [50% (CH3)4NOH]
2024-12-29 23:18:47,524 - pcp: Could not find `cid` for [BIDPE]
2024-12-29 23:18:48,530 - pcp: Could not find `cid` for [Cu(OAc)2·H2O]
2024-12-29 23:18:48,869 - pcp: Could not find `cid` for [ethyl glycol (EG)]
2024-12-29 23:18:50,852 - pcp: Could not find `cid` for [H2C2O4]
2024-12-29 23:18:51,186 - pcp: Could not find `cid` for [aqueous solution]
2024-12-29 23:18:53,183 - pcp: Could not find `cid` for [azopy]
2024-12-29 23:18:53,517 - pcp: Could not find `cid` for [NH3\u22c7H2O]
2024-12-29 23:18:53,852 - pcp: Could not find `cid` for [concentrated H2SO4]
2024-12-29 23:18:54,166 - pcp: Could not find `cid` for [Me4NBr]
2024-12-29 23:18:54,530 - pcp: Could not find `cid` for [deionised water]
2024-12-29 23:18:54,855 - pcp: Could not find `cid` for [HFP]
2024-12-29 23:18:57,068 - pcp: Could not find `cid` for [Hade]
2024-12-29 23:18:57,408 - pcp: Could not find `cid` for [H3PMo12O40]
2024-12-29 23:18:57,739 - pcp: Could not find `cid` for [2 M HCl]
2024-12-29 23:18:58,055 - pcp: Could not find `cid` for [bismuthiobenzoate (bb]
2024-12-29 23:18:59,675 - pcp: Could not find `cid` for [bpfp]
2024-12-29 23:19:00,324 - pcp: Could not find `cid` for [water-ethanol (2]
2024-12-29 23:19:00,663 - pcp: Could not find `cid` for [1 v]
2024-12-29 23:19:01,339 - pcp: Could not find `cid` for [6 M HCl]
2024-12-29 23:19:01,693 - pcp: Could not find `cid` for [[(CH3)4N]OH]
2024-12-29 23:19:02,357 - pcp: Could not find `cid` for [Et4NOH]
2024-12-29 23:19:02,686 - pcp: Could not find `cid` for [NaOH solution (0.25 M)]
2024-12-29 23:19:03,012 - pcp: Could not find `cid` for [NiCl2\u20226H2O]
2024-12-29 23:19:03,657 - pcp: Could not find `cid` for [Co(NO3)2·6H2O]
2024-12-29 23:19:03,996 - pcp: Could not find `cid` for [NH3·H2O]
2024-12-29 23:19:04,636 - pcp: Could not find `cid` for [bpz]
2024-12-29 23:19:04,951 - pcp: Could not find `cid` for [Hpba]
2024-12-29 23:19:05,266 - pcp: Could not find `cid` for [obtz]
2024-12-29 23:19:05,583 - pcp: Could not find `cid` for [NaAc·3H2O]
2024-12-29 23:19:06,750 - pcp: Could not find `cid` for [dmurea]
2024-12-29 23:19:07,124 - pcp: Could not find `cid` for [mixed solvents of distilled water]
2024-12-29 23:19:07,475 - pcp: Could not find `cid` for [DMF (]
2024-12-29 23:19:07,824 - pcp: Could not find `cid` for [3-bpmp]
2024-12-29 23:19:08,173 - pcp: Could not find `cid` for [TPOM]
2024-12-29 23:19:08,819 - pcp: Could not find `cid` for [concentrated nitric acid]
2024-12-29 23:19:09,137 - pcp: Could not find `cid` for [water−ethanol (1]
2024-12-29 23:19:09,464 - pcp: Could not find `cid` for [4)]
2024-12-29 23:19:10,136 - pcp: Could not find `cid` for [H2Tart]
2024-12-29 23:19:11,459 - pcp: Could not find `cid` for [L]
2024-12-29 23:19:12,445 - pcp: Could not find `cid` for [3-dimethylurea]
2024-12-29 23:19:12,764 - pcp: Could not find `cid` for [1-methyl-2-pyrrolidin]
2024-12-29 23:19:13,446 - pcp: Could not find `cid` for [NaI]
2024-12-29 23:19:13,785 - pcp: Could not find `cid` for [con. HCl]
2024-12-29 23:19:14,122 - pcp: Could not find `cid` for [NaOH or KOH solution]
2024-12-29 23:19:14,461 - pcp: Could not find `cid` for [2 M NaOH solution]
2024-12-29 23:19:14,787 - pcp: Could not find `cid` for [3-butanediol]
2024-12-29 23:19:15,476 - pcp: Could not find `cid` for [bpdab]
2024-12-29 23:19:15,807 - pcp: Could not find `cid` for [timtz]
2024-12-29 23:19:16,912 - pcp: Could not find `cid` for [DPT]
2024-12-29 23:19:17,887 - pcp: Could not find `cid` for [NaHCOO·2 H2O]
2024-12-29 23:19:18,540 - pcp: Could not find `cid` for [CH3)4NOH]
2024-12-29 23:19:18,895 - pcp: Could not find `cid` for [18 M HNO3]
2024-12-29 23:19:20,232 - pcp: Could not find `cid` for [Co(NH3)6·Cl3]
2024-12-29 23:19:20,577 - pcp: Could not find `cid` for [Mn(CH3COO)2·4]
2024-12-29 23:19:22,735 - pcp: Could not find `cid` for [sodium acetate buffer]
2024-12-29 23:19:23,080 - pcp: Could not find `cid` for [NH3\u22c5H2O]
2024-12-29 23:19:23,402 - pcp: Could not find `cid` for [2 M HNO3]
2024-12-29 23:19:24,384 - pcp: Could not find `cid` for [bimb]
2024-12-29 23:19:24,715 - pcp: Could not find `cid` for [bimh]
2024-12-29 23:19:25,364 - pcp: Could not find `cid` for [KI]
2024-12-29 23:19:26,038 - pcp: Could not find `cid` for [conc. HCl]
2024-12-29 23:19:26,695 - pcp: Could not find `cid` for [DIPA]
2024-12-29 23:19:27,353 - pcp: Could not find `cid` for [4-abpt]
2024-12-29 23:19:28,324 - pcp: Could not find `cid` for [N(n-C4H9)4Cl]
2024-12-29 23:19:28,663 - pcp: Could not find `cid` for [2]
2024-12-29 23:19:28,997 - pcp: Could not find `cid` for [2′-oxydiacetic acid]
2024-12-29 23:19:29,662 - pcp: Could not find `cid` for [LiOH·H2O]
2024-12-29 23:19:29,999 - pcp: Could not find `cid` for [NH4VO3]
2024-12-29 23:19:30,320 - pcp: Could not find `cid` for [Hbtz]
2024-12-29 23:19:30,993 - pcp: Could not find `cid` for [mixed distilled water-ACN]
2024-12-29 23:19:31,310 - pcp: Could not find `cid` for [DMF-C2H5OH-H2O]
2024-12-29 23:19:32,368 - pcp: Could not find `cid` for [nitrate acid solution]
2024-12-29 23:19:32,695 - pcp: Could not find `cid` for [HCOONa\u22c6 2]
2024-12-29 23:19:33,028 - pcp: Could not find `cid` for [FeCl3·6H2O]
2024-12-29 23:19:33,674 - pcp: Could not find `cid` for [N(CH3)4·Br]
2024-12-29 23:19:34,004 - pcp: Could not find `cid` for [l-(+)-malic acid]
2024-12-29 23:19:34,665 - pcp: Could not find `cid` for [dpdo]
2024-12-29 23:19:35,317 - pcp: Could not find `cid` for [H2bpca]
2024-12-29 23:19:35,964 - pcp: Could not find `cid` for [TEA]
2024-12-29 23:19:36,601 - pcp: Could not find `cid` for [4′‐bipyridine]
2024-12-29 23:19:36,943 - pcp: Could not find `cid` for [ethanol (C2H5OH)]
2024-12-29 23:19:37,275 - pcp: Could not find `cid` for [ETA]
