2024-12-27 22:13:12,921 - pcp: Could not find `cid` for [DMF/H2O (3 mL, ]
2024-12-27 22:13:13,601 - pcp: Could not find `cid` for [H3TMBTC]
2024-12-27 22:13:13,957 - pcp: Could not find `cid` for [EtOH:H2O (1:1)]
2024-12-27 22:13:14,273 - pcp: Could not find `cid` for [Co(NO3)⋅6 H2]
2024-12-27 22:13:14,593 - pcp: Could not find `cid` for [N,N\u02b0-methylformamide]
2024-12-27 22:13:14,908 - pcp: Could not find `cid` for [H2BDC]
2024-12-27 22:13:15,963 - pcp: Could not find `cid` for [DMF/H2O]
2024-12-27 22:13:16,297 - pcp: Could not find `cid` for [Zn(NO3)2\u22c6]
2024-12-27 22:13:16,613 - pcp: Could not find `cid` for [EtOH/DMF]
2024-12-27 22:13:16,948 - pcp: Could not find `cid` for [H4BDDC]
2024-12-27 22:13:17,266 - pcp: Could not find `cid` for [DMF (1 mL), EtOH (0]
2024-12-27 22:13:17,583 - pcp: Could not find `cid` for [Tb(NO3)3·5H2]
2024-12-27 22:13:17,935 - pcp: Could not find `cid` for [KH2TDA]
2024-12-27 22:13:18,264 - pcp: Could not find `cid` for [dmurea]
2024-12-27 22:13:18,596 - pcp: Could not find `cid` for [water and MeOH]
2024-12-27 22:13:18,924 - pcp: Could not find `cid` for [Cu(NO3)2\u20233H2]
2024-12-27 22:13:19,241 - pcp: Could not find `cid` for [DMF, methanol, H2O (]
2024-12-27 22:13:19,557 - pcp: Could not find `cid` for [H2O/CH3OH]
2024-12-27 22:13:19,880 - pcp: Could not find `cid` for [H2O/CH3OH = 3]
2024-12-27 22:13:20,204 - pcp: Could not find `cid` for [DMF/EtOH]
2024-12-27 22:13:20,532 - pcp: Could not find `cid` for [Zn(NO3)2·6H2]
2024-12-27 22:13:20,867 - pcp: Could not find `cid` for [KH3L1]
2024-12-27 22:13:21,188 - pcp: Could not find `cid` for [DMF: H2O]
2024-12-27 22:13:21,522 - pcp: Could not find `cid` for [CdBr2\u00b4\u20042]
2024-12-27 22:13:22,592 - pcp: Could not find `cid` for [methanol/water (V1:1)]
2024-12-27 22:13:23,330 - pcp: Could not find `cid` for [1.5 ml benzene and 0.]
2024-12-27 22:13:23,646 - pcp: Could not find `cid` for [Co(NO3)2\u20226H2]
2024-12-27 22:13:23,971 - pcp: Could not find `cid` for [N,N-Dimethyl Formamide (DMF]
2024-12-27 22:13:24,293 - pcp: Could not find `cid` for [H4L2]
2024-12-27 22:13:24,623 - pcp: Could not find `cid` for [Hta (21.0 mg, 0]
2024-12-27 22:13:24,957 - pcp: Could not find `cid` for [doubly deionized water (8.]
2024-12-27 22:13:25,329 - pcp: Could not find `cid` for [CdSO4\u22128/3H]
2024-12-27 22:13:26,341 - pcp: Could not find `cid` for [DMF:6 M HCl (1.]
2024-12-27 22:13:26,656 - pcp: Could not find `cid` for [CdCl2·2.5H2O]
2024-12-27 22:13:27,004 - pcp: Could not find `cid` for [biyi]
2024-12-27 22:13:27,339 - pcp: Could not find `cid` for [water:dmf=1:1]
2024-12-27 22:13:28,231 - pcp: Could not find `cid` for [water-ACN]
2024-12-27 22:13:28,550 - pcp: Could not find `cid` for [H3BPT]
2024-12-27 22:13:28,870 - pcp: Could not find `cid` for [NaOH (3 mg), KOH (4]
2024-12-27 22:13:29,187 - pcp: Could not find `cid` for [N,N-dimethylacetamide/methanol]
2024-12-27 22:13:29,539 - pcp: Could not find `cid` for [PTAZ]
2024-12-27 22:13:30,209 - pcp: Could not find `cid` for [Mn(NO3)2·4H2]
2024-12-27 22:13:30,874 - pcp: Could not find `cid` for [0.029 g, 0.10 mm]
2024-12-27 22:13:31,221 - pcp: Could not find `cid` for [NH2(CH3)2Cl]
2024-12-27 22:13:31,554 - pcp: Could not find `cid` for [H4EBTC]
2024-12-27 22:13:31,873 - pcp: Could not find `cid` for [H2BDC, DATRZ]
2024-12-27 22:13:32,207 - pcp: Could not find `cid` for [DMF/H2O (v/v = ]
2024-12-27 22:13:32,538 - pcp: Could not find `cid` for [0.02 M stock solution of copper nitrate]
2024-12-27 22:13:33,218 - pcp: Could not find `cid` for [TPOM]
2024-12-27 22:13:33,535 - pcp: Could not find `cid` for [DMF/H2O (1/2,]
2024-12-27 22:13:34,206 - pcp: Could not find `cid` for [DMF/H2O (4:2 vol]
2024-12-27 22:13:34,540 - pcp: Could not find `cid` for [Zn(NO3)2\u22a68]
2024-12-27 22:13:35,852 - pcp: Could not find `cid` for [water and acetonitrile]
2024-12-27 22:13:36,517 - pcp: Could not find `cid` for [DMF and H2O]
2024-12-27 22:13:36,838 - pcp: Could not find `cid` for [DMF/ethanol]
2024-12-27 22:13:37,164 - pcp: Could not find `cid` for [Li4btca]
2024-12-27 22:13:37,501 - pcp: Could not find `cid` for [DMF/MeOH/H2O (3]
2024-12-27 22:13:37,820 - pcp: Could not find `cid` for [Cd(NO3)2\\u22c5]
2024-12-27 22:13:38,158 - pcp: Could not find `cid` for [DMF\\\\u202fEtOH\\\\u]
2024-12-27 22:13:38,473 - pcp: Could not find `cid` for [H4qptc]
2024-12-27 22:13:38,792 - pcp: Could not find `cid` for [water/DMF (1:1)]
2024-12-27 22:13:39,168 - pcp: Could not find `cid` for [1-methyl-2-pyrrolidin]
2024-12-27 22:13:39,525 - pcp: Could not find `cid` for [1H-1,2,4-triaz]
2024-12-27 22:13:39,861 - pcp: Could not find `cid` for [bpz]
2024-12-27 22:13:40,185 - pcp: Could not find `cid` for [Na2C2O4, Cd(NO3]
2024-12-27 22:13:40,520 - pcp: Could not find `cid` for [H2TBA]
2024-12-27 22:13:40,838 - pcp: Could not find `cid` for [N,N\u2019-dimethylformamide]
2024-12-27 22:13:41,173 - pcp: Could not find `cid` for [H2btac]
2024-12-27 22:13:41,518 - pcp: Could not find `cid` for [ammonia (25 wt.%)]
2024-12-27 22:13:41,842 - pcp: Could not find `cid` for [H4PANAD]
2024-12-27 22:13:42,175 - pcp: Could not find `cid` for [DMF and ethanol]
2024-12-27 22:13:42,492 - pcp: Could not find `cid` for [Cd(NO3)2·4H2O]
2024-12-27 22:13:42,811 - pcp: Could not find `cid` for [H2L]
2024-12-27 22:13:43,129 - pcp: Could not find `cid` for [H2adi]
2024-12-27 22:13:43,448 - pcp: Could not find `cid` for [water\u2013ethanol]
2024-12-27 22:13:43,784 - pcp: Could not find `cid` for [pyrazine-2,3-dicar]
2024-12-27 22:13:44,130 - pcp: Could not find `cid` for [H3btc, InCl3, pyrid]
2024-12-27 22:13:44,904 - pcp: Could not find `cid` for [H3PMo12O40\\u202]
2024-12-27 22:13:45,221 - pcp: Could not find `cid` for [H2tda]
2024-12-27 22:13:45,541 - pcp: Could not find `cid` for [H3tci]
2024-12-27 22:13:45,876 - pcp: Could not find `cid` for [Cu(NO3)2·2.5H]
2024-12-27 22:13:46,222 - pcp: Could not find `cid` for [DMF/NMP/pyridine]
2024-12-27 22:13:46,553 - pcp: Could not find `cid` for [6 M HCl]
2024-12-27 22:13:46,891 - pcp: Could not find `cid` for [DMF (7.0 mL) and H]
2024-12-27 22:13:47,221 - pcp: Could not find `cid` for [18 M HNO3]
2024-12-27 22:13:47,557 - pcp: Could not find `cid` for [none]
2024-12-27 22:13:47,896 - pcp: Could not find `cid` for [H2O/1,4-dioxane]
2024-12-27 22:13:48,888 - pcp: Could not find `cid` for [H2L (21 mg, 0.]
2024-12-27 22:13:49,247 - pcp: Could not find `cid` for [Ytterbium(III) chloride hex]
2024-12-27 22:13:49,571 - pcp: Could not find `cid` for [Zn(NO3)2\u00b26]
2024-12-27 22:13:50,229 - pcp: Could not find `cid` for [H3L]
2024-12-27 22:13:50,546 - pcp: Could not find `cid` for [DMF-CH3OH]
2024-12-27 22:13:50,871 - pcp: Could not find `cid` for [acetonitrile, H2O]
2024-12-27 22:13:51,206 - pcp: Could not find `cid` for [Zn(NO3)2·6(H2]
2024-12-27 22:13:52,206 - pcp: Could not find `cid` for [Zn(Ac)2·2H2]
2024-12-27 22:13:52,538 - pcp: Could not find `cid` for [beneze]
2024-12-27 22:13:53,422 - pcp: Could not find `cid` for [H3BTC]
2024-12-27 22:13:53,741 - pcp: Could not find `cid` for [Na2S]
2024-12-27 22:13:54,053 - pcp: Could not find `cid` for [Cd(CH3COO)2·2H]
2024-12-27 22:13:54,382 - pcp: Could not find `cid` for [Zn(NO3)2\u00b62]
2024-12-27 22:13:54,730 - pcp: Could not find `cid` for [Mn(OAc)\u22124\u221]
2024-12-27 22:13:55,076 - pcp: Could not find `cid` for [DMF, H2O]
2024-12-27 22:13:55,400 - pcp: Could not find `cid` for [Ba(NO3)2 (31.36 mg]
2024-12-27 22:13:55,716 - pcp: Could not find `cid` for [H2O (5 mL) and DMF]
2024-12-27 22:13:56,039 - pcp: Could not find `cid` for [def/H2O]
2024-12-27 22:13:56,370 - pcp: Could not find `cid` for [H2pzbtz]
2024-12-27 22:13:56,708 - pcp: Could not find `cid` for [Cu(NO3)2.25 H2O]
2024-12-27 22:13:57,354 - pcp: Could not find `cid` for [Htrz]
2024-12-27 22:13:57,671 - pcp: Could not find `cid` for [H4MDIP]
2024-12-27 22:13:57,988 - pcp: Could not find `cid` for [DMF:H2O]
2024-12-27 22:13:58,712 - pcp: Could not find `cid` for [H3BTB]
2024-12-27 22:13:59,393 - pcp: Could not find `cid` for [DMF, EtOH (99%), water]
2024-12-27 22:13:59,728 - pcp: Could not find `cid` for [4,4\u2032-bipyridine]
2024-12-27 22:14:00,045 - pcp: Could not find `cid` for [Cu(NO3)2\u22c75H]
2024-12-27 22:14:00,359 - pcp: Could not find `cid` for [DMF, MeOH, H2O]
2024-12-27 22:14:00,692 - pcp: Could not find `cid` for [K2C2O4]
2024-12-27 22:14:01,011 - pcp: Could not find `cid` for [H2BPDC]
2024-12-27 22:14:01,346 - pcp: Could not find `cid` for [H4L4]
2024-12-27 22:14:01,679 - pcp: Could not find `cid` for [H3BTTC]
2024-12-27 22:14:02,339 - pcp: Could not find `cid` for [n-C4H10OH]
2024-12-27 22:14:02,670 - pcp: Could not find `cid` for [EtOH/H2O]
2024-12-27 22:14:02,992 - pcp: Could not find `cid` for [Co(Ac)\u221e4 H2]
2024-12-27 22:14:03,312 - pcp: Could not find `cid` for [3 mL DMF and 2 mL H2]
2024-12-27 22:14:03,634 - pcp: Could not find `cid` for [H2bdc]
2024-12-27 22:14:03,953 - pcp: Could not find `cid` for [pyridine-2,4,6-tr]
2024-12-27 22:14:04,276 - pcp: Could not find `cid` for [Zn(NO3)2\u22126H]
2024-12-27 22:14:04,595 - pcp: Could not find `cid` for [Co(NO3)2⋅6 H]
2024-12-27 22:14:04,933 - pcp: Could not find `cid` for [DMF,NMP]
2024-12-27 22:14:06,024 - pcp: Could not find `cid` for [Cu(NO3)2\u20252.5]
2024-12-27 22:14:06,346 - pcp: Could not find `cid` for [distilled H2O]
2024-12-27 22:14:06,667 - pcp: Could not find `cid` for [CuCl2\u20242H2O]
2024-12-27 22:14:06,986 - pcp: Could not find `cid` for [H2O/DMF/dioxane]
2024-12-27 22:14:07,332 - pcp: Could not find `cid` for [1.0 M HCl]
2024-12-27 22:14:07,686 - pcp: Could not find `cid` for [1,4-phenylenediprop]
2024-12-27 22:14:08,699 - pcp: Could not find `cid` for [InCl3\u202f4H2O]
2024-12-27 22:14:09,026 - pcp: Could not find `cid` for [water/CH3CN]
2024-12-27 22:14:09,365 - pcp: Could not find `cid` for [Tb(NO3)3]
2024-12-27 22:14:09,709 - pcp: Could not find `cid` for [Co(NO3)2·6H2O]
2024-12-27 22:14:10,025 - pcp: Could not find `cid` for [DMF/H2O (3:1,]
2024-12-27 22:14:10,340 - pcp: Could not find `cid` for [H3PIDC]
2024-12-27 22:14:10,700 - pcp: Could not find `cid` for [L]
2024-12-27 22:14:11,400 - pcp: Could not find `cid` for [Co(NO3)2 6H2O]
2024-12-27 22:14:11,742 - pcp: Could not find `cid` for [EtOH, H2O]
2024-12-27 22:14:12,069 - pcp: Could not find `cid` for [EtOH (5 ml), H2O (]
2024-12-27 22:14:12,389 - pcp: Could not find `cid` for [H3TCMTB]
2024-12-27 22:14:12,732 - pcp: Could not find `cid` for [N,N′-dimethylacetamide]
2024-12-27 22:14:13,054 - pcp: Could not find `cid` for [H3LMe]
2024-12-27 22:14:13,388 - pcp: Could not find `cid` for [HCl (2 M, 0.3]
2024-12-27 22:14:14,032 - pcp: Could not find `cid` for [H2nip]
2024-12-27 22:14:14,698 - pcp: Could not find `cid` for [H2O,CH3CH2OH]
2024-12-27 22:14:15,046 - pcp: Could not find `cid` for [H3TBOT]
2024-12-27 22:14:15,366 - pcp: Could not find `cid` for [DMF:NMP:FA]
2024-12-27 22:14:15,707 - pcp: Could not find `cid` for [H2BPDA]
2024-12-27 22:14:16,022 - pcp: Could not find `cid` for [H2O/DMF]
2024-12-27 22:14:16,702 - pcp: Could not find `cid` for [None]
2024-12-27 22:14:17,028 - pcp: Could not find `cid` for [N,N-dimethylformamide/EtOH]
2024-12-27 22:14:17,344 - pcp: Could not find `cid` for [H4L]
2024-12-27 22:14:17,670 - pcp: Could not find `cid` for [Sr(NO3)2]
2024-12-27 22:14:17,997 - pcp: Could not find `cid` for [H2O:DMF]
2024-12-27 22:14:18,319 - pcp: Could not find `cid` for [Eu(NO3)3·6H2O]
2024-12-27 22:14:18,653 - pcp: Could not find `cid` for [DMF/EtOH/MeCN/H2]
2024-12-27 22:14:19,002 - pcp: Could not find `cid` for [Me4NBr]
2024-12-27 22:14:19,322 - pcp: Could not find `cid` for [H2tdc (0.085 g,]
2024-12-27 22:14:20,016 - pcp: Could not find `cid` for [DMF/CH3COOH]
2024-12-27 22:14:20,331 - pcp: Could not find `cid` for [H2O/EtOH]
2024-12-27 22:14:20,643 - pcp: Could not find `cid` for [Cd(ClO4)2\u00b26]
2024-12-27 22:14:20,980 - pcp: Could not find `cid` for [5 mL distilled H2O]
2024-12-27 22:14:21,297 - pcp: Could not find `cid` for [CoSO4\u202f7 H2O]
2024-12-27 22:14:21,636 - pcp: Could not find `cid` for [DMF/H2O (6 mL/2]
2024-12-27 22:14:21,971 - pcp: Could not find `cid` for [Cd(NO3)2·6H2O]
2024-12-27 22:14:22,286 - pcp: Could not find `cid` for [DMF/H2O (2:1)]
2024-12-27 22:14:22,658 - pcp: Could not find `cid` for [H3btc]
2024-12-27 22:14:23,315 - pcp: Could not find `cid` for [H3BTT]
2024-12-27 22:14:23,655 - pcp: Could not find `cid` for [MeOH (2 mL) and CH3CN]
2024-12-27 22:14:23,991 - pcp: Could not find `cid` for [H2O (4 mL), MeOH (]
2024-12-27 22:14:24,309 - pcp: Could not find `cid` for [trans-chdc]
2024-12-27 22:14:24,992 - pcp: Could not find `cid` for [ammonia:MeCN]
2024-12-27 22:14:25,384 - pcp: Could not find `cid` for [DMF/MeCN/H2O (1]
2024-12-27 22:14:25,701 - pcp: Could not find `cid` for [H3TDA]
2024-12-27 22:14:26,379 - pcp: Could not find `cid` for [DMF, distilled water, ethanol]
2024-12-27 22:14:26,712 - pcp: Could not find `cid` for [bpmp]
2024-12-27 22:14:27,027 - pcp: Could not find `cid` for [Zn(NO3)2\u22c7]
2024-12-27 22:14:28,040 - pcp: Could not find `cid` for [Zn(OAc)2\u22c75]
2024-12-27 22:14:28,708 - pcp: Could not find `cid` for [H4BBTC]
2024-12-27 22:14:29,024 - pcp: Could not find `cid` for [DMF, methanol, HNO3]
2024-12-27 22:14:29,343 - pcp: Could not find `cid` for [DMF (6.0 mL) and H]
2024-12-27 22:14:29,658 - pcp: Could not find `cid` for [H3ABTC]
2024-12-27 22:14:29,974 - pcp: Could not find `cid` for [DMF (4 mL) and H2O]
2024-12-27 22:14:30,293 - pcp: Could not find `cid` for [H2C2O4\u00b72]
2024-12-27 22:14:30,613 - pcp: Could not find `cid` for [H3imda, 4,4′]
2024-12-27 22:14:30,951 - pcp: Could not find `cid` for [H2O/glycol (14:1]
2024-12-27 22:14:31,285 - pcp: Could not find `cid` for [CoCl2\\u00b26H2]
2024-12-27 22:14:31,610 - pcp: Could not find `cid` for [H2C2O4]
2024-12-27 22:14:31,945 - pcp: Could not find `cid` for [Cu(NO3)2\u22c5 ]
2024-12-27 22:14:32,597 - pcp: Could not find `cid` for [DMF/H2O (9/1,]
2024-12-27 22:14:32,940 - pcp: Could not find `cid` for [La(NO3)2\u00b26H]
2024-12-27 22:14:33,285 - pcp: Could not find `cid` for [DMSO/H2O]
2024-12-27 22:14:33,619 - pcp: Could not find `cid` for [ZnCl2]
2024-12-27 22:14:33,958 - pcp: Could not find `cid` for [Cu(NO3)2·3H2O]
2024-12-27 22:14:34,277 - pcp: Could not find `cid` for [DMF, methanol and H2O (]
2024-12-27 22:14:34,608 - pcp: Could not find `cid` for [H2O, HNO3]
2024-12-27 22:14:35,309 - pcp: Could not find `cid` for [4,5-Imidazoledicar]
2024-12-27 22:14:35,627 - pcp: Could not find `cid` for [H4BTeC]
2024-12-27 22:14:35,948 - pcp: Could not find `cid` for [DMF/EtOH/H2O (2]
2024-12-27 22:14:36,301 - pcp: Could not find `cid` for [CH3CH2OH/CH3OH]
2024-12-27 22:14:36,618 - pcp: Could not find `cid` for [0.139 g]
2024-12-27 22:14:36,939 - pcp: Could not find `cid` for [5.0 mL]
2024-12-27 22:14:37,272 - pcp: Could not find `cid` for [EtOH:H2O (v:v = ]
2024-12-27 22:14:37,603 - pcp: Could not find `cid` for [EtOH:H2O]
2024-12-27 22:14:37,940 - pcp: Could not find `cid` for [Cd(NO3)2\u22c75H]
2024-12-27 22:14:38,278 - pcp: Could not find `cid` for [DMF/CH3CH2OH/H2]
2024-12-27 22:14:38,605 - pcp: Could not find `cid` for [DMF,dioxane,H2O]
2024-12-27 22:14:39,275 - pcp: Could not find `cid` for [H4X]
2024-12-27 22:14:39,592 - pcp: Could not find `cid` for [0.016 g NaOH, 0.]
2024-12-27 22:14:39,922 - pcp: Could not find `cid` for [CH3CN/CH3OH/H2O]
2024-12-27 22:14:40,237 - pcp: Could not find `cid` for [DMF/MeOH/H2O]
2024-12-27 22:14:40,563 - pcp: Could not find `cid` for [Ni(ClO4)2]
2024-12-27 22:14:40,879 - pcp: Could not find `cid` for [water/ethanol]
2024-12-27 22:14:41,209 - pcp: Could not find `cid` for [NiCl2\u22c65H2O]
2024-12-27 22:14:41,948 - pcp: Could not find `cid` for [H2tdc (0.034 g,]
2024-12-27 22:14:42,302 - pcp: Could not find `cid` for [NaOH solution]
2024-12-27 22:14:42,641 - pcp: Could not find `cid` for [aqueous]
2024-12-27 22:14:42,957 - pcp: Could not find `cid` for [Mg(NO3)2·6H2]
2024-12-27 22:14:43,271 - pcp: Could not find `cid` for [DEF/H2O]
2024-12-27 22:14:43,605 - pcp: Could not find `cid` for [distilled water, ethanol]
2024-12-27 22:14:43,944 - pcp: Could not find `cid` for [H4L1]
2024-12-27 22:14:44,266 - pcp: Could not find `cid` for [H2O, MeCN]
2024-12-27 22:14:44,594 - pcp: Could not find `cid` for [timtz]
2024-12-27 22:14:45,229 - pcp: Could not find `cid` for [water and ethanol]
2024-12-27 22:14:45,565 - pcp: Could not find `cid` for [DMF, water]
2024-12-27 22:14:45,897 - pcp: Could not find `cid` for [dilute sodium hydroxide]
2024-12-27 22:14:46,223 - pcp: Could not find `cid` for [TEA]
2024-12-27 22:14:46,903 - pcp: Could not find `cid` for [H3btb]
2024-12-27 22:14:47,252 - pcp: Could not find `cid` for [Eu(NO3)3]
2024-12-27 22:14:47,934 - pcp: Could not find `cid` for [NaH2SIP]
2024-12-27 22:14:48,250 - pcp: Could not find `cid` for [Mn(CH3COO)2·4]
2024-12-27 22:14:48,935 - pcp: Could not find `cid` for [tcpcb]
2024-12-27 22:14:49,264 - pcp: Could not find `cid` for [NaHCOO\u2009\u00]
2024-12-27 22:14:49,604 - pcp: Could not find `cid` for [DMF/CH3CN]
2024-12-27 22:14:49,923 - pcp: Could not find `cid` for [Ba(NO3)2]
2024-12-27 22:14:50,238 - pcp: Could not find `cid` for [DMF, EtOH, H2O]
2024-12-27 22:14:50,575 - pcp: Could not find `cid` for [Dy(NO3)3·6H2]
2024-12-27 22:14:51,244 - pcp: Could not find `cid` for [Na2WO4\u20092H2O]
2024-12-27 22:14:51,585 - pcp: Could not find `cid` for [Zn(OAC)2\u00b22]
2024-12-27 22:14:51,922 - pcp: Could not find `cid` for [DPT]
2024-12-27 22:14:52,266 - pcp: Could not find `cid` for [CuCl2\u22c5\u22122]
2024-12-27 22:14:52,581 - pcp: Could not find `cid` for [DMF, acetonitrile and H2]
2024-12-27 22:14:52,896 - pcp: Could not find `cid` for [H4MTB]
2024-12-27 22:14:53,233 - pcp: Could not find `cid` for [DMF, C2H5OH, H]
2024-12-27 22:14:53,567 - pcp: Could not find `cid` for [2 drops of HNO3 (0.1]
2024-12-27 22:14:53,901 - pcp: Could not find `cid` for [DMF (5 mL)]
2024-12-27 22:14:54,236 - pcp: Could not find `cid` for [H2SBA]
2024-12-27 22:14:54,552 - pcp: Could not find `cid` for [NH4+ as anion]
2024-12-27 22:14:55,212 - pcp: Could not find `cid` for [Zn(CH3COO)2·2]
2024-12-27 22:14:55,531 - pcp: Could not find `cid` for [Cd(ClO4)2\u22126H]
2024-12-27 22:14:56,186 - pcp: Could not find `cid` for [Cu(NO3)2·2.5 H]
2024-12-27 22:14:56,521 - pcp: Could not find `cid` for [dmf/H2O (3 mL/1]
2024-12-27 22:14:56,855 - pcp: Could not find `cid` for [H2pdc, Na2MoO4]
2024-12-27 22:14:57,172 - pcp: Could not find `cid` for [aqueous mixture]
2024-12-27 22:14:57,501 - pcp: Could not find `cid` for [CuI (4.76 mg, 0]
2024-12-27 22:14:57,838 - pcp: Could not find `cid` for [DMF and 1 mL of CH3CN]
2024-12-27 22:14:58,157 - pcp: Could not find `cid` for [MnCl2·4H2O]
2024-12-27 22:14:58,826 - pcp: Could not find `cid` for [H4DBIP]
2024-12-27 22:14:59,482 - pcp: Could not find `cid` for [H3PMo12O40\u00b]
2024-12-27 22:14:59,816 - pcp: Could not find `cid` for [pyridine-2,5-dicar]
2024-12-27 22:15:00,152 - pcp: Could not find `cid` for [DMF:EtOH=2:1]
2024-12-27 22:15:00,468 - pcp: Could not find `cid` for [DMF, CH3OH]
2024-12-27 22:15:01,100 - pcp: Could not find `cid` for [MeCN/H2O]
2024-12-27 22:15:01,434 - pcp: Could not find `cid` for [Zn(NO3)2·6 H2]
2024-12-27 22:15:01,754 - pcp: Could not find `cid` for [DMF/C2H5OH/H2O]
2024-12-27 22:15:02,073 - pcp: Could not find `cid` for [Cd(NO3)2\\u00b74]
2024-12-27 22:15:02,412 - pcp: Could not find `cid` for [THF/H2O]
2024-12-27 22:15:02,746 - pcp: Could not find `cid` for [Hatz]
2024-12-27 22:15:03,097 - pcp: Could not find `cid` for [[(CH3)2NH (40%)]]
2024-12-27 22:15:03,432 - pcp: Could not find `cid` for [DMF (2 mL) and EtOH (]
2024-12-27 22:15:03,751 - pcp: Could not find `cid` for [N,N\u2032-dimethylformamide]
2024-12-27 22:15:04,088 - pcp: Could not find `cid` for [DMF--ethanol--water]
2024-12-27 22:15:04,419 - pcp: Could not find `cid` for [H2dcbpy]
2024-12-27 22:15:04,753 - pcp: Could not find `cid` for [DMF/CH3OH/H2O (]
2024-12-27 22:15:05,087 - pcp: Could not find `cid` for [H4abtc]
2024-12-27 22:15:05,438 - pcp: Could not find `cid` for [an aliquot of HNO3 in EtOH]
2024-12-27 22:15:05,759 - pcp: Could not find `cid` for [bfbpdcH2]
2024-12-27 22:15:06,416 - pcp: Could not find `cid` for [MeCN:H2O (4:2,]
2024-12-27 22:15:07,181 - pcp: Could not find `cid` for [NaOH or KOH (10 mol·l]
2024-12-27 22:15:07,516 - pcp: Could not find `cid` for [H2O/ethanol (v:v =]
2024-12-27 22:15:07,892 - pcp: Could not find `cid` for [v:v =]
2024-12-27 22:15:08,224 - pcp: Could not find `cid` for [Zn(OAc)2\*H2]
2024-12-27 22:15:08,559 - pcp: Could not find `cid` for [one drop of 6N HNO3]
2024-12-27 22:15:08,877 - pcp: Could not find `cid` for [Cd(NO3)2\u00b44H]
2024-12-27 22:15:09,527 - pcp: Could not find `cid` for [H6L2]
2024-12-27 22:15:09,923 - pcp: Could not find `cid` for [DMF:water]
2024-12-27 22:15:10,260 - pcp: Could not find `cid` for [H4ABTC]
2024-12-27 22:15:10,602 - pcp: Could not find `cid` for [DMF/ethanol/H2O]
2024-12-27 22:15:10,921 - pcp: Could not find `cid` for [H4ATC]
2024-12-27 22:15:11,256 - pcp: Could not find `cid` for [CuCl2\u20252H2O (]
2024-12-27 22:15:11,591 - pcp: Could not find `cid` for [H2O and CH3CN]
2024-12-27 22:15:11,909 - pcp: Could not find `cid` for [distilled water and ethanol]
2024-12-27 22:15:12,235 - pcp: Could not find `cid` for [8 mL]
2024-12-27 22:15:12,549 - pcp: Could not find `cid` for [water and CH3CN]
2024-12-27 22:15:12,871 - pcp: Could not find `cid` for [Eu(NO3)3·5H2O]
2024-12-27 22:15:13,194 - pcp: Could not find `cid` for [DMF, ethanol, H2O]
2024-12-27 22:15:13,507 - pcp: Could not find `cid` for [H3CMPEIP]
2024-12-27 22:15:13,844 - pcp: Could not find `cid` for [H3L2 (0.04 g,]
2024-12-27 22:15:14,164 - pcp: Could not find `cid` for [water and 0.2 mL of Et4]
2024-12-27 22:15:14,489 - pcp: Could not find `cid` for [Dy2O3]
2024-12-27 22:15:15,139 - pcp: Could not find `cid` for [sodium acetate buffer]
2024-12-27 22:15:15,461 - pcp: Could not find `cid` for [LiOH·H2O]
2024-12-27 22:15:15,774 - pcp: Could not find `cid` for [CuCl2·2H2O]
2024-12-27 22:15:16,096 - pcp: Could not find `cid` for [melitic acid]
2024-12-27 22:15:16,435 - pcp: Could not find `cid` for [H2NDC]
2024-12-27 22:15:17,085 - pcp: Could not find `cid` for [7.5 mL]
2024-12-27 22:15:17,761 - pcp: Could not find `cid` for [2,6-\u00b0naph]
2024-12-27 22:15:18,120 - pcp: Could not find `cid` for [dmf/CH3OH]
2024-12-27 22:15:18,439 - pcp: Could not find `cid` for [H12L]
2024-12-27 22:15:18,773 - pcp: Could not find `cid` for [Cu(NO3)2\u20096 H2]
2024-12-27 22:15:19,111 - pcp: Could not find `cid` for [TAAP]
2024-12-27 22:15:19,429 - pcp: Could not find `cid` for [water\u2013ethanol (2:1]
2024-12-27 22:15:20,092 - pcp: Could not find `cid` for [H2pdc]
2024-12-27 22:15:20,426 - pcp: Could not find `cid` for [Cu(NO3)2\u20222.5]
2024-12-27 22:15:20,759 - pcp: Could not find `cid` for [DMF/EtOH/pyridine (1]
2024-12-27 22:15:21,106 - pcp: Could not find `cid` for [CoCl2·6H2O]
2024-12-27 22:15:21,425 - pcp: Could not find `cid` for [formic acid solution (88%)]
2024-12-27 22:15:21,762 - pcp: Could not find `cid` for [DMF/H2O/C2H5OH]
2024-12-27 22:15:22,080 - pcp: Could not find `cid` for [H3BCPBA]
2024-12-27 22:15:24,060 - pcp: Could not find `cid` for [H2O, EtOH, DMF]
2024-12-27 22:15:24,378 - pcp: Could not find `cid` for [DMF (1 mL), N(Et)]
2024-12-27 22:15:24,715 - pcp: Could not find `cid` for [H4btec (0.1 mmol]
2024-12-27 22:15:25,032 - pcp: Could not find `cid` for [DMF, MeOH]
2024-12-27 22:15:25,347 - pcp: Could not find `cid` for [ZnSO4\u00b77H2]
2024-12-27 22:15:25,682 - pcp: Could not find `cid` for [In(NO3)3\\u202f4]
2024-12-27 22:15:25,996 - pcp: Could not find `cid` for [HCOOH, DMF, DEF]
2024-12-27 22:15:26,324 - pcp: Could not find `cid` for [H2O/MeCN]
2024-12-27 22:15:26,666 - pcp: Could not find `cid` for [DMF/MeCN/H2O]
2024-12-27 22:15:27,001 - pcp: Could not find `cid` for [DMF, methanol, water]
2024-12-27 22:15:27,698 - pcp: Could not find `cid` for [tetrahydrofuran (THF)]
2024-12-27 22:15:28,012 - pcp: Could not find `cid` for [H4BTEC]
2024-12-27 22:15:28,345 - pcp: Could not find `cid` for [DMF and EtOH]
2024-12-27 22:15:29,007 - pcp: Could not find `cid` for [N,N-dimethylformamide (DMF]
2024-12-27 22:15:29,336 - pcp: Could not find `cid` for [1,3,5-benzenetricar]
2024-12-27 22:15:29,675 - pcp: Could not find `cid` for [N,N'-dimethylformamide (DMF]
2024-12-27 22:15:30,032 - pcp: Could not find `cid` for [3 drops of concentrated nitric acid]
2024-12-27 22:15:30,365 - pcp: Could not find `cid` for [Ni(NO3)2·6H2O]
2024-12-27 22:15:30,999 - pcp: Could not find `cid` for [ZnSO4\u00b72H2]
2024-12-27 22:15:31,317 - pcp: Could not find `cid` for [Co(CH3COO)2\u22c]
2024-12-27 22:15:31,664 - pcp: Could not find `cid` for [pDBI]
2024-12-27 22:15:32,003 - pcp: Could not find `cid` for [0.384 g of magnesium nitrate hexahy]
2024-12-27 22:15:32,341 - pcp: Could not find `cid` for [water (3 mL)]
2024-12-27 22:15:32,674 - pcp: Could not find `cid` for [H5bpbc]
2024-12-27 22:15:33,402 - pcp: Could not find `cid` for [doubly deionized water]
2024-12-27 22:15:33,735 - pcp: Could not find `cid` for [N,N\\u2032-dimethylform]
2024-12-27 22:15:34,067 - pcp: Could not find `cid` for [H3PMo12O40\u2009]
2024-12-27 22:15:34,390 - pcp: Could not find `cid` for [1 M HNO3]
2024-12-27 22:15:34,705 - pcp: Could not find `cid` for [DMF-C2H5OH-H2O]
2024-12-27 22:15:35,132 - pcp: Could not find `cid` for [DMF/DMSO (10 mL, v]
2024-12-27 22:15:35,790 - pcp: Could not find `cid` for [H4BCBAIP]
2024-12-27 22:15:36,767 - pcp: Could not find `cid` for [0.50 mL of a 1.0]
2024-12-27 22:15:37,087 - pcp: Could not find `cid` for [H8TBCB]
2024-12-27 22:15:38,064 - pcp: Could not find `cid` for [aqueous solution]
2024-12-27 22:15:38,394 - pcp: Could not find `cid` for [10 mL]
2024-12-27 22:15:38,729 - pcp: Could not find `cid` for [H3PMo12O40]
2024-12-27 22:15:39,067 - pcp: Could not find `cid` for [H2BDC (83 mg, 0]
2024-12-27 22:15:39,406 - pcp: Could not find `cid` for [4,4\u2032-bipy]
2024-12-27 22:15:39,743 - pcp: Could not find `cid` for [CH3N2CH3]
2024-12-27 22:15:41,061 - pcp: Could not find `cid` for [H4btadpa]
2024-12-27 22:15:41,833 - pcp: Could not find `cid` for [Dy(NO3)3\\u2026]
2024-12-27 22:15:42,486 - pcp: Could not find `cid` for [DMF:EtOH]
2024-12-27 22:15:42,800 - pcp: Could not find `cid` for [H4L1 (20.3 mg,]
2024-12-27 22:15:43,113 - pcp: Could not find `cid` for [H2O (10 mL)]
2024-12-27 22:15:43,433 - pcp: Could not find `cid` for [NH2–H3BTB]
2024-12-27 22:15:43,765 - pcp: Could not find `cid` for [DMF/EtOH/H2O]
2024-12-27 22:15:44,099 - pcp: Could not find `cid` for [mineralization triethylamine]
2024-12-27 22:15:44,421 - pcp: Could not find `cid` for [DMF/MeOH/H2O/DMS]
2024-12-27 22:15:44,732 - pcp: Could not find `cid` for [H4TADIP]
2024-12-27 22:15:45,055 - pcp: Could not find `cid` for [NiCl2\u20226H2O]
2024-12-27 22:15:45,376 - pcp: Could not find `cid` for [N,N\'-dimethylformamide (DM]
2024-12-27 22:15:45,697 - pcp: Could not find `cid` for [Cu(NO3)2\u00b23H]
2024-12-27 22:15:46,043 - pcp: Could not find `cid` for [DEF/MeOH]
2024-12-27 22:15:46,364 - pcp: Could not find `cid` for [Zn(Ac)2\u20222]
2024-12-27 22:15:46,712 - pcp: Could not find `cid` for [100 μL of 6 mol L−1]
2024-12-27 22:15:47,051 - pcp: Could not find `cid` for [DMF (1.5 mL), CH3]
2024-12-27 22:15:47,383 - pcp: Could not find `cid` for [H2pt]
2024-12-27 22:15:47,703 - pcp: Could not find `cid` for [Cu(NO3)2\\u00b72]
2024-12-27 22:15:48,024 - pcp: Could not find `cid` for [BIDPE]
2024-12-27 22:15:48,361 - pcp: Could not find `cid` for [1,3-bis(4-pyrid]
2024-12-27 22:15:48,679 - pcp: Could not find `cid` for [dpdo]
2024-12-27 22:15:49,022 - pcp: Could not find `cid` for [Ni(NO3)2\\u00b6]
2024-12-27 22:15:49,352 - pcp: Could not find `cid` for [1:1 (v/v) mixture of meth]
2024-12-27 22:15:50,359 - pcp: Could not find `cid` for [Teflon reactor]
2024-12-27 22:15:50,678 - pcp: Could not find `cid` for [H2btdc]
2024-12-27 22:15:51,011 - pcp: Could not find `cid` for [Cd(ClO4)2\u20226H]
2024-12-27 22:15:51,345 - pcp: Could not find `cid` for [CH3OH/H2O]
2024-12-27 22:15:52,032 - pcp: Could not find `cid` for [H2sdba]
2024-12-27 22:15:52,353 - pcp: Could not find `cid` for [CH3OH DMF]
2024-12-27 22:15:52,691 - pcp: Could not find `cid` for [10 mL aqueous solution]
2024-12-27 22:15:53,020 - pcp: Could not find `cid` for [H4ptptc]
2024-12-27 22:15:53,380 - pcp: Could not find `cid` for [1,9-\u2009diamin]
2024-12-27 22:15:53,706 - pcp: Could not find `cid` for [Zn(NO3)·6H2O]
2024-12-27 22:15:54,057 - pcp: Could not find `cid` for [N,N\u2032-diethylformamide (]
2024-12-27 22:15:54,393 - pcp: Could not find `cid` for [DMF/H2O (1:3)]
2024-12-27 22:15:54,711 - pcp: Could not find `cid` for [H2O and DMF]
2024-12-27 22:15:55,056 - pcp: Could not find `cid` for [DMF/1,4-dioxane]
2024-12-27 22:15:55,414 - pcp: Could not find `cid` for [v/v = 2:1]
2024-12-27 22:15:55,751 - pcp: Could not find `cid` for [H2dpt24]
2024-12-27 22:15:56,177 - pcp: Could not find `cid` for [DMF+MeOH]
2024-12-27 22:15:57,167 - pcp: Could not find `cid` for [Zn(Ac)2\u20226H]
2024-12-27 22:15:57,484 - pcp: Could not find `cid` for [o-phenanthroline (o-Ph]
2024-12-27 22:15:57,805 - pcp: Could not find `cid` for [Cu(ClO4)2\u20226H]
2024-12-27 22:15:58,144 - pcp: Could not find `cid` for [aqueous solution of AgPF6]
2024-12-27 22:15:58,464 - pcp: Could not find `cid` for [DMF/H2O (6 mL, ]
2024-12-27 22:15:58,799 - pcp: Could not find `cid` for [H3BTC, FeCl3, TMA]
2024-12-27 22:15:59,135 - pcp: Could not find `cid` for [DEF/EG/Toluene]
2024-12-27 22:15:59,468 - pcp: Could not find `cid` for [CuCl2\u22c5H2O]
2024-12-27 22:15:59,818 - pcp: Could not find `cid` for [DMF and CH3CN]
2024-12-27 22:16:00,168 - pcp: Could not find `cid` for [H2Tart]
2024-12-27 22:16:00,486 - pcp: Could not find `cid` for [FeTCP-Cl]
2024-12-27 22:16:00,823 - pcp: Could not find `cid` for [N,N-diethylformamide (DEF)]
2024-12-27 22:16:01,142 - pcp: Could not find `cid` for [In(NO3)3·5H2O]
2024-12-27 22:16:01,476 - pcp: Could not find `cid` for [H2O and EtOH]
2024-12-27 22:16:01,792 - pcp: Could not find `cid` for [Zn(OAc)2\u00027H]
2024-12-27 22:16:02,110 - pcp: Could not find `cid` for [Cu(NO3)2⋅3H]
2024-12-27 22:16:02,428 - pcp: Could not find `cid` for [DMF, EtOH (abs.), pyrid]
2024-12-27 22:16:02,761 - pcp: Could not find `cid` for [H4BTC]
2024-12-27 22:16:03,111 - pcp: Could not find `cid` for [H2bdc, pyrazine, N]
2024-12-27 22:16:03,464 - pcp: Could not find `cid` for [N,N-dimethylacetamide, methanol]
2024-12-27 22:16:03,787 - pcp: Could not find `cid` for [DMF:NMP:pyridine]
2024-12-27 22:16:04,132 - pcp: Could not find `cid` for [bpdc]
2024-12-27 22:16:04,474 - pcp: Could not find `cid` for [DMF: DMSO=10:2]
2024-12-27 22:16:04,795 - pcp: Could not find `cid` for [H2bpca]
2024-12-27 22:16:05,115 - pcp: Could not find `cid` for [H2fum]
2024-12-27 22:16:05,484 - pcp: Could not find `cid` for [1,3,5-triazine-2]
2024-12-27 22:16:05,824 - pcp: Could not find `cid` for [2,5-dihydroxyterephthal]
2024-12-27 22:16:06,170 - pcp: Could not find `cid` for [Qu-H3L]
2024-12-27 22:16:06,505 - pcp: Could not find `cid` for [DMF/methanol/H2O = ]
2024-12-27 22:16:07,216 - pcp: Could not find `cid` for [4-abpt]
2024-12-27 22:16:07,548 - pcp: Could not find `cid` for [H2O, DMF]
2024-12-27 22:16:07,966 - pcp: Could not find `cid` for [DMF/NMP]
2024-12-27 22:16:08,397 - pcp: Could not find `cid` for [H2nip (0.1 mmol),]
2024-12-27 22:16:08,752 - pcp: Could not find `cid` for [7.5 mL v/v = 1:]
2024-12-27 22:16:09,075 - pcp: Could not find `cid` for [imineodiacetic acid]
2024-12-27 22:16:09,411 - pcp: Could not find `cid` for [L3-H8]
2024-12-27 22:16:09,745 - pcp: Could not find `cid` for [DMF, H2O, HCl]
2024-12-27 22:16:10,083 - pcp: Could not find `cid` for [DEA and ethanol]
2024-12-27 22:16:10,402 - pcp: Could not find `cid` for [Co(CH3COO)2\u20214]
2024-12-27 22:16:10,734 - pcp: Could not find `cid` for [EtOH/H2O (1:1)]
2024-12-27 22:16:11,056 - pcp: Could not find `cid` for [ammonia solution (25% to 28]
2024-12-27 22:16:11,399 - pcp: Could not find `cid` for [H2O (3 mL) and DMF]
2024-12-27 22:16:11,736 - pcp: Could not find `cid` for [Na2bdc]
2024-12-27 22:16:12,072 - pcp: Could not find `cid` for [bztpy]
2024-12-27 22:16:12,405 - pcp: Could not find `cid` for [Zn(NO3)2\\u20226]
2024-12-27 22:16:12,742 - pcp: Could not find `cid` for [DEF/EtOH/H2O (8 mL]
2024-12-27 22:16:13,075 - pcp: Could not find `cid` for [H2hfipbb]
2024-12-27 22:16:13,410 - pcp: Could not find `cid` for [bmib]
2024-12-27 22:16:13,749 - pcp: Could not find `cid` for [H3BTN (8.3 mg, ]
2024-12-27 22:16:14,065 - pcp: Could not find `cid` for [N,N\u2019-diethylformamide (]
2024-12-27 22:16:14,381 - pcp: Could not find `cid` for [H3IDC]
2024-12-27 22:16:15,011 - pcp: Could not find `cid` for [H3BTC, d-Serine, D]
2024-12-27 22:16:15,345 - pcp: Could not find `cid` for [DMF, dioxane, H2O]
2024-12-27 22:16:15,686 - pcp: Could not find `cid` for [HFP]
2024-12-27 22:16:16,678 - pcp: Could not find `cid` for [DMF/ethanol (1/4,]
2024-12-27 22:16:17,038 - pcp: Could not find `cid` for [NH3·H2O]
2024-12-27 22:16:17,383 - pcp: Could not find `cid` for [DMF/H2O (3/1,]
2024-12-27 22:16:17,719 - pcp: Could not find `cid` for [La(NO3)3\u00b66H]
2024-12-27 22:16:18,041 - pcp: Could not find `cid` for [NaH2sip]
2024-12-27 22:16:18,379 - pcp: Could not find `cid` for [CH3OH, H2O]
2024-12-27 22:16:18,717 - pcp: Could not find `cid` for [Eu(NO3)3 6H2O]
2024-12-27 22:16:19,055 - pcp: Could not find `cid` for [2,2\u2030-bipyridine]
2024-12-27 22:16:19,371 - pcp: Could not find `cid` for [DMF: DMSO: H2O]
2024-12-27 22:16:20,051 - pcp: Could not find `cid` for [Cd(OAc)2\u00b72H]
2024-12-27 22:16:20,390 - pcp: Could not find `cid` for [Zn(NO3)2\u207a6]
2024-12-27 22:16:20,723 - pcp: Could not find `cid` for [10.00 g]
2024-12-27 22:16:21,059 - pcp: Could not find `cid` for [5-cyano-1,3-ben]
2024-12-27 22:16:21,404 - pcp: Could not find `cid` for [H2TPPS]
2024-12-27 22:16:21,734 - pcp: Could not find `cid` for [40% HBF4]
2024-12-27 22:16:22,071 - pcp: Could not find `cid` for [DMF: H2O: MeOH =]
2024-12-27 22:16:22,406 - pcp: Could not find `cid` for [bimb]
2024-12-27 22:16:23,057 - pcp: Could not find `cid` for [Zn(NO3)2\\u2009]
2024-12-27 22:16:23,378 - pcp: Could not find `cid` for [bpdc and bpNDI]
2024-12-27 22:16:23,702 - pcp: Could not find `cid` for [Zn(NO3)2\\u00b]
2024-12-27 22:16:24,024 - pcp: Could not find `cid` for [DMF (5 mL) and chlorobenz]
2024-12-27 22:16:24,357 - pcp: Could not find `cid` for [H6tL1]
2024-12-27 22:16:25,126 - pcp: Could not find `cid` for [Hbtz]
2024-12-27 22:16:25,489 - pcp: Could not find `cid` for [16.0 mL]
2024-12-27 22:16:25,825 - pcp: Could not find `cid` for [50% (CH3)4NOH solution]
2024-12-27 22:16:26,470 - pcp: Could not find `cid` for [4,4\u2032-bipyridyl]
2024-12-27 22:16:26,789 - pcp: Could not find `cid` for [water/methanol mixture]
2024-12-27 22:16:27,105 - pcp: Could not find `cid` for [H2atpa]
2024-12-27 22:16:27,417 - pcp: Could not find `cid` for [H2pydc, triethylamine]
2024-12-27 22:16:27,754 - pcp: Could not find `cid` for [Tb(NO3)3·6 H2]
2024-12-27 22:16:28,073 - pcp: Could not find `cid` for [H2O/CH3CN]
2024-12-27 22:16:28,409 - pcp: Could not find `cid` for [H3pdc, CuCO3.Cu]
2024-12-27 22:16:29,081 - pcp: Could not find `cid` for [DMF/H2O (10 mL, ]
2024-12-27 22:16:29,752 - pcp: Could not find `cid` for [Cu(NO3)6·3H2O]
2024-12-27 22:16:30,070 - pcp: Could not find `cid` for [H2O-EtOH]
2024-12-27 22:16:30,703 - pcp: Could not find `cid` for [CdCl2\u22ef2.5H]
2024-12-27 22:16:31,032 - pcp: Could not find `cid` for [0.30 mL]
2024-12-27 22:16:31,712 - pcp: Could not find `cid` for [N,N-dimethyl acetamide : deion]
2024-12-27 22:16:32,053 - pcp: Could not find `cid` for [Gd(NO3)3]
2024-12-27 22:16:32,371 - pcp: Could not find `cid` for [NH3\u2009\u2009H2]
2024-12-27 22:16:32,719 - pcp: Could not find `cid` for [DMF:CH3OH:water]
2024-12-27 22:16:33,054 - pcp: Could not find `cid` for [Cd(NO3)2\u20214H2]
2024-12-27 22:16:33,394 - pcp: Could not find `cid` for [Zn(OAc)2·2H2]
2024-12-27 22:16:33,741 - pcp: Could not find `cid` for [DMF/H2O/MeOH]
2024-12-27 22:16:34,076 - pcp: Could not find `cid` for [DMF (4 mL) and MeOH (]
2024-12-27 22:16:34,390 - pcp: Could not find `cid` for [H4PAGeS and MnCl2]
2024-12-27 22:16:34,721 - pcp: Could not find `cid` for [DMF/methanol (0.3/]
2024-12-27 22:16:35,035 - pcp: Could not find `cid` for [H3EIMDC]
2024-12-27 22:16:35,718 - pcp: Could not find `cid` for [3 mL]
2024-12-27 22:16:36,369 - pcp: Could not find `cid` for [H3PyImDC]
2024-12-27 22:16:36,750 - pcp: Could not find `cid` for [2-sulfoterephthalic acid mon]
2024-12-27 22:16:37,431 - pcp: Could not find `cid` for [H3AsO4, 1,2]
2024-12-27 22:16:37,766 - pcp: Could not find `cid` for [millipore water]
2024-12-27 22:16:38,441 - pcp: Could not find `cid` for [1,4-dioxane/H2O]
2024-12-27 22:16:38,757 - pcp: Could not find `cid` for [Cd(OAc)2]
2024-12-27 22:16:39,781 - pcp: Could not find `cid` for [DMF/CH3CN (8 mL;]
2024-12-27 22:16:40,097 - pcp: Could not find `cid` for [H3PMo12O40\u22c]
2024-12-27 22:16:40,413 - pcp: Could not find `cid` for [H2fum, glutamic acid]
2024-12-27 22:16:41,091 - pcp: Could not find `cid` for [DMF:MeOH]
2024-12-27 22:16:41,769 - pcp: Could not find `cid` for [DMF, CH3CH2OH]
2024-12-27 22:16:42,087 - pcp: Could not find `cid` for [H2ntd, Hmtz]
2024-12-27 22:16:42,420 - pcp: Could not find `cid` for [H2dnpdc]
2024-12-27 22:16:42,757 - pcp: Could not find `cid` for [CdCO3 (0.217 g, ]
2024-12-27 22:16:43,078 - pcp: Could not find `cid` for [H4BTC (0.127 g, ]
2024-12-27 22:16:43,416 - pcp: Could not find `cid` for [H2tbip]
2024-12-27 22:16:43,755 - pcp: Could not find `cid` for [Htz]
2024-12-27 22:16:44,758 - pcp: Could not find `cid` for [water and NaOH aqueous solution]
2024-12-27 22:16:45,077 - pcp: Could not find `cid` for [DMF/cyclohexanol/H2O]
2024-12-27 22:16:45,419 - pcp: Could not find `cid` for [HO-H3BTC and 4,4\u]
2024-12-27 22:16:45,752 - pcp: Could not find `cid` for [CH3CN/H2O (3/4]
2024-12-27 22:16:46,400 - pcp: Could not find `cid` for [Cd(NO3)2\u00b24H]
2024-12-27 22:16:46,735 - pcp: Could not find `cid` for [H4tpta]
2024-12-27 22:16:47,736 - pcp: Could not find `cid` for [Er(NO3)3·5H2O]
2024-12-27 22:16:48,073 - pcp: Could not find `cid` for [DMF (3 mL), C2H5]
2024-12-27 22:16:48,407 - pcp: Could not find `cid` for [Pr6O11]
2024-12-27 22:16:49,111 - pcp: Could not find `cid` for [DMF+formic acid]
2024-12-27 22:16:49,429 - pcp: Could not find `cid` for [DMF/glycol/H2O (8]
2024-12-27 22:16:50,071 - pcp: Could not find `cid` for [DMF+H2O]
2024-12-27 22:16:50,429 - pcp: Could not find `cid` for [Hmtz]
2024-12-27 22:16:50,776 - pcp: Could not find `cid` for [sdb]
2024-12-27 22:16:51,113 - pcp: Could not find `cid` for [N,N\u2032-dimethylacetamide]
2024-12-27 22:16:51,434 - pcp: Could not find `cid` for [DMF/CH3CN/H2O]
2024-12-27 22:16:51,758 - pcp: Could not find `cid` for [0.04 mmol of Co(NO3)]
2024-12-27 22:16:52,076 - pcp: Could not find `cid` for [7.5 mL H2O]
2024-12-27 22:16:52,393 - pcp: Could not find `cid` for [DMF/MeCN (4:1,]
2024-12-27 22:16:52,715 - pcp: Could not find `cid` for [Cobalt(II) chloride hexahydr]
2024-12-27 22:16:53,048 - pcp: Could not find `cid` for [H3IDC, bpy, KOH]
2024-12-27 22:16:53,390 - pcp: Could not find `cid` for [bpp]
2024-12-27 22:16:53,706 - pcp: Could not find `cid` for [10 ml]
2024-12-27 22:16:54,023 - pcp: Could not find `cid` for [H2E2Ge2O3 (0]
2024-12-27 22:16:54,338 - pcp: Could not find `cid` for [H2Me4BPDC]
2024-12-27 22:16:54,655 - pcp: Could not find `cid` for [68% concentrated nitric acid]
2024-12-27 22:16:54,993 - pcp: Could not find `cid` for [dimethylformamide (3.0 mL),]
2024-12-27 22:16:55,318 - pcp: Could not find `cid` for [Hpza]
2024-12-27 22:16:55,654 - pcp: Could not find `cid` for [DEF, water, HCl]
2024-12-27 22:16:56,341 - pcp: Could not find `cid` for [0.096 g]
2024-12-27 22:16:56,676 - pcp: Could not find `cid` for [DMF/dioxane/H2O (4]
2024-12-27 22:16:56,994 - pcp: Could not find `cid` for [concentrated hydrochloric acid]
2024-12-27 22:16:57,338 - pcp: Could not find `cid` for [DMF/H2O (2.4 mL]
2024-12-27 22:16:58,011 - pcp: Could not find `cid` for [H3MIDC (34.0 mg]
2024-12-27 22:16:58,347 - pcp: Could not find `cid` for [Cd(NO3)2\u22126H2]
2024-12-27 22:16:58,683 - pcp: Could not find `cid` for [1,4-naphthalenedicarbox]
2024-12-27 22:16:58,998 - pcp: Could not find `cid` for [H2O and aqueous NaOH]
2024-12-27 22:17:00,001 - pcp: Could not find `cid` for [Zinc nitrate hexahydrate (55]
2024-12-27 22:17:00,322 - pcp: Could not find `cid` for [KI]
2024-12-27 22:17:00,655 - pcp: Could not find `cid` for [imiminodiacetic acid]
2024-12-27 22:17:00,997 - pcp: Could not find `cid` for [0.062 g, 0.25 mm]
2024-12-27 22:17:01,318 - pcp: Could not find `cid` for [3 mL of water and 3 mL of gly]
2024-12-27 22:17:01,652 - pcp: Could not find `cid` for [NMP/dioxane/H2O]
2024-12-27 22:17:02,314 - pcp: Could not find `cid` for [H4btec]
