2025-01-06 19:35:56,154 - pcp: Could not find `cid` for [DMF\n}\n{]
2025-01-06 19:35:56,500 - pcp: Could not find `cid` for [DMF}{{]
2025-01-06 19:35:56,819 - pcp: Could not find `cid` for [DMF}{]
2025-01-06 19:35:57,167 - pcp: Could not find `cid` for [DMF\n{]
2025-01-06 19:35:57,503 - pcp: Could not find `cid` for [None.0.0.0.0.]
2025-01-06 19:35:57,860 - pcp: Could not find `cid` for [DMF.0.0.0.0]
2025-01-06 19:35:58,203 - pcp: Could not find `cid` for [HCl}{}
{]
2025-01-06 19:35:58,614 - pcp: Could not find `cid` for [water\nat4+0}}; {]
2025-01-06 19:35:58,956 - pcp: Could not find `cid` for [water\n\n \nphen\n\n \n]
2025-01-06 19:35:59,297 - pcp: Could not find `cid` for [None}}]
{]
2025-01-06 19:35:59,697 - pcp: Could not find `cid` for [H2O\n\n\n \n\n\n]
2025-01-06 19:36:00,044 - pcp: Could not find `cid` for [None,8.5
esm8.]
2025-01-06 19:36:00,380 - pcp: Could not find `cid` for [H2O\nesm8.]
2025-01-06 19:36:00,759 - pcp: Could not find `cid` for [NH3}\u{{C}H2O]
2025-01-06 19:36:01,107 - pcp: Could not find `cid` for [TRIETHYLAMINE}}C}R]
2025-01-06 19:36:01,447 - pcp: Could not find `cid` for [H2O}}]\n{C}\n]
2025-01-06 19:36:01,813 - pcp: Could not find `cid` for [DMF\n\n 9.0\n]
2025-01-06 19:36:02,178 - pcp: Could not find `cid` for [H2O\n\n 80.0]
2025-01-06 19:36:02,530 - pcp: Could not find `cid` for [NITRIC ACID{]
2025-01-06 19:36:02,849 - pcp: Could not find `cid` for [None}}]

None

211.0

120]
2025-01-06 19:36:03,193 - pcp: Could not find `cid` for [None

}  
{]
2025-01-06 19:36:03,536 - pcp: Could not find `cid` for [water\n\n} \n{ 160]
2025-01-06 19:36:03,880 - pcp: Could not find `cid` for [DMF}}]\nResult: {75.]
2025-01-06 19:36:04,218 - pcp: Could not find `cid` for [None

 4.0Ml}]
2025-01-06 19:36:04,555 - pcp: Could not find `cid` for [DMF\n\n 5.0ML}]
2025-01-06 19:36:04,944 - pcp: Could not find `cid` for [None

 
HNO3} 
C]
2025-01-06 19:36:05,262 - pcp: Could not find `cid` for [HClO4}}C

O4]
2025-01-06 19:36:05,606 - pcp: Could not find `cid` for [DMF}}C\n\nO4\n\n]
2025-01-06 19:36:05,956 - pcp: Could not find `cid` for [DMF\n\n\n\n\n\nDMF]
2025-01-06 19:36:06,297 - pcp: Could not find `cid` for [DMF}}>\n{]
2025-01-06 19:36:06,675 - pcp: Could not find `cid` for [None

 H4B12A1I]
2025-01-06 19:36:06,993 - pcp: Could not find `cid` for [DMF\n}]
2025-01-06 19:36:07,336 - pcp: Could not find `cid` for [HCl}}]C4O4}}-]
2025-01-06 19:36:07,708 - pcp: Could not find `cid` for [None


}}}
{]
2025-01-06 19:36:08,111 - pcp: Could not find `cid` for [DMF\n\n\n}}}\n{u]
2025-01-06 19:36:08,460 - pcp: Could not find `cid` for [DME}\n\n\n olv3O]
2025-01-06 19:36:08,822 - pcp: Could not find `cid` for [H2O\n{]
2025-01-06 19:36:09,209 - pcp: Could not find `cid` for [H2O}}]\n{]
2025-01-06 19:36:09,601 - pcp: Could not find `cid` for [water}}]\n{0.0}]\]
2025-01-06 19:36:09,970 - pcp: Could not find `cid` for [H2O\n\n Org Organoium}{]
2025-01-06 19:36:10,295 - pcp: Could not find `cid` for [EtOH\n\n## \n EtOH\n]
2025-01-06 19:36:10,660 - pcp: Could not find `cid` for [NaOH}{[]
2025-01-06 19:36:11,011 - pcp: Could not find `cid` for [None


}{COCODUMO]
2025-01-06 19:36:11,423 - pcp: Could not find `cid` for [DMF\n\n\n}{COCUMO]
2025-01-06 19:36:11,765 - pcp: Could not find `cid` for [DMF}}{{],]
2025-01-06 19:36:12,092 - pcp: Could not find `cid` for [SODIUM HYDROXIDE TRI]
2025-01-06 19:36:12,420 - pcp: Could not find `cid` for [NITRIC ACID {]
2025-01-06 19:36:12,804 - pcp: Could not find `cid` for [H2O\n\n140.0\n\n]
2025-01-06 19:36:13,194 - pcp: Could not find `cid` for [8O}}, {8.0
}
C]
2025-01-06 19:36:13,570 - pcp: Could not find `cid` for [HNO3}{}
{]
2025-01-06 19:36:13,920 - pcp: Could not find `cid` for [DMF\nDMF\nDMF0.]
2025-01-06 19:36:14,264 - pcp: Could not find `cid` for [water\n\n}{}\n{]
2025-01-06 19:36:14,584 - pcp: Could not find `cid` for [HCl}}]
{]
2025-01-06 19:36:14,922 - pcp: Could not find `cid` for [DMF}}]\n{]
