2024-12-27 19:35:55,924 - pcp: Could not find `cid` for [DMF/H2O (3 mL, ]
2024-12-27 19:35:56,572 - pcp: Could not find `cid` for [H3TMBTC]
2024-12-27 19:35:56,915 - pcp: Could not find `cid` for [EtOH:H2O (1:1)]
2024-12-27 19:35:57,249 - pcp: Could not find `cid` for [Co(NO3)⋅6 H2]
2024-12-27 19:35:57,627 - pcp: Could not find `cid` for [N,N\u02b0-methylformamide]
2024-12-27 19:35:57,958 - pcp: Could not find `cid` for [H2BDC]
2024-12-27 19:35:58,967 - pcp: Could not find `cid` for [DMF/H2O]
2024-12-27 19:35:59,295 - pcp: Could not find `cid` for [Zn(NO3)2\u22c6]
2024-12-27 19:35:59,612 - pcp: Could not find `cid` for [EtOH/DMF]
2024-12-27 19:35:59,953 - pcp: Could not find `cid` for [H4BDDC]
2024-12-27 19:36:00,286 - pcp: Could not find `cid` for [DMF (1 mL), EtOH (0]
2024-12-27 19:36:00,615 - pcp: Could not find `cid` for [Tb(NO3)3·5H2]
2024-12-27 19:36:00,949 - pcp: Could not find `cid` for [KH2TDA]
2024-12-27 19:36:01,279 - pcp: Could not find `cid` for [dmurea]
2024-12-27 19:36:01,600 - pcp: Could not find `cid` for [water and MeOH]
2024-12-27 19:36:01,937 - pcp: Could not find `cid` for [Cu(NO3)2\u20233H2]
2024-12-27 19:36:02,275 - pcp: Could not find `cid` for [DMF, methanol, H2O (]
2024-12-27 19:36:02,610 - pcp: Could not find `cid` for [H2O/CH3OH]
2024-12-27 19:36:02,923 - pcp: Could not find `cid` for [H2O/CH3OH = 3]
2024-12-27 19:36:03,237 - pcp: Could not find `cid` for [DMF/EtOH]
2024-12-27 19:36:03,587 - pcp: Could not find `cid` for [Zn(NO3)2·6H2]
2024-12-27 19:36:03,915 - pcp: Could not find `cid` for [KH3L1]
2024-12-27 19:36:04,233 - pcp: Could not find `cid` for [DMF: H2O]
2024-12-27 19:36:04,583 - pcp: Could not find `cid` for [CdBr2\u00b4\u20042]
2024-12-27 19:36:05,651 - pcp: Could not find `cid` for [methanol/water (V1:1)]
2024-12-27 19:36:06,309 - pcp: Could not find `cid` for [1.5 ml benzene and 0.]
2024-12-27 19:36:06,627 - pcp: Could not find `cid` for [Co(NO3)2\u20226H2]
2024-12-27 19:36:07,028 - pcp: Could not find `cid` for [N,N-Dimethyl Formamide (DMF]
2024-12-27 19:36:07,363 - pcp: Could not find `cid` for [H4L2]
2024-12-27 19:36:07,685 - pcp: Could not find `cid` for [Hta (21.0 mg, 0]
2024-12-27 19:36:08,027 - pcp: Could not find `cid` for [doubly deionized water (8.]
2024-12-27 19:36:08,387 - pcp: Could not find `cid` for [CdSO4\u22128/3H]
2024-12-27 19:36:09,380 - pcp: Could not find `cid` for [DMF:6 M HCl (1.]
2024-12-27 19:36:09,695 - pcp: Could not find `cid` for [CdCl2·2.5H2O]
2024-12-27 19:36:10,023 - pcp: Could not find `cid` for [biyi]
2024-12-27 19:36:10,353 - pcp: Could not find `cid` for [water:dmf=1:1]
2024-12-27 19:36:11,006 - pcp: Could not find `cid` for [water-ACN]
2024-12-27 19:36:11,345 - pcp: Could not find `cid` for [H3BPT]
2024-12-27 19:36:11,677 - pcp: Could not find `cid` for [NaOH (3 mg), KOH (4]
2024-12-27 19:36:12,003 - pcp: Could not find `cid` for [N,N-dimethylacetamide/methanol]
2024-12-27 19:36:12,334 - pcp: Could not find `cid` for [PTAZ]
2024-12-27 19:36:12,990 - pcp: Could not find `cid` for [Mn(NO3)2·4H2]
2024-12-27 19:36:13,636 - pcp: Could not find `cid` for [0.029 g, 0.10 mm]
2024-12-27 19:36:13,996 - pcp: Could not find `cid` for [NH2(CH3)2Cl]
2024-12-27 19:36:14,337 - pcp: Could not find `cid` for [H4EBTC]
2024-12-27 19:36:14,647 - pcp: Could not find `cid` for [H2BDC, DATRZ]
2024-12-27 19:36:14,964 - pcp: Could not find `cid` for [DMF/H2O (v/v = ]
2024-12-27 19:36:15,280 - pcp: Could not find `cid` for [0.02 M stock solution of copper nitrate]
2024-12-27 19:36:15,930 - pcp: Could not find `cid` for [TPOM]
2024-12-27 19:36:16,261 - pcp: Could not find `cid` for [DMF/H2O (1/2,]
2024-12-27 19:36:16,903 - pcp: Could not find `cid` for [DMF/H2O (4:2 vol]
2024-12-27 19:36:17,216 - pcp: Could not find `cid` for [Zn(NO3)2\u22a68]
2024-12-27 19:36:18,590 - pcp: Could not find `cid` for [water and acetonitrile]
2024-12-27 19:36:19,271 - pcp: Could not find `cid` for [DMF and H2O]
2024-12-27 19:36:19,590 - pcp: Could not find `cid` for [DMF/ethanol]
2024-12-27 19:36:19,956 - pcp: Could not find `cid` for [Li4btca]
2024-12-27 19:36:20,302 - pcp: Could not find `cid` for [DMF/MeOH/H2O (3]
2024-12-27 19:36:20,641 - pcp: Could not find `cid` for [Cd(NO3)2\\u22c5]
2024-12-27 19:36:20,983 - pcp: Could not find `cid` for [DMF\\\\u202fEtOH\\\\u]
2024-12-27 19:36:21,318 - pcp: Could not find `cid` for [H4qptc]
2024-12-27 19:36:21,725 - pcp: Could not find `cid` for [water/DMF (1:1)]
2024-12-27 19:36:22,077 - pcp: Could not find `cid` for [1-methyl-2-pyrrolidin]
2024-12-27 19:36:22,412 - pcp: Could not find `cid` for [1H-1,2,4-triaz]
2024-12-27 19:36:22,788 - pcp: Could not find `cid` for [bpz]
2024-12-27 19:36:23,224 - pcp: Could not find `cid` for [Na2C2O4, Cd(NO3]
2024-12-27 19:36:23,559 - pcp: Could not find `cid` for [H2TBA]
2024-12-27 19:36:23,879 - pcp: Could not find `cid` for [N,N\u2019-dimethylformamide]
2024-12-27 19:36:24,198 - pcp: Could not find `cid` for [H2btac]
2024-12-27 19:36:24,520 - pcp: Could not find `cid` for [ammonia (25 wt.%)]
2024-12-27 19:36:24,848 - pcp: Could not find `cid` for [H4PANAD]
2024-12-27 19:36:25,186 - pcp: Could not find `cid` for [DMF and ethanol]
2024-12-27 19:36:25,503 - pcp: Could not find `cid` for [Cd(NO3)2·4H2O]
2024-12-27 19:36:25,838 - pcp: Could not find `cid` for [H2L]
2024-12-27 19:36:26,186 - pcp: Could not find `cid` for [H2adi]
2024-12-27 19:36:26,545 - pcp: Could not find `cid` for [water\u2013ethanol]
2024-12-27 19:36:26,886 - pcp: Could not find `cid` for [pyrazine-2,3-dicar]
2024-12-27 19:36:27,217 - pcp: Could not find `cid` for [H3btc, InCl3, pyrid]
2024-12-27 19:36:27,938 - pcp: Could not find `cid` for [H3PMo12O40\\u202]
2024-12-27 19:36:28,257 - pcp: Could not find `cid` for [H2tda]
2024-12-27 19:36:28,566 - pcp: Could not find `cid` for [H3tci]
2024-12-27 19:36:28,878 - pcp: Could not find `cid` for [Cu(NO3)2·2.5H]
2024-12-27 19:36:29,192 - pcp: Could not find `cid` for [DMF/NMP/pyridine]
2024-12-27 19:36:29,509 - pcp: Could not find `cid` for [6 M HCl]
2024-12-27 19:36:29,835 - pcp: Could not find `cid` for [DMF (7.0 mL) and H]
2024-12-27 19:36:30,166 - pcp: Could not find `cid` for [18 M HNO3]
2024-12-27 19:36:30,497 - pcp: Could not find `cid` for [none]
2024-12-27 19:36:30,831 - pcp: Could not find `cid` for [H2O/1,4-dioxane]
2024-12-27 19:36:31,881 - pcp: Could not find `cid` for [H2L (21 mg, 0.]
2024-12-27 19:36:32,206 - pcp: Could not find `cid` for [Ytterbium(III) chloride hex]
2024-12-27 19:36:32,544 - pcp: Could not find `cid` for [Zn(NO3)2\u00b26]
2024-12-27 19:36:33,197 - pcp: Could not find `cid` for [H3L]
2024-12-27 19:36:33,517 - pcp: Could not find `cid` for [DMF-CH3OH]
2024-12-27 19:36:33,828 - pcp: Could not find `cid` for [acetonitrile, H2O]
2024-12-27 19:36:34,152 - pcp: Could not find `cid` for [Zn(NO3)2·6(H2]
2024-12-27 19:36:35,182 - pcp: Could not find `cid` for [Zn(Ac)2·2H2]
2024-12-27 19:36:35,539 - pcp: Could not find `cid` for [beneze]
2024-12-27 19:36:36,321 - pcp: Could not find `cid` for [H3BTC]
2024-12-27 19:36:36,639 - pcp: Could not find `cid` for [Na2S]
2024-12-27 19:36:36,972 - pcp: Could not find `cid` for [Cd(CH3COO)2·2H]
2024-12-27 19:36:37,289 - pcp: Could not find `cid` for [Zn(NO3)2\u00b62]
2024-12-27 19:36:37,622 - pcp: Could not find `cid` for [Mn(OAc)\u22124\u221]
2024-12-27 19:36:37,969 - pcp: Could not find `cid` for [DMF, H2O]
2024-12-27 19:36:38,284 - pcp: Could not find `cid` for [Ba(NO3)2 (31.36 mg]
2024-12-27 19:36:38,599 - pcp: Could not find `cid` for [H2O (5 mL) and DMF]
2024-12-27 19:36:38,946 - pcp: Could not find `cid` for [def/H2O]
2024-12-27 19:36:39,288 - pcp: Could not find `cid` for [H2pzbtz]
2024-12-27 19:36:39,619 - pcp: Could not find `cid` for [Cu(NO3)2.25 H2O]
2024-12-27 19:36:40,272 - pcp: Could not find `cid` for [Htrz]
2024-12-27 19:36:40,584 - pcp: Could not find `cid` for [H4MDIP]
2024-12-27 19:36:40,907 - pcp: Could not find `cid` for [DMF:H2O]
2024-12-27 19:36:41,577 - pcp: Could not find `cid` for [H3BTB]
2024-12-27 19:36:42,263 - pcp: Could not find `cid` for [DMF, EtOH (99%), water]
2024-12-27 19:36:42,600 - pcp: Could not find `cid` for [4,4\u2032-bipyridine]
2024-12-27 19:36:42,913 - pcp: Could not find `cid` for [Cu(NO3)2\u22c75H]
2024-12-27 19:36:43,229 - pcp: Could not find `cid` for [DMF, MeOH, H2O]
2024-12-27 19:36:43,562 - pcp: Could not find `cid` for [K2C2O4]
2024-12-27 19:36:43,945 - pcp: Could not find `cid` for [H2BPDC]
2024-12-27 19:36:44,262 - pcp: Could not find `cid` for [H4L4]
2024-12-27 19:36:44,610 - pcp: Could not find `cid` for [H3BTTC]
2024-12-27 19:36:45,281 - pcp: Could not find `cid` for [n-C4H10OH]
2024-12-27 19:36:45,600 - pcp: Could not find `cid` for [EtOH/H2O]
2024-12-27 19:36:45,935 - pcp: Could not find `cid` for [Co(Ac)\u221e4 H2]
2024-12-27 19:36:46,260 - pcp: Could not find `cid` for [3 mL DMF and 2 mL H2]
2024-12-27 19:36:46,595 - pcp: Could not find `cid` for [H2bdc]
2024-12-27 19:36:46,910 - pcp: Could not find `cid` for [pyridine-2,4,6-tr]
2024-12-27 19:36:47,224 - pcp: Could not find `cid` for [Zn(NO3)2\u22126H]
2024-12-27 19:36:47,545 - pcp: Could not find `cid` for [Co(NO3)2⋅6 H]
2024-12-27 19:36:47,864 - pcp: Could not find `cid` for [DMF,NMP]
2024-12-27 19:36:48,978 - pcp: Could not find `cid` for [Cu(NO3)2\u20252.5]
2024-12-27 19:36:49,298 - pcp: Could not find `cid` for [distilled H2O]
2024-12-27 19:36:49,639 - pcp: Could not find `cid` for [CuCl2\u20242H2O]
2024-12-27 19:36:49,978 - pcp: Could not find `cid` for [H2O/DMF/dioxane]
2024-12-27 19:36:50,314 - pcp: Could not find `cid` for [1.0 M HCl]
2024-12-27 19:36:50,659 - pcp: Could not find `cid` for [1,4-phenylenediprop]
2024-12-27 19:36:51,683 - pcp: Could not find `cid` for [InCl3\u202f4H2O]
2024-12-27 19:36:52,030 - pcp: Could not find `cid` for [water/CH3CN]
2024-12-27 19:36:52,371 - pcp: Could not find `cid` for [Tb(NO3)3]
2024-12-27 19:36:52,686 - pcp: Could not find `cid` for [Co(NO3)2·6H2O]
2024-12-27 19:36:53,022 - pcp: Could not find `cid` for [DMF/H2O (3:1,]
2024-12-27 19:36:53,356 - pcp: Could not find `cid` for [H3PIDC]
2024-12-27 19:36:53,704 - pcp: Could not find `cid` for [L]
2024-12-27 19:36:54,488 - pcp: Could not find `cid` for [Co(NO3)2 6H2O]
2024-12-27 19:36:54,829 - pcp: Could not find `cid` for [EtOH, H2O]
2024-12-27 19:36:55,152 - pcp: Could not find `cid` for [EtOH (5 ml), H2O (]
2024-12-27 19:36:55,473 - pcp: Could not find `cid` for [H3TCMTB]
2024-12-27 19:36:55,793 - pcp: Could not find `cid` for [N,N′-dimethylacetamide]
2024-12-27 19:36:56,127 - pcp: Could not find `cid` for [H3LMe]
2024-12-27 19:36:56,466 - pcp: Could not find `cid` for [HCl (2 M, 0.3]
2024-12-27 19:36:57,137 - pcp: Could not find `cid` for [H2nip]
2024-12-27 19:36:57,795 - pcp: Could not find `cid` for [H2O,CH3CH2OH]
2024-12-27 19:36:58,130 - pcp: Could not find `cid` for [H3TBOT]
2024-12-27 19:36:58,446 - pcp: Could not find `cid` for [DMF:NMP:FA]
2024-12-27 19:36:58,777 - pcp: Could not find `cid` for [H2BPDA]
2024-12-27 19:36:59,095 - pcp: Could not find `cid` for [H2O/DMF]
2024-12-27 19:36:59,770 - pcp: Could not find `cid` for [None]
2024-12-27 19:37:00,132 - pcp: Could not find `cid` for [N,N-dimethylformamide/EtOH]
2024-12-27 19:37:00,447 - pcp: Could not find `cid` for [H4L]
2024-12-27 19:37:00,767 - pcp: Could not find `cid` for [Sr(NO3)2]
2024-12-27 19:37:01,103 - pcp: Could not find `cid` for [H2O:DMF]
2024-12-27 19:37:01,438 - pcp: Could not find `cid` for [Eu(NO3)3·6H2O]
2024-12-27 19:37:01,777 - pcp: Could not find `cid` for [DMF/EtOH/MeCN/H2]
2024-12-27 19:37:02,086 - pcp: Could not find `cid` for [Me4NBr]
2024-12-27 19:37:02,402 - pcp: Could not find `cid` for [H2tdc (0.085 g,]
2024-12-27 19:37:03,067 - pcp: Could not find `cid` for [DMF/CH3COOH]
2024-12-27 19:37:03,388 - pcp: Could not find `cid` for [H2O/EtOH]
2024-12-27 19:37:03,708 - pcp: Could not find `cid` for [Cd(ClO4)2\u00b26]
2024-12-27 19:37:04,047 - pcp: Could not find `cid` for [5 mL distilled H2O]
2024-12-27 19:37:04,382 - pcp: Could not find `cid` for [CoSO4\u202f7 H2O]
2024-12-27 19:37:04,702 - pcp: Could not find `cid` for [DMF/H2O (6 mL/2]
2024-12-27 19:37:05,020 - pcp: Could not find `cid` for [Cd(NO3)2·6H2O]
2024-12-27 19:37:05,354 - pcp: Could not find `cid` for [DMF/H2O (2:1)]
2024-12-27 19:37:05,691 - pcp: Could not find `cid` for [H3btc]
2024-12-27 19:37:06,345 - pcp: Could not find `cid` for [H3BTT]
2024-12-27 19:37:06,659 - pcp: Could not find `cid` for [MeOH (2 mL) and CH3CN]
2024-12-27 19:37:06,989 - pcp: Could not find `cid` for [H2O (4 mL), MeOH (]
2024-12-27 19:37:07,314 - pcp: Could not find `cid` for [trans-chdc]
2024-12-27 19:37:08,001 - pcp: Could not find `cid` for [ammonia:MeCN]
2024-12-27 19:37:08,319 - pcp: Could not find `cid` for [DMF/MeCN/H2O (1]
2024-12-27 19:37:08,657 - pcp: Could not find `cid` for [H3TDA]
2024-12-27 19:37:09,514 - pcp: Could not find `cid` for [DMF, distilled water, ethanol]
2024-12-27 19:37:09,859 - pcp: Could not find `cid` for [bpmp]
2024-12-27 19:37:10,188 - pcp: Could not find `cid` for [Zn(NO3)2\u22c7]
2024-12-27 19:37:11,224 - pcp: Could not find `cid` for [Zn(OAc)2\u22c75]
2024-12-27 19:37:11,872 - pcp: Could not find `cid` for [H4BBTC]
2024-12-27 19:37:12,208 - pcp: Could not find `cid` for [DMF, methanol, HNO3]
2024-12-27 19:37:12,528 - pcp: Could not find `cid` for [DMF (6.0 mL) and H]
2024-12-27 19:37:12,868 - pcp: Could not find `cid` for [H3ABTC]
2024-12-27 19:37:13,190 - pcp: Could not find `cid` for [DMF (4 mL) and H2O]
2024-12-27 19:37:13,520 - pcp: Could not find `cid` for [H2C2O4\u00b72]
2024-12-27 19:37:13,838 - pcp: Could not find `cid` for [H3imda, 4,4′]
2024-12-27 19:37:14,165 - pcp: Could not find `cid` for [H2O/glycol (14:1]
2024-12-27 19:37:14,501 - pcp: Could not find `cid` for [CoCl2\\u00b26H2]
2024-12-27 19:37:14,833 - pcp: Could not find `cid` for [H2C2O4]
2024-12-27 19:37:15,162 - pcp: Could not find `cid` for [Cu(NO3)2\u22c5 ]
2024-12-27 19:37:15,794 - pcp: Could not find `cid` for [DMF/H2O (9/1,]
2024-12-27 19:37:16,129 - pcp: Could not find `cid` for [La(NO3)2\u00b26H]
2024-12-27 19:37:16,458 - pcp: Could not find `cid` for [DMSO/H2O]
2024-12-27 19:37:16,798 - pcp: Could not find `cid` for [ZnCl2]
2024-12-27 19:37:17,109 - pcp: Could not find `cid` for [Cu(NO3)2·3H2O]
2024-12-27 19:37:17,442 - pcp: Could not find `cid` for [DMF, methanol and H2O (]
2024-12-27 19:37:17,760 - pcp: Could not find `cid` for [H2O, HNO3]
2024-12-27 19:37:18,452 - pcp: Could not find `cid` for [4,5-Imidazoledicar]
2024-12-27 19:37:18,765 - pcp: Could not find `cid` for [H4BTeC]
2024-12-27 19:37:19,087 - pcp: Could not find `cid` for [DMF/EtOH/H2O (2]
2024-12-27 19:37:19,418 - pcp: Could not find `cid` for [CH3CH2OH/CH3OH]
2024-12-27 19:37:19,741 - pcp: Could not find `cid` for [0.139 g]
2024-12-27 19:37:20,091 - pcp: Could not find `cid` for [5.0 mL]
2024-12-27 19:37:20,411 - pcp: Could not find `cid` for [EtOH:H2O (v:v = ]
2024-12-27 19:37:20,747 - pcp: Could not find `cid` for [EtOH:H2O]
2024-12-27 19:37:21,066 - pcp: Could not find `cid` for [Cd(NO3)2\u22c75H]
2024-12-27 19:37:21,398 - pcp: Could not find `cid` for [DMF/CH3CH2OH/H2]
2024-12-27 19:37:21,719 - pcp: Could not find `cid` for [DMF,dioxane,H2O]
2024-12-27 19:37:22,396 - pcp: Could not find `cid` for [H4X]
2024-12-27 19:37:22,739 - pcp: Could not find `cid` for [0.016 g NaOH, 0.]
2024-12-27 19:37:23,084 - pcp: Could not find `cid` for [CH3CN/CH3OH/H2O]
2024-12-27 19:37:23,402 - pcp: Could not find `cid` for [DMF/MeOH/H2O]
2024-12-27 19:37:23,732 - pcp: Could not find `cid` for [Ni(ClO4)2]
2024-12-27 19:37:24,076 - pcp: Could not find `cid` for [water/ethanol]
2024-12-27 19:37:24,402 - pcp: Could not find `cid` for [NiCl2\u22c65H2O]
2024-12-27 19:37:25,205 - pcp: Could not find `cid` for [H2tdc (0.034 g,]
2024-12-27 19:37:25,547 - pcp: Could not find `cid` for [NaOH solution]
2024-12-27 19:37:25,863 - pcp: Could not find `cid` for [aqueous]
2024-12-27 19:37:26,181 - pcp: Could not find `cid` for [Mg(NO3)2·6H2]
2024-12-27 19:37:26,497 - pcp: Could not find `cid` for [DEF/H2O]
2024-12-27 19:37:26,819 - pcp: Could not find `cid` for [distilled water, ethanol]
2024-12-27 19:37:27,152 - pcp: Could not find `cid` for [H4L1]
2024-12-27 19:37:27,485 - pcp: Could not find `cid` for [H2O, MeCN]
2024-12-27 19:37:27,838 - pcp: Could not find `cid` for [timtz]
2024-12-27 19:37:28,499 - pcp: Could not find `cid` for [water and ethanol]
2024-12-27 19:37:28,818 - pcp: Could not find `cid` for [DMF, water]
2024-12-27 19:37:29,147 - pcp: Could not find `cid` for [dilute sodium hydroxide]
2024-12-27 19:37:29,499 - pcp: Could not find `cid` for [TEA]
2024-12-27 19:37:30,135 - pcp: Could not find `cid` for [H3btb]
2024-12-27 19:37:30,457 - pcp: Could not find `cid` for [Eu(NO3)3]
2024-12-27 19:37:31,317 - pcp: Could not find `cid` for [NaH2SIP]
2024-12-27 19:37:31,709 - pcp: Could not find `cid` for [Mn(CH3COO)2·4]
2024-12-27 19:37:32,393 - pcp: Could not find `cid` for [tcpcb]
2024-12-27 19:37:32,739 - pcp: Could not find `cid` for [NaHCOO\u2009\u00]
2024-12-27 19:37:33,057 - pcp: Could not find `cid` for [DMF/CH3CN]
2024-12-27 19:37:33,398 - pcp: Could not find `cid` for [Ba(NO3)2]
2024-12-27 19:37:33,730 - pcp: Could not find `cid` for [DMF, EtOH, H2O]
2024-12-27 19:37:34,074 - pcp: Could not find `cid` for [Dy(NO3)3·6H2]
2024-12-27 19:37:34,723 - pcp: Could not find `cid` for [Na2WO4\u20092H2O]
2024-12-27 19:37:35,045 - pcp: Could not find `cid` for [Zn(OAC)2\u00b22]
2024-12-27 19:37:35,374 - pcp: Could not find `cid` for [DPT]
2024-12-27 19:37:35,691 - pcp: Could not find `cid` for [CuCl2\u22c5\u22122]
2024-12-27 19:37:36,006 - pcp: Could not find `cid` for [DMF, acetonitrile and H2]
2024-12-27 19:37:36,327 - pcp: Could not find `cid` for [H4MTB]
2024-12-27 19:37:36,666 - pcp: Could not find `cid` for [DMF, C2H5OH, H]
2024-12-27 19:37:36,995 - pcp: Could not find `cid` for [2 drops of HNO3 (0.1]
2024-12-27 19:37:37,336 - pcp: Could not find `cid` for [DMF (5 mL)]
2024-12-27 19:37:37,655 - pcp: Could not find `cid` for [H2SBA]
2024-12-27 19:37:37,980 - pcp: Could not find `cid` for [NH4+ as anion]
2024-12-27 19:37:38,868 - pcp: Could not find `cid` for [Zn(CH3COO)2·2]
2024-12-27 19:37:39,359 - pcp: Could not find `cid` for [Cd(ClO4)2\u22126H]
2024-12-27 19:37:40,079 - pcp: Could not find `cid` for [Cu(NO3)2·2.5 H]
2024-12-27 19:37:40,414 - pcp: Could not find `cid` for [dmf/H2O (3 mL/1]
2024-12-27 19:37:40,728 - pcp: Could not find `cid` for [H2pdc, Na2MoO4]
2024-12-27 19:37:41,043 - pcp: Could not find `cid` for [aqueous mixture]
2024-12-27 19:37:41,378 - pcp: Could not find `cid` for [CuI (4.76 mg, 0]
2024-12-27 19:37:41,697 - pcp: Could not find `cid` for [DMF and 1 mL of CH3CN]
2024-12-27 19:37:42,014 - pcp: Could not find `cid` for [MnCl2·4H2O]
2024-12-27 19:37:42,669 - pcp: Could not find `cid` for [H4DBIP]
2024-12-27 19:37:43,317 - pcp: Could not find `cid` for [H3PMo12O40\u00b]
2024-12-27 19:37:43,667 - pcp: Could not find `cid` for [pyridine-2,5-dicar]
2024-12-27 19:37:44,003 - pcp: Could not find `cid` for [DMF:EtOH=2:1]
2024-12-27 19:37:44,319 - pcp: Could not find `cid` for [DMF, CH3OH]
2024-12-27 19:37:45,021 - pcp: Could not find `cid` for [MeCN/H2O]
2024-12-27 19:37:45,360 - pcp: Could not find `cid` for [Zn(NO3)2·6 H2]
2024-12-27 19:37:45,674 - pcp: Could not find `cid` for [DMF/C2H5OH/H2O]
2024-12-27 19:37:45,989 - pcp: Could not find `cid` for [Cd(NO3)2\\u00b74]
2024-12-27 19:37:46,329 - pcp: Could not find `cid` for [THF/H2O]
2024-12-27 19:37:46,651 - pcp: Could not find `cid` for [Hatz]
2024-12-27 19:37:46,993 - pcp: Could not find `cid` for [[(CH3)2NH (40%)]]
2024-12-27 19:37:47,310 - pcp: Could not find `cid` for [DMF (2 mL) and EtOH (]
2024-12-27 19:37:47,685 - pcp: Could not find `cid` for [N,N\u2032-dimethylformamide]
2024-12-27 19:37:48,011 - pcp: Could not find `cid` for [DMF--ethanol--water]
2024-12-27 19:37:48,325 - pcp: Could not find `cid` for [H2dcbpy]
2024-12-27 19:37:48,642 - pcp: Could not find `cid` for [DMF/CH3OH/H2O (]
2024-12-27 19:37:48,955 - pcp: Could not find `cid` for [H4abtc]
2024-12-27 19:37:49,298 - pcp: Could not find `cid` for [an aliquot of HNO3 in EtOH]
2024-12-27 19:37:49,632 - pcp: Could not find `cid` for [bfbpdcH2]
2024-12-27 19:37:50,275 - pcp: Could not find `cid` for [MeCN:H2O (4:2,]
2024-12-27 19:37:50,960 - pcp: Could not find `cid` for [NaOH or KOH (10 mol·l]
2024-12-27 19:37:51,275 - pcp: Could not find `cid` for [H2O/ethanol (v:v =]
2024-12-27 19:37:51,628 - pcp: Could not find `cid` for [v:v =]
2024-12-27 19:37:51,966 - pcp: Could not find `cid` for [Zn(OAc)2\*H2]
2024-12-27 19:37:52,304 - pcp: Could not find `cid` for [one drop of 6N HNO3]
2024-12-27 19:37:52,622 - pcp: Could not find `cid` for [Cd(NO3)2\u00b44H]
2024-12-27 19:37:53,290 - pcp: Could not find `cid` for [H6L2]
2024-12-27 19:37:53,628 - pcp: Could not find `cid` for [DMF:water]
2024-12-27 19:37:53,962 - pcp: Could not find `cid` for [H4ABTC]
2024-12-27 19:37:54,297 - pcp: Could not find `cid` for [DMF/ethanol/H2O]
2024-12-27 19:37:54,613 - pcp: Could not find `cid` for [H4ATC]
2024-12-27 19:37:54,946 - pcp: Could not find `cid` for [CuCl2\u20252H2O (]
2024-12-27 19:37:55,263 - pcp: Could not find `cid` for [H2O and CH3CN]
2024-12-27 19:37:55,577 - pcp: Could not find `cid` for [distilled water and ethanol]
2024-12-27 19:37:55,893 - pcp: Could not find `cid` for [8 mL]
2024-12-27 19:37:56,223 - pcp: Could not find `cid` for [water and CH3CN]
2024-12-27 19:37:56,537 - pcp: Could not find `cid` for [Eu(NO3)3·5H2O]
2024-12-27 19:37:56,874 - pcp: Could not find `cid` for [DMF, ethanol, H2O]
2024-12-27 19:37:57,189 - pcp: Could not find `cid` for [H3CMPEIP]
2024-12-27 19:37:57,507 - pcp: Could not find `cid` for [H3L2 (0.04 g,]
2024-12-27 19:37:57,821 - pcp: Could not find `cid` for [water and 0.2 mL of Et4]
2024-12-27 19:37:58,163 - pcp: Could not find `cid` for [Dy2O3]
2024-12-27 19:37:58,813 - pcp: Could not find `cid` for [sodium acetate buffer]
2024-12-27 19:37:59,145 - pcp: Could not find `cid` for [LiOH·H2O]
2024-12-27 19:37:59,482 - pcp: Could not find `cid` for [CuCl2·2H2O]
2024-12-27 19:37:59,797 - pcp: Could not find `cid` for [melitic acid]
2024-12-27 19:38:00,143 - pcp: Could not find `cid` for [H2NDC]
2024-12-27 19:38:00,850 - pcp: Could not find `cid` for [7.5 mL]
2024-12-27 19:38:01,538 - pcp: Could not find `cid` for [2,6-\u00b0naph]
2024-12-27 19:38:01,866 - pcp: Could not find `cid` for [dmf/CH3OH]
2024-12-27 19:38:02,210 - pcp: Could not find `cid` for [H12L]
2024-12-27 19:38:02,541 - pcp: Could not find `cid` for [Cu(NO3)2\u20096 H2]
2024-12-27 19:38:02,881 - pcp: Could not find `cid` for [TAAP]
2024-12-27 19:38:03,194 - pcp: Could not find `cid` for [water\u2013ethanol (2:1]
2024-12-27 19:38:03,843 - pcp: Could not find `cid` for [H2pdc]
2024-12-27 19:38:04,161 - pcp: Could not find `cid` for [Cu(NO3)2\u20222.5]
2024-12-27 19:38:04,497 - pcp: Could not find `cid` for [DMF/EtOH/pyridine (1]
2024-12-27 19:38:04,814 - pcp: Could not find `cid` for [CoCl2·6H2O]
2024-12-27 19:38:05,169 - pcp: Could not find `cid` for [formic acid solution (88%)]
2024-12-27 19:38:05,505 - pcp: Could not find `cid` for [DMF/H2O/C2H5OH]
2024-12-27 19:38:05,823 - pcp: Could not find `cid` for [H3BCPBA]
2024-12-27 19:38:07,839 - pcp: Could not find `cid` for [H2O, EtOH, DMF]
2024-12-27 19:38:08,177 - pcp: Could not find `cid` for [DMF (1 mL), N(Et)]
2024-12-27 19:38:08,492 - pcp: Could not find `cid` for [H4btec (0.1 mmol]
2024-12-27 19:38:08,837 - pcp: Could not find `cid` for [DMF, MeOH]
2024-12-27 19:38:09,191 - pcp: Could not find `cid` for [ZnSO4\u00b77H2]
2024-12-27 19:38:09,519 - pcp: Could not find `cid` for [In(NO3)3\\u202f4]
2024-12-27 19:38:09,838 - pcp: Could not find `cid` for [HCOOH, DMF, DEF]
2024-12-27 19:38:10,157 - pcp: Could not find `cid` for [H2O/MeCN]
2024-12-27 19:38:10,474 - pcp: Could not find `cid` for [DMF/MeCN/H2O]
2024-12-27 19:38:10,794 - pcp: Could not find `cid` for [DMF, methanol, water]
2024-12-27 19:38:11,473 - pcp: Could not find `cid` for [tetrahydrofuran (THF)]
2024-12-27 19:38:11,789 - pcp: Could not find `cid` for [H4BTEC]
2024-12-27 19:38:12,107 - pcp: Could not find `cid` for [DMF and EtOH]
2024-12-27 19:38:12,779 - pcp: Could not find `cid` for [N,N-dimethylformamide (DMF]
2024-12-27 19:38:13,109 - pcp: Could not find `cid` for [1,3,5-benzenetricar]
2024-12-27 19:38:13,443 - pcp: Could not find `cid` for [N,N'-dimethylformamide (DMF]
2024-12-27 19:38:13,784 - pcp: Could not find `cid` for [3 drops of concentrated nitric acid]
2024-12-27 19:38:14,137 - pcp: Could not find `cid` for [Ni(NO3)2·6H2O]
2024-12-27 19:38:14,830 - pcp: Could not find `cid` for [ZnSO4\u00b72H2]
2024-12-27 19:38:15,173 - pcp: Could not find `cid` for [Co(CH3COO)2\u22c]
2024-12-27 19:38:15,501 - pcp: Could not find `cid` for [pDBI]
2024-12-27 19:38:15,822 - pcp: Could not find `cid` for [0.384 g of magnesium nitrate hexahy]
2024-12-27 19:38:16,142 - pcp: Could not find `cid` for [water (3 mL)]
2024-12-27 19:38:16,493 - pcp: Could not find `cid` for [H5bpbc]
2024-12-27 19:38:17,223 - pcp: Could not find `cid` for [doubly deionized water]
2024-12-27 19:38:17,557 - pcp: Could not find `cid` for [N,N\\u2032-dimethylform]
2024-12-27 19:38:17,879 - pcp: Could not find `cid` for [H3PMo12O40\u2009]
2024-12-27 19:38:18,216 - pcp: Could not find `cid` for [1 M HNO3]
2024-12-27 19:38:18,541 - pcp: Could not find `cid` for [DMF-C2H5OH-H2O]
2024-12-27 19:38:18,910 - pcp: Could not find `cid` for [DMF/DMSO (10 mL, v]
2024-12-27 19:38:19,584 - pcp: Could not find `cid` for [H4BCBAIP]
2024-12-27 19:38:20,556 - pcp: Could not find `cid` for [0.50 mL of a 1.0]
2024-12-27 19:38:20,873 - pcp: Could not find `cid` for [H8TBCB]
2024-12-27 19:38:21,894 - pcp: Could not find `cid` for [aqueous solution]
2024-12-27 19:38:22,268 - pcp: Could not find `cid` for [10 mL]
2024-12-27 19:38:22,603 - pcp: Could not find `cid` for [H3PMo12O40]
2024-12-27 19:38:22,922 - pcp: Could not find `cid` for [H2BDC (83 mg, 0]
2024-12-27 19:38:23,235 - pcp: Could not find `cid` for [4,4\u2032-bipy]
2024-12-27 19:38:23,603 - pcp: Could not find `cid` for [CH3N2CH3]
2024-12-27 19:38:24,999 - pcp: Could not find `cid` for [H4btadpa]
2024-12-27 19:38:25,925 - pcp: Could not find `cid` for [Dy(NO3)3\\u2026]
2024-12-27 19:38:26,580 - pcp: Could not find `cid` for [DMF:EtOH]
2024-12-27 19:38:26,895 - pcp: Could not find `cid` for [H4L1 (20.3 mg,]
2024-12-27 19:38:27,217 - pcp: Could not find `cid` for [H2O (10 mL)]
2024-12-27 19:38:27,553 - pcp: Could not find `cid` for [NH2–H3BTB]
2024-12-27 19:38:27,888 - pcp: Could not find `cid` for [DMF/EtOH/H2O]
2024-12-27 19:38:28,209 - pcp: Could not find `cid` for [mineralization triethylamine]
2024-12-27 19:38:28,525 - pcp: Could not find `cid` for [DMF/MeOH/H2O/DMS]
2024-12-27 19:38:28,842 - pcp: Could not find `cid` for [H4TADIP]
2024-12-27 19:38:29,177 - pcp: Could not find `cid` for [NiCl2\u20226H2O]
2024-12-27 19:38:29,515 - pcp: Could not find `cid` for [N,N\'-dimethylformamide (DM]
2024-12-27 19:38:29,857 - pcp: Could not find `cid` for [Cu(NO3)2\u00b23H]
2024-12-27 19:38:30,194 - pcp: Could not find `cid` for [DEF/MeOH]
2024-12-27 19:38:30,524 - pcp: Could not find `cid` for [Zn(Ac)2\u20222]
2024-12-27 19:38:30,863 - pcp: Could not find `cid` for [100 μL of 6 mol L−1]
2024-12-27 19:38:31,178 - pcp: Could not find `cid` for [DMF (1.5 mL), CH3]
2024-12-27 19:38:31,513 - pcp: Could not find `cid` for [H2pt]
2024-12-27 19:38:31,829 - pcp: Could not find `cid` for [Cu(NO3)2\\u00b72]
2024-12-27 19:38:32,163 - pcp: Could not find `cid` for [BIDPE]
2024-12-27 19:38:32,519 - pcp: Could not find `cid` for [1,3-bis(4-pyrid]
2024-12-27 19:38:32,836 - pcp: Could not find `cid` for [dpdo]
2024-12-27 19:38:33,176 - pcp: Could not find `cid` for [Ni(NO3)2\\u00b6]
2024-12-27 19:38:33,496 - pcp: Could not find `cid` for [1:1 (v/v) mixture of meth]
2024-12-27 19:38:34,493 - pcp: Could not find `cid` for [Teflon reactor]
2024-12-27 19:38:34,822 - pcp: Could not find `cid` for [H2btdc]
2024-12-27 19:38:35,140 - pcp: Could not find `cid` for [Cd(ClO4)2\u20226H]
2024-12-27 19:38:35,494 - pcp: Could not find `cid` for [CH3OH/H2O]
2024-12-27 19:38:36,146 - pcp: Could not find `cid` for [H2sdba]
2024-12-27 19:38:36,464 - pcp: Could not find `cid` for [CH3OH DMF]
2024-12-27 19:38:36,823 - pcp: Could not find `cid` for [10 mL aqueous solution]
2024-12-27 19:38:37,152 - pcp: Could not find `cid` for [H4ptptc]
2024-12-27 19:38:37,480 - pcp: Could not find `cid` for [1,9-\u2009diamin]
2024-12-27 19:38:37,808 - pcp: Could not find `cid` for [Zn(NO3)·6H2O]
2024-12-27 19:38:38,145 - pcp: Could not find `cid` for [N,N\u2032-diethylformamide (]
2024-12-27 19:38:38,460 - pcp: Could not find `cid` for [DMF/H2O (1:3)]
2024-12-27 19:38:38,792 - pcp: Could not find `cid` for [H2O and DMF]
2024-12-27 19:38:39,131 - pcp: Could not find `cid` for [DMF/1,4-dioxane]
2024-12-27 19:38:39,455 - pcp: Could not find `cid` for [v/v = 2:1]
2024-12-27 19:38:39,801 - pcp: Could not find `cid` for [H2dpt24]
2024-12-27 19:38:40,132 - pcp: Could not find `cid` for [DMF+MeOH]
2024-12-27 19:38:41,115 - pcp: Could not find `cid` for [Zn(Ac)2\u20226H]
2024-12-27 19:38:41,445 - pcp: Could not find `cid` for [o-phenanthroline (o-Ph]
2024-12-27 19:38:41,767 - pcp: Could not find `cid` for [Cu(ClO4)2\u20226H]
2024-12-27 19:38:42,112 - pcp: Could not find `cid` for [aqueous solution of AgPF6]
2024-12-27 19:38:42,449 - pcp: Could not find `cid` for [DMF/H2O (6 mL, ]
2024-12-27 19:38:42,760 - pcp: Could not find `cid` for [H3BTC, FeCl3, TMA]
2024-12-27 19:38:43,083 - pcp: Could not find `cid` for [DEF/EG/Toluene]
2024-12-27 19:38:43,415 - pcp: Could not find `cid` for [CuCl2\u22c5H2O]
2024-12-27 19:38:43,727 - pcp: Could not find `cid` for [DMF and CH3CN]
2024-12-27 19:38:44,043 - pcp: Could not find `cid` for [H2Tart]
2024-12-27 19:38:44,371 - pcp: Could not find `cid` for [FeTCP-Cl]
2024-12-27 19:38:44,713 - pcp: Could not find `cid` for [N,N-diethylformamide (DEF)]
2024-12-27 19:38:45,032 - pcp: Could not find `cid` for [In(NO3)3·5H2O]
2024-12-27 19:38:45,364 - pcp: Could not find `cid` for [H2O and EtOH]
2024-12-27 19:38:45,711 - pcp: Could not find `cid` for [Zn(OAc)2\u00027H]
2024-12-27 19:38:46,027 - pcp: Could not find `cid` for [Cu(NO3)2⋅3H]
2024-12-27 19:38:46,372 - pcp: Could not find `cid` for [DMF, EtOH (abs.), pyrid]
2024-12-27 19:38:46,703 - pcp: Could not find `cid` for [H4BTC]
2024-12-27 19:38:47,066 - pcp: Could not find `cid` for [H2bdc, pyrazine, N]
2024-12-27 19:38:47,395 - pcp: Could not find `cid` for [N,N-dimethylacetamide, methanol]
2024-12-27 19:38:47,732 - pcp: Could not find `cid` for [DMF:NMP:pyridine]
2024-12-27 19:38:48,054 - pcp: Could not find `cid` for [bpdc]
2024-12-27 19:38:48,390 - pcp: Could not find `cid` for [DMF: DMSO=10:2]
2024-12-27 19:38:48,705 - pcp: Could not find `cid` for [H2bpca]
2024-12-27 19:38:49,019 - pcp: Could not find `cid` for [H2fum]
2024-12-27 19:38:49,343 - pcp: Could not find `cid` for [1,3,5-triazine-2]
2024-12-27 19:38:49,670 - pcp: Could not find `cid` for [2,5-dihydroxyterephthal]
2024-12-27 19:38:49,991 - pcp: Could not find `cid` for [Qu-H3L]
2024-12-27 19:38:50,305 - pcp: Could not find `cid` for [DMF/methanol/H2O = ]
2024-12-27 19:38:50,945 - pcp: Could not find `cid` for [4-abpt]
2024-12-27 19:38:51,253 - pcp: Could not find `cid` for [H2O, DMF]
2024-12-27 19:38:51,584 - pcp: Could not find `cid` for [DMF/NMP]
2024-12-27 19:38:51,901 - pcp: Could not find `cid` for [H2nip (0.1 mmol),]
2024-12-27 19:38:52,247 - pcp: Could not find `cid` for [7.5 mL v/v = 1:]
2024-12-27 19:38:52,730 - pcp: Could not find `cid` for [imineodiacetic acid]
2024-12-27 19:38:53,063 - pcp: Could not find `cid` for [L3-H8]
2024-12-27 19:38:53,446 - pcp: Could not find `cid` for [DMF, H2O, HCl]
2024-12-27 19:38:53,817 - pcp: Could not find `cid` for [DEA and ethanol]
2024-12-27 19:38:54,161 - pcp: Could not find `cid` for [Co(CH3COO)2\u20214]
2024-12-27 19:38:54,490 - pcp: Could not find `cid` for [EtOH/H2O (1:1)]
2024-12-27 19:38:54,823 - pcp: Could not find `cid` for [ammonia solution (25% to 28]
2024-12-27 19:38:55,158 - pcp: Could not find `cid` for [H2O (3 mL) and DMF]
2024-12-27 19:38:55,553 - pcp: Could not find `cid` for [Na2bdc]
2024-12-27 19:38:55,880 - pcp: Could not find `cid` for [bztpy]
2024-12-27 19:38:56,196 - pcp: Could not find `cid` for [Zn(NO3)2\\u20226]
2024-12-27 19:38:56,530 - pcp: Could not find `cid` for [DEF/EtOH/H2O (8 mL]
2024-12-27 19:38:56,848 - pcp: Could not find `cid` for [H2hfipbb]
2024-12-27 19:38:57,177 - pcp: Could not find `cid` for [bmib]
2024-12-27 19:38:57,490 - pcp: Could not find `cid` for [H3BTN (8.3 mg, ]
2024-12-27 19:38:57,832 - pcp: Could not find `cid` for [N,N\u2019-diethylformamide (]
2024-12-27 19:38:58,168 - pcp: Could not find `cid` for [H3IDC]
2024-12-27 19:38:58,820 - pcp: Could not find `cid` for [H3BTC, d-Serine, D]
2024-12-27 19:38:59,289 - pcp: Could not find `cid` for [DMF, dioxane, H2O]
2024-12-27 19:38:59,623 - pcp: Could not find `cid` for [HFP]
2024-12-27 19:39:00,614 - pcp: Could not find `cid` for [DMF/ethanol (1/4,]
2024-12-27 19:39:00,932 - pcp: Could not find `cid` for [NH3·H2O]
2024-12-27 19:39:01,274 - pcp: Could not find `cid` for [DMF/H2O (3/1,]
2024-12-27 19:39:01,613 - pcp: Could not find `cid` for [La(NO3)3\u00b66H]
2024-12-27 19:39:01,952 - pcp: Could not find `cid` for [NaH2sip]
2024-12-27 19:39:03,324 - pcp: Could not find `cid` for [CH3OH, H2O]
2024-12-27 19:39:03,647 - pcp: Could not find `cid` for [Eu(NO3)3 6H2O]
2024-12-27 19:39:03,987 - pcp: Could not find `cid` for [2,2\u2030-bipyridine]
2024-12-27 19:39:04,322 - pcp: Could not find `cid` for [DMF: DMSO: H2O]
2024-12-27 19:39:04,991 - pcp: Could not find `cid` for [Cd(OAc)2\u00b72H]
2024-12-27 19:39:05,326 - pcp: Could not find `cid` for [Zn(NO3)2\u207a6]
2024-12-27 19:39:05,662 - pcp: Could not find `cid` for [10.00 g]
2024-12-27 19:39:05,993 - pcp: Could not find `cid` for [5-cyano-1,3-ben]
2024-12-27 19:39:06,328 - pcp: Could not find `cid` for [H2TPPS]
2024-12-27 19:39:06,658 - pcp: Could not find `cid` for [40% HBF4]
2024-12-27 19:39:06,992 - pcp: Could not find `cid` for [DMF: H2O: MeOH =]
2024-12-27 19:39:07,327 - pcp: Could not find `cid` for [bimb]
2024-12-27 19:39:07,987 - pcp: Could not find `cid` for [Zn(NO3)2\\u2009]
2024-12-27 19:39:08,313 - pcp: Could not find `cid` for [bpdc and bpNDI]
2024-12-27 19:39:08,645 - pcp: Could not find `cid` for [Zn(NO3)2\\u00b]
2024-12-27 19:39:08,977 - pcp: Could not find `cid` for [DMF (5 mL) and chlorobenz]
2024-12-27 19:39:09,295 - pcp: Could not find `cid` for [H6tL1]
2024-12-27 19:39:09,988 - pcp: Could not find `cid` for [Hbtz]
2024-12-27 19:39:10,309 - pcp: Could not find `cid` for [16.0 mL]
2024-12-27 19:39:10,646 - pcp: Could not find `cid` for [50% (CH3)4NOH solution]
2024-12-27 19:39:11,329 - pcp: Could not find `cid` for [4,4\u2032-bipyridyl]
2024-12-27 19:39:11,644 - pcp: Could not find `cid` for [water/methanol mixture]
2024-12-27 19:39:11,979 - pcp: Could not find `cid` for [H2atpa]
2024-12-27 19:39:12,313 - pcp: Could not find `cid` for [H2pydc, triethylamine]
2024-12-27 19:39:12,630 - pcp: Could not find `cid` for [Tb(NO3)3·6 H2]
2024-12-27 19:39:12,960 - pcp: Could not find `cid` for [H2O/CH3CN]
2024-12-27 19:39:13,289 - pcp: Could not find `cid` for [H3pdc, CuCO3.Cu]
2024-12-27 19:39:13,966 - pcp: Could not find `cid` for [DMF/H2O (10 mL, ]
2024-12-27 19:39:14,615 - pcp: Could not find `cid` for [Cu(NO3)6·3H2O]
2024-12-27 19:39:14,952 - pcp: Could not find `cid` for [H2O-EtOH]
2024-12-27 19:39:15,596 - pcp: Could not find `cid` for [CdCl2\u22ef2.5H]
2024-12-27 19:39:15,931 - pcp: Could not find `cid` for [0.30 mL]
2024-12-27 19:39:16,607 - pcp: Could not find `cid` for [N,N-dimethyl acetamide : deion]
2024-12-27 19:39:16,927 - pcp: Could not find `cid` for [Gd(NO3)3]
2024-12-27 19:39:17,244 - pcp: Could not find `cid` for [NH3\u2009\u2009H2]
2024-12-27 19:39:17,579 - pcp: Could not find `cid` for [DMF:CH3OH:water]
2024-12-27 19:39:17,899 - pcp: Could not find `cid` for [Cd(NO3)2\u20214H2]
2024-12-27 19:39:18,231 - pcp: Could not find `cid` for [Zn(OAc)2·2H2]
2024-12-27 19:39:18,550 - pcp: Could not find `cid` for [DMF/H2O/MeOH]
2024-12-27 19:39:18,883 - pcp: Could not find `cid` for [DMF (4 mL) and MeOH (]
2024-12-27 19:39:19,201 - pcp: Could not find `cid` for [H4PAGeS and MnCl2]
2024-12-27 19:39:19,535 - pcp: Could not find `cid` for [DMF/methanol (0.3/]
2024-12-27 19:39:19,849 - pcp: Could not find `cid` for [H3EIMDC]
2024-12-27 19:39:20,542 - pcp: Could not find `cid` for [3 mL]
2024-12-27 19:39:21,214 - pcp: Could not find `cid` for [H3PyImDC]
2024-12-27 19:39:21,577 - pcp: Could not find `cid` for [2-sulfoterephthalic acid mon]
2024-12-27 19:39:22,337 - pcp: Could not find `cid` for [H3AsO4, 1,2]
2024-12-27 19:39:22,663 - pcp: Could not find `cid` for [millipore water]
2024-12-27 19:39:23,299 - pcp: Could not find `cid` for [1,4-dioxane/H2O]
2024-12-27 19:39:23,617 - pcp: Could not find `cid` for [Cd(OAc)2]
2024-12-27 19:39:24,606 - pcp: Could not find `cid` for [DMF/CH3CN (8 mL;]
2024-12-27 19:39:24,942 - pcp: Could not find `cid` for [H3PMo12O40\u22c]
2024-12-27 19:39:25,257 - pcp: Could not find `cid` for [H2fum, glutamic acid]
2024-12-27 19:39:25,914 - pcp: Could not find `cid` for [DMF:MeOH]
2024-12-27 19:39:26,553 - pcp: Could not find `cid` for [DMF, CH3CH2OH]
2024-12-27 19:39:26,884 - pcp: Could not find `cid` for [H2ntd, Hmtz]
2024-12-27 19:39:27,224 - pcp: Could not find `cid` for [H2dnpdc]
2024-12-27 19:39:27,538 - pcp: Could not find `cid` for [CdCO3 (0.217 g, ]
2024-12-27 19:39:27,858 - pcp: Could not find `cid` for [H4BTC (0.127 g, ]
2024-12-27 19:39:28,180 - pcp: Could not find `cid` for [H2tbip]
2024-12-27 19:39:28,532 - pcp: Could not find `cid` for [Htz]
2024-12-27 19:39:29,562 - pcp: Could not find `cid` for [water and NaOH aqueous solution]
2024-12-27 19:39:29,898 - pcp: Could not find `cid` for [DMF/cyclohexanol/H2O]
2024-12-27 19:39:30,235 - pcp: Could not find `cid` for [HO-H3BTC and 4,4\u]
2024-12-27 19:39:30,554 - pcp: Could not find `cid` for [CH3CN/H2O (3/4]
2024-12-27 19:39:31,218 - pcp: Could not find `cid` for [Cd(NO3)2\u00b24H]
2024-12-27 19:39:31,534 - pcp: Could not find `cid` for [H4tpta]
2024-12-27 19:39:32,510 - pcp: Could not find `cid` for [Er(NO3)3·5H2O]
2024-12-27 19:39:32,837 - pcp: Could not find `cid` for [DMF (3 mL), C2H5]
2024-12-27 19:39:33,200 - pcp: Could not find `cid` for [Pr6O11]
2024-12-27 19:39:33,860 - pcp: Could not find `cid` for [DMF+formic acid]
2024-12-27 19:39:34,180 - pcp: Could not find `cid` for [DMF/glycol/H2O (8]
2024-12-27 19:39:34,874 - pcp: Could not find `cid` for [DMF+H2O]
2024-12-27 19:39:35,288 - pcp: Could not find `cid` for [Hmtz]
2024-12-27 19:39:35,600 - pcp: Could not find `cid` for [sdb]
2024-12-27 19:39:35,943 - pcp: Could not find `cid` for [N,N\u2032-dimethylacetamide]
2024-12-27 19:39:36,265 - pcp: Could not find `cid` for [DMF/CH3CN/H2O]
2024-12-27 19:39:36,580 - pcp: Could not find `cid` for [0.04 mmol of Co(NO3)]
2024-12-27 19:39:36,929 - pcp: Could not find `cid` for [7.5 mL H2O]
2024-12-27 19:39:37,258 - pcp: Could not find `cid` for [DMF/MeCN (4:1,]
2024-12-27 19:39:37,604 - pcp: Could not find `cid` for [Cobalt(II) chloride hexahydr]
2024-12-27 19:39:37,922 - pcp: Could not find `cid` for [H3IDC, bpy, KOH]
2024-12-27 19:39:38,260 - pcp: Could not find `cid` for [bpp]
2024-12-27 19:39:38,603 - pcp: Could not find `cid` for [10 ml]
2024-12-27 19:39:38,943 - pcp: Could not find `cid` for [H2E2Ge2O3 (0]
2024-12-27 19:39:39,277 - pcp: Could not find `cid` for [H2Me4BPDC]
2024-12-27 19:39:39,620 - pcp: Could not find `cid` for [68% concentrated nitric acid]
2024-12-27 19:39:39,968 - pcp: Could not find `cid` for [dimethylformamide (3.0 mL),]
2024-12-27 19:39:40,400 - pcp: Could not find `cid` for [Hpza]
2024-12-27 19:39:40,737 - pcp: Could not find `cid` for [DEF, water, HCl]
2024-12-27 19:39:41,668 - pcp: Could not find `cid` for [0.096 g]
2024-12-27 19:39:41,982 - pcp: Could not find `cid` for [DMF/dioxane/H2O (4]
2024-12-27 19:39:42,301 - pcp: Could not find `cid` for [concentrated hydrochloric acid]
2024-12-27 19:39:42,637 - pcp: Could not find `cid` for [DMF/H2O (2.4 mL]
2024-12-27 19:39:43,291 - pcp: Could not find `cid` for [H3MIDC (34.0 mg]
2024-12-27 19:39:43,626 - pcp: Could not find `cid` for [Cd(NO3)2\u22126H2]
2024-12-27 19:39:43,967 - pcp: Could not find `cid` for [1,4-naphthalenedicarbox]
2024-12-27 19:39:44,303 - pcp: Could not find `cid` for [H2O and aqueous NaOH]
2024-12-27 19:39:45,333 - pcp: Could not find `cid` for [Zinc nitrate hexahydrate (55]
2024-12-27 19:39:45,659 - pcp: Could not find `cid` for [KI]
2024-12-27 19:39:46,011 - pcp: Could not find `cid` for [imiminodiacetic acid]
2024-12-27 19:39:46,362 - pcp: Could not find `cid` for [0.062 g, 0.25 mm]
2024-12-27 19:39:46,697 - pcp: Could not find `cid` for [3 mL of water and 3 mL of gly]
2024-12-27 19:39:47,035 - pcp: Could not find `cid` for [NMP/dioxane/H2O]
2024-12-27 19:39:47,705 - pcp: Could not find `cid` for [H4btec]
