2025-01-07 16:50:28,319 - pcp: Could not find `cid` for [DMF:MeOH]
2025-01-07 16:50:28,646 - pcp: Could not find `cid` for [DMF, dioxane, H2O]
2025-01-07 16:50:28,999 - pcp: Could not find `cid` for [DEA/ethanol]
2025-01-07 16:50:29,328 - pcp: Could not find `cid` for [DMF/H2O (1:3)]
2025-01-07 16:50:29,649 - pcp: Could not find `cid` for [EtOH/H2O (1:1)]
2025-01-07 16:50:29,991 - pcp: Could not find `cid` for [DMF and water]
2025-01-07 16:50:30,332 - pcp: Could not find `cid` for [DMF/EtOH]
2025-01-07 16:50:30,677 - pcp: Could not find `cid` for [H2O, MeCN]
2025-01-07 16:50:30,993 - pcp: Could not find `cid` for [DMF/H2O/C2H5OH]
2025-01-07 16:50:31,682 - pcp: Could not find `cid` for [H3TTCA]
2025-01-07 16:50:32,002 - pcp: Could not find `cid` for [dmf/H2O]
2025-01-07 16:50:32,344 - pcp: Could not find `cid` for [LiOH·H2O]
2025-01-07 16:50:32,705 - pcp: Could not find `cid` for [water and glycol]
2025-01-07 16:50:33,393 - pcp: Could not find `cid` for [HNO3 in EtOH]
2025-01-07 16:50:33,739 - pcp: Could not find `cid` for [H2O and DMF]
2025-01-07 16:50:34,055 - pcp: Could not find `cid` for [H2O, DMF]
2025-01-07 16:50:34,395 - pcp: Could not find `cid` for [H2O, isopropyl alcohol]
2025-01-07 16:50:35,082 - pcp: Could not find `cid` for [CH3OH, DMF]
2025-01-07 16:50:36,793 - pcp: Could not find `cid` for [DMF/water]
2025-01-07 16:50:37,141 - pcp: Could not find `cid` for [H4BDPO (10.4 mg,]
2025-01-07 16:50:37,535 - pcp: Could not find `cid` for [DMF (2 mL), ethanol (1.]
2025-01-07 16:50:37,855 - pcp: Could not find `cid` for [DMF, H2O]
2025-01-07 16:50:38,174 - pcp: Could not find `cid` for [EtOH/H2O]
2025-01-07 16:50:38,505 - pcp: Could not find `cid` for [N,N\u2032-dimethylacetamide]
2025-01-07 16:50:38,847 - pcp: Could not find `cid` for [DMF/H2O]
2025-01-07 16:50:39,181 - pcp: Could not find `cid` for [DMF and ethanol]
2025-01-07 16:50:39,504 - pcp: Could not find `cid` for [DMF/1,4-dioxane]
2025-01-07 16:50:39,844 - pcp: Could not find `cid` for [50% (CH3)4NOH solution]
2025-01-07 16:50:40,178 - pcp: Could not find `cid` for [DMF/EtOH/H2O]
2025-01-07 16:50:40,516 - pcp: Could not find `cid` for [Cu(NO3)2·2.5H]
2025-01-07 16:50:41,168 - pcp: Could not find `cid` for [10 mL]
2025-01-07 16:50:41,508 - pcp: Could not find `cid` for [DMF/ethanol (1/4,]
2025-01-07 16:50:41,831 - pcp: Could not find `cid` for [1,4-dioxane/H2O (]
2025-01-07 16:50:42,150 - pcp: Could not find `cid` for [DMF/H2O (3:1,]
2025-01-07 16:50:42,479 - pcp: Could not find `cid` for [N,N-dimethylacetamide and methanol]
2025-01-07 16:50:42,801 - pcp: Could not find `cid` for [H2dnpdc (0.075 mm]
2025-01-07 16:50:43,145 - pcp: Could not find `cid` for [millipore water]
2025-01-07 16:50:43,503 - pcp: Could not find `cid` for [CH]
2025-01-07 16:50:43,851 - pcp: Could not find `cid` for [DMF/NMP]
2025-01-07 16:50:44,192 - pcp: Could not find `cid` for [H2O/EtOH]
2025-01-07 16:50:44,516 - pcp: Could not find `cid` for [DMF/H2O (4:2 vol]
2025-01-07 16:50:44,867 - pcp: Could not find `cid` for [water and ethanol]
2025-01-07 16:50:45,206 - pcp: Could not find `cid` for [aqueous solution]
2025-01-07 16:50:45,544 - pcp: Could not find `cid` for [1,4-bib]
2025-01-07 16:50:45,885 - pcp: Could not find `cid` for [H2O/DMF (1 mL,]
2025-01-07 16:50:46,225 - pcp: Could not find `cid` for [EtOH, DMF]
2025-01-07 16:50:46,541 - pcp: Could not find `cid` for [H5bpbc (0.05 mmol]
2025-01-07 16:50:46,883 - pcp: Could not find `cid` for [H2O/EtOH (8 mL,]
2025-01-07 16:50:47,227 - pcp: Could not find `cid` for [DMF/MeOH]
2025-01-07 16:50:47,563 - pcp: Could not find `cid` for [ImhedpH4]
2025-01-07 16:50:47,912 - pcp: Could not find `cid` for [Zn(OAc)2\u20222H]
2025-01-07 16:50:48,237 - pcp: Could not find `cid` for [DMF/water/MeOH (2/]
2025-01-07 16:50:48,584 - pcp: Could not find `cid` for [2,2\u2032-bipy]
2025-01-07 16:50:48,899 - pcp: Could not find `cid` for [distilled H2O]
2025-01-07 16:50:49,281 - pcp: Could not find `cid` for [H4TADIP]
2025-01-07 16:50:49,627 - pcp: Could not find `cid` for [DMF, H2O, ethanol]
2025-01-07 16:50:49,988 - pcp: Could not find `cid` for [NH3·H2O]
2025-01-07 16:50:50,334 - pcp: Could not find `cid` for [1:3 (v/v) mixture of DM]
2025-01-07 16:50:50,673 - pcp: Could not find `cid` for [CH3OH/H2O]
2025-01-07 16:50:51,006 - pcp: Could not find `cid` for [DMF/MeCN/H2O]
2025-01-07 16:50:51,351 - pcp: Could not find `cid` for [CH3OH, CH3CN, H2]
2025-01-07 16:50:51,696 - pcp: Could not find `cid` for [HFP]
2025-01-07 16:50:52,016 - pcp: Could not find `cid` for [DMF/CH3CN (8 mL;]
2025-01-07 16:50:52,361 - pcp: Could not find `cid` for [6 M HCl]
2025-01-07 16:50:52,697 - pcp: Could not find `cid` for [N,N\u2032-diethylformamide (]
2025-01-07 16:50:53,024 - pcp: Could not find `cid` for [DMF, EtOH]
2025-01-07 16:50:53,356 - pcp: Could not find `cid` for [DMF/H2O (10 mL,]
2025-01-07 16:50:53,700 - pcp: Could not find `cid` for [EtOH:H2O (v:v =]
2025-01-07 16:50:54,091 - pcp: Could not find `cid` for [Cu(ClO4)2·6H2]
2025-01-07 16:50:54,430 - pcp: Could not find `cid` for [DMF/H2O/2 M HCl]
2025-01-07 16:50:55,097 - pcp: Could not find `cid` for [DMF/methanol/H2O =]
2025-01-07 16:50:55,457 - pcp: Could not find `cid` for [Cu(NO3)2\u20262.5]
2025-01-07 16:50:55,827 - pcp: Could not find `cid` for [DMF/dioxane/H2O (4]
2025-01-07 16:50:56,145 - pcp: Could not find `cid` for [DMF/MeCN/H2O (1]
2025-01-07 16:50:56,469 - pcp: Could not find `cid` for [DMF, C2H5OH, H]
2025-01-07 16:50:56,791 - pcp: Could not find `cid` for [DMF/acetonitrile (3 mL,]
2025-01-07 16:50:57,123 - pcp: Could not find `cid` for [water-ethanol (2:1 v/v]
2025-01-07 16:50:57,439 - pcp: Could not find `cid` for [DMF, acetonitrile and H2]
2025-01-07 16:50:57,777 - pcp: Could not find `cid` for [DMF/H2O (6 mL,]
2025-01-07 16:50:58,094 - pcp: Could not find `cid` for [H2O (10 mL)]
2025-01-07 16:50:58,780 - pcp: Could not find `cid` for [H4L2]
2025-01-07 16:50:59,117 - pcp: Could not find `cid` for [DMF, CH3OH]
2025-01-07 16:50:59,468 - pcp: Could not find `cid` for [MnSO4·H2O]
2025-01-07 16:50:59,785 - pcp: Could not find `cid` for [DMF and H2O]
2025-01-07 16:51:00,161 - pcp: Could not find `cid` for [N,N-dimethylformamide (DMF]
2025-01-07 16:51:00,551 - pcp: Could not find `cid` for [DMF, CH3OH, H2O]
2025-01-07 16:51:00,921 - pcp: Could not find `cid` for [DMF/H2O/ethanol]
2025-01-07 16:51:01,264 - pcp: Could not find `cid` for [DMF-water]
2025-01-07 16:51:01,600 - pcp: Could not find `cid` for [H4L]
2025-01-07 16:51:01,939 - pcp: Could not find `cid` for [DMF/NMP/pyridine]
2025-01-07 16:51:02,320 - pcp: Could not find `cid` for [NH3\u22efH2O]
2025-01-07 16:51:02,653 - pcp: Could not find `cid` for [H2O/1,4-dioxane]
2025-01-07 16:51:02,987 - pcp: Could not find `cid` for [NaOH aqueous solution]
2025-01-07 16:51:03,668 - pcp: Could not find `cid` for [obtz]
2025-01-07 16:51:04,010 - pcp: Could not find `cid` for [NaAc·3H2O]
2025-01-07 16:51:04,765 - pcp: Could not find `cid` for [dmurea]
2025-01-07 16:51:05,090 - pcp: Could not find `cid` for [distilled water and DMF (1:1]
2025-01-07 16:51:05,426 - pcp: Could not find `cid` for [DMF/H2O (v/v =]
2025-01-07 16:51:05,768 - pcp: Could not find `cid` for [DEF/EtOH/H2O]
2025-01-07 16:51:06,107 - pcp: Could not find `cid` for [DMF, NMP]
2025-01-07 16:51:06,528 - pcp: Could not find `cid` for [NaOH, KOH]
2025-01-07 16:51:06,892 - pcp: Could not find `cid` for [DMF and EtOH]
2025-01-07 16:51:07,229 - pcp: Could not find `cid` for [H3(bcbob) and bpp]
2025-01-07 16:51:07,718 - pcp: Could not find `cid` for [concentrated nitric acid]
2025-01-07 16:51:08,069 - pcp: Could not find `cid` for [DMF and DMSO mixed solution]
2025-01-07 16:51:08,404 - pcp: Could not find `cid` for [DMF/H2O (1/2,]
2025-01-07 16:51:08,727 - pcp: Could not find `cid` for [Cu(NO3)2\u00b66 H]
2025-01-07 16:51:09,090 - pcp: Could not find `cid` for [H4ABTC]
2025-01-07 16:51:09,467 - pcp: Could not find `cid` for [DMF/glycol/H2O (8]
2025-01-07 16:51:09,861 - pcp: Could not find `cid` for [MnCl2\u202fh2o]
2025-01-07 16:51:10,188 - pcp: Could not find `cid` for [H2pdc, Na2MoO4]
2025-01-07 16:51:10,527 - pcp: Could not find `cid` for [H3tci]
2025-01-07 16:51:11,209 - pcp: Could not find `cid` for [water-ethanol (1:4)]
2025-01-07 16:51:11,530 - pcp: Could not find `cid` for [NaH2sip]
2025-01-07 16:51:11,865 - pcp: Could not find `cid` for [H3BTB]
2025-01-07 16:51:12,210 - pcp: Could not find `cid` for [DMF, 1,4-dioxane]
2025-01-07 16:51:12,548 - pcp: Could not find `cid` for [dilute sodium hydroxide]
2025-01-07 16:51:13,603 - pcp: Could not find `cid` for [isobutanol and methanol]
2025-01-07 16:51:13,925 - pcp: Could not find `cid` for [DMF, methanol, water]
2025-01-07 16:51:14,242 - pcp: Could not find `cid` for [water/ethanol]
2025-01-07 16:51:14,580 - pcp: Could not find `cid` for [H2O/glycol (14:1]
2025-01-07 16:51:14,919 - pcp: Could not find `cid` for [0.50 mL of a 1.0]
2025-01-07 16:51:15,251 - pcp: Could not find `cid` for [H4PANAD]
2025-01-07 16:51:15,566 - pcp: Could not find `cid` for [concentrated sulfuric acid (98%)]
2025-01-07 16:51:15,968 - pcp: Could not find `cid` for [H8TIAPy]
2025-01-07 16:51:16,308 - pcp: Could not find `cid` for [40% HBF4]
2025-01-07 16:51:16,658 - pcp: Could not find `cid` for [DMF (10 ml), H2O (]
2025-01-07 16:51:16,977 - pcp: Could not find `cid` for [DEF/MeOH]
2025-01-07 16:51:17,389 - pcp: Could not find `cid` for [1-methyl-2-pyrrolidin]
2025-01-07 16:51:17,744 - pcp: Could not find `cid` for [DMF/CH3CH2OH/H2]
2025-01-07 16:51:18,190 - pcp: Could not find `cid` for [triethylenediamine (TEDA]
2025-01-07 16:51:18,567 - pcp: Could not find `cid` for [bpz]
2025-01-07 16:51:18,889 - pcp: Could not find `cid` for [H2O/ethanol (v:v =]
2025-01-07 16:51:19,209 - pcp: Could not find `cid` for [DMF and MeOH]
2025-01-07 16:51:19,532 - pcp: Could not find `cid` for [Cu(NO3)2·3H2O]
2025-01-07 16:51:19,876 - pcp: Could not find `cid` for [N, N\u2032-diethylformamide]
2025-01-07 16:51:20,564 - pcp: Could not find `cid` for [DMF:EtOH:H2O (1]
2025-01-07 16:51:20,976 - pcp: Could not find `cid` for [NaOH or KOH]
2025-01-07 16:51:21,314 - pcp: Could not find `cid` for [DMF, CH3CN, H2O]
2025-01-07 16:51:22,025 - pcp: Could not find `cid` for [water and MeCN]
2025-01-07 16:51:22,376 - pcp: Could not find `cid` for [Cd(NO3)2\u22c75H]
2025-01-07 16:51:22,734 - pcp: Could not find `cid` for [THF/H2O]
2025-01-07 16:51:23,098 - pcp: Could not find `cid` for [btrb]
2025-01-07 16:51:23,491 - pcp: Could not find `cid` for [DMF/cyclohexanol/H2O]
2025-01-07 16:51:23,816 - pcp: Could not find `cid` for [DMF/H2O (2:1)]
2025-01-07 16:51:24,212 - pcp: Could not find `cid` for [Co(OAc)2\u00b44 H]
2025-01-07 16:51:24,587 - pcp: Could not find `cid` for [In(NO3)3·4.5H]
2025-01-07 16:51:24,906 - pcp: Could not find `cid` for [DMF/DMSO (10 mL, v]
2025-01-07 16:51:25,269 - pcp: Could not find `cid` for [2,5-Dihydroxyterephthal]
2025-01-07 16:51:25,615 - pcp: Could not find `cid` for [H3TPO]
2025-01-07 16:51:26,284 - pcp: Could not find `cid` for [NaHCOO·2 H2O]
2025-01-07 16:51:26,620 - pcp: Could not find `cid` for [DMF/MeOH/H2O]
2025-01-07 16:51:26,939 - pcp: Could not find `cid` for [DMF, EtOH, pyridine]
2025-01-07 16:51:27,269 - pcp: Could not find `cid` for [CuCl2·2H2O]
2025-01-07 16:51:27,617 - pcp: Could not find `cid` for [methanol-water (v:v = 4:]
2025-01-07 16:51:27,940 - pcp: Could not find `cid` for [DMF/H2O (10:10,]
2025-01-07 16:51:28,286 - pcp: Could not find `cid` for [DMF, EtOH, water]
2025-01-07 16:51:28,621 - pcp: Could not find `cid` for [DMF, methanol, H2O (]
2025-01-07 16:51:28,938 - pcp: Could not find `cid` for [N,N-dimethyl acetamide : deion]
2025-01-07 16:51:29,260 - pcp: Could not find `cid` for [H3PMo12O40\u202613]
2025-01-07 16:51:29,657 - pcp: Could not find `cid` for [CH3CH2OH/CH3OH]
2025-01-07 16:51:29,976 - pcp: Could not find `cid` for [H2bptp]
2025-01-07 16:51:30,314 - pcp: Could not find `cid` for [ammonia and MeCN]
2025-01-07 16:51:30,659 - pcp: Could not find `cid` for [DMF (2 mL) and ethanol (1]
2025-01-07 16:51:31,000 - pcp: Could not find `cid` for [def/H2O]
2025-01-07 16:51:31,351 - pcp: Could not find `cid` for [DMF, ethanol, H2O]
2025-01-07 16:51:32,019 - pcp: Could not find `cid` for [H3BTN]
2025-01-07 16:51:32,353 - pcp: Could not find `cid` for [DEF/H2O]
2025-01-07 16:51:32,672 - pcp: Could not find `cid` for [dimethylformamide, tetrahydrofuran]
2025-01-07 16:51:32,996 - pcp: Could not find `cid` for [DMF, distilled water, ethanol]
2025-01-07 16:51:33,378 - pcp: Could not find `cid` for [MCF-19]
2025-01-07 16:51:33,714 - pcp: Could not find `cid` for [methanol, DMF]
2025-01-07 16:51:34,049 - pcp: Could not find `cid` for [DMF/ethanol]
2025-01-07 16:51:34,374 - pcp: Could not find `cid` for [H4LIV (50 mg, 0]
2025-01-07 16:51:34,705 - pcp: Could not find `cid` for [DMF (6.0 mL) and H]
2025-01-07 16:51:35,408 - pcp: Could not find `cid` for [H4[SiW12O40], bib]
2025-01-07 16:51:35,747 - pcp: Could not find `cid` for [DMF, ethanol, water]
2025-01-07 16:51:36,061 - pcp: Could not find `cid` for [H2O/CH3CN]
2025-01-07 16:51:37,060 - pcp: Could not find `cid` for [sodium acetate buffer]
2025-01-07 16:51:37,401 - pcp: Could not find `cid` for [2 M HNO3]
2025-01-07 16:51:37,718 - pcp: Could not find `cid` for [DMF/ethanol/H2O (5]
2025-01-07 16:51:38,041 - pcp: Could not find `cid` for [DMF/EtOH/pyridine]
2025-01-07 16:51:38,363 - pcp: Could not find `cid` for [DEF/H2O/1 M HCl]
2025-01-07 16:51:38,680 - pcp: Could not find `cid` for [Cu(NO3)2\u22c7]
2025-01-07 16:51:39,070 - pcp: Could not find `cid` for [DMF, EtOH, H2O]
2025-01-07 16:51:39,423 - pcp: Could not find `cid` for [CH3CN/H2O (3/4]
2025-01-07 16:51:39,746 - pcp: Could not find `cid` for [DMF/EtOH/H2O (1]
2025-01-07 16:51:40,066 - pcp: Could not find `cid` for [DMF, methanol and H2O]
2025-01-07 16:51:40,400 - pcp: Could not find `cid` for [MeCN/H2O]
2025-01-07 16:51:40,719 - pcp: Could not find `cid` for [Cd(NO3)2\u22c4]
2025-01-07 16:51:41,056 - pcp: Could not find `cid` for [DMF/H2O (3/1,]
2025-01-07 16:51:41,695 - pcp: Could not find `cid` for [DMF:CH3OH]
2025-01-07 16:51:42,037 - pcp: Could not find `cid` for [N,N\u2032-dimethylformamide]
2025-01-07 16:51:42,377 - pcp: Could not find `cid` for [KI]
2025-01-07 16:51:42,728 - pcp: Could not find `cid` for [H2O, MeOH, CH3CN]
2025-01-07 16:51:43,102 - pcp: Could not find `cid` for [DMF/formic acid]
2025-01-07 16:51:43,456 - pcp: Could not find `cid` for [DEF/EG/Toluene (molar ratio]
2025-01-07 16:51:43,779 - pcp: Could not find `cid` for [CuCl2\u20222H2O]
2025-01-07 16:51:44,106 - pcp: Could not find `cid` for [Zn(CH3COO)2·2]
2025-01-07 16:51:44,456 - pcp: Could not find `cid` for [EtOH/H2O (3 mL,]
2025-01-07 16:51:44,801 - pcp: Could not find `cid` for [H2O/DMF]
2025-01-07 16:51:45,151 - pcp: Could not find `cid` for [pyridine-2,5-dicar]
2025-01-07 16:51:45,475 - pcp: Could not find `cid` for [DIPA]
2025-01-07 16:51:45,801 - pcp: Could not find `cid` for [benzene and CHCl3]
2025-01-07 16:51:46,141 - pcp: Could not find `cid` for [Co(NO3)2·6H2O]
2025-01-07 16:51:46,496 - pcp: Could not find `cid` for [H3BTC]
2025-01-07 16:51:46,840 - pcp: Could not find `cid` for [DMF, CH3CH2OH, H]
2025-01-07 16:51:47,166 - pcp: Could not find `cid` for [ammonia solution (25% to 28]
2025-01-07 16:51:47,505 - pcp: Could not find `cid` for [H2O (3 mL) and DMF]
2025-01-07 16:51:47,848 - pcp: Could not find `cid` for [bimb]
2025-01-07 16:51:48,185 - pcp: Could not find `cid` for [Cd(NO3)2\u00b42H]
2025-01-07 16:51:48,503 - pcp: Could not find `cid` for [1,4-dioxane (or THF]
2025-01-07 16:51:48,842 - pcp: Could not find `cid` for [CH3CN/CH3OH/H2O]
2025-01-07 16:51:49,545 - pcp: Could not find `cid` for [H4bta]
2025-01-07 16:51:49,887 - pcp: Could not find `cid` for [DMF/CH3CN]
2025-01-07 16:51:50,701 - pcp: Could not find `cid` for [NMP/dioxane/H2O]
2025-01-07 16:51:51,042 - pcp: Could not find `cid` for [n-C4H10OH]
2025-01-07 16:51:51,389 - pcp: Could not find `cid` for [H3EIMDC]
2025-01-07 16:51:51,706 - pcp: Could not find `cid` for [MeOH, DMF, H2O]
2025-01-07 16:51:52,035 - pcp: Could not find `cid` for [H2O, HNO3]
2025-01-07 16:51:52,372 - pcp: Could not find `cid` for [H3IDC]
2025-01-07 16:51:52,696 - pcp: Could not find `cid` for [DMF, EtOH, MeCN, H]
2025-01-07 16:51:53,066 - pcp: Could not find `cid` for [water/ethanol (6:1, v]
2025-01-07 16:51:53,419 - pcp: Could not find `cid` for [DMF/MeCN (4:1,]
2025-01-07 16:51:53,827 - pcp: Could not find `cid` for [Cd(NO3)2\u20244H2]
2025-01-07 16:51:54,184 - pcp: Could not find `cid` for [DMF and CH3CN]
2025-01-07 16:51:55,307 - pcp: Could not find `cid` for [dimethylformamide, dioxane, H]
2025-01-07 16:51:55,639 - pcp: Could not find `cid` for [MeCN, MeOH]
2025-01-07 16:51:55,967 - pcp: Could not find `cid` for [DMF:DMSO:H2O (7]
2025-01-07 16:51:56,286 - pcp: Could not find `cid` for [DMF, MeOH]
2025-01-07 16:51:56,615 - pcp: Could not find `cid` for [NH4VO3]
2025-01-07 16:51:56,945 - pcp: Could not find `cid` for [DMF/CH3OH/H2O (]
2025-01-07 16:51:57,288 - pcp: Could not find `cid` for [N, N\u2032-dimethylform]
2025-01-07 16:51:57,610 - pcp: Could not find `cid` for [mixed distilled water (4 mL)–MeCN]
2025-01-07 16:51:57,934 - pcp: Could not find `cid` for [DMF-C2H5OH-H2O]
2025-01-07 16:51:58,244 - pcp: Could not find `cid` for [H2O/MeCN]
2025-01-07 16:51:58,594 - pcp: Could not find `cid` for [H2fum, glutamic acid]
2025-01-07 16:51:58,930 - pcp: Could not find `cid` for [H2O, DMF, dioxane]
2025-01-07 16:51:59,272 - pcp: Could not find `cid` for [DMF/methanol]
2025-01-07 16:51:59,605 - pcp: Could not find `cid` for [1:1 (v/v) mixture of meth]
2025-01-07 16:51:59,931 - pcp: Could not find `cid` for [nitrate acid solution]
2025-01-07 16:52:00,271 - pcp: Could not find `cid` for [H2O/CH3OH = 3]
2025-01-07 16:52:00,638 - pcp: Could not find `cid` for [Cu(NO3)2\u22c5]
2025-01-07 16:52:00,961 - pcp: Could not find `cid` for [DMF and 6 M HCl]
2025-01-07 16:52:01,315 - pcp: Could not find `cid` for [water/methanol]
2025-01-07 16:52:01,691 - pcp: Could not find `cid` for [DMF, water]
2025-01-07 16:52:02,330 - pcp: Could not find `cid` for [DMF/MeOH/H2O/DMS]
2025-01-07 16:52:02,667 - pcp: Could not find `cid` for [H2O and methanol]
2025-01-07 16:52:03,002 - pcp: Could not find `cid` for [H2pdc]
2025-01-07 16:52:03,372 - pcp: Could not find `cid` for [Pr6O11]
2025-01-07 16:52:03,694 - pcp: Could not find `cid` for [aqueous]
2025-01-07 16:52:04,015 - pcp: Could not find `cid` for [Zn(NO3)2\u22c6]
2025-01-07 16:52:04,337 - pcp: Could not find `cid` for [dmf and CH3OH]
2025-01-07 16:52:04,659 - pcp: Could not find `cid` for [deionized water and CH3OH]
2025-01-07 16:52:04,987 - pcp: Could not find `cid` for [DMF/EtOH/H2O (V]
2025-01-07 16:52:05,356 - pcp: Could not find `cid` for [N,N-dimethylformamide and EtOH]
2025-01-07 16:52:05,715 - pcp: Could not find `cid` for [methanol/water (V1:1,]
2025-01-07 16:52:06,058 - pcp: Could not find `cid` for [TEA]
2025-01-07 16:52:06,392 - pcp: Could not find `cid` for [DMF/H2O (3 mL,]
2025-01-07 16:52:07,145 - pcp: Could not find `cid` for [2,2\u2032-bipyridine]
2025-01-07 16:52:07,474 - pcp: Could not find `cid` for [Eu(NO3)3·nH2O]
2025-01-07 16:52:07,813 - pcp: Could not find `cid` for [tetrahydrofuran (THF)]
2025-01-07 16:52:08,508 - pcp: Could not find `cid` for [Hta (21.0 mg, 0]
2025-01-07 16:52:08,870 - pcp: Could not find `cid` for [doubly deionized water (8.]
2025-01-07 16:52:09,243 - pcp: Could not find `cid` for [H4DBIP]
2025-01-07 16:52:09,561 - pcp: Could not find `cid` for [DMF/DMSO (1:1)]
2025-01-07 16:52:09,877 - pcp: Could not find `cid` for [DMF/MeOH/H2O (3]
2025-01-07 16:52:10,202 - pcp: Could not find `cid` for [DMSO/H2O]
2025-01-07 16:52:10,521 - pcp: Could not find `cid` for [DMF and chlorobenzene]
2025-01-07 16:52:10,865 - pcp: Could not find `cid` for [Eu(NO3)3·3H2O]
2025-01-07 16:52:11,206 - pcp: Could not find `cid` for [DMF/C2H5OH/H2O]
2025-01-07 16:52:11,541 - pcp: Could not find `cid` for [Gd(NO3)3]
2025-01-07 16:52:11,863 - pcp: Could not find `cid` for [H3TZI]
2025-01-07 16:52:12,204 - pcp: Could not find `cid` for [DMF/EtOH/H2O (4]
2025-01-07 16:52:12,537 - pcp: Could not find `cid` for [ETA]
2025-01-07 16:52:12,887 - pcp: Could not find `cid` for [water, DMF, ethanol]
