2025-01-06 11:35:43,409 - pcp: Could not find `cid` for [Dimethyloroeneone acetYL acetYL acet]
2025-01-06 11:35:43,744 - pcp: Could not find `cid` for [TETETHYLAMINE]
2025-01-06 11:35:44,391 - pcp: Could not find `cid` for [H4LV]
2025-01-06 11:35:44,726 - pcp: Could not find `cid` for [None]
2025-01-06 11:35:45,084 - pcp: Could not find `cid` for [NaOH3O4H2O]
2025-01-06 11:35:45,403 - pcp: Could not find `cid` for [H3L2O4H2O]
2025-01-06 11:35:46,188 - pcp: Could not find `cid` for [NH4F2O2F4H2]
2025-01-06 11:35:46,511 - pcp: Could not find `cid` for [NH3·H2O]
2025-01-06 11:35:47,527 - pcp: Could not find `cid` for [H4L1]
2025-01-06 11:35:47,874 - pcp: Could not find `cid` for [Co(Im)]
2025-01-06 11:35:48,198 - pcp: Could not find `cid` for [Et4NOH]
2025-01-06 11:35:48,890 - pcp: Could not find `cid` for [CH3Cl2O]
2025-01-06 11:35:49,882 - pcp: Could not find `cid` for [H3Cl2]
2025-01-06 11:35:50,207 - pcp: Could not find `cid` for [DMF/H2O]
2025-01-06 11:35:50,532 - pcp: Could not find `cid` for [H4ATC]
2025-01-06 11:35:50,874 - pcp: Could not find `cid` for [H4TSTO3M2O]
2025-01-06 11:35:51,216 - pcp: Could not find `cid` for [DMF/NME/IMPYINEEE]
2025-01-06 11:35:52,264 - pcp: Could not find `cid` for [HertzINEINEINEINEINEINEINEINE]
2025-01-06 11:35:52,584 - pcp: Could not find `cid` for [H4L]
2025-01-06 11:35:52,922 - pcp: Could not find `cid` for [DEFETHYLAMINE]
2025-01-06 11:35:53,262 - pcp: Could not find `cid` for [DEFENTYLAMINE]
2025-01-06 11:35:53,959 - pcp: Could not find `cid` for [acetontriene]
