2025-01-07 16:10:37,804 - pcp: Could not find `cid` for [aqueous HNO3 solution]
2025-01-07 16:10:38,174 - pcp: Could not find `cid` for [DMF, dioxane, H2O]
2025-01-07 16:10:38,505 - pcp: Could not find `cid` for [DEA]
2025-01-07 16:10:38,840 - pcp: Could not find `cid` for [None]
2025-01-07 16:10:39,155 - pcp: Could not find `cid` for [DMF/H2O]
2025-01-07 16:10:39,514 - pcp: Could not find `cid` for [EtOH/H2O]
2025-01-07 16:10:39,862 - pcp: Could not find `cid` for [DMF/H2O/C2H5OH]
2025-01-07 16:10:40,203 - pcp: Could not find `cid` for [dmf/H2O]
2025-01-07 16:10:40,945 - pcp: Could not find `cid` for [HNO3 in EtOH]
2025-01-07 16:10:41,661 - pcp: Could not find `cid` for [concentrated HNO3]
2025-01-07 16:10:42,023 - pcp: Could not find `cid` for [N,N′-dimethylacetamide]
2025-01-07 16:10:42,348 - pcp: Could not find `cid` for [N,N-dimethylformamide (DMF]
2025-01-07 16:10:42,709 - pcp: Could not find `cid` for [6 M HCl]
2025-01-07 16:10:43,037 - pcp: Could not find `cid` for [DMF/ethanol]
2025-01-07 16:10:43,796 - pcp: Could not find `cid` for [millipore water]
2025-01-07 16:10:44,144 - pcp: Could not find `cid` for [H2O/DMF]
2025-01-07 16:10:44,460 - pcp: Could not find `cid` for [DMF/NMP]
2025-01-07 16:10:44,841 - pcp: Could not find `cid` for [H2O/EtOH]
2025-01-07 16:10:45,220 - pcp: Could not find `cid` for [DMF/water/MeOH]
2025-01-07 16:10:45,581 - pcp: Could not find `cid` for [distilled H2O]
2025-01-07 16:10:45,996 - pcp: Could not find `cid` for [NH3·H2O]
2025-01-07 16:10:46,348 - pcp: Could not find `cid` for [HFP]
2025-01-07 16:10:46,684 - pcp: Could not find `cid` for [DMF/CH3CN]
2025-01-07 16:10:47,056 - pcp: Could not find `cid` for [N,N′-diethylformamide (DEF]
2025-01-07 16:10:47,426 - pcp: Could not find `cid` for [EtOH:H2O]
2025-01-07 16:10:47,780 - pcp: Could not find `cid` for [2 M HCl]
2025-01-07 16:10:48,125 - pcp: Could not find `cid` for [NH4VO3]
2025-01-07 16:10:48,536 - pcp: Could not find `cid` for [DMF/methanol/H2O]
2025-01-07 16:10:48,883 - pcp: Could not find `cid` for [DMF/dioxane/H2O]
2025-01-07 16:10:49,227 - pcp: Could not find `cid` for [DMF/MeCN/H2O]
2025-01-07 16:10:49,576 - pcp: Could not find `cid` for [DMF/NMP/pyridine]
2025-01-07 16:10:49,915 - pcp: Could not find `cid` for [N,N‐dimethylformamide]
2025-01-07 16:10:50,971 - pcp: Could not find `cid` for [dmurea]
2025-01-07 16:10:51,302 - pcp: Could not find `cid` for [DEF/EtOH/H2O]
2025-01-07 16:10:51,683 - pcp: Could not find `cid` for [concentrated nitric acid]
2025-01-07 16:10:52,020 - pcp: Could not find `cid` for [DMF/H2O (1/2,]
2025-01-07 16:10:52,368 - pcp: Could not find `cid` for [DMF/glycol/H2O]
2025-01-07 16:10:52,724 - pcp: Could not find `cid` for [dilute sodium hydroxide]
2025-01-07 16:10:53,044 - pcp: Could not find `cid` for [H2O/glycol]
2025-01-07 16:10:53,369 - pcp: Could not find `cid` for [40% HBF4]
2025-01-07 16:10:53,709 - pcp: Could not find `cid` for [DEF/MeOH]
2025-01-07 16:10:54,073 - pcp: Could not find `cid` for [1-methyl-2-pyrrolidin]
2025-01-07 16:10:54,435 - pcp: Could not find `cid` for [DMF/CH3CH2OH/H2]
2025-01-07 16:10:54,795 - pcp: Could not find `cid` for [triethylenediamine (TEDA]
2025-01-07 16:10:55,114 - pcp: Could not find `cid` for [N, N′-diethylformamide (]
2025-01-07 16:10:55,472 - pcp: Could not find `cid` for [NaOH or KOH solution]
2025-01-07 16:10:55,831 - pcp: Could not find `cid` for [ethanol/H2O solution]
2025-01-07 16:10:56,156 - pcp: Could not find `cid` for [DMF/cyclohexanol/H2O]
2025-01-07 16:10:56,482 - pcp: Could not find `cid` for [DMF/DMSO]
2025-01-07 16:10:56,821 - pcp: Could not find `cid` for [sodium hydroxide solution]
2025-01-07 16:10:57,182 - pcp: Could not find `cid` for [DMF/MeOH/H2O]
2025-01-07 16:10:57,525 - pcp: Could not find `cid` for [18 M HNO3]
2025-01-07 16:10:57,875 - pcp: Could not find `cid` for [N,N‐dimethyl acetamide : deion]
2025-01-07 16:10:58,226 - pcp: Could not find `cid` for [CH3CH2OH/CH3OH]
2025-01-07 16:10:58,978 - pcp: Could not find `cid` for [N,N′-diethylformamide]
2025-01-07 16:10:59,733 - pcp: Could not find `cid` for [sodium acetate buffer]
2025-01-07 16:11:00,090 - pcp: Could not find `cid` for [concentrated hydrochloric acid]
2025-01-07 16:11:00,440 - pcp: Could not find `cid` for [2 M HNO3]
2025-01-07 16:11:00,786 - pcp: Could not find `cid` for [DMF/ethanol/H2O]
2025-01-07 16:11:01,138 - pcp: Could not find `cid` for [DMF/EtOH/pyridine]
2025-01-07 16:11:01,469 - pcp: Could not find `cid` for [CH3CN/H2O]
2025-01-07 16:11:01,792 - pcp: Could not find `cid` for [DMF/EtOH/H2O]
2025-01-07 16:11:02,140 - pcp: Could not find `cid` for [HBO3 1 M solution]
2025-01-07 16:11:02,531 - pcp: Could not find `cid` for [N,N′‐dimethylformamide]
2025-01-07 16:11:02,865 - pcp: Could not find `cid` for [KI]
2025-01-07 16:11:03,281 - pcp: Could not find `cid` for [DEF/EG/Toluene]
2025-01-07 16:11:03,642 - pcp: Could not find `cid` for [N,N′-dimethylformamide (DM]
2025-01-07 16:11:03,982 - pcp: Could not find `cid` for [NaOH solution (1 M)]
2025-01-07 16:11:04,332 - pcp: Could not find `cid` for [K2(C2O4)·H2]
2025-01-07 16:11:04,679 - pcp: Could not find `cid` for [DIPA]
2025-01-07 16:11:05,029 - pcp: Could not find `cid` for [CH3CN/CH3OH/H2O]
2025-01-07 16:11:05,433 - pcp: Could not find `cid` for [H2O/CH3CN]
2025-01-07 16:11:05,944 - pcp: Could not find `cid` for [NMP/dioxane/H2O]
2025-01-07 16:11:06,730 - pcp: Could not find `cid` for [HBF4 (40% in water)]
2025-01-07 16:11:07,083 - pcp: Could not find `cid` for [DMF/CH3OH/H2O]
2025-01-07 16:11:07,424 - pcp: Could not find `cid` for [N,N‐dimethylformamide (DMF]
2025-01-07 16:11:07,762 - pcp: Could not find `cid` for [DMF–C2H5OH–H]
2025-01-07 16:11:08,112 - pcp: Could not find `cid` for [aqueous HCl]
2025-01-07 16:11:08,514 - pcp: Could not find `cid` for [DMF/methanol]
2025-01-07 16:11:08,875 - pcp: Could not find `cid` for [nitrate acid solution]
2025-01-07 16:11:09,213 - pcp: Could not find `cid` for [H2O/CH3OH]
2025-01-07 16:11:09,557 - pcp: Could not find `cid` for [H2O/MeCN]
2025-01-07 16:11:09,913 - pcp: Could not find `cid` for [aqueous]
2025-01-07 16:11:10,260 - pcp: Could not find `cid` for [N,N′-dimethylformamide]
2025-01-07 16:11:11,020 - pcp: Could not find `cid` for [methanol/water]
2025-01-07 16:11:11,379 - pcp: Could not find `cid` for [N,N‐dimethylacetamide]
2025-01-07 16:11:12,074 - pcp: Could not find `cid` for [NaOH solution]
2025-01-07 16:11:12,421 - pcp: Could not find `cid` for [tetrahydrofuran (THF)]
2025-01-07 16:11:13,178 - pcp: Could not find `cid` for [DMF/C2H5OH/H2O]
