2024-12-29 02:59:25,894 - pcp: Could not find `cid` for [H3TMBTC]
2024-12-29 02:59:26,224 - pcp: Could not find `cid` for [Co(NO3)⋅6 H2]
2024-12-29 02:59:26,863 - pcp: Could not find `cid` for [H2BDC]
2024-12-29 02:59:27,826 - pcp: Could not find `cid` for [Zn(NO3)2\u22c6]
2024-12-29 02:59:28,140 - pcp: Could not find `cid` for [H4BDDC]
2024-12-29 02:59:28,477 - pcp: Could not find `cid` for [DMF (1 mL)]
2024-12-29 02:59:28,806 - pcp: Could not find `cid` for [EtOH (0]
2024-12-29 02:59:29,152 - pcp: Could not find `cid` for [Tb(NO3)3·5H2]
2024-12-29 02:59:29,485 - pcp: Could not find `cid` for [KH2TDA]
2024-12-29 02:59:29,844 - pcp: Could not find `cid` for [dmurea]
2024-12-29 02:59:30,165 - pcp: Could not find `cid` for [Cu(NO3)2\u20233H2]
2024-12-29 02:59:30,817 - pcp: Could not find `cid` for [Zn(NO3)2·6H2]
2024-12-29 02:59:31,160 - pcp: Could not find `cid` for [KH3L1]
2024-12-29 02:59:31,482 - pcp: Could not find `cid` for [CdBr2\u00b4\u20042]
2024-12-29 02:59:32,948 - pcp: Could not find `cid` for [1.5 ml benzene]
2024-12-29 02:59:33,285 - pcp: Could not find `cid` for [0.]
2024-12-29 02:59:33,623 - pcp: Could not find `cid` for [Co(NO3)2\u20226H2]
2024-12-29 02:59:33,953 - pcp: Could not find `cid` for [H4L2]
2024-12-29 02:59:34,267 - pcp: Could not find `cid` for [Hta (21.0 mg]
2024-12-29 02:59:34,653 - pcp: Could not find `cid` for [0]
2024-12-29 02:59:34,965 - pcp: Could not find `cid` for [doubly deionized water (8.]
2024-12-29 02:59:35,294 - pcp: Could not find `cid` for [CdSO4\u22128]
2024-12-29 02:59:36,622 - pcp: Could not find `cid` for [CdCl2·2.5H2O]
2024-12-29 02:59:36,955 - pcp: Could not find `cid` for [biyi]
2024-12-29 02:59:37,655 - pcp: Could not find `cid` for [water-ACN]
2024-12-29 02:59:37,974 - pcp: Could not find `cid` for [H3BPT]
2024-12-29 02:59:38,289 - pcp: Could not find `cid` for [NaOH (3 mg)]
2024-12-29 02:59:38,617 - pcp: Could not find `cid` for [KOH (4]
2024-12-29 02:59:38,943 - pcp: Could not find `cid` for [methanol (1 mL)]
2024-12-29 02:59:39,315 - pcp: Could not find `cid` for [PTAZ]
2024-12-29 02:59:39,973 - pcp: Could not find `cid` for [Mn(NO3)2·4H2]
2024-12-29 02:59:40,607 - pcp: Could not find `cid` for [0.029 g]
2024-12-29 02:59:40,944 - pcp: Could not find `cid` for [0.10 mm]
2024-12-29 02:59:41,252 - pcp: Could not find `cid` for [NH2(CH3)2Cl]
2024-12-29 02:59:41,572 - pcp: Could not find `cid` for [H4EBTC]
2024-12-29 02:59:41,895 - pcp: Could not find `cid` for [DATRZ]
2024-12-29 02:59:42,231 - pcp: Could not find `cid` for [0.02 M stock solution of copper nitrate]
2024-12-29 02:59:42,877 - pcp: Could not find `cid` for [TPOM]
2024-12-29 02:59:43,525 - pcp: Could not find `cid` for [Zn(NO3)2\u22a68]
2024-12-29 02:59:45,328 - pcp: Could not find `cid` for [Li4btca]
2024-12-29 02:59:45,660 - pcp: Could not find `cid` for [Cd(NO3)2\\u22c5]
2024-12-29 02:59:45,976 - pcp: Could not find `cid` for [DMF\\\\u202fEtOH\\\\u]
2024-12-29 02:59:46,294 - pcp: Could not find `cid` for [H4qptc]
2024-12-29 02:59:46,616 - pcp: Could not find `cid` for [1]
2024-12-29 02:59:46,952 - pcp: Could not find `cid` for [3-dimethylurea]
2024-12-29 02:59:47,296 - pcp: Could not find `cid` for [1-methyl-2-pyrrolidin]
2024-12-29 02:59:47,608 - pcp: Could not find `cid` for [1H-1]
2024-12-29 02:59:47,926 - pcp: Could not find `cid` for [2]
2024-12-29 02:59:48,241 - pcp: Could not find `cid` for [4-triaz]
2024-12-29 02:59:48,572 - pcp: Could not find `cid` for [bpz]
2024-12-29 02:59:48,917 - pcp: Could not find `cid` for [Na2C2O4]
2024-12-29 02:59:49,236 - pcp: Could not find `cid` for [Cd(NO3]
2024-12-29 02:59:49,573 - pcp: Could not find `cid` for [H2TBA]
2024-12-29 02:59:49,889 - pcp: Could not find `cid` for [H2btac]
2024-12-29 02:59:50,234 - pcp: Could not find `cid` for [ammonia (25 wt.%)]
2024-12-29 02:59:50,565 - pcp: Could not find `cid` for [H4PANAD]
2024-12-29 02:59:50,904 - pcp: Could not find `cid` for [Cd(NO3)2·4H2O]
2024-12-29 02:59:51,227 - pcp: Could not find `cid` for [H2L]
2024-12-29 02:59:51,543 - pcp: Could not find `cid` for [H2adi]
2024-12-29 02:59:51,868 - pcp: Could not find `cid` for [water\u2013ethanol]
2024-12-29 02:59:52,213 - pcp: Could not find `cid` for [pyrazine-2]
2024-12-29 02:59:52,553 - pcp: Could not find `cid` for [3-dicar]
2024-12-29 02:59:52,888 - pcp: Could not find `cid` for [H3btc]
2024-12-29 02:59:53,983 - pcp: Could not find `cid` for [H3PMo12O40\\u202]
2024-12-29 02:59:54,325 - pcp: Could not find `cid` for [H2tda]
2024-12-29 02:59:54,654 - pcp: Could not find `cid` for [H3tci]
2024-12-29 02:59:54,981 - pcp: Could not find `cid` for [Cu(NO3)2·2.5H]
2024-12-29 02:59:55,353 - pcp: Could not find `cid` for [6 M HCl]
2024-12-29 02:59:55,689 - pcp: Could not find `cid` for [DMF (7.0 mL)]
2024-12-29 02:59:56,001 - pcp: Could not find `cid` for [18 M HNO3]
2024-12-29 02:59:56,338 - pcp: Could not find `cid` for [none]
2024-12-29 02:59:57,307 - pcp: Could not find `cid` for [H2L (21 mg]
2024-12-29 02:59:57,634 - pcp: Could not find `cid` for [Ytterbium(III) chloride hex]
2024-12-29 02:59:57,955 - pcp: Could not find `cid` for [Zn(NO3)2\u00b26]
2024-12-29 02:59:58,590 - pcp: Could not find `cid` for [H3L]
2024-12-29 02:59:58,911 - pcp: Could not find `cid` for [DMF-CH3OH]
2024-12-29 02:59:59,246 - pcp: Could not find `cid` for [Zn(NO3)2·6(H2]
2024-12-29 03:00:01,115 - pcp: Could not find `cid` for [Zn(Ac)2·2H2]
2024-12-29 03:00:01,511 - pcp: Could not find `cid` for [beneze]
2024-12-29 03:00:01,842 - pcp: Could not find `cid` for [H3BTC]
2024-12-29 03:00:02,158 - pcp: Could not find `cid` for [Na2S]
2024-12-29 03:00:02,500 - pcp: Could not find `cid` for [Cd(CH3COO)2·2H]
2024-12-29 03:00:02,818 - pcp: Could not find `cid` for [Zn(NO3)2\u00b62]
2024-12-29 03:00:03,138 - pcp: Could not find `cid` for [Mn(OAc)\u22124\u221]
2024-12-29 03:00:03,490 - pcp: Could not find `cid` for [Ba(NO3)2 (31.36 mg]
2024-12-29 03:00:03,829 - pcp: Could not find `cid` for [H2pzbtz]
2024-12-29 03:00:04,157 - pcp: Could not find `cid` for [Cu(NO3)2.25 H2O]
2024-12-29 03:00:04,809 - pcp: Could not find `cid` for [Htrz]
2024-12-29 03:00:05,142 - pcp: Could not find `cid` for [H4MDIP]
2024-12-29 03:00:05,791 - pcp: Could not find `cid` for [H3BTB]
2024-12-29 03:00:06,473 - pcp: Could not find `cid` for [4]
2024-12-29 03:00:06,790 - pcp: Could not find `cid` for [4\u2032-bipyridine]
2024-12-29 03:00:07,126 - pcp: Could not find `cid` for [Cu(NO3)2\u22c75H]
2024-12-29 03:00:07,472 - pcp: Could not find `cid` for [K2C2O4]
2024-12-29 03:00:07,788 - pcp: Could not find `cid` for [H2BPDC]
2024-12-29 03:00:08,105 - pcp: Could not find `cid` for [H4L4]
2024-12-29 03:00:08,434 - pcp: Could not find `cid` for [H3BTTC]
2024-12-29 03:00:09,106 - pcp: Could not find `cid` for [n-C4H10OH]
2024-12-29 03:00:09,418 - pcp: Could not find `cid` for [Co(Ac)\u221e4 H2]
2024-12-29 03:00:09,757 - pcp: Could not find `cid` for [3 mL DMF]
2024-12-29 03:00:10,070 - pcp: Could not find `cid` for [2 mL H2]
2024-12-29 03:00:10,400 - pcp: Could not find `cid` for [H2bdc]
2024-12-29 03:00:11,059 - pcp: Could not find `cid` for [Zn(NO3)2\u22126H]
2024-12-29 03:00:11,381 - pcp: Could not find `cid` for [Co(NO3)2⋅6 H]
2024-12-29 03:00:12,444 - pcp: Could not find `cid` for [Cu(NO3)2\u20252.5]
2024-12-29 03:00:12,763 - pcp: Could not find `cid` for [distilled H2O]
2024-12-29 03:00:13,085 - pcp: Could not find `cid` for [CuCl2\u20242H2O]
2024-12-29 03:00:13,413 - pcp: Could not find `cid` for [1.0 M HCl]
2024-12-29 03:00:13,737 - pcp: Could not find `cid` for [4-phenylenediprop]
2024-12-29 03:00:14,694 - pcp: Could not find `cid` for [InCl3\u202f4H2O]
2024-12-29 03:00:15,031 - pcp: Could not find `cid` for [Tb(NO3)3]
2024-12-29 03:00:15,367 - pcp: Could not find `cid` for [Co(NO3)2·6H2O]
2024-12-29 03:00:15,721 - pcp: Could not find `cid` for [H3PIDC]
2024-12-29 03:00:16,068 - pcp: Could not find `cid` for [L]
2024-12-29 03:00:16,741 - pcp: Could not find `cid` for [Co(NO3)2 6H2O]
2024-12-29 03:00:17,396 - pcp: Could not find `cid` for [EtOH (5 ml)]
2024-12-29 03:00:17,711 - pcp: Could not find `cid` for [H2O (]
2024-12-29 03:00:18,051 - pcp: Could not find `cid` for [H3TCMTB]
2024-12-29 03:00:18,368 - pcp: Could not find `cid` for [H3LMe]
2024-12-29 03:00:18,688 - pcp: Could not find `cid` for [HCl (2 M]
2024-12-29 03:00:19,026 - pcp: Could not find `cid` for [0.3]
2024-12-29 03:00:19,719 - pcp: Could not find `cid` for [H2nip]
2024-12-29 03:00:20,384 - pcp: Could not find `cid` for [H3TBOT]
2024-12-29 03:00:20,700 - pcp: Could not find `cid` for [H2BPDA]
2024-12-29 03:00:21,396 - pcp: Could not find `cid` for [None]
2024-12-29 03:00:21,726 - pcp: Could not find `cid` for [H4L]
2024-12-29 03:00:22,071 - pcp: Could not find `cid` for [Sr(NO3)2]
2024-12-29 03:00:22,386 - pcp: Could not find `cid` for [Eu(NO3)3·6H2O]
2024-12-29 03:00:22,734 - pcp: Could not find `cid` for [Me4NBr]
2024-12-29 03:00:23,043 - pcp: Could not find `cid` for [H2tdc (0.085 g]
2024-12-29 03:00:23,723 - pcp: Could not find `cid` for [Cd(ClO4)2\u00b26]
2024-12-29 03:00:24,063 - pcp: Could not find `cid` for [5 mL distilled H2O]
2024-12-29 03:00:24,394 - pcp: Could not find `cid` for [CoSO4\u202f7 H2O]
2024-12-29 03:00:24,713 - pcp: Could not find `cid` for [Cd(NO3)2·6H2O]
2024-12-29 03:00:25,389 - pcp: Could not find `cid` for [H3BTT]
2024-12-29 03:00:25,711 - pcp: Could not find `cid` for [MeOH (2 mL)]
2024-12-29 03:00:26,362 - pcp: Could not find `cid` for [H2O (4 mL)]
2024-12-29 03:00:26,693 - pcp: Could not find `cid` for [MeOH (]
2024-12-29 03:00:27,044 - pcp: Could not find `cid` for [trans-chdc]
2024-12-29 03:00:27,728 - pcp: Could not find `cid` for [H3TDA]
2024-12-29 03:00:28,069 - pcp: Could not find `cid` for [10-phenanthroline]
2024-12-29 03:00:28,405 - pcp: Could not find `cid` for [bpmp]
2024-12-29 03:00:28,747 - pcp: Could not find `cid` for [Zn(NO3)2\u22c7]
2024-12-29 03:00:30,761 - pcp: Could not find `cid` for [Zn(OAc)2\u22c75]
2024-12-29 03:00:31,506 - pcp: Could not find `cid` for [H4BBTC]
2024-12-29 03:00:31,861 - pcp: Could not find `cid` for [DMF (6.0 mL)]
2024-12-29 03:00:32,179 - pcp: Could not find `cid` for [H3ABTC]
2024-12-29 03:00:32,510 - pcp: Could not find `cid` for [DMF (4 mL)]
2024-12-29 03:00:32,845 - pcp: Could not find `cid` for [H2C2O4\u00b72]
2024-12-29 03:00:33,162 - pcp: Could not find `cid` for [H3imda]
2024-12-29 03:00:33,500 - pcp: Could not find `cid` for [4′]
2024-12-29 03:00:33,825 - pcp: Could not find `cid` for [CoCl2\\u00b26H2]
2024-12-29 03:00:34,158 - pcp: Could not find `cid` for [H2C2O4]
2024-12-29 03:00:34,494 - pcp: Could not find `cid` for [Cu(NO3)2\u22c5]
2024-12-29 03:00:35,135 - pcp: Could not find `cid` for [La(NO3)2\u00b26H]
2024-12-29 03:00:35,451 - pcp: Could not find `cid` for [ZnCl2]
2024-12-29 03:00:35,769 - pcp: Could not find `cid` for [Cu(NO3)2·3H2O]
2024-12-29 03:00:36,461 - pcp: Could not find `cid` for [5-Imidazoledicar]
2024-12-29 03:00:36,776 - pcp: Could not find `cid` for [H4BTeC]
2024-12-29 03:00:37,439 - pcp: Could not find `cid` for [0.139 g]
2024-12-29 03:00:37,791 - pcp: Could not find `cid` for [5.0 mL]
2024-12-29 03:00:38,107 - pcp: Could not find `cid` for [Cd(NO3)2\u22c75H]
2024-12-29 03:00:38,795 - pcp: Could not find `cid` for [H4X]
2024-12-29 03:00:39,134 - pcp: Could not find `cid` for [0.016 g NaOH]
2024-12-29 03:00:39,481 - pcp: Could not find `cid` for [Ni(ClO4)2]
2024-12-29 03:00:39,814 - pcp: Could not find `cid` for [NiCl2\u22c65H2O]
2024-12-29 03:00:40,632 - pcp: Could not find `cid` for [H2tdc (0.034 g]
2024-12-29 03:00:40,966 - pcp: Could not find `cid` for [NaOH solution]
2024-12-29 03:00:41,300 - pcp: Could not find `cid` for [aqueous]
2024-12-29 03:00:41,640 - pcp: Could not find `cid` for [Mg(NO3)2·6H2]
2024-12-29 03:00:41,976 - pcp: Could not find `cid` for [H4L1]
2024-12-29 03:00:42,288 - pcp: Could not find `cid` for [timtz]
2024-12-29 03:00:42,968 - pcp: Could not find `cid` for [dilute sodium hydroxide]
2024-12-29 03:00:43,296 - pcp: Could not find `cid` for [TEA]
2024-12-29 03:00:44,002 - pcp: Could not find `cid` for [H3btb]
2024-12-29 03:00:44,337 - pcp: Could not find `cid` for [Eu(NO3)3]
2024-12-29 03:00:45,031 - pcp: Could not find `cid` for [NaH2SIP]
2024-12-29 03:00:45,395 - pcp: Could not find `cid` for [Mn(CH3COO)2·4]
2024-12-29 03:00:46,065 - pcp: Could not find `cid` for [tcpcb]
2024-12-29 03:00:46,405 - pcp: Could not find `cid` for [NaHCOO\u2009\u00]
2024-12-29 03:00:46,720 - pcp: Could not find `cid` for [Ba(NO3)2]
2024-12-29 03:00:47,044 - pcp: Could not find `cid` for [Dy(NO3)3·6H2]
2024-12-29 03:00:47,712 - pcp: Could not find `cid` for [Na2WO4\u20092H2O]
2024-12-29 03:00:48,046 - pcp: Could not find `cid` for [Zn(OAC)2\u00b22]
2024-12-29 03:00:48,387 - pcp: Could not find `cid` for [DPT]
2024-12-29 03:00:48,705 - pcp: Could not find `cid` for [CuCl2\u22c5\u22122]
2024-12-29 03:00:49,027 - pcp: Could not find `cid` for [H4MTB]
2024-12-29 03:00:49,372 - pcp: Could not find `cid` for [2 drops of HNO3 (0.1]
2024-12-29 03:00:49,685 - pcp: Could not find `cid` for [DMF (5 mL)]
2024-12-29 03:00:50,021 - pcp: Could not find `cid` for [H2SBA]
2024-12-29 03:00:50,340 - pcp: Could not find `cid` for [NH4+ as anion]
2024-12-29 03:00:50,995 - pcp: Could not find `cid` for [Zn(CH3COO)2·2]
2024-12-29 03:00:51,314 - pcp: Could not find `cid` for [Cd(ClO4)2\u22126H]
2024-12-29 03:00:51,973 - pcp: Could not find `cid` for [Cu(NO3)2·2.5 H]
2024-12-29 03:00:52,320 - pcp: Could not find `cid` for [H2pdc]
2024-12-29 03:00:52,954 - pcp: Could not find `cid` for [aqueous mixture]
2024-12-29 03:00:53,299 - pcp: Could not find `cid` for [CuI (4.76 mg]
2024-12-29 03:00:53,617 - pcp: Could not find `cid` for [MnCl2·4H2O]
2024-12-29 03:00:54,284 - pcp: Could not find `cid` for [H4DBIP]
2024-12-29 03:00:54,977 - pcp: Could not find `cid` for [H3PMo12O40\u00b]
2024-12-29 03:00:55,687 - pcp: Could not find `cid` for [Zn(NO3)2·6 H2]
2024-12-29 03:00:56,033 - pcp: Could not find `cid` for [Cd(NO3)2\\u00b74]
2024-12-29 03:00:56,366 - pcp: Could not find `cid` for [Hatz]
2024-12-29 03:00:56,694 - pcp: Could not find `cid` for [[(CH3)2NH (40%)]]
2024-12-29 03:00:57,031 - pcp: Could not find `cid` for [DMF (2 mL)]
2024-12-29 03:00:57,346 - pcp: Could not find `cid` for [EtOH (]
2024-12-29 03:00:57,686 - pcp: Could not find `cid` for [DMF--ethanol--water]
2024-12-29 03:00:58,005 - pcp: Could not find `cid` for [H2dcbpy]
2024-12-29 03:00:58,344 - pcp: Could not find `cid` for [H4abtc]
2024-12-29 03:00:58,690 - pcp: Could not find `cid` for [an aliquot of HNO3 in EtOH]
2024-12-29 03:00:59,008 - pcp: Could not find `cid` for [bfbpdcH2]
2024-12-29 03:00:59,734 - pcp: Could not find `cid` for [NaOH or KOH (10 mol·l]
2024-12-29 03:01:00,395 - pcp: Could not find `cid` for [Zn(OAc)2\*H2]
2024-12-29 03:01:00,722 - pcp: Could not find `cid` for [one drop of 6N HNO3]
2024-12-29 03:01:01,057 - pcp: Could not find `cid` for [Cd(NO3)2\u00b44H]
2024-12-29 03:01:01,809 - pcp: Could not find `cid` for [H6L2]
2024-12-29 03:01:02,138 - pcp: Could not find `cid` for [H4ABTC]
2024-12-29 03:01:02,486 - pcp: Could not find `cid` for [H4ATC]
2024-12-29 03:01:02,808 - pcp: Could not find `cid` for [CuCl2\u20252H2O (]
2024-12-29 03:01:03,164 - pcp: Could not find `cid` for [8 mL]
2024-12-29 03:01:03,498 - pcp: Could not find `cid` for [Eu(NO3)3·5H2O]
2024-12-29 03:01:03,829 - pcp: Could not find `cid` for [H3CMPEIP]
2024-12-29 03:01:04,148 - pcp: Could not find `cid` for [H3L2 (0.04 g]
2024-12-29 03:01:04,478 - pcp: Could not find `cid` for [Dy2O3]
2024-12-29 03:01:05,165 - pcp: Could not find `cid` for [sodium acetate buffer]
2024-12-29 03:01:05,493 - pcp: Could not find `cid` for [LiOH·H2O]
2024-12-29 03:01:05,829 - pcp: Could not find `cid` for [CuCl2·2H2O]
2024-12-29 03:01:06,150 - pcp: Could not find `cid` for [melitic acid]
2024-12-29 03:01:06,488 - pcp: Could not find `cid` for [H2NDC]
2024-12-29 03:01:07,168 - pcp: Could not find `cid` for [7.5 mL]
2024-12-29 03:01:07,829 - pcp: Could not find `cid` for [6-\u00b0naph]
2024-12-29 03:01:08,159 - pcp: Could not find `cid` for [H12L]
2024-12-29 03:01:08,479 - pcp: Could not find `cid` for [Cu(NO3)2\u20096 H2]
2024-12-29 03:01:08,818 - pcp: Could not find `cid` for [TAAP]
2024-12-29 03:01:09,146 - pcp: Could not find `cid` for [water\u2013ethanol (2]
2024-12-29 03:01:09,772 - pcp: Could not find `cid` for [Cu(NO3)2\u20222.5]
2024-12-29 03:01:10,102 - pcp: Could not find `cid` for [CoCl2·6H2O]
2024-12-29 03:01:10,436 - pcp: Could not find `cid` for [formic acid solution (88%)]
2024-12-29 03:01:10,764 - pcp: Could not find `cid` for [H3BCPBA]
2024-12-29 03:01:12,808 - pcp: Could not find `cid` for [N(Et)]
2024-12-29 03:01:13,142 - pcp: Could not find `cid` for [H4btec (0.1 mmol]
2024-12-29 03:01:13,477 - pcp: Could not find `cid` for [ZnSO4\u00b77H2]
2024-12-29 03:01:13,810 - pcp: Could not find `cid` for [In(NO3)3\\u202f4]
2024-12-29 03:01:14,488 - pcp: Could not find `cid` for [tetrahydrofuran (THF)]
2024-12-29 03:01:15,140 - pcp: Could not find `cid` for [H4BTEC]
2024-12-29 03:01:15,798 - pcp: Could not find `cid` for [3]
2024-12-29 03:01:16,162 - pcp: Could not find `cid` for [5-benzenetricar]
2024-12-29 03:01:16,510 - pcp: Could not find `cid` for [3 drops of concentrated nitric acid]
2024-12-29 03:01:16,836 - pcp: Could not find `cid` for [Ni(NO3)2·6H2O]
2024-12-29 03:01:17,481 - pcp: Could not find `cid` for [ZnSO4\u00b72H2]
2024-12-29 03:01:17,813 - pcp: Could not find `cid` for [Co(CH3COO)2\u22c]
2024-12-29 03:01:18,152 - pcp: Could not find `cid` for [pDBI]
2024-12-29 03:01:18,480 - pcp: Could not find `cid` for [0.384 g of magnesium nitrate hexahy]
2024-12-29 03:01:18,808 - pcp: Could not find `cid` for [water (3 mL)]
2024-12-29 03:01:19,141 - pcp: Could not find `cid` for [H5bpbc]
2024-12-29 03:01:19,802 - pcp: Could not find `cid` for [H3PMo12O40\u2009]
2024-12-29 03:01:20,188 - pcp: Could not find `cid` for [1 M HNO3]
2024-12-29 03:01:20,507 - pcp: Could not find `cid` for [DMF-C2H5OH-H2O]
2024-12-29 03:01:21,185 - pcp: Could not find `cid` for [H4BCBAIP]
2024-12-29 03:01:21,890 - pcp: Could not find `cid` for [0.50 mL of a 1.0]
2024-12-29 03:01:22,202 - pcp: Could not find `cid` for [H8TBCB]
2024-12-29 03:01:23,186 - pcp: Could not find `cid` for [aqueous solution]
2024-12-29 03:01:23,553 - pcp: Could not find `cid` for [10 mL]
2024-12-29 03:01:23,867 - pcp: Could not find `cid` for [H3PMo12O40]
2024-12-29 03:01:24,206 - pcp: Could not find `cid` for [H2BDC (83 mg]
2024-12-29 03:01:24,536 - pcp: Could not find `cid` for [4\u2032-bipy]
2024-12-29 03:01:24,914 - pcp: Could not find `cid` for [CH3N2CH3]
2024-12-29 03:01:26,447 - pcp: Could not find `cid` for [H4btadpa]
2024-12-29 03:01:27,201 - pcp: Could not find `cid` for [Dy(NO3)3\\u2026]
2024-12-29 03:01:27,856 - pcp: Could not find `cid` for [H4L1 (20.3 mg]
2024-12-29 03:01:28,190 - pcp: Could not find `cid` for [H2O (10 mL)]
2024-12-29 03:01:28,518 - pcp: Could not find `cid` for [NH2–H3BTB]
2024-12-29 03:01:28,852 - pcp: Could not find `cid` for [mineralization triethylamine]
2024-12-29 03:01:29,168 - pcp: Could not find `cid` for [H4TADIP]
2024-12-29 03:01:29,484 - pcp: Could not find `cid` for [NiCl2\u20226H2O]
2024-12-29 03:01:29,821 - pcp: Could not find `cid` for [Cu(NO3)2\u00b23H]
2024-12-29 03:01:30,160 - pcp: Could not find `cid` for [Zn(Ac)2\u20222]
2024-12-29 03:01:30,499 - pcp: Could not find `cid` for [100 μL of 6 mol L−1]
2024-12-29 03:01:30,838 - pcp: Could not find `cid` for [DMF (1.5 mL)]
2024-12-29 03:01:31,516 - pcp: Could not find `cid` for [H2pt]
2024-12-29 03:01:31,848 - pcp: Could not find `cid` for [Cu(NO3)2\\u00b72]
2024-12-29 03:01:32,175 - pcp: Could not find `cid` for [BIDPE]
2024-12-29 03:01:32,489 - pcp: Could not find `cid` for [3-bis(4-pyrid]
2024-12-29 03:01:32,831 - pcp: Could not find `cid` for [dpdo]
2024-12-29 03:01:33,161 - pcp: Could not find `cid` for [Ni(NO3)2\\u00b6]
2024-12-29 03:01:33,520 - pcp: Could not find `cid` for [1 (v]
2024-12-29 03:01:33,838 - pcp: Could not find `cid` for [v) mixture of meth]
2024-12-29 03:01:34,876 - pcp: Could not find `cid` for [Teflon reactor]
2024-12-29 03:01:35,195 - pcp: Could not find `cid` for [H2btdc]
2024-12-29 03:01:35,588 - pcp: Could not find `cid` for [Cd(ClO4)2\u20226H]
2024-12-29 03:01:36,241 - pcp: Could not find `cid` for [H2sdba]
2024-12-29 03:01:36,576 - pcp: Could not find `cid` for [CH3OH DMF]
2024-12-29 03:01:36,905 - pcp: Could not find `cid` for [10 mL aqueous solution]
2024-12-29 03:01:37,221 - pcp: Could not find `cid` for [H4ptptc]
2024-12-29 03:01:37,559 - pcp: Could not find `cid` for [9-\u2009diamin]
2024-12-29 03:01:37,873 - pcp: Could not find `cid` for [Zn(NO3)·6H2O]
2024-12-29 03:01:38,200 - pcp: Could not find `cid` for [H2dpt24]
2024-12-29 03:01:38,520 - pcp: Could not find `cid` for [DMF+MeOH]
2024-12-29 03:01:39,166 - pcp: Could not find `cid` for [Zn(Ac)2\u20226H]
2024-12-29 03:01:39,515 - pcp: Could not find `cid` for [o-phenanthroline (o-Ph]
2024-12-29 03:01:39,855 - pcp: Could not find `cid` for [Cu(ClO4)2\u20226H]
2024-12-29 03:01:40,177 - pcp: Could not find `cid` for [aqueous solution of AgPF6]
2024-12-29 03:01:40,842 - pcp: Could not find `cid` for [CuCl2\u22c5H2O]
2024-12-29 03:01:41,180 - pcp: Could not find `cid` for [H2Tart]
2024-12-29 03:01:41,497 - pcp: Could not find `cid` for [FeTCP-Cl]
2024-12-29 03:01:41,817 - pcp: Could not find `cid` for [In(NO3)3·5H2O]
2024-12-29 03:01:42,132 - pcp: Could not find `cid` for [Zn(OAc)2\u00027H]
2024-12-29 03:01:42,471 - pcp: Could not find `cid` for [Cu(NO3)2⋅3H]
2024-12-29 03:01:42,791 - pcp: Could not find `cid` for [H4BTC]
2024-12-29 03:01:43,501 - pcp: Could not find `cid` for [bpdc]
2024-12-29 03:01:43,836 - pcp: Could not find `cid` for [H2bpca]
2024-12-29 03:01:44,155 - pcp: Could not find `cid` for [H2fum]
2024-12-29 03:01:44,483 - pcp: Could not find `cid` for [5-triazine-2]
2024-12-29 03:01:44,834 - pcp: Could not find `cid` for [5-dihydroxyterephthal]
2024-12-29 03:01:45,163 - pcp: Could not find `cid` for [Qu-H3L]
2024-12-29 03:01:45,871 - pcp: Could not find `cid` for [4-abpt]
2024-12-29 03:01:46,195 - pcp: Could not find `cid` for [H2nip (0.1 mmol)]
2024-12-29 03:01:46,508 - pcp: Could not find `cid` for [7.5 mL v]
2024-12-29 03:01:46,821 - pcp: Could not find `cid` for [v = 1]
2024-12-29 03:01:47,163 - pcp: Could not find `cid` for [imineodiacetic acid]
2024-12-29 03:01:47,495 - pcp: Could not find `cid` for [L3-H8]
2024-12-29 03:01:47,816 - pcp: Could not find `cid` for [Co(CH3COO)2\u20214]
2024-12-29 03:01:48,149 - pcp: Could not find `cid` for [ammonia solution (25% to 28]
2024-12-29 03:01:48,469 - pcp: Could not find `cid` for [Na2bdc]
2024-12-29 03:01:48,801 - pcp: Could not find `cid` for [bztpy]
2024-12-29 03:01:49,137 - pcp: Could not find `cid` for [Zn(NO3)2\\u20226]
2024-12-29 03:01:49,470 - pcp: Could not find `cid` for [H2hfipbb]
2024-12-29 03:01:49,801 - pcp: Could not find `cid` for [bmib]
2024-12-29 03:01:50,118 - pcp: Could not find `cid` for [H3BTN (8.3 mg]
2024-12-29 03:01:50,455 - pcp: Could not find `cid` for [H3IDC]
2024-12-29 03:01:51,496 - pcp: Could not find `cid` for [HFP]
2024-12-29 03:01:52,142 - pcp: Could not find `cid` for [NH3·H2O]
2024-12-29 03:01:52,455 - pcp: Could not find `cid` for [La(NO3)3\u00b66H]
2024-12-29 03:01:52,788 - pcp: Could not find `cid` for [NaH2sip]
2024-12-29 03:01:53,130 - pcp: Could not find `cid` for [Eu(NO3)3 6H2O]
2024-12-29 03:01:53,455 - pcp: Could not find `cid` for [2\u2030-bipyridine]
2024-12-29 03:01:54,092 - pcp: Could not find `cid` for [Cd(OAc)2\u00b72H]
2024-12-29 03:01:54,427 - pcp: Could not find `cid` for [Zn(NO3)2\u207a6]
2024-12-29 03:01:54,791 - pcp: Could not find `cid` for [10.00 g]
2024-12-29 03:01:55,146 - pcp: Could not find `cid` for [5-cyano-1]
2024-12-29 03:01:55,490 - pcp: Could not find `cid` for [3-ben]
2024-12-29 03:01:55,814 - pcp: Could not find `cid` for [H2TPPS]
2024-12-29 03:01:56,149 - pcp: Could not find `cid` for [40% HBF4]
2024-12-29 03:01:56,465 - pcp: Could not find `cid` for [bimb]
2024-12-29 03:01:57,118 - pcp: Could not find `cid` for [Zn(NO3)2\\u2009]
2024-12-29 03:01:57,439 - pcp: Could not find `cid` for [bpNDI]
2024-12-29 03:01:57,780 - pcp: Could not find `cid` for [Zn(NO3)2\\u00b]
2024-12-29 03:01:58,129 - pcp: Could not find `cid` for [chlorobenz]
2024-12-29 03:01:58,462 - pcp: Could not find `cid` for [H6tL1]
2024-12-29 03:01:59,130 - pcp: Could not find `cid` for [Hbtz]
2024-12-29 03:01:59,447 - pcp: Could not find `cid` for [16.0 mL]
2024-12-29 03:01:59,759 - pcp: Could not find `cid` for [50% (CH3)4NOH solution]
2024-12-29 03:02:00,396 - pcp: Could not find `cid` for [4\u2032-bipyridyl]
2024-12-29 03:02:00,732 - pcp: Could not find `cid` for [H2atpa]
2024-12-29 03:02:01,049 - pcp: Could not find `cid` for [Tb(NO3)3·6 H2]
2024-12-29 03:02:01,387 - pcp: Could not find `cid` for [H3pdc]
2024-12-29 03:02:01,720 - pcp: Could not find `cid` for [CuCO3.Cu]
2024-12-29 03:02:02,710 - pcp: Could not find `cid` for [Cu(NO3)6·3H2O]
2024-12-29 03:02:03,040 - pcp: Could not find `cid` for [H2O-EtOH]
2024-12-29 03:02:03,712 - pcp: Could not find `cid` for [CdCl2\u22ef2.5H]
2024-12-29 03:02:04,043 - pcp: Could not find `cid` for [0.30 mL]
2024-12-29 03:02:04,704 - pcp: Could not find `cid` for [Gd(NO3)3]
2024-12-29 03:02:05,036 - pcp: Could not find `cid` for [NH3\u2009\u2009H2]
2024-12-29 03:02:05,373 - pcp: Could not find `cid` for [Cd(NO3)2\u20214H2]
2024-12-29 03:02:05,705 - pcp: Could not find `cid` for [Zn(OAc)2·2H2]
2024-12-29 03:02:06,021 - pcp: Could not find `cid` for [H4PAGeS]
2024-12-29 03:02:06,701 - pcp: Could not find `cid` for [H3EIMDC]
2024-12-29 03:02:07,354 - pcp: Could not find `cid` for [3 mL]
2024-12-29 03:02:08,015 - pcp: Could not find `cid` for [H3PyImDC]
2024-12-29 03:02:08,357 - pcp: Could not find `cid` for [2-sulfoterephthalic acid mon]
2024-12-29 03:02:09,348 - pcp: Could not find `cid` for [millipore water]
2024-12-29 03:02:10,026 - pcp: Could not find `cid` for [Cd(OAc)2]
2024-12-29 03:02:11,727 - pcp: Could not find `cid` for [H3PMo12O40\u22c]
2024-12-29 03:02:12,741 - pcp: Could not find `cid` for [H2ntd]
2024-12-29 03:02:13,076 - pcp: Could not find `cid` for [Hmtz]
2024-12-29 03:02:13,411 - pcp: Could not find `cid` for [H2dnpdc]
2024-12-29 03:02:13,750 - pcp: Could not find `cid` for [CdCO3 (0.217 g]
2024-12-29 03:02:14,097 - pcp: Could not find `cid` for [H4BTC (0.127 g]
2024-12-29 03:02:14,411 - pcp: Could not find `cid` for [H2tbip]
2024-12-29 03:02:15,830 - pcp: Could not find `cid` for [Htz]
2024-12-29 03:02:17,571 - pcp: Could not find `cid` for [HO-H3BTC]
2024-12-29 03:02:17,890 - pcp: Could not find `cid` for [4\u]
2024-12-29 03:02:18,568 - pcp: Could not find `cid` for [Cd(NO3)2\u00b24H]
2024-12-29 03:02:18,900 - pcp: Could not find `cid` for [H4tpta]
2024-12-29 03:02:19,891 - pcp: Could not find `cid` for [Er(NO3)3·5H2O]
2024-12-29 03:02:20,232 - pcp: Could not find `cid` for [DMF (3 mL)]
2024-12-29 03:02:20,870 - pcp: Could not find `cid` for [Pr6O11]
2024-12-29 03:02:21,544 - pcp: Could not find `cid` for [DMF+formic acid]
2024-12-29 03:02:22,236 - pcp: Could not find `cid` for [DMF+H2O]
2024-12-29 03:02:22,562 - pcp: Could not find `cid` for [sdb]
2024-12-29 03:02:22,898 - pcp: Could not find `cid` for [0.04 mmol of Co(NO3)]
2024-12-29 03:02:23,243 - pcp: Could not find `cid` for [7.5 mL H2O]
2024-12-29 03:02:23,565 - pcp: Could not find `cid` for [Cobalt(II) chloride hexahydr]
2024-12-29 03:02:23,930 - pcp: Could not find `cid` for [bpp]
2024-12-29 03:02:24,268 - pcp: Could not find `cid` for [10 ml]
2024-12-29 03:02:24,604 - pcp: Could not find `cid` for [H2E2Ge2O3 (0]
2024-12-29 03:02:24,938 - pcp: Could not find `cid` for [H2Me4BPDC]
2024-12-29 03:02:25,256 - pcp: Could not find `cid` for [68% concentrated nitric acid]
2024-12-29 03:02:25,573 - pcp: Could not find `cid` for [dimethylformamide (3.0 mL)]
2024-12-29 03:02:25,928 - pcp: Could not find `cid` for [Hpza]
2024-12-29 03:02:26,791 - pcp: Could not find `cid` for [0.096 g]
2024-12-29 03:02:27,118 - pcp: Could not find `cid` for [concentrated hydrochloric acid]
2024-12-29 03:02:27,804 - pcp: Could not find `cid` for [H3MIDC (34.0 mg]
2024-12-29 03:02:28,141 - pcp: Could not find `cid` for [Cd(NO3)2\u22126H2]
2024-12-29 03:02:28,487 - pcp: Could not find `cid` for [4-naphthalenedicarbox]
2024-12-29 03:02:29,243 - pcp: Could not find `cid` for [Zinc nitrate hexahydrate (55]
2024-12-29 03:02:29,568 - pcp: Could not find `cid` for [KI]
2024-12-29 03:02:29,913 - pcp: Could not find `cid` for [imiminodiacetic acid]
2024-12-29 03:02:30,263 - pcp: Could not find `cid` for [0.062 g]
2024-12-29 03:02:30,595 - pcp: Could not find `cid` for [0.25 mm]
2024-12-29 03:02:30,911 - pcp: Could not find `cid` for [3 mL of water]
2024-12-29 03:02:31,227 - pcp: Could not find `cid` for [3 mL of gly]
2024-12-29 03:02:31,883 - pcp: Could not find `cid` for [H4btec]
