2024-12-28 00:55:49,325 - pcp: Could not find `cid` for [DMF/H2O (3 mL, ]
2024-12-28 00:55:49,996 - pcp: Could not find `cid` for [H3TMBTC]
2024-12-28 00:55:50,333 - pcp: Could not find `cid` for [EtOH:H2O (1:1)]
2024-12-28 00:55:50,645 - pcp: Could not find `cid` for [Co(NO3)⋅6 H2]
2024-12-28 00:55:50,961 - pcp: Could not find `cid` for [N,N\u02b0-methylformamide]
2024-12-28 00:55:51,298 - pcp: Could not find `cid` for [H2BDC]
2024-12-28 00:55:52,274 - pcp: Could not find `cid` for [DMF/H2O]
2024-12-28 00:55:52,606 - pcp: Could not find `cid` for [Zn(NO3)2\u22c6]
2024-12-28 00:55:52,923 - pcp: Could not find `cid` for [EtOH/DMF]
2024-12-28 00:55:53,241 - pcp: Could not find `cid` for [H4BDDC]
2024-12-28 00:55:53,577 - pcp: Could not find `cid` for [DMF (1 mL), EtOH (0]
2024-12-28 00:55:53,928 - pcp: Could not find `cid` for [Tb(NO3)3·5H2]
2024-12-28 00:55:54,242 - pcp: Could not find `cid` for [KH2TDA]
2024-12-28 00:55:54,570 - pcp: Could not find `cid` for [dmurea]
2024-12-28 00:55:54,902 - pcp: Could not find `cid` for [water and MeOH]
2024-12-28 00:55:55,240 - pcp: Could not find `cid` for [Cu(NO3)2\u20233H2]
2024-12-28 00:55:55,574 - pcp: Could not find `cid` for [DMF, methanol, H2O (]
2024-12-28 00:55:55,910 - pcp: Could not find `cid` for [H2O/CH3OH]
2024-12-28 00:55:56,241 - pcp: Could not find `cid` for [H2O/CH3OH = 3]
2024-12-28 00:55:56,594 - pcp: Could not find `cid` for [DMF/EtOH]
2024-12-28 00:55:56,911 - pcp: Could not find `cid` for [Zn(NO3)2·6H2]
2024-12-28 00:55:57,287 - pcp: Could not find `cid` for [KH3L1]
2024-12-28 00:55:57,595 - pcp: Could not find `cid` for [DMF: H2O]
2024-12-28 00:55:57,907 - pcp: Could not find `cid` for [CdBr2\u00b4\u20042]
2024-12-28 00:55:58,879 - pcp: Could not find `cid` for [methanol/water (V1:1)]
2024-12-28 00:55:59,596 - pcp: Could not find `cid` for [1.5 ml benzene and 0.]
2024-12-28 00:55:59,912 - pcp: Could not find `cid` for [Co(NO3)2\u20226H2]
2024-12-28 00:56:00,226 - pcp: Could not find `cid` for [N,N-Dimethyl Formamide (DMF]
2024-12-28 00:56:00,546 - pcp: Could not find `cid` for [H4L2]
2024-12-28 00:56:00,858 - pcp: Could not find `cid` for [Hta (21.0 mg, 0]
2024-12-28 00:56:01,182 - pcp: Could not find `cid` for [doubly deionized water (8.]
2024-12-28 00:56:01,497 - pcp: Could not find `cid` for [CdSO4\u22128/3H]
2024-12-28 00:56:02,480 - pcp: Could not find `cid` for [DMF:6 M HCl (1.]
2024-12-28 00:56:02,827 - pcp: Could not find `cid` for [CdCl2·2.5H2O]
2024-12-28 00:56:03,168 - pcp: Could not find `cid` for [biyi]
2024-12-28 00:56:03,511 - pcp: Could not find `cid` for [water:dmf=1:1]
2024-12-28 00:56:04,347 - pcp: Could not find `cid` for [water-ACN]
2024-12-28 00:56:04,672 - pcp: Could not find `cid` for [H3BPT]
2024-12-28 00:56:05,003 - pcp: Could not find `cid` for [NaOH (3 mg), KOH (4]
2024-12-28 00:56:05,347 - pcp: Could not find `cid` for [N,N-dimethylacetamide/methanol]
2024-12-28 00:56:05,663 - pcp: Could not find `cid` for [PTAZ]
2024-12-28 00:56:06,331 - pcp: Could not find `cid` for [Mn(NO3)2·4H2]
2024-12-28 00:56:06,980 - pcp: Could not find `cid` for [0.029 g, 0.10 mm]
2024-12-28 00:56:07,291 - pcp: Could not find `cid` for [NH2(CH3)2Cl]
2024-12-28 00:56:07,625 - pcp: Could not find `cid` for [H4EBTC]
2024-12-28 00:56:07,956 - pcp: Could not find `cid` for [H2BDC, DATRZ]
2024-12-28 00:56:08,295 - pcp: Could not find `cid` for [DMF/H2O (v/v = ]
2024-12-28 00:56:08,610 - pcp: Could not find `cid` for [0.02 M stock solution of copper nitrate]
2024-12-28 00:56:09,296 - pcp: Could not find `cid` for [TPOM]
2024-12-28 00:56:09,615 - pcp: Could not find `cid` for [DMF/H2O (1/2,]
2024-12-28 00:56:10,306 - pcp: Could not find `cid` for [DMF/H2O (4:2 vol]
2024-12-28 00:56:10,637 - pcp: Could not find `cid` for [Zn(NO3)2\u22a68]
2024-12-28 00:56:12,041 - pcp: Could not find `cid` for [water and acetonitrile]
2024-12-28 00:56:12,815 - pcp: Could not find `cid` for [DMF and H2O]
2024-12-28 00:56:13,129 - pcp: Could not find `cid` for [DMF/ethanol]
2024-12-28 00:56:13,465 - pcp: Could not find `cid` for [Li4btca]
2024-12-28 00:56:13,795 - pcp: Could not find `cid` for [DMF/MeOH/H2O (3]
2024-12-28 00:56:14,127 - pcp: Could not find `cid` for [Cd(NO3)2\\u22c5]
2024-12-28 00:56:14,465 - pcp: Could not find `cid` for [DMF\\\\u202fEtOH\\\\u]
2024-12-28 00:56:14,785 - pcp: Could not find `cid` for [H4qptc]
2024-12-28 00:56:15,111 - pcp: Could not find `cid` for [water/DMF (1:1)]
2024-12-28 00:56:15,429 - pcp: Could not find `cid` for [1-methyl-2-pyrrolidin]
2024-12-28 00:56:15,766 - pcp: Could not find `cid` for [1H-1,2,4-triaz]
2024-12-28 00:56:16,091 - pcp: Could not find `cid` for [bpz]
2024-12-28 00:56:16,428 - pcp: Could not find `cid` for [Na2C2O4, Cd(NO3]
2024-12-28 00:56:16,765 - pcp: Could not find `cid` for [H2TBA]
2024-12-28 00:56:17,097 - pcp: Could not find `cid` for [N,N\u2019-dimethylformamide]
2024-12-28 00:56:17,426 - pcp: Could not find `cid` for [H2btac]
2024-12-28 00:56:17,755 - pcp: Could not find `cid` for [ammonia (25 wt.%)]
2024-12-28 00:56:18,089 - pcp: Could not find `cid` for [H4PANAD]
2024-12-28 00:56:18,423 - pcp: Could not find `cid` for [DMF and ethanol]
2024-12-28 00:56:18,740 - pcp: Could not find `cid` for [Cd(NO3)2·4H2O]
2024-12-28 00:56:19,060 - pcp: Could not find `cid` for [H2L]
2024-12-28 00:56:19,396 - pcp: Could not find `cid` for [H2adi]
2024-12-28 00:56:19,714 - pcp: Could not find `cid` for [water\u2013ethanol]
2024-12-28 00:56:20,032 - pcp: Could not find `cid` for [pyrazine-2,3-dicar]
2024-12-28 00:56:20,365 - pcp: Could not find `cid` for [H3btc, InCl3, pyrid]
2024-12-28 00:56:21,098 - pcp: Could not find `cid` for [H3PMo12O40\\u202]
2024-12-28 00:56:21,433 - pcp: Could not find `cid` for [H2tda]
2024-12-28 00:56:21,764 - pcp: Could not find `cid` for [H3tci]
2024-12-28 00:56:22,099 - pcp: Could not find `cid` for [Cu(NO3)2·2.5H]
2024-12-28 00:56:22,435 - pcp: Could not find `cid` for [DMF/NMP/pyridine]
2024-12-28 00:56:22,766 - pcp: Could not find `cid` for [6 M HCl]
2024-12-28 00:56:23,085 - pcp: Could not find `cid` for [DMF (7.0 mL) and H]
2024-12-28 00:56:23,401 - pcp: Could not find `cid` for [18 M HNO3]
2024-12-28 00:56:23,739 - pcp: Could not find `cid` for [none]
2024-12-28 00:56:24,062 - pcp: Could not find `cid` for [H2O/1,4-dioxane]
2024-12-28 00:56:25,057 - pcp: Could not find `cid` for [H2L (21 mg, 0.]
2024-12-28 00:56:25,395 - pcp: Could not find `cid` for [Ytterbium(III) chloride hex]
2024-12-28 00:56:25,712 - pcp: Could not find `cid` for [Zn(NO3)2\u00b26]
2024-12-28 00:56:26,372 - pcp: Could not find `cid` for [H3L]
2024-12-28 00:56:26,704 - pcp: Could not find `cid` for [DMF-CH3OH]
2024-12-28 00:56:27,029 - pcp: Could not find `cid` for [acetonitrile, H2O]
2024-12-28 00:56:27,362 - pcp: Could not find `cid` for [Zn(NO3)2·6(H2]
2024-12-28 00:56:28,328 - pcp: Could not find `cid` for [Zn(Ac)2·2H2]
2024-12-28 00:56:28,720 - pcp: Could not find `cid` for [beneze]
2024-12-28 00:56:29,447 - pcp: Could not find `cid` for [H3BTC]
2024-12-28 00:56:29,786 - pcp: Could not find `cid` for [Na2S]
2024-12-28 00:56:30,108 - pcp: Could not find `cid` for [Cd(CH3COO)2·2H]
2024-12-28 00:56:30,444 - pcp: Could not find `cid` for [Zn(NO3)2\u00b62]
2024-12-28 00:56:30,760 - pcp: Could not find `cid` for [Mn(OAc)\u22124\u221]
2024-12-28 00:56:31,101 - pcp: Could not find `cid` for [DMF, H2O]
2024-12-28 00:56:31,418 - pcp: Could not find `cid` for [Ba(NO3)2 (31.36 mg]
2024-12-28 00:56:31,733 - pcp: Could not find `cid` for [H2O (5 mL) and DMF]
2024-12-28 00:56:32,052 - pcp: Could not find `cid` for [def/H2O]
2024-12-28 00:56:32,399 - pcp: Could not find `cid` for [H2pzbtz]
2024-12-28 00:56:32,737 - pcp: Could not find `cid` for [Cu(NO3)2.25 H2O]
2024-12-28 00:56:33,425 - pcp: Could not find `cid` for [Htrz]
2024-12-28 00:56:33,742 - pcp: Could not find `cid` for [H4MDIP]
2024-12-28 00:56:34,063 - pcp: Could not find `cid` for [DMF:H2O]
2024-12-28 00:56:34,798 - pcp: Could not find `cid` for [H3BTB]
2024-12-28 00:56:35,488 - pcp: Could not find `cid` for [DMF, EtOH (99%), water]
2024-12-28 00:56:35,804 - pcp: Could not find `cid` for [4,4\u2032-bipyridine]
2024-12-28 00:56:36,154 - pcp: Could not find `cid` for [Cu(NO3)2\u22c75H]
2024-12-28 00:56:36,495 - pcp: Could not find `cid` for [DMF, MeOH, H2O]
2024-12-28 00:56:36,826 - pcp: Could not find `cid` for [K2C2O4]
2024-12-28 00:56:37,162 - pcp: Could not find `cid` for [H2BPDC]
2024-12-28 00:56:37,480 - pcp: Could not find `cid` for [H4L4]
2024-12-28 00:56:37,815 - pcp: Could not find `cid` for [H3BTTC]
2024-12-28 00:56:38,479 - pcp: Could not find `cid` for [n-C4H10OH]
2024-12-28 00:56:38,816 - pcp: Could not find `cid` for [EtOH/H2O]
2024-12-28 00:56:39,135 - pcp: Could not find `cid` for [Co(Ac)\u221e4 H2]
2024-12-28 00:56:39,453 - pcp: Could not find `cid` for [3 mL DMF and 2 mL H2]
2024-12-28 00:56:39,790 - pcp: Could not find `cid` for [H2bdc]
2024-12-28 00:56:40,131 - pcp: Could not find `cid` for [pyridine-2,4,6-tr]
2024-12-28 00:56:40,449 - pcp: Could not find `cid` for [Zn(NO3)2\u22126H]
2024-12-28 00:56:40,771 - pcp: Could not find `cid` for [Co(NO3)2⋅6 H]
2024-12-28 00:56:41,103 - pcp: Could not find `cid` for [DMF,NMP]
2024-12-28 00:56:42,412 - pcp: Could not find `cid` for [Cu(NO3)2\u20252.5]
2024-12-28 00:56:42,725 - pcp: Could not find `cid` for [distilled H2O]
2024-12-28 00:56:43,046 - pcp: Could not find `cid` for [CuCl2\u20242H2O]
2024-12-28 00:56:43,392 - pcp: Could not find `cid` for [H2O/DMF/dioxane]
2024-12-28 00:56:43,735 - pcp: Could not find `cid` for [1.0 M HCl]
2024-12-28 00:56:44,096 - pcp: Could not find `cid` for [1,4-phenylenediprop]
2024-12-28 00:56:45,081 - pcp: Could not find `cid` for [InCl3\u202f4H2O]
2024-12-28 00:56:45,409 - pcp: Could not find `cid` for [water/CH3CN]
2024-12-28 00:56:45,743 - pcp: Could not find `cid` for [Tb(NO3)3]
2024-12-28 00:56:46,080 - pcp: Could not find `cid` for [Co(NO3)2·6H2O]
2024-12-28 00:56:46,394 - pcp: Could not find `cid` for [DMF/H2O (3:1,]
2024-12-28 00:56:46,727 - pcp: Could not find `cid` for [H3PIDC]
2024-12-28 00:56:47,050 - pcp: Could not find `cid` for [L]
2024-12-28 00:56:47,759 - pcp: Could not find `cid` for [Co(NO3)2 6H2O]
2024-12-28 00:56:48,073 - pcp: Could not find `cid` for [EtOH, H2O]
2024-12-28 00:56:48,394 - pcp: Could not find `cid` for [EtOH (5 ml), H2O (]
2024-12-28 00:56:48,732 - pcp: Could not find `cid` for [H3TCMTB]
2024-12-28 00:56:49,068 - pcp: Could not find `cid` for [N,N′-dimethylacetamide]
2024-12-28 00:56:49,405 - pcp: Could not find `cid` for [H3LMe]
2024-12-28 00:56:49,736 - pcp: Could not find `cid` for [HCl (2 M, 0.3]
2024-12-28 00:56:50,367 - pcp: Could not find `cid` for [H2nip]
2024-12-28 00:56:51,002 - pcp: Could not find `cid` for [H2O,CH3CH2OH]
2024-12-28 00:56:51,318 - pcp: Could not find `cid` for [H3TBOT]
2024-12-28 00:56:51,648 - pcp: Could not find `cid` for [DMF:NMP:FA]
2024-12-28 00:56:51,963 - pcp: Could not find `cid` for [H2BPDA]
2024-12-28 00:56:52,301 - pcp: Could not find `cid` for [H2O/DMF]
2024-12-28 00:56:53,001 - pcp: Could not find `cid` for [None]
2024-12-28 00:56:53,316 - pcp: Could not find `cid` for [N,N-dimethylformamide/EtOH]
2024-12-28 00:56:53,654 - pcp: Could not find `cid` for [H4L]
2024-12-28 00:56:53,997 - pcp: Could not find `cid` for [Sr(NO3)2]
2024-12-28 00:56:54,318 - pcp: Could not find `cid` for [H2O:DMF]
2024-12-28 00:56:54,658 - pcp: Could not find `cid` for [Eu(NO3)3·6H2O]
2024-12-28 00:56:54,987 - pcp: Could not find `cid` for [DMF/EtOH/MeCN/H2]
2024-12-28 00:56:55,303 - pcp: Could not find `cid` for [Me4NBr]
2024-12-28 00:56:55,631 - pcp: Could not find `cid` for [H2tdc (0.085 g,]
2024-12-28 00:56:56,297 - pcp: Could not find `cid` for [DMF/CH3COOH]
2024-12-28 00:56:56,612 - pcp: Could not find `cid` for [H2O/EtOH]
2024-12-28 00:56:56,944 - pcp: Could not find `cid` for [Cd(ClO4)2\u00b26]
2024-12-28 00:56:57,302 - pcp: Could not find `cid` for [5 mL distilled H2O]
2024-12-28 00:56:57,619 - pcp: Could not find `cid` for [CoSO4\u202f7 H2O]
2024-12-28 00:56:57,933 - pcp: Could not find `cid` for [DMF/H2O (6 mL/2]
2024-12-28 00:56:58,262 - pcp: Could not find `cid` for [Cd(NO3)2·6H2O]
2024-12-28 00:56:58,604 - pcp: Could not find `cid` for [DMF/H2O (2:1)]
2024-12-28 00:56:58,940 - pcp: Could not find `cid` for [H3btc]
2024-12-28 00:56:59,595 - pcp: Could not find `cid` for [H3BTT]
2024-12-28 00:56:59,925 - pcp: Could not find `cid` for [MeOH (2 mL) and CH3CN]
2024-12-28 00:57:00,245 - pcp: Could not find `cid` for [H2O (4 mL), MeOH (]
2024-12-28 00:57:00,581 - pcp: Could not find `cid` for [trans-chdc]
2024-12-28 00:57:01,281 - pcp: Could not find `cid` for [ammonia:MeCN]
2024-12-28 00:57:01,600 - pcp: Could not find `cid` for [DMF/MeCN/H2O (1]
2024-12-28 00:57:01,934 - pcp: Could not find `cid` for [H3TDA]
2024-12-28 00:57:02,567 - pcp: Could not find `cid` for [DMF, distilled water, ethanol]
2024-12-28 00:57:02,883 - pcp: Could not find `cid` for [bpmp]
2024-12-28 00:57:03,218 - pcp: Could not find `cid` for [Zn(NO3)2\u22c7]
2024-12-28 00:57:04,319 - pcp: Could not find `cid` for [Zn(OAc)2\u22c75]
2024-12-28 00:57:04,998 - pcp: Could not find `cid` for [H4BBTC]
2024-12-28 00:57:05,319 - pcp: Could not find `cid` for [DMF, methanol, HNO3]
2024-12-28 00:57:05,656 - pcp: Could not find `cid` for [DMF (6.0 mL) and H]
2024-12-28 00:57:05,974 - pcp: Could not find `cid` for [H3ABTC]
2024-12-28 00:57:06,292 - pcp: Could not find `cid` for [DMF (4 mL) and H2O]
2024-12-28 00:57:06,628 - pcp: Could not find `cid` for [H2C2O4\u00b72]
2024-12-28 00:57:06,942 - pcp: Could not find `cid` for [H3imda, 4,4′]
2024-12-28 00:57:07,277 - pcp: Could not find `cid` for [H2O/glycol (14:1]
2024-12-28 00:57:07,634 - pcp: Could not find `cid` for [CoCl2\\u00b26H2]
2024-12-28 00:57:07,965 - pcp: Could not find `cid` for [H2C2O4]
2024-12-28 00:57:08,281 - pcp: Could not find `cid` for [Cu(NO3)2\u22c5 ]
2024-12-28 00:57:08,958 - pcp: Could not find `cid` for [DMF/H2O (9/1,]
2024-12-28 00:57:09,307 - pcp: Could not find `cid` for [La(NO3)2\u00b26H]
2024-12-28 00:57:09,624 - pcp: Could not find `cid` for [DMSO/H2O]
2024-12-28 00:57:09,966 - pcp: Could not find `cid` for [ZnCl2]
2024-12-28 00:57:10,302 - pcp: Could not find `cid` for [Cu(NO3)2·3H2O]
2024-12-28 00:57:10,615 - pcp: Could not find `cid` for [DMF, methanol and H2O (]
2024-12-28 00:57:10,954 - pcp: Could not find `cid` for [H2O, HNO3]
2024-12-28 00:57:11,587 - pcp: Could not find `cid` for [4,5-Imidazoledicar]
2024-12-28 00:57:11,920 - pcp: Could not find `cid` for [H4BTeC]
2024-12-28 00:57:12,241 - pcp: Could not find `cid` for [DMF/EtOH/H2O (2]
2024-12-28 00:57:12,562 - pcp: Could not find `cid` for [CH3CH2OH/CH3OH]
2024-12-28 00:57:12,880 - pcp: Could not find `cid` for [0.139 g]
2024-12-28 00:57:13,191 - pcp: Could not find `cid` for [5.0 mL]
2024-12-28 00:57:13,529 - pcp: Could not find `cid` for [EtOH:H2O (v:v = ]
2024-12-28 00:57:13,919 - pcp: Could not find `cid` for [EtOH:H2O]
2024-12-28 00:57:14,249 - pcp: Could not find `cid` for [Cd(NO3)2\u22c75H]
2024-12-28 00:57:14,581 - pcp: Could not find `cid` for [DMF/CH3CH2OH/H2]
2024-12-28 00:57:14,898 - pcp: Could not find `cid` for [DMF,dioxane,H2O]
2024-12-28 00:57:15,558 - pcp: Could not find `cid` for [H4X]
2024-12-28 00:57:15,882 - pcp: Could not find `cid` for [0.016 g NaOH, 0.]
2024-12-28 00:57:16,218 - pcp: Could not find `cid` for [CH3CN/CH3OH/H2O]
2024-12-28 00:57:16,550 - pcp: Could not find `cid` for [DMF/MeOH/H2O]
2024-12-28 00:57:16,888 - pcp: Could not find `cid` for [Ni(ClO4)2]
2024-12-28 00:57:17,228 - pcp: Could not find `cid` for [water/ethanol]
2024-12-28 00:57:17,569 - pcp: Could not find `cid` for [NiCl2\u22c65H2O]
2024-12-28 00:57:18,302 - pcp: Could not find `cid` for [H2tdc (0.034 g,]
2024-12-28 00:57:18,638 - pcp: Could not find `cid` for [NaOH solution]
2024-12-28 00:57:18,958 - pcp: Could not find `cid` for [aqueous]
2024-12-28 00:57:19,290 - pcp: Could not find `cid` for [Mg(NO3)2·6H2]
2024-12-28 00:57:19,625 - pcp: Could not find `cid` for [DEF/H2O]
2024-12-28 00:57:19,960 - pcp: Could not find `cid` for [distilled water, ethanol]
2024-12-28 00:57:20,294 - pcp: Could not find `cid` for [H4L1]
2024-12-28 00:57:20,762 - pcp: Could not find `cid` for [H2O, MeCN]
2024-12-28 00:57:21,079 - pcp: Could not find `cid` for [timtz]
2024-12-28 00:57:21,770 - pcp: Could not find `cid` for [water and ethanol]
2024-12-28 00:57:22,108 - pcp: Could not find `cid` for [DMF, water]
2024-12-28 00:57:22,526 - pcp: Could not find `cid` for [dilute sodium hydroxide]
2024-12-28 00:57:22,839 - pcp: Could not find `cid` for [TEA]
2024-12-28 00:57:23,511 - pcp: Could not find `cid` for [H3btb]
2024-12-28 00:57:23,849 - pcp: Could not find `cid` for [Eu(NO3)3]
2024-12-28 00:57:24,490 - pcp: Could not find `cid` for [NaH2SIP]
2024-12-28 00:57:24,805 - pcp: Could not find `cid` for [Mn(CH3COO)2·4]
2024-12-28 00:57:25,489 - pcp: Could not find `cid` for [tcpcb]
2024-12-28 00:57:25,818 - pcp: Could not find `cid` for [NaHCOO\u2009\u00]
2024-12-28 00:57:26,130 - pcp: Could not find `cid` for [DMF/CH3CN]
2024-12-28 00:57:26,466 - pcp: Could not find `cid` for [Ba(NO3)2]
2024-12-28 00:57:26,800 - pcp: Could not find `cid` for [DMF, EtOH, H2O]
2024-12-28 00:57:27,130 - pcp: Could not find `cid` for [Dy(NO3)3·6H2]
2024-12-28 00:57:27,823 - pcp: Could not find `cid` for [Na2WO4\u20092H2O]
2024-12-28 00:57:28,170 - pcp: Could not find `cid` for [Zn(OAC)2\u00b22]
2024-12-28 00:57:28,511 - pcp: Could not find `cid` for [DPT]
2024-12-28 00:57:28,845 - pcp: Could not find `cid` for [CuCl2\u22c5\u22122]
2024-12-28 00:57:29,181 - pcp: Could not find `cid` for [DMF, acetonitrile and H2]
