2025-01-07 16:07:54,977 - pcp: Could not find `cid` for [IROXIDE]
2025-01-07 16:07:55,335 - pcp: Could not find `cid` for [assistant

DMF]
2025-01-07 16:07:55,685 - pcp: Could not find `cid` for [Oassistant

HNO3]
2025-01-07 16:07:56,051 - pcp: Could not find `cid` for [opassistant

NET]
2025-01-07 16:07:57,107 - pcp: Could not find `cid` for [Oassistant

None]
2025-01-07 16:07:58,132 - pcp: Could not find `cid` for [HassistantCHassistantassistant

DMF]
2025-01-07 16:07:58,484 - pcp: Could not find `cid` for [ATEETHYLUREAURIC TRIXUM]
2025-01-07 16:07:58,876 - pcp: Could not find `cid` for [XURANUM acidUREAropHY acid]
2025-01-07 16:07:59,236 - pcp: Could not find `cid` for [CNROXURANassistant

formic]
2025-01-07 16:07:59,578 - pcp: Could not find `cid` for [ATEUMUMUMYL]
2025-01-07 16:07:59,945 - pcp: Could not find `cid` for [opOassistant

None]
2025-01-07 16:08:00,296 - pcp: Could not find `cid` for [OHassistant

HNO3]
2025-01-07 16:08:00,998 - pcp: Could not find `cid` for [assistant

H2O]
2025-01-07 16:08:01,337 - pcp: Could not find `cid` for [ATEATE]
2025-01-07 16:08:01,682 - pcp: Could not find `cid` for [ATEassistant

None]
2025-01-07 16:08:02,048 - pcp: Could not find `cid` for [HassistantDMDEF]
2025-01-07 16:08:02,399 - pcp: Could not find `cid` for [ATEUMAC]
2025-01-07 16:08:03,113 - pcp: Could not find `cid` for [ONassistant

water]
2025-01-07 16:08:03,440 - pcp: Could not find `cid` for [IDE]
2025-01-07 16:08:03,767 - pcp: Could not find `cid` for [ATEHYDassistant

None]
2025-01-07 16:08:04,105 - pcp: Could not find `cid` for [ATEUMRUREAHYDYL]
2025-01-07 16:08:04,466 - pcp: Could not find `cid` for [OHassistant

SOH]
2025-01-07 16:08:04,838 - pcp: Could not find `cid` for [OHassistant

None]
2025-01-07 16:08:05,511 - pcp: Could not find `cid` for [Hassistantassistant

HNO3]
2025-01-07 16:08:05,899 - pcp: Could not find `cid` for [OHassistant

NaOH]
2025-01-07 16:08:06,243 - pcp: Could not find `cid` for [OHETHRICassistant

HBF4ET]
2025-01-07 16:08:06,601 - pcp: Could not find `cid` for [Sassistant

HCl]
2025-01-07 16:08:06,937 - pcp: Could not find `cid` for [ATEROXIDE]
2025-01-07 16:08:07,286 - pcp: Could not find `cid` for [ATEOUMIHY-DIMUMURAN]
2025-01-07 16:08:07,618 - pcp: Could not find `cid` for [assistant

120.0]
