2025-01-06 19:21:16,036 - pcp: Could not find `cid` for [120.0\n\n \n25.0]
2025-01-06 19:21:16,383 - pcp: Could not find `cid` for [DMF}}]\n{]
2025-01-06 19:21:16,771 - pcp: Could not find `cid` for [DMF\n\n 2Cl2}}}\]
2025-01-06 19:21:17,164 - pcp: Could not find `cid` for [DMF\n\n,]
2025-01-06 19:21:17,545 - pcp: Could not find `cid` for [None
atz}}]
{]
2025-01-06 19:21:17,932 - pcp: Could not find `cid` for [DMF\natz}}]\n{6.]
2025-01-06 19:21:18,333 - pcp: Could not find `cid` for [HCl}{]
2025-01-06 19:21:18,722 - pcp: Could not find `cid` for [water}\\\\\n{]
2025-01-06 19:21:19,248 - pcp: Could not find `cid` for [water\n\n }}}}120.0\n\n]
2025-01-06 19:21:19,669 - pcp: Could not find `cid` for [pyridene-2,8-DIAM]
2025-01-06 19:21:20,137 - pcp: Could not find `cid` for [DMF} \n{]
2025-01-06 19:21:20,661 - pcp: Could not find `cid` for [DMF}}]\n{120.0}}]
2025-01-06 19:21:21,076 - pcp: Could not find `cid` for [SODUMHYDROXIDE HYD]
2025-01-06 19:21:21,571 - pcp: Could not find `cid` for [None, 
211.0
, 
200]
2025-01-06 19:21:21,951 - pcp: Could not find `cid` for [H2O\n, \n200.0]
2025-01-06 19:21:22,334 - pcp: Could not find `cid` for [NH3}{4.5E}{2O]
2025-01-06 19:21:22,696 - pcp: Could not find `cid` for [NaOH}}\

{]
2025-01-06 19:21:23,051 - pcp: Could not find `cid` for [CH3CN}}\\\n\n{\\]
2025-01-06 19:21:23,410 - pcp: Could not find `cid` for [TRIETHYLAMINE}}R}
{]
2025-01-06 19:21:23,803 - pcp: Could not find `cid` for [H2O}}R}\n{2.]
2025-01-06 19:21:24,229 - pcp: Could not find `cid` for [H2O\n\n}}</C\n\n}},]
2025-01-06 19:21:24,602 - pcp: Could not find `cid` for [DMF\n\n}}>\n{3.]
2025-01-06 19:21:24,984 - pcp: Could not find `cid` for [water\n\n\n}}\n\nC\n]
2025-01-06 19:21:25,363 - pcp: Could not find `cid` for [DMeF}\n\n\n\n\n OR]
2025-01-06 19:21:25,746 - pcp: Could not find `cid` for [NaOH}}CyanoteO}{Oxy]
2025-01-06 19:21:26,114 - pcp: Could not find `cid` for [NITRIC ACID}}O\.phen]
2025-01-06 19:21:26,453 - pcp: Could not find `cid` for [H2O}}\\
.phen]
2025-01-06 19:21:26,787 - pcp: Could not find `cid` for [DMF\n\n}\\\n{uC]
2025-01-06 19:21:27,112 - pcp: Could not find `cid` for [HCl}{3.0
C}]
2025-01-06 19:21:27,458 - pcp: Could not find `cid` for [DMF}{1.0\nC} \]
2025-01-06 19:21:27,832 - pcp: Could not find `cid` for [NaOH}}]C, O, H2]
2025-01-06 19:21:28,195 - pcp: Could not find `cid` for [DMF\n\n120.0\n\nC]
2025-01-06 19:21:28,578 - pcp: Could not find `cid` for [NaOH}{}
{]
2025-01-06 19:21:28,928 - pcp: Could not find `cid` for [DMF}assistantn]
2025-01-06 19:21:29,275 - pcp: Could not find `cid` for [DMF\n]
2025-01-06 19:21:29,657 - pcp: Could not find `cid` for [None
ate HYDROXYIDE HYD]
2025-01-06 19:21:29,981 - pcp: Could not find `cid` for [DMF\nate HYDROXYIDE HY]
2025-01-06 19:21:30,324 - pcp: Could not find `cid` for [HNO3 
{]
2025-01-06 19:21:31,926 - pcp: Could not find `cid` for [SODUMIUM HYDROXIDE]
2025-01-06 19:21:32,293 - pcp: Could not find `cid` for [DMF\n\n\n\n\n\n\n\n]
2025-01-06 19:21:32,669 - pcp: Could not find `cid` for [DMF, 100.0
C},]
2025-01-06 19:21:33,018 - pcp: Could not find `cid` for [DMF\n\n\n\n\n\n ORTH]
2025-01-06 19:21:33,420 - pcp: Could not find `cid` for [DMF\n\n\n 65.00]
2025-01-06 19:21:33,783 - pcp: Could not find `cid` for [None}}]
{]
2025-01-06 19:21:34,118 - pcp: Could not find `cid` for [H2O}}]\n{C}}]\]
2025-01-06 19:21:34,795 - pcp: Could not find `cid` for [water\n \n H2O\n \n]
2025-01-06 19:21:35,128 - pcp: Could not find `cid` for [etoh\n\n}}{{h2o}}]
2025-01-06 19:21:35,460 - pcp: Could not find `cid` for [None

 100.0 100.]
2025-01-06 19:21:35,842 - pcp: Could not find `cid` for [H2O\n\n 100.0]
2025-01-06 19:21:36,227 - pcp: Could not find `cid` for [H2O}}\\\{}\n\n\n\n]
2025-01-06 19:21:36,574 - pcp: Could not find `cid` for [NITR8 8.0.000]
2025-01-06 19:21:36,929 - pcp: Could not find `cid` for [H2O}}]\\[{3.0}}]
2025-01-06 19:21:37,289 - pcp: Could not find `cid` for [water,}{]
2025-01-06 19:21:37,654 - pcp: Could not find `cid` for [celcosolve}}]\n{0.0]
2025-01-06 19:21:38,054 - pcp: Could not find `cid` for [water\n{</p>\nT.8]
2025-01-06 19:21:38,456 - pcp: Could not find `cid` for [HNO3,2.5M]
2025-01-06 19:21:38,790 - pcp: Could not find `cid` for [water\nataZnNoneO4e7]
2025-01-06 19:21:39,148 - pcp: Could not find `cid` for [DMF\n\n 1.00\n\n]
2025-01-06 19:21:39,499 - pcp: Could not find `cid` for [water\n\n\n\n\n\n\n OR]
