2024-12-29 23:07:46,048 - pcp: Could not find `cid` for [None]
2024-12-29 23:07:47,019 - pcp: Could not find `cid` for [DEA]
2024-12-29 23:07:47,354 - pcp: Could not find `cid` for [EtOH/H2O]
2024-12-29 23:07:47,687 - pcp: Could not find `cid` for [1,2-bis(4-pyrid]
2024-12-29 23:07:49,004 - pcp: Could not find `cid` for [DFH]
2024-12-29 23:07:49,323 - pcp: Could not find `cid` for [1-[(4-methylphenyl)sul]
2024-12-29 23:07:49,678 - pcp: Could not find `cid` for [DMF/H2O/C2H5OH]
2024-12-29 23:07:50,013 - pcp: Could not find `cid` for [H2tpa]
2024-12-29 23:07:50,330 - pcp: Could not find `cid` for [Gd(NO3)3⋅6]
2024-12-29 23:07:51,020 - pcp: Could not find `cid` for [HNO3 in EtOH]
2024-12-29 23:07:51,422 - pcp: Could not find `cid` for [pdp]
2024-12-29 23:07:51,756 - pcp: Could not find `cid` for [H3PZTC·2H2O]
2024-12-29 23:07:52,734 - pcp: Could not find `cid` for [Concentrated HNO3]
2024-12-29 23:07:53,393 - pcp: Could not find `cid` for [4,4′-bpy]
2024-12-29 23:07:53,715 - pcp: Could not find `cid` for [Htrz]
2024-12-29 23:07:54,053 - pcp: Could not find `cid` for [H6tL1]
2024-12-29 23:07:55,064 - pcp: Could not find `cid` for [MTAZ]
2024-12-29 23:07:55,400 - pcp: Could not find `cid` for [DMF/1,4-dioxane]
2024-12-29 23:07:56,072 - pcp: Could not find `cid` for [Hdatz]
2024-12-29 23:07:56,423 - pcp: Could not find `cid` for [H4SiW12O40·24H]
2024-12-29 23:07:56,766 - pcp: Could not find `cid` for [6 M HCl]
2024-12-29 23:07:57,115 - pcp: Could not find `cid` for [4,4'-(Bipy)]
2024-12-29 23:07:57,453 - pcp: Could not find `cid` for [N,N-diethylformamide (DEF)]
2024-12-29 23:07:57,791 - pcp: Could not find `cid` for [BIDPE]
2024-12-29 23:07:58,538 - pcp: Could not find `cid` for [Dy(NO3)3·6H2]
2024-12-29 23:07:58,879 - pcp: Could not find `cid` for [L]
2024-12-29 23:08:00,208 - pcp: Could not find `cid` for [ethyl glycol (EG)]
2024-12-29 23:08:00,550 - pcp: Could not find `cid` for [N,N\u2032-dimethylacetamide]
2024-12-29 23:08:01,552 - pcp: Could not find `cid` for [millipore water]
2024-12-29 23:08:02,547 - pcp: Could not find `cid` for [4,4\u2032-bpy]
2024-12-29 23:08:03,197 - pcp: Could not find `cid` for [N2H4·H2O]
2024-12-29 23:08:04,174 - pcp: Could not find `cid` for [Cd(NO3)2·4H2O]
2024-12-29 23:08:04,855 - pcp: Could not find `cid` for [H2O/EtOH]
2024-12-29 23:08:05,519 - pcp: Could not find `cid` for [Zn(NO3)2·6H2]
2024-12-29 23:08:05,855 - pcp: Could not find `cid` for [H2bdc,Htrz,Hbtr]
2024-12-29 23:08:06,192 - pcp: Could not find `cid` for [4,4\u2019-dpk]
2024-12-29 23:08:06,539 - pcp: Could not find `cid` for [distilled H2O]
2024-12-29 23:08:06,873 - pcp: Could not find `cid` for [azopy]
2024-12-29 23:08:07,191 - pcp: Could not find `cid` for [NH3·H2O]
2024-12-29 23:08:07,869 - pcp: Could not find `cid` for [Me4NBr]
2024-12-29 23:08:08,518 - pcp: Could not find `cid` for [N,N′-diethylformamide]
2024-12-29 23:08:09,510 - pcp: Could not find `cid` for [Hade]
2024-12-29 23:08:09,839 - pcp: Could not find `cid` for [N,N-dimethylformamide (DMF]
2024-12-29 23:08:10,499 - pcp: Could not find `cid` for [sodium 1,2,4-triaz]
2024-12-29 23:08:10,845 - pcp: Could not find `cid` for [EtOH:H2O]
2024-12-29 23:08:11,178 - pcp: Could not find `cid` for [H3PMo12O40]
2024-12-29 23:08:11,487 - pcp: Could not find `cid` for [2 M HCl]
2024-12-29 23:08:12,805 - pcp: Could not find `cid` for [Cu(PyenH2)(NO3)2]
2024-12-29 23:08:13,126 - pcp: Could not find `cid` for [bpfp]
2024-12-29 23:08:13,452 - pcp: Could not find `cid` for [Cu(NO3)2·2.5H]
2024-12-29 23:08:13,810 - pcp: Could not find `cid` for [benzene-p-dicarboxylic]
2024-12-29 23:08:15,249 - pcp: Could not find `cid` for [[(CH3)4N]OH]
2024-12-29 23:08:15,586 - pcp: Could not find `cid` for [Et4NOH]
2024-12-29 23:08:15,906 - pcp: Could not find `cid` for [H3BTT]
2024-12-29 23:08:16,924 - pcp: Could not find `cid` for [5-cyano-1,3-ben]
2024-12-29 23:08:17,580 - pcp: Could not find `cid` for [Co(NO3)2·6H2O]
2024-12-29 23:08:17,916 - pcp: Could not find `cid` for [Hatz]
2024-12-29 23:08:18,257 - pcp: Could not find `cid` for [H4btec]
2024-12-29 23:08:18,945 - pcp: Could not find `cid` for [bpz]
2024-12-29 23:08:19,266 - pcp: Could not find `cid` for [Hpba]
2024-12-29 23:08:19,593 - pcp: Could not find `cid` for [N,N–dimethylformamide]
2024-12-29 23:08:19,916 - pcp: Could not find `cid` for [NaAc·3H2O]
2024-12-29 23:08:20,234 - pcp: Could not find `cid` for [H3PIDC]
2024-12-29 23:08:20,569 - pcp: Could not find `cid` for [TRZ]
2024-12-29 23:08:20,903 - pcp: Could not find `cid` for [DMF/H2O]
2024-12-29 23:08:21,236 - pcp: Could not find `cid` for [concentrated nitric acid]
2024-12-29 23:08:21,555 - pcp: Could not find `cid` for [bpdc]
2024-12-29 23:08:21,891 - pcp: Could not find `cid` for [TPOM]
2024-12-29 23:08:22,246 - pcp: Could not find `cid` for [KH3L1]
2024-12-29 23:08:22,567 - pcp: Could not find `cid` for [Concentrated nitric acid]
2024-12-29 23:08:22,898 - pcp: Could not find `cid` for [distilled water and ethanol]
2024-12-29 23:08:23,243 - pcp: Could not find `cid` for [H3BTB]
2024-12-29 23:08:24,273 - pcp: Could not find `cid` for [ZnF2·4H2O]
2024-12-29 23:08:24,619 - pcp: Could not find `cid` for [H2Tart]
2024-12-29 23:08:24,953 - pcp: Could not find `cid` for [H3imda]
2024-12-29 23:08:25,651 - pcp: Could not find `cid` for [concentrated HCl]
2024-12-29 23:08:25,990 - pcp: Could not find `cid` for [3-dpye]
2024-12-29 23:08:26,321 - pcp: Could not find `cid` for [NaOH solution]
2024-12-29 23:08:26,652 - pcp: Could not find `cid` for [Cu(NO3)2·3H2O]
2024-12-29 23:08:27,852 - pcp: Could not find `cid` for [H3BPT]
2024-12-29 23:08:28,165 - pcp: Could not find `cid` for [40% HBF4]
2024-12-29 23:08:28,504 - pcp: Could not find `cid` for [N,N\'-dimethylaniline]
2024-12-29 23:08:29,198 - pcp: Could not find `cid` for [1-methyl-2-pyrrolidin]
2024-12-29 23:08:29,871 - pcp: Could not find `cid` for [triethylenediamine (TEDA]
2024-12-29 23:08:30,218 - pcp: Could not find `cid` for [N, N\u2032-diethylformamide]
2024-12-29 23:08:31,276 - pcp: Could not find `cid` for [NaOH or KOH]
2024-12-29 23:08:33,004 - pcp: Could not find `cid` for [Li4btca]
2024-12-29 23:08:33,339 - pcp: Could not find `cid` for [1:1 ethanol/H2O solution]
2024-12-29 23:08:33,684 - pcp: Could not find `cid` for [NH4VO3]
2024-12-29 23:08:34,029 - pcp: Could not find `cid` for [H2hfipbb, bpdab]
2024-12-29 23:08:34,343 - pcp: Could not find `cid` for [timtz]
2024-12-29 23:08:34,992 - pcp: Could not find `cid` for [di(3-pyridylmethyl)]
2024-12-29 23:08:35,331 - pcp: Could not find `cid` for [DPT]
2024-12-29 23:08:35,977 - pcp: Could not find `cid` for [Aqueous solution]
2024-12-29 23:08:36,303 - pcp: Could not find `cid` for [TEA]
2024-12-29 23:08:36,637 - pcp: Could not find `cid` for [DMF/DMSO]
2024-12-29 23:08:36,957 - pcp: Could not find `cid` for [Na2S]
2024-12-29 23:08:37,596 - pcp: Could not find `cid` for [0.1 M HCl]
2024-12-29 23:08:38,391 - pcp: Could not find `cid` for [H2BDC]
2024-12-29 23:08:38,703 - pcp: Could not find `cid` for [DMF/H2O (v/v =]
2024-12-29 23:08:39,034 - pcp: Could not find `cid` for [CH3N(CH3)4OH]
2024-12-29 23:08:40,337 - pcp: Could not find `cid` for [2,2\u2032-bipyridine]
2024-12-29 23:08:40,662 - pcp: Could not find `cid` for [H3bpt]
2024-12-29 23:08:40,983 - pcp: Could not find `cid` for [Hdmtrz]
2024-12-29 23:08:41,299 - pcp: Could not find `cid` for [N,N‐dimethyl acetamide]
2024-12-29 23:08:41,625 - pcp: Could not find `cid` for [Hpza]
2024-12-29 23:08:41,962 - pcp: Could not find `cid` for [Hmtz]
2024-12-29 23:08:42,638 - pcp: Could not find `cid` for [Hbta]
2024-12-29 23:08:42,970 - pcp: Could not find `cid` for [Co(NH3)6Cl3]
2024-12-29 23:08:43,309 - pcp: Could not find `cid` for [HCl (aq)]
2024-12-29 23:08:43,977 - pcp: Could not find `cid` for [NH3\u22c5H2O]
2024-12-29 23:08:44,611 - pcp: Could not find `cid` for [H3tci]
2024-12-29 23:08:44,951 - pcp: Could not find `cid` for [TMBTA]
2024-12-29 23:08:46,265 - pcp: Could not find `cid` for [bztpy]
2024-12-29 23:08:47,257 - pcp: Could not find `cid` for [sodium acetate buffer]
2024-12-29 23:08:47,592 - pcp: Could not find `cid` for [4,4\u00b4-bipyrid]
2024-12-29 23:08:47,938 - pcp: Could not find `cid` for [4′,4-bipy]
2024-12-29 23:08:48,619 - pcp: Could not find `cid` for [Py]
2024-12-29 23:08:48,981 - pcp: Could not find `cid` for [bimb]
2024-12-29 23:08:49,323 - pcp: Could not find `cid` for [CH3CN/H2O]
2024-12-29 23:08:49,660 - pcp: Could not find `cid` for [Hdpt24]
2024-12-29 23:08:50,331 - pcp: Could not find `cid` for [2,5-pyridinedicarbox]
2024-12-29 23:08:50,654 - pcp: Could not find `cid` for [Ca(NO3)2·4H2O]
2024-12-29 23:08:51,008 - pcp: Could not find `cid` for [bimh]
2024-12-29 23:08:51,325 - pcp: Could not find `cid` for [N,N′‐dimethylformamide,ac]
2024-12-29 23:08:51,642 - pcp: Could not find `cid` for [KI]
2024-12-29 23:08:51,962 - pcp: Could not find `cid` for [Co(NO3)\u22126 H2O]
2024-12-29 23:08:52,725 - pcp: Could not find `cid` for [H2C2O4]
2024-12-29 23:08:53,855 - pcp: Could not find `cid` for [pyridine-2,5-dicar]
2024-12-29 23:08:54,173 - pcp: Could not find `cid` for [btpe]
2024-12-29 23:08:54,512 - pcp: Could not find `cid` for [diisopropylanmine]
2024-12-29 23:08:54,860 - pcp: Could not find `cid` for [bimx]
2024-12-29 23:08:55,200 - pcp: Could not find `cid` for [bpydbH2]
2024-12-29 23:08:55,573 - pcp: Could not find `cid` for [4-abpt]
2024-12-29 23:08:56,236 - pcp: Could not find `cid` for [NH2(CH3)2]+,]
2024-12-29 23:08:56,921 - pcp: Could not find `cid` for [N(n-C4H9)4Cl]
2024-12-29 23:08:57,265 - pcp: Could not find `cid` for [4,4′-bipyridine]
2024-12-29 23:08:57,592 - pcp: Could not find `cid` for [H3PIMDC]
2024-12-29 23:08:57,931 - pcp: Could not find `cid` for [CoCl2·6H2O]
2024-12-29 23:08:58,250 - pcp: Could not find `cid` for [H3IDC]
2024-12-29 23:08:58,590 - pcp: Could not find `cid` for [Ni(ClO4)2 \u22c]
2024-12-29 23:08:59,559 - pcp: Could not find `cid` for [NiCl2\u00b26H2O]
2024-12-29 23:08:59,881 - pcp: Could not find `cid` for [2,2′-bipyridine-]
2024-12-29 23:09:00,245 - pcp: Could not find `cid` for [5-amino-benzene-1,2]
2024-12-29 23:09:00,560 - pcp: Could not find `cid` for [LiOH·H2O]
2024-12-29 23:09:02,003 - pcp: Could not find `cid` for [Hbtz]
2024-12-29 23:09:02,338 - pcp: Could not find `cid` for [PTAZ]
2024-12-29 23:09:03,303 - pcp: Could not find `cid` for [o-phenanthroline (o-Ph]
2024-12-29 23:09:04,125 - pcp: Could not find `cid` for [1 M NaOH]
2024-12-29 23:09:04,461 - pcp: Could not find `cid` for [H2O/CH3OH]
2024-12-29 23:09:05,126 - pcp: Could not find `cid` for [Hpza and HCOONa·2H]
2024-12-29 23:09:05,469 - pcp: Could not find `cid` for [4,4\'-bipyridyl]
2024-12-29 23:09:05,810 - pcp: Could not find `cid` for [water/methanol]
2024-12-29 23:09:06,127 - pcp: Could not find `cid` for [H3BTT·2HCl·H]
2024-12-29 23:09:06,456 - pcp: Could not find `cid` for [TAAP]
2024-12-29 23:09:06,794 - pcp: Could not find `cid` for [H2O/MeCN]
2024-12-29 23:09:07,814 - pcp: Could not find `cid` for [N(CH3)4·Br]
2024-12-29 23:09:08,500 - pcp: Could not find `cid` for [enMe]
2024-12-29 23:09:09,130 - pcp: Could not find `cid` for [dpdo]
2024-12-29 23:09:09,467 - pcp: Could not find `cid` for [H2nbc]
2024-12-29 23:09:09,810 - pcp: Could not find `cid` for [HFP]
2024-12-29 23:09:10,132 - pcp: Could not find `cid` for [Mg(NO3)2·6H2]
2024-12-29 23:09:10,465 - pcp: Could not find `cid` for [N,N′-dimethylformamide]
2024-12-29 23:09:10,799 - pcp: Could not find `cid` for [H2bpca]
2024-12-29 23:09:11,158 - pcp: Could not find `cid` for [H2hfipbb]
2024-12-29 23:09:12,317 - pcp: Could not find `cid` for [FeTCPPCl]
2024-12-29 23:09:13,125 - pcp: Could not find `cid` for [tetrahydrofuran (THF)]
2024-12-29 23:09:13,797 - pcp: Could not find `cid` for [Zn(NO3)2⋅6]
2024-12-29 23:09:14,139 - pcp: Could not find `cid` for [H2fum]
