2024-12-27 20:01:22,768 - pcp: Could not find `cid` for [DMF/H2O (3 mL, ]
2024-12-27 20:01:23,401 - pcp: Could not find `cid` for [H3TMBTC]
2024-12-27 20:01:23,734 - pcp: Could not find `cid` for [EtOH:H2O (1:1)]
2024-12-27 20:01:24,048 - pcp: Could not find `cid` for [Co(NO3)⋅6 H2]
2024-12-27 20:01:24,388 - pcp: Could not find `cid` for [N,N\u02b0-methylformamide]
2024-12-27 20:01:24,727 - pcp: Could not find `cid` for [H2BDC]
2024-12-27 20:01:25,705 - pcp: Could not find `cid` for [DMF/H2O]
2024-12-27 20:01:26,022 - pcp: Could not find `cid` for [Zn(NO3)2\u22c6]
2024-12-27 20:01:26,445 - pcp: Could not find `cid` for [EtOH/DMF]
2024-12-27 20:01:26,790 - pcp: Could not find `cid` for [H4BDDC]
2024-12-27 20:01:27,105 - pcp: Could not find `cid` for [DMF (1 mL), EtOH (0]
2024-12-27 20:01:27,470 - pcp: Could not find `cid` for [Tb(NO3)3·5H2]
2024-12-27 20:01:27,794 - pcp: Could not find `cid` for [KH2TDA]
2024-12-27 20:01:28,125 - pcp: Could not find `cid` for [dmurea]
2024-12-27 20:01:28,478 - pcp: Could not find `cid` for [water and MeOH]
2024-12-27 20:01:28,811 - pcp: Could not find `cid` for [Cu(NO3)2\u20233H2]
2024-12-27 20:01:29,153 - pcp: Could not find `cid` for [DMF, methanol, H2O (]
2024-12-27 20:01:29,468 - pcp: Could not find `cid` for [H2O/CH3OH]
2024-12-27 20:01:29,804 - pcp: Could not find `cid` for [H2O/CH3OH = 3]
2024-12-27 20:01:30,124 - pcp: Could not find `cid` for [DMF/EtOH]
2024-12-27 20:01:30,451 - pcp: Could not find `cid` for [Zn(NO3)2·6H2]
2024-12-27 20:01:30,800 - pcp: Could not find `cid` for [KH3L1]
2024-12-27 20:01:31,114 - pcp: Could not find `cid` for [DMF: H2O]
2024-12-27 20:01:31,465 - pcp: Could not find `cid` for [CdBr2\u00b4\u20042]
2024-12-27 20:01:32,439 - pcp: Could not find `cid` for [methanol/water (V1:1)]
2024-12-27 20:01:33,118 - pcp: Could not find `cid` for [1.5 ml benzene and 0.]
2024-12-27 20:01:33,448 - pcp: Could not find `cid` for [Co(NO3)2\u20226H2]
2024-12-27 20:01:33,764 - pcp: Could not find `cid` for [N,N-Dimethyl Formamide (DMF]
2024-12-27 20:01:34,085 - pcp: Could not find `cid` for [H4L2]
2024-12-27 20:01:34,398 - pcp: Could not find `cid` for [Hta (21.0 mg, 0]
2024-12-27 20:01:34,759 - pcp: Could not find `cid` for [doubly deionized water (8.]
2024-12-27 20:01:35,091 - pcp: Could not find `cid` for [CdSO4\u22128/3H]
2024-12-27 20:01:36,090 - pcp: Could not find `cid` for [DMF:6 M HCl (1.]
2024-12-27 20:01:36,448 - pcp: Could not find `cid` for [CdCl2·2.5H2O]
2024-12-27 20:01:36,788 - pcp: Could not find `cid` for [biyi]
2024-12-27 20:01:37,105 - pcp: Could not find `cid` for [water:dmf=1:1]
2024-12-27 20:01:37,757 - pcp: Could not find `cid` for [water-ACN]
2024-12-27 20:01:38,076 - pcp: Could not find `cid` for [H3BPT]
2024-12-27 20:01:38,399 - pcp: Could not find `cid` for [NaOH (3 mg), KOH (4]
2024-12-27 20:01:38,745 - pcp: Could not find `cid` for [N,N-dimethylacetamide/methanol]
2024-12-27 20:01:39,074 - pcp: Could not find `cid` for [PTAZ]
2024-12-27 20:01:39,699 - pcp: Could not find `cid` for [Mn(NO3)2·4H2]
2024-12-27 20:01:40,352 - pcp: Could not find `cid` for [0.029 g, 0.10 mm]
2024-12-27 20:01:40,685 - pcp: Could not find `cid` for [NH2(CH3)2Cl]
2024-12-27 20:01:41,024 - pcp: Could not find `cid` for [H4EBTC]
2024-12-27 20:01:41,360 - pcp: Could not find `cid` for [H2BDC, DATRZ]
2024-12-27 20:01:41,696 - pcp: Could not find `cid` for [DMF/H2O (v/v = ]
2024-12-27 20:01:42,028 - pcp: Could not find `cid` for [0.02 M stock solution of copper nitrate]
2024-12-27 20:01:42,766 - pcp: Could not find `cid` for [TPOM]
2024-12-27 20:01:43,086 - pcp: Could not find `cid` for [DMF/H2O (1/2,]
2024-12-27 20:01:43,747 - pcp: Could not find `cid` for [DMF/H2O (4:2 vol]
2024-12-27 20:01:44,086 - pcp: Could not find `cid` for [Zn(NO3)2\u22a68]
2024-12-27 20:01:45,398 - pcp: Could not find `cid` for [water and acetonitrile]
2024-12-27 20:01:46,034 - pcp: Could not find `cid` for [DMF and H2O]
2024-12-27 20:01:46,351 - pcp: Could not find `cid` for [DMF/ethanol]
2024-12-27 20:01:46,689 - pcp: Could not find `cid` for [Li4btca]
2024-12-27 20:01:47,028 - pcp: Could not find `cid` for [DMF/MeOH/H2O (3]
2024-12-27 20:01:47,367 - pcp: Could not find `cid` for [Cd(NO3)2\\u22c5]
2024-12-27 20:01:47,684 - pcp: Could not find `cid` for [DMF\\\\u202fEtOH\\\\u]
2024-12-27 20:01:48,018 - pcp: Could not find `cid` for [H4qptc]
2024-12-27 20:01:48,348 - pcp: Could not find `cid` for [water/DMF (1:1)]
2024-12-27 20:01:48,677 - pcp: Could not find `cid` for [1-methyl-2-pyrrolidin]
2024-12-27 20:01:48,994 - pcp: Could not find `cid` for [1H-1,2,4-triaz]
2024-12-27 20:01:49,330 - pcp: Could not find `cid` for [bpz]
2024-12-27 20:01:49,666 - pcp: Could not find `cid` for [Na2C2O4, Cd(NO3]
2024-12-27 20:01:49,999 - pcp: Could not find `cid` for [H2TBA]
2024-12-27 20:01:50,338 - pcp: Could not find `cid` for [N,N\u2019-dimethylformamide]
2024-12-27 20:01:50,654 - pcp: Could not find `cid` for [H2btac]
2024-12-27 20:01:50,993 - pcp: Could not find `cid` for [ammonia (25 wt.%)]
2024-12-27 20:01:51,327 - pcp: Could not find `cid` for [H4PANAD]
2024-12-27 20:01:51,647 - pcp: Could not find `cid` for [DMF and ethanol]
2024-12-27 20:01:51,963 - pcp: Could not find `cid` for [Cd(NO3)2·4H2O]
2024-12-27 20:01:52,297 - pcp: Could not find `cid` for [H2L]
2024-12-27 20:01:52,614 - pcp: Could not find `cid` for [H2adi]
2024-12-27 20:01:52,997 - pcp: Could not find `cid` for [water\u2013ethanol]
2024-12-27 20:01:53,344 - pcp: Could not find `cid` for [pyrazine-2,3-dicar]
2024-12-27 20:01:53,659 - pcp: Could not find `cid` for [H3btc, InCl3, pyrid]
2024-12-27 20:01:54,395 - pcp: Could not find `cid` for [H3PMo12O40\\u202]
2024-12-27 20:01:54,733 - pcp: Could not find `cid` for [H2tda]
2024-12-27 20:01:55,048 - pcp: Could not find `cid` for [H3tci]
2024-12-27 20:01:55,369 - pcp: Could not find `cid` for [Cu(NO3)2·2.5H]
2024-12-27 20:01:55,703 - pcp: Could not find `cid` for [DMF/NMP/pyridine]
2024-12-27 20:01:56,037 - pcp: Could not find `cid` for [6 M HCl]
2024-12-27 20:01:56,348 - pcp: Could not find `cid` for [DMF (7.0 mL) and H]
2024-12-27 20:01:56,690 - pcp: Could not find `cid` for [18 M HNO3]
2024-12-27 20:01:57,012 - pcp: Could not find `cid` for [none]
2024-12-27 20:01:57,332 - pcp: Could not find `cid` for [H2O/1,4-dioxane]
2024-12-27 20:01:58,374 - pcp: Could not find `cid` for [H2L (21 mg, 0.]
2024-12-27 20:01:58,706 - pcp: Could not find `cid` for [Ytterbium(III) chloride hex]
2024-12-27 20:01:59,038 - pcp: Could not find `cid` for [Zn(NO3)2\u00b26]
2024-12-27 20:01:59,696 - pcp: Could not find `cid` for [H3L]
2024-12-27 20:02:00,024 - pcp: Could not find `cid` for [DMF-CH3OH]
2024-12-27 20:02:00,380 - pcp: Could not find `cid` for [acetonitrile, H2O]
2024-12-27 20:02:00,713 - pcp: Could not find `cid` for [Zn(NO3)2·6(H2]
2024-12-27 20:02:01,696 - pcp: Could not find `cid` for [Zn(Ac)2·2H2]
2024-12-27 20:02:02,020 - pcp: Could not find `cid` for [beneze]
2024-12-27 20:02:02,652 - pcp: Could not find `cid` for [H3BTC]
2024-12-27 20:02:02,969 - pcp: Could not find `cid` for [Na2S]
2024-12-27 20:02:03,286 - pcp: Could not find `cid` for [Cd(CH3COO)2·2H]
2024-12-27 20:02:03,623 - pcp: Could not find `cid` for [Zn(NO3)2\u00b62]
2024-12-27 20:02:03,949 - pcp: Could not find `cid` for [Mn(OAc)\u22124\u221]
2024-12-27 20:02:04,284 - pcp: Could not find `cid` for [DMF, H2O]
2024-12-27 20:02:04,601 - pcp: Could not find `cid` for [Ba(NO3)2 (31.36 mg]
2024-12-27 20:02:04,920 - pcp: Could not find `cid` for [H2O (5 mL) and DMF]
2024-12-27 20:02:05,278 - pcp: Could not find `cid` for [def/H2O]
2024-12-27 20:02:05,655 - pcp: Could not find `cid` for [H2pzbtz]
2024-12-27 20:02:05,994 - pcp: Could not find `cid` for [Cu(NO3)2.25 H2O]
2024-12-27 20:02:06,662 - pcp: Could not find `cid` for [Htrz]
2024-12-27 20:02:07,026 - pcp: Could not find `cid` for [H4MDIP]
2024-12-27 20:02:07,354 - pcp: Could not find `cid` for [DMF:H2O]
2024-12-27 20:02:08,096 - pcp: Could not find `cid` for [H3BTB]
2024-12-27 20:02:08,762 - pcp: Could not find `cid` for [DMF, EtOH (99%), water]
2024-12-27 20:02:09,090 - pcp: Could not find `cid` for [4,4\u2032-bipyridine]
2024-12-27 20:02:09,408 - pcp: Could not find `cid` for [Cu(NO3)2\u22c75H]
2024-12-27 20:02:09,738 - pcp: Could not find `cid` for [DMF, MeOH, H2O]
2024-12-27 20:02:10,083 - pcp: Could not find `cid` for [K2C2O4]
2024-12-27 20:02:10,435 - pcp: Could not find `cid` for [H2BPDC]
2024-12-27 20:02:10,779 - pcp: Could not find `cid` for [H4L4]
2024-12-27 20:02:11,112 - pcp: Could not find `cid` for [H3BTTC]
2024-12-27 20:02:11,811 - pcp: Could not find `cid` for [n-C4H10OH]
2024-12-27 20:02:12,148 - pcp: Could not find `cid` for [EtOH/H2O]
2024-12-27 20:02:12,476 - pcp: Could not find `cid` for [Co(Ac)\u221e4 H2]
2024-12-27 20:02:12,810 - pcp: Could not find `cid` for [3 mL DMF and 2 mL H2]
2024-12-27 20:02:13,145 - pcp: Could not find `cid` for [H2bdc]
2024-12-27 20:02:13,490 - pcp: Could not find `cid` for [pyridine-2,4,6-tr]
2024-12-27 20:02:13,824 - pcp: Could not find `cid` for [Zn(NO3)2\u22126H]
2024-12-27 20:02:14,171 - pcp: Could not find `cid` for [Co(NO3)2⋅6 H]
2024-12-27 20:02:14,504 - pcp: Could not find `cid` for [DMF,NMP]
2024-12-27 20:02:15,821 - pcp: Could not find `cid` for [Cu(NO3)2\u20252.5]
2024-12-27 20:02:16,169 - pcp: Could not find `cid` for [distilled H2O]
2024-12-27 20:02:16,487 - pcp: Could not find `cid` for [CuCl2\u20242H2O]
2024-12-27 20:02:16,823 - pcp: Could not find `cid` for [H2O/DMF/dioxane]
2024-12-27 20:02:17,136 - pcp: Could not find `cid` for [1.0 M HCl]
2024-12-27 20:02:17,474 - pcp: Could not find `cid` for [1,4-phenylenediprop]
2024-12-27 20:02:18,484 - pcp: Could not find `cid` for [InCl3\u202f4H2O]
2024-12-27 20:02:18,809 - pcp: Could not find `cid` for [water/CH3CN]
2024-12-27 20:02:19,145 - pcp: Could not find `cid` for [Tb(NO3)3]
2024-12-27 20:02:19,459 - pcp: Could not find `cid` for [Co(NO3)2·6H2O]
2024-12-27 20:02:19,793 - pcp: Could not find `cid` for [DMF/H2O (3:1,]
2024-12-27 20:02:20,112 - pcp: Could not find `cid` for [H3PIDC]
2024-12-27 20:02:20,456 - pcp: Could not find `cid` for [L]
2024-12-27 20:02:21,089 - pcp: Could not find `cid` for [Co(NO3)2 6H2O]
2024-12-27 20:02:21,423 - pcp: Could not find `cid` for [EtOH, H2O]
2024-12-27 20:02:21,735 - pcp: Could not find `cid` for [EtOH (5 ml), H2O (]
2024-12-27 20:02:22,053 - pcp: Could not find `cid` for [H3TCMTB]
2024-12-27 20:02:22,419 - pcp: Could not find `cid` for [N,N′-dimethylacetamide]
2024-12-27 20:02:22,738 - pcp: Could not find `cid` for [H3LMe]
2024-12-27 20:02:23,057 - pcp: Could not find `cid` for [HCl (2 M, 0.3]
2024-12-27 20:02:23,742 - pcp: Could not find `cid` for [H2nip]
2024-12-27 20:02:24,476 - pcp: Could not find `cid` for [H2O,CH3CH2OH]
2024-12-27 20:02:24,905 - pcp: Could not find `cid` for [H3TBOT]
2024-12-27 20:02:25,225 - pcp: Could not find `cid` for [DMF:NMP:FA]
2024-12-27 20:02:25,542 - pcp: Could not find `cid` for [H2BPDA]
2024-12-27 20:02:25,876 - pcp: Could not find `cid` for [H2O/DMF]
2024-12-27 20:02:26,510 - pcp: Could not find `cid` for [None]
2024-12-27 20:02:26,849 - pcp: Could not find `cid` for [N,N-dimethylformamide/EtOH]
2024-12-27 20:02:27,163 - pcp: Could not find `cid` for [H4L]
2024-12-27 20:02:27,485 - pcp: Could not find `cid` for [Sr(NO3)2]
2024-12-27 20:02:27,813 - pcp: Could not find `cid` for [H2O:DMF]
2024-12-27 20:02:28,131 - pcp: Could not find `cid` for [Eu(NO3)3·6H2O]
2024-12-27 20:02:28,479 - pcp: Could not find `cid` for [DMF/EtOH/MeCN/H2]
2024-12-27 20:02:28,802 - pcp: Could not find `cid` for [Me4NBr]
2024-12-27 20:02:29,154 - pcp: Could not find `cid` for [H2tdc (0.085 g,]
2024-12-27 20:02:29,804 - pcp: Could not find `cid` for [DMF/CH3COOH]
2024-12-27 20:02:30,119 - pcp: Could not find `cid` for [H2O/EtOH]
2024-12-27 20:02:30,453 - pcp: Could not find `cid` for [Cd(ClO4)2\u00b26]
2024-12-27 20:02:30,801 - pcp: Could not find `cid` for [5 mL distilled H2O]
2024-12-27 20:02:31,116 - pcp: Could not find `cid` for [CoSO4\u202f7 H2O]
2024-12-27 20:02:31,426 - pcp: Could not find `cid` for [DMF/H2O (6 mL/2]
2024-12-27 20:02:31,768 - pcp: Could not find `cid` for [Cd(NO3)2·6H2O]
2024-12-27 20:02:32,084 - pcp: Could not find `cid` for [DMF/H2O (2:1)]
2024-12-27 20:02:32,433 - pcp: Could not find `cid` for [H3btc]
2024-12-27 20:02:33,073 - pcp: Could not find `cid` for [H3BTT]
2024-12-27 20:02:33,454 - pcp: Could not find `cid` for [MeOH (2 mL) and CH3CN]
2024-12-27 20:02:33,771 - pcp: Could not find `cid` for [H2O (4 mL), MeOH (]
2024-12-27 20:02:34,107 - pcp: Could not find `cid` for [trans-chdc]
2024-12-27 20:02:34,771 - pcp: Could not find `cid` for [ammonia:MeCN]
2024-12-27 20:02:35,088 - pcp: Could not find `cid` for [DMF/MeCN/H2O (1]
2024-12-27 20:02:35,426 - pcp: Could not find `cid` for [H3TDA]
2024-12-27 20:02:36,331 - pcp: Could not find `cid` for [DMF, distilled water, ethanol]
2024-12-27 20:02:36,669 - pcp: Could not find `cid` for [bpmp]
2024-12-27 20:02:37,000 - pcp: Could not find `cid` for [Zn(NO3)2\u22c7]
2024-12-27 20:02:38,193 - pcp: Could not find `cid` for [Zn(OAc)2\u22c75]
2024-12-27 20:02:38,844 - pcp: Could not find `cid` for [H4BBTC]
2024-12-27 20:02:39,207 - pcp: Could not find `cid` for [DMF, methanol, HNO3]
2024-12-27 20:02:39,567 - pcp: Could not find `cid` for [DMF (6.0 mL) and H]
2024-12-27 20:02:39,902 - pcp: Could not find `cid` for [H3ABTC]
2024-12-27 20:02:40,237 - pcp: Could not find `cid` for [DMF (4 mL) and H2O]
2024-12-27 20:02:40,557 - pcp: Could not find `cid` for [H2C2O4\u00b72]
2024-12-27 20:02:40,870 - pcp: Could not find `cid` for [H3imda, 4,4′]
2024-12-27 20:02:41,208 - pcp: Could not find `cid` for [H2O/glycol (14:1]
2024-12-27 20:02:41,528 - pcp: Could not find `cid` for [CoCl2\\u00b26H2]
2024-12-27 20:02:41,857 - pcp: Could not find `cid` for [H2C2O4]
2024-12-27 20:02:42,193 - pcp: Could not find `cid` for [Cu(NO3)2\u22c5 ]
2024-12-27 20:02:42,851 - pcp: Could not find `cid` for [DMF/H2O (9/1,]
2024-12-27 20:02:43,186 - pcp: Could not find `cid` for [La(NO3)2\u00b26H]
2024-12-27 20:02:43,533 - pcp: Could not find `cid` for [DMSO/H2O]
2024-12-27 20:02:43,869 - pcp: Could not find `cid` for [ZnCl2]
2024-12-27 20:02:44,188 - pcp: Could not find `cid` for [Cu(NO3)2·3H2O]
2024-12-27 20:02:44,523 - pcp: Could not find `cid` for [DMF, methanol and H2O (]
2024-12-27 20:02:44,836 - pcp: Could not find `cid` for [H2O, HNO3]
2024-12-27 20:02:45,542 - pcp: Could not find `cid` for [4,5-Imidazoledicar]
2024-12-27 20:02:45,873 - pcp: Could not find `cid` for [H4BTeC]
2024-12-27 20:02:46,220 - pcp: Could not find `cid` for [DMF/EtOH/H2O (2]
2024-12-27 20:02:46,534 - pcp: Could not find `cid` for [CH3CH2OH/CH3OH]
2024-12-27 20:02:46,869 - pcp: Could not find `cid` for [0.139 g]
2024-12-27 20:02:47,206 - pcp: Could not find `cid` for [5.0 mL]
2024-12-27 20:02:47,524 - pcp: Could not find `cid` for [EtOH:H2O (v:v = ]
2024-12-27 20:02:47,862 - pcp: Could not find `cid` for [EtOH:H2O]
2024-12-27 20:02:48,203 - pcp: Could not find `cid` for [Cd(NO3)2\u22c75H]
2024-12-27 20:02:48,520 - pcp: Could not find `cid` for [DMF/CH3CH2OH/H2]
2024-12-27 20:02:48,842 - pcp: Could not find `cid` for [DMF,dioxane,H2O]
2024-12-27 20:02:49,495 - pcp: Could not find `cid` for [H4X]
2024-12-27 20:02:49,824 - pcp: Could not find `cid` for [0.016 g NaOH, 0.]
2024-12-27 20:02:50,162 - pcp: Could not find `cid` for [CH3CN/CH3OH/H2O]
2024-12-27 20:02:50,477 - pcp: Could not find `cid` for [DMF/MeOH/H2O]
2024-12-27 20:02:50,813 - pcp: Could not find `cid` for [Ni(ClO4)2]
2024-12-27 20:02:51,129 - pcp: Could not find `cid` for [water/ethanol]
2024-12-27 20:02:51,459 - pcp: Could not find `cid` for [NiCl2\u22c65H2O]
2024-12-27 20:02:52,107 - pcp: Could not find `cid` for [H2tdc (0.034 g,]
2024-12-27 20:02:52,429 - pcp: Could not find `cid` for [NaOH solution]
2024-12-27 20:02:52,750 - pcp: Could not find `cid` for [aqueous]
2024-12-27 20:02:53,083 - pcp: Could not find `cid` for [Mg(NO3)2·6H2]
2024-12-27 20:02:53,413 - pcp: Could not find `cid` for [DEF/H2O]
2024-12-27 20:02:53,744 - pcp: Could not find `cid` for [distilled water, ethanol]
2024-12-27 20:02:54,084 - pcp: Could not find `cid` for [H4L1]
2024-12-27 20:02:54,399 - pcp: Could not find `cid` for [H2O, MeCN]
2024-12-27 20:02:54,716 - pcp: Could not find `cid` for [timtz]
2024-12-27 20:02:55,383 - pcp: Could not find `cid` for [water and ethanol]
2024-12-27 20:02:55,726 - pcp: Could not find `cid` for [DMF, water]
2024-12-27 20:02:56,063 - pcp: Could not find `cid` for [dilute sodium hydroxide]
2024-12-27 20:02:56,771 - pcp: Could not find `cid` for [TEA]
2024-12-27 20:02:57,601 - pcp: Could not find `cid` for [H3btb]
2024-12-27 20:02:57,945 - pcp: Could not find `cid` for [Eu(NO3)3]
2024-12-27 20:02:58,629 - pcp: Could not find `cid` for [NaH2SIP]
2024-12-27 20:02:58,961 - pcp: Could not find `cid` for [Mn(CH3COO)2·4]
2024-12-27 20:02:59,614 - pcp: Could not find `cid` for [tcpcb]
2024-12-27 20:02:59,956 - pcp: Could not find `cid` for [NaHCOO\u2009\u00]
2024-12-27 20:03:00,269 - pcp: Could not find `cid` for [DMF/CH3CN]
2024-12-27 20:03:00,599 - pcp: Could not find `cid` for [Ba(NO3)2]
2024-12-27 20:03:00,915 - pcp: Could not find `cid` for [DMF, EtOH, H2O]
2024-12-27 20:03:01,252 - pcp: Could not find `cid` for [Dy(NO3)3·6H2]
2024-12-27 20:03:01,879 - pcp: Could not find `cid` for [Na2WO4\u20092H2O]
2024-12-27 20:03:02,194 - pcp: Could not find `cid` for [Zn(OAC)2\u00b22]
2024-12-27 20:03:02,520 - pcp: Could not find `cid` for [DPT]
2024-12-27 20:03:02,835 - pcp: Could not find `cid` for [CuCl2\u22c5\u22122]
2024-12-27 20:03:03,149 - pcp: Could not find `cid` for [DMF, acetonitrile and H2]
2024-12-27 20:03:03,486 - pcp: Could not find `cid` for [H4MTB]
2024-12-27 20:03:03,809 - pcp: Could not find `cid` for [DMF, C2H5OH, H]
2024-12-27 20:03:04,138 - pcp: Could not find `cid` for [2 drops of HNO3 (0.1]
2024-12-27 20:03:04,480 - pcp: Could not find `cid` for [DMF (5 mL)]
2024-12-27 20:03:04,816 - pcp: Could not find `cid` for [H2SBA]
2024-12-27 20:03:05,139 - pcp: Could not find `cid` for [NH4+ as anion]
2024-12-27 20:03:05,807 - pcp: Could not find `cid` for [Zn(CH3COO)2·2]
2024-12-27 20:03:06,122 - pcp: Could not find `cid` for [Cd(ClO4)2\u22126H]
2024-12-27 20:03:06,774 - pcp: Could not find `cid` for [Cu(NO3)2·2.5 H]
2024-12-27 20:03:07,092 - pcp: Could not find `cid` for [dmf/H2O (3 mL/1]
2024-12-27 20:03:07,415 - pcp: Could not find `cid` for [H2pdc, Na2MoO4]
2024-12-27 20:03:07,730 - pcp: Could not find `cid` for [aqueous mixture]
2024-12-27 20:03:08,077 - pcp: Could not find `cid` for [CuI (4.76 mg, 0]
2024-12-27 20:03:08,410 - pcp: Could not find `cid` for [DMF and 1 mL of CH3CN]
2024-12-27 20:03:08,746 - pcp: Could not find `cid` for [MnCl2·4H2O]
2024-12-27 20:03:09,397 - pcp: Could not find `cid` for [H4DBIP]
2024-12-27 20:03:10,053 - pcp: Could not find `cid` for [H3PMo12O40\u00b]
2024-12-27 20:03:10,408 - pcp: Could not find `cid` for [pyridine-2,5-dicar]
2024-12-27 20:03:10,725 - pcp: Could not find `cid` for [DMF:EtOH=2:1]
2024-12-27 20:03:11,055 - pcp: Could not find `cid` for [DMF, CH3OH]
2024-12-27 20:03:11,683 - pcp: Could not find `cid` for [MeCN/H2O]
2024-12-27 20:03:12,000 - pcp: Could not find `cid` for [Zn(NO3)2·6 H2]
2024-12-27 20:03:12,334 - pcp: Could not find `cid` for [DMF/C2H5OH/H2O]
2024-12-27 20:03:12,654 - pcp: Could not find `cid` for [Cd(NO3)2\\u00b74]
2024-12-27 20:03:13,023 - pcp: Could not find `cid` for [THF/H2O]
2024-12-27 20:03:13,342 - pcp: Could not find `cid` for [Hatz]
2024-12-27 20:03:13,685 - pcp: Could not find `cid` for [[(CH3)2NH (40%)]]
2024-12-27 20:03:14,025 - pcp: Could not find `cid` for [DMF (2 mL) and EtOH (]
2024-12-27 20:03:14,346 - pcp: Could not find `cid` for [N,N\u2032-dimethylformamide]
2024-12-27 20:03:14,665 - pcp: Could not find `cid` for [DMF--ethanol--water]
2024-12-27 20:03:14,981 - pcp: Could not find `cid` for [H2dcbpy]
2024-12-27 20:03:15,315 - pcp: Could not find `cid` for [DMF/CH3OH/H2O (]
2024-12-27 20:03:15,628 - pcp: Could not find `cid` for [H4abtc]
2024-12-27 20:03:15,965 - pcp: Could not find `cid` for [an aliquot of HNO3 in EtOH]
2024-12-27 20:03:16,301 - pcp: Could not find `cid` for [bfbpdcH2]
2024-12-27 20:03:16,967 - pcp: Could not find `cid` for [MeCN:H2O (4:2,]
2024-12-27 20:03:17,641 - pcp: Could not find `cid` for [NaOH or KOH (10 mol·l]
2024-12-27 20:03:17,972 - pcp: Could not find `cid` for [H2O/ethanol (v:v =]
2024-12-27 20:03:18,300 - pcp: Could not find `cid` for [v:v =]
2024-12-27 20:03:18,636 - pcp: Could not find `cid` for [Zn(OAc)2\*H2]
2024-12-27 20:03:18,980 - pcp: Could not find `cid` for [one drop of 6N HNO3]
2024-12-27 20:03:19,314 - pcp: Could not find `cid` for [Cd(NO3)2\u00b44H]
2024-12-27 20:03:19,976 - pcp: Could not find `cid` for [H6L2]
2024-12-27 20:03:20,312 - pcp: Could not find `cid` for [DMF:water]
2024-12-27 20:03:20,652 - pcp: Could not find `cid` for [H4ABTC]
2024-12-27 20:03:20,967 - pcp: Could not find `cid` for [DMF/ethanol/H2O]
2024-12-27 20:03:21,303 - pcp: Could not find `cid` for [H4ATC]
2024-12-27 20:03:21,649 - pcp: Could not find `cid` for [CuCl2\u20252H2O (]
2024-12-27 20:03:21,967 - pcp: Could not find `cid` for [H2O and CH3CN]
2024-12-27 20:03:22,283 - pcp: Could not find `cid` for [distilled water and ethanol]
2024-12-27 20:03:22,606 - pcp: Could not find `cid` for [8 mL]
2024-12-27 20:03:22,952 - pcp: Could not find `cid` for [water and CH3CN]
2024-12-27 20:03:23,278 - pcp: Could not find `cid` for [Eu(NO3)3·5H2O]
2024-12-27 20:03:23,587 - pcp: Could not find `cid` for [DMF, ethanol, H2O]
2024-12-27 20:03:23,917 - pcp: Could not find `cid` for [H3CMPEIP]
2024-12-27 20:03:24,231 - pcp: Could not find `cid` for [H3L2 (0.04 g,]
2024-12-27 20:03:24,566 - pcp: Could not find `cid` for [water and 0.2 mL of Et4]
2024-12-27 20:03:24,901 - pcp: Could not find `cid` for [Dy2O3]
2024-12-27 20:03:25,631 - pcp: Could not find `cid` for [sodium acetate buffer]
2024-12-27 20:03:25,954 - pcp: Could not find `cid` for [LiOH·H2O]
2024-12-27 20:03:26,273 - pcp: Could not find `cid` for [CuCl2·2H2O]
2024-12-27 20:03:26,594 - pcp: Could not find `cid` for [melitic acid]
2024-12-27 20:03:26,901 - pcp: Could not find `cid` for [H2NDC]
2024-12-27 20:03:27,570 - pcp: Could not find `cid` for [7.5 mL]
2024-12-27 20:03:28,284 - pcp: Could not find `cid` for [2,6-\u00b0naph]
2024-12-27 20:03:28,606 - pcp: Could not find `cid` for [dmf/CH3OH]
2024-12-27 20:03:28,947 - pcp: Could not find `cid` for [H12L]
2024-12-27 20:03:29,276 - pcp: Could not find `cid` for [Cu(NO3)2\u20096 H2]
2024-12-27 20:03:29,611 - pcp: Could not find `cid` for [TAAP]
2024-12-27 20:03:29,972 - pcp: Could not find `cid` for [water\u2013ethanol (2:1]
2024-12-27 20:03:30,631 - pcp: Could not find `cid` for [H2pdc]
2024-12-27 20:03:30,942 - pcp: Could not find `cid` for [Cu(NO3)2\u20222.5]
2024-12-27 20:03:31,279 - pcp: Could not find `cid` for [DMF/EtOH/pyridine (1]
2024-12-27 20:03:31,610 - pcp: Could not find `cid` for [CoCl2·6H2O]
2024-12-27 20:03:31,945 - pcp: Could not find `cid` for [formic acid solution (88%)]
2024-12-27 20:03:32,259 - pcp: Could not find `cid` for [DMF/H2O/C2H5OH]
2024-12-27 20:03:32,593 - pcp: Could not find `cid` for [H3BCPBA]
2024-12-27 20:03:34,623 - pcp: Could not find `cid` for [H2O, EtOH, DMF]
2024-12-27 20:03:34,960 - pcp: Could not find `cid` for [DMF (1 mL), N(Et)]
2024-12-27 20:03:35,307 - pcp: Could not find `cid` for [H4btec (0.1 mmol]
2024-12-27 20:03:35,641 - pcp: Could not find `cid` for [DMF, MeOH]
2024-12-27 20:03:35,984 - pcp: Could not find `cid` for [ZnSO4\u00b77H2]
2024-12-27 20:03:36,306 - pcp: Could not find `cid` for [In(NO3)3\\u202f4]
2024-12-27 20:03:36,625 - pcp: Could not find `cid` for [HCOOH, DMF, DEF]
2024-12-27 20:03:36,949 - pcp: Could not find `cid` for [H2O/MeCN]
2024-12-27 20:03:37,280 - pcp: Could not find `cid` for [DMF/MeCN/H2O]
2024-12-27 20:03:37,615 - pcp: Could not find `cid` for [DMF, methanol, water]
2024-12-27 20:03:38,280 - pcp: Could not find `cid` for [tetrahydrofuran (THF)]
2024-12-27 20:03:38,612 - pcp: Could not find `cid` for [H4BTEC]
2024-12-27 20:03:38,946 - pcp: Could not find `cid` for [DMF and EtOH]
2024-12-27 20:03:39,639 - pcp: Could not find `cid` for [N,N-dimethylformamide (DMF]
2024-12-27 20:03:39,991 - pcp: Could not find `cid` for [1,3,5-benzenetricar]
2024-12-27 20:03:40,349 - pcp: Could not find `cid` for [N,N'-dimethylformamide (DMF]
2024-12-27 20:03:40,667 - pcp: Could not find `cid` for [3 drops of concentrated nitric acid]
2024-12-27 20:03:40,986 - pcp: Could not find `cid` for [Ni(NO3)2·6H2O]
2024-12-27 20:03:41,642 - pcp: Could not find `cid` for [ZnSO4\u00b72H2]
2024-12-27 20:03:41,964 - pcp: Could not find `cid` for [Co(CH3COO)2\u22c]
2024-12-27 20:03:42,296 - pcp: Could not find `cid` for [pDBI]
2024-12-27 20:03:42,617 - pcp: Could not find `cid` for [0.384 g of magnesium nitrate hexahy]
2024-12-27 20:03:42,953 - pcp: Could not find `cid` for [water (3 mL)]
2024-12-27 20:03:43,281 - pcp: Could not find `cid` for [H5bpbc]
2024-12-27 20:03:43,959 - pcp: Could not find `cid` for [doubly deionized water]
2024-12-27 20:03:44,291 - pcp: Could not find `cid` for [N,N\\u2032-dimethylform]
2024-12-27 20:03:44,649 - pcp: Could not find `cid` for [H3PMo12O40\u2009]
2024-12-27 20:03:44,969 - pcp: Could not find `cid` for [1 M HNO3]
2024-12-27 20:03:45,335 - pcp: Could not find `cid` for [DMF-C2H5OH-H2O]
2024-12-27 20:03:45,652 - pcp: Could not find `cid` for [DMF/DMSO (10 mL, v]
2024-12-27 20:03:46,316 - pcp: Could not find `cid` for [H4BCBAIP]
2024-12-27 20:03:47,295 - pcp: Could not find `cid` for [0.50 mL of a 1.0]
2024-12-27 20:03:47,625 - pcp: Could not find `cid` for [H8TBCB]
2024-12-27 20:03:48,601 - pcp: Could not find `cid` for [aqueous solution]
2024-12-27 20:03:48,920 - pcp: Could not find `cid` for [10 mL]
2024-12-27 20:03:49,256 - pcp: Could not find `cid` for [H3PMo12O40]
2024-12-27 20:03:49,577 - pcp: Could not find `cid` for [H2BDC (83 mg, 0]
2024-12-27 20:03:49,907 - pcp: Could not find `cid` for [4,4\u2032-bipy]
2024-12-27 20:03:50,237 - pcp: Could not find `cid` for [CH3N2CH3]
2024-12-27 20:03:51,585 - pcp: Could not find `cid` for [H4btadpa]
2024-12-27 20:03:52,318 - pcp: Could not find `cid` for [Dy(NO3)3\\u2026]
2024-12-27 20:03:52,993 - pcp: Could not find `cid` for [DMF:EtOH]
2024-12-27 20:03:53,318 - pcp: Could not find `cid` for [H4L1 (20.3 mg,]
2024-12-27 20:03:53,654 - pcp: Could not find `cid` for [H2O (10 mL)]
2024-12-27 20:03:53,991 - pcp: Could not find `cid` for [NH2–H3BTB]
2024-12-27 20:03:54,318 - pcp: Could not find `cid` for [DMF/EtOH/H2O]
2024-12-27 20:03:54,646 - pcp: Could not find `cid` for [mineralization triethylamine]
2024-12-27 20:03:54,965 - pcp: Could not find `cid` for [DMF/MeOH/H2O/DMS]
2024-12-27 20:03:55,278 - pcp: Could not find `cid` for [H4TADIP]
2024-12-27 20:03:55,640 - pcp: Could not find `cid` for [NiCl2\u20226H2O]
2024-12-27 20:03:55,962 - pcp: Could not find `cid` for [N,N\'-dimethylformamide (DM]
2024-12-27 20:03:56,287 - pcp: Could not find `cid` for [Cu(NO3)2\u00b23H]
2024-12-27 20:03:56,622 - pcp: Could not find `cid` for [DEF/MeOH]
2024-12-27 20:03:56,955 - pcp: Could not find `cid` for [Zn(Ac)2\u20222]
2024-12-27 20:03:57,286 - pcp: Could not find `cid` for [100 μL of 6 mol L−1]
2024-12-27 20:03:57,602 - pcp: Could not find `cid` for [DMF (1.5 mL), CH3]
2024-12-27 20:03:57,924 - pcp: Could not find `cid` for [H2pt]
2024-12-27 20:03:58,260 - pcp: Could not find `cid` for [Cu(NO3)2\\u00b72]
2024-12-27 20:03:58,602 - pcp: Could not find `cid` for [BIDPE]
2024-12-27 20:03:58,976 - pcp: Could not find `cid` for [1,3-bis(4-pyrid]
2024-12-27 20:03:59,291 - pcp: Could not find `cid` for [dpdo]
2024-12-27 20:03:59,612 - pcp: Could not find `cid` for [Ni(NO3)2\\u00b6]
2024-12-27 20:03:59,957 - pcp: Could not find `cid` for [1:1 (v/v) mixture of meth]
2024-12-27 20:04:00,912 - pcp: Could not find `cid` for [Teflon reactor]
2024-12-27 20:04:01,230 - pcp: Could not find `cid` for [H2btdc]
2024-12-27 20:04:01,565 - pcp: Could not find `cid` for [Cd(ClO4)2\u20226H]
2024-12-27 20:04:01,900 - pcp: Could not find `cid` for [CH3OH/H2O]
2024-12-27 20:04:02,587 - pcp: Could not find `cid` for [H2sdba]
2024-12-27 20:04:02,913 - pcp: Could not find `cid` for [CH3OH DMF]
2024-12-27 20:04:03,228 - pcp: Could not find `cid` for [10 mL aqueous solution]
2024-12-27 20:04:03,572 - pcp: Could not find `cid` for [H4ptptc]
2024-12-27 20:04:03,972 - pcp: Could not find `cid` for [1,9-\u2009diamin]
2024-12-27 20:04:04,308 - pcp: Could not find `cid` for [Zn(NO3)·6H2O]
2024-12-27 20:04:04,642 - pcp: Could not find `cid` for [N,N\u2032-diethylformamide (]
2024-12-27 20:04:04,960 - pcp: Could not find `cid` for [DMF/H2O (1:3)]
2024-12-27 20:04:05,314 - pcp: Could not find `cid` for [H2O and DMF]
2024-12-27 20:04:05,639 - pcp: Could not find `cid` for [DMF/1,4-dioxane]
2024-12-27 20:04:05,969 - pcp: Could not find `cid` for [v/v = 2:1]
2024-12-27 20:04:06,285 - pcp: Could not find `cid` for [H2dpt24]
2024-12-27 20:04:06,644 - pcp: Could not find `cid` for [DMF+MeOH]
2024-12-27 20:04:07,626 - pcp: Could not find `cid` for [Zn(Ac)2\u20226H]
2024-12-27 20:04:07,965 - pcp: Could not find `cid` for [o-phenanthroline (o-Ph]
2024-12-27 20:04:08,296 - pcp: Could not find `cid` for [Cu(ClO4)2\u20226H]
2024-12-27 20:04:08,635 - pcp: Could not find `cid` for [aqueous solution of AgPF6]
2024-12-27 20:04:08,978 - pcp: Could not find `cid` for [DMF/H2O (6 mL, ]
2024-12-27 20:04:09,314 - pcp: Could not find `cid` for [H3BTC, FeCl3, TMA]
2024-12-27 20:04:09,630 - pcp: Could not find `cid` for [DEF/EG/Toluene]
2024-12-27 20:04:09,974 - pcp: Could not find `cid` for [CuCl2\u22c5H2O]
2024-12-27 20:04:10,338 - pcp: Could not find `cid` for [DMF and CH3CN]
2024-12-27 20:04:10,673 - pcp: Could not find `cid` for [H2Tart]
2024-12-27 20:04:11,020 - pcp: Could not find `cid` for [FeTCP-Cl]
2024-12-27 20:04:11,383 - pcp: Could not find `cid` for [N,N-diethylformamide (DEF)]
2024-12-27 20:04:11,727 - pcp: Could not find `cid` for [In(NO3)3·5H2O]
2024-12-27 20:04:12,041 - pcp: Could not find `cid` for [H2O and EtOH]
2024-12-27 20:04:12,386 - pcp: Could not find `cid` for [Zn(OAc)2\u00027H]
2024-12-27 20:04:12,705 - pcp: Could not find `cid` for [Cu(NO3)2⋅3H]
2024-12-27 20:04:13,044 - pcp: Could not find `cid` for [DMF, EtOH (abs.), pyrid]
2024-12-27 20:04:13,362 - pcp: Could not find `cid` for [H4BTC]
2024-12-27 20:04:13,693 - pcp: Could not find `cid` for [H2bdc, pyrazine, N]
2024-12-27 20:04:14,029 - pcp: Could not find `cid` for [N,N-dimethylacetamide, methanol]
2024-12-27 20:04:14,349 - pcp: Could not find `cid` for [DMF:NMP:pyridine]
2024-12-27 20:04:14,664 - pcp: Could not find `cid` for [bpdc]
2024-12-27 20:04:15,025 - pcp: Could not find `cid` for [DMF: DMSO=10:2]
2024-12-27 20:04:15,357 - pcp: Could not find `cid` for [H2bpca]
2024-12-27 20:04:15,688 - pcp: Could not find `cid` for [H2fum]
2024-12-27 20:04:16,033 - pcp: Could not find `cid` for [1,3,5-triazine-2]
2024-12-27 20:04:16,371 - pcp: Could not find `cid` for [2,5-dihydroxyterephthal]
2024-12-27 20:04:16,697 - pcp: Could not find `cid` for [Qu-H3L]
2024-12-27 20:04:17,082 - pcp: Could not find `cid` for [DMF/methanol/H2O = ]
2024-12-27 20:04:17,745 - pcp: Could not find `cid` for [4-abpt]
2024-12-27 20:04:18,075 - pcp: Could not find `cid` for [H2O, DMF]
2024-12-27 20:04:18,409 - pcp: Could not find `cid` for [DMF/NMP]
2024-12-27 20:04:18,740 - pcp: Could not find `cid` for [H2nip (0.1 mmol),]
2024-12-27 20:04:19,144 - pcp: Could not find `cid` for [7.5 mL v/v = 1:]
2024-12-27 20:04:19,474 - pcp: Could not find `cid` for [imineodiacetic acid]
2024-12-27 20:04:19,808 - pcp: Could not find `cid` for [L3-H8]
2024-12-27 20:04:20,128 - pcp: Could not find `cid` for [DMF, H2O, HCl]
2024-12-27 20:04:20,443 - pcp: Could not find `cid` for [DEA and ethanol]
2024-12-27 20:04:20,780 - pcp: Could not find `cid` for [Co(CH3COO)2\u20214]
2024-12-27 20:04:21,108 - pcp: Could not find `cid` for [EtOH/H2O (1:1)]
2024-12-27 20:04:21,469 - pcp: Could not find `cid` for [ammonia solution (25% to 28]
2024-12-27 20:04:21,807 - pcp: Could not find `cid` for [H2O (3 mL) and DMF]
2024-12-27 20:04:22,139 - pcp: Could not find `cid` for [Na2bdc]
2024-12-27 20:04:23,738 - pcp: Could not find `cid` for [bztpy]
2024-12-27 20:04:24,063 - pcp: Could not find `cid` for [Zn(NO3)2\\u20226]
2024-12-27 20:04:24,409 - pcp: Could not find `cid` for [DEF/EtOH/H2O (8 mL]
2024-12-27 20:04:24,727 - pcp: Could not find `cid` for [H2hfipbb]
2024-12-27 20:04:25,072 - pcp: Could not find `cid` for [bmib]
2024-12-27 20:04:25,404 - pcp: Could not find `cid` for [H3BTN (8.3 mg, ]
2024-12-27 20:04:25,772 - pcp: Could not find `cid` for [N,N\u2019-diethylformamide (]
2024-12-27 20:04:26,169 - pcp: Could not find `cid` for [H3IDC]
2024-12-27 20:04:26,799 - pcp: Could not find `cid` for [H3BTC, d-Serine, D]
2024-12-27 20:04:27,128 - pcp: Could not find `cid` for [DMF, dioxane, H2O]
2024-12-27 20:04:27,448 - pcp: Could not find `cid` for [HFP]
2024-12-27 20:04:28,492 - pcp: Could not find `cid` for [DMF/ethanol (1/4,]
2024-12-27 20:04:28,824 - pcp: Could not find `cid` for [NH3·H2O]
2024-12-27 20:04:29,167 - pcp: Could not find `cid` for [DMF/H2O (3/1,]
2024-12-27 20:04:29,500 - pcp: Could not find `cid` for [La(NO3)3\u00b66H]
2024-12-27 20:04:29,817 - pcp: Could not find `cid` for [NaH2sip]
2024-12-27 20:04:30,159 - pcp: Could not find `cid` for [CH3OH, H2O]
2024-12-27 20:04:30,522 - pcp: Could not find `cid` for [Eu(NO3)3 6H2O]
2024-12-27 20:04:30,852 - pcp: Could not find `cid` for [2,2\u2030-bipyridine]
2024-12-27 20:04:31,186 - pcp: Could not find `cid` for [DMF: DMSO: H2O]
2024-12-27 20:04:31,858 - pcp: Could not find `cid` for [Cd(OAc)2\u00b72H]
2024-12-27 20:04:32,178 - pcp: Could not find `cid` for [Zn(NO3)2\u207a6]
2024-12-27 20:04:32,504 - pcp: Could not find `cid` for [10.00 g]
2024-12-27 20:04:32,844 - pcp: Could not find `cid` for [5-cyano-1,3-ben]
2024-12-27 20:04:33,771 - pcp: Could not find `cid` for [H2TPPS]
2024-12-27 20:04:34,094 - pcp: Could not find `cid` for [40% HBF4]
2024-12-27 20:04:34,849 - pcp: Could not find `cid` for [DMF: H2O: MeOH =]
2024-12-27 20:04:35,236 - pcp: Could not find `cid` for [bimb]
2024-12-27 20:04:35,888 - pcp: Could not find `cid` for [Zn(NO3)2\\u2009]
2024-12-27 20:04:36,210 - pcp: Could not find `cid` for [bpdc and bpNDI]
2024-12-27 20:04:36,530 - pcp: Could not find `cid` for [Zn(NO3)2\\u00b]
2024-12-27 20:04:36,845 - pcp: Could not find `cid` for [DMF (5 mL) and chlorobenz]
2024-12-27 20:04:37,161 - pcp: Could not find `cid` for [H6tL1]
2024-12-27 20:04:37,820 - pcp: Could not find `cid` for [Hbtz]
2024-12-27 20:04:38,136 - pcp: Could not find `cid` for [16.0 mL]
2024-12-27 20:04:38,473 - pcp: Could not find `cid` for [50% (CH3)4NOH solution]
2024-12-27 20:04:39,116 - pcp: Could not find `cid` for [4,4\u2032-bipyridyl]
2024-12-27 20:04:39,438 - pcp: Could not find `cid` for [water/methanol mixture]
2024-12-27 20:04:39,770 - pcp: Could not find `cid` for [H2atpa]
2024-12-27 20:04:40,109 - pcp: Could not find `cid` for [H2pydc, triethylamine]
2024-12-27 20:04:40,438 - pcp: Could not find `cid` for [Tb(NO3)3·6 H2]
2024-12-27 20:04:40,769 - pcp: Could not find `cid` for [H2O/CH3CN]
2024-12-27 20:04:41,103 - pcp: Could not find `cid` for [H3pdc, CuCO3.Cu]
2024-12-27 20:04:41,786 - pcp: Could not find `cid` for [DMF/H2O (10 mL, ]
2024-12-27 20:04:42,467 - pcp: Could not find `cid` for [Cu(NO3)6·3H2O]
2024-12-27 20:04:42,801 - pcp: Could not find `cid` for [H2O-EtOH]
2024-12-27 20:04:43,474 - pcp: Could not find `cid` for [CdCl2\u22ef2.5H]
2024-12-27 20:04:43,806 - pcp: Could not find `cid` for [0.30 mL]
2024-12-27 20:04:44,525 - pcp: Could not find `cid` for [N,N-dimethyl acetamide : deion]
2024-12-27 20:04:44,883 - pcp: Could not find `cid` for [Gd(NO3)3]
2024-12-27 20:04:45,214 - pcp: Could not find `cid` for [NH3\u2009\u2009H2]
2024-12-27 20:04:45,533 - pcp: Could not find `cid` for [DMF:CH3OH:water]
2024-12-27 20:04:45,867 - pcp: Could not find `cid` for [Cd(NO3)2\u20214H2]
2024-12-27 20:04:46,205 - pcp: Could not find `cid` for [Zn(OAc)2·2H2]
2024-12-27 20:04:46,540 - pcp: Could not find `cid` for [DMF/H2O/MeOH]
2024-12-27 20:04:46,858 - pcp: Could not find `cid` for [DMF (4 mL) and MeOH (]
2024-12-27 20:04:47,191 - pcp: Could not find `cid` for [H4PAGeS and MnCl2]
2024-12-27 20:04:47,522 - pcp: Could not find `cid` for [DMF/methanol (0.3/]
2024-12-27 20:04:47,857 - pcp: Could not find `cid` for [H3EIMDC]
2024-12-27 20:04:48,497 - pcp: Could not find `cid` for [3 mL]
2024-12-27 20:04:49,161 - pcp: Could not find `cid` for [H3PyImDC]
2024-12-27 20:04:49,510 - pcp: Could not find `cid` for [2-sulfoterephthalic acid mon]
2024-12-27 20:04:50,207 - pcp: Could not find `cid` for [H3AsO4, 1,2]
2024-12-27 20:04:50,527 - pcp: Could not find `cid` for [millipore water]
2024-12-27 20:04:51,206 - pcp: Could not find `cid` for [1,4-dioxane/H2O]
2024-12-27 20:04:51,542 - pcp: Could not find `cid` for [Cd(OAc)2]
2024-12-27 20:04:52,558 - pcp: Could not find `cid` for [DMF/CH3CN (8 mL;]
2024-12-27 20:04:52,877 - pcp: Could not find `cid` for [H3PMo12O40\u22c]
2024-12-27 20:04:53,210 - pcp: Could not find `cid` for [H2fum, glutamic acid]
2024-12-27 20:04:53,898 - pcp: Could not find `cid` for [DMF:MeOH]
2024-12-27 20:04:54,576 - pcp: Could not find `cid` for [DMF, CH3CH2OH]
2024-12-27 20:04:54,906 - pcp: Could not find `cid` for [H2ntd, Hmtz]
2024-12-27 20:04:55,244 - pcp: Could not find `cid` for [H2dnpdc]
2024-12-27 20:04:55,580 - pcp: Could not find `cid` for [CdCO3 (0.217 g, ]
2024-12-27 20:04:55,897 - pcp: Could not find `cid` for [H4BTC (0.127 g, ]
2024-12-27 20:04:56,225 - pcp: Could not find `cid` for [H2tbip]
2024-12-27 20:04:56,568 - pcp: Could not find `cid` for [Htz]
2024-12-27 20:04:57,526 - pcp: Could not find `cid` for [water and NaOH aqueous solution]
2024-12-27 20:04:57,862 - pcp: Could not find `cid` for [DMF/cyclohexanol/H2O]
2024-12-27 20:04:58,181 - pcp: Could not find `cid` for [HO-H3BTC and 4,4\u]
2024-12-27 20:04:58,495 - pcp: Could not find `cid` for [CH3CN/H2O (3/4]
2024-12-27 20:04:59,141 - pcp: Could not find `cid` for [Cd(NO3)2\u00b24H]
2024-12-27 20:04:59,481 - pcp: Could not find `cid` for [H4tpta]
2024-12-27 20:05:00,484 - pcp: Could not find `cid` for [Er(NO3)3·5H2O]
2024-12-27 20:05:00,811 - pcp: Could not find `cid` for [DMF (3 mL), C2H5]
2024-12-27 20:05:01,147 - pcp: Could not find `cid` for [Pr6O11]
2024-12-27 20:05:01,808 - pcp: Could not find `cid` for [DMF+formic acid]
2024-12-27 20:05:02,138 - pcp: Could not find `cid` for [DMF/glycol/H2O (8]
2024-12-27 20:05:02,821 - pcp: Could not find `cid` for [DMF+H2O]
2024-12-27 20:05:03,153 - pcp: Could not find `cid` for [Hmtz]
2024-12-27 20:05:03,507 - pcp: Could not find `cid` for [sdb]
2024-12-27 20:05:03,821 - pcp: Could not find `cid` for [N,N\u2032-dimethylacetamide]
2024-12-27 20:05:04,138 - pcp: Could not find `cid` for [DMF/CH3CN/H2O]
2024-12-27 20:05:04,479 - pcp: Could not find `cid` for [0.04 mmol of Co(NO3)]
2024-12-27 20:05:04,817 - pcp: Could not find `cid` for [7.5 mL H2O]
2024-12-27 20:05:05,134 - pcp: Could not find `cid` for [DMF/MeCN (4:1,]
2024-12-27 20:05:05,462 - pcp: Could not find `cid` for [Cobalt(II) chloride hexahydr]
2024-12-27 20:05:05,781 - pcp: Could not find `cid` for [H3IDC, bpy, KOH]
2024-12-27 20:05:06,104 - pcp: Could not find `cid` for [bpp]
2024-12-27 20:05:06,426 - pcp: Could not find `cid` for [10 ml]
2024-12-27 20:05:06,744 - pcp: Could not find `cid` for [H2E2Ge2O3 (0]
2024-12-27 20:05:07,062 - pcp: Could not find `cid` for [H2Me4BPDC]
2024-12-27 20:05:07,403 - pcp: Could not find `cid` for [68% concentrated nitric acid]
2024-12-27 20:05:07,753 - pcp: Could not find `cid` for [dimethylformamide (3.0 mL),]
2024-12-27 20:05:08,095 - pcp: Could not find `cid` for [Hpza]
2024-12-27 20:05:08,431 - pcp: Could not find `cid` for [DEF, water, HCl]
2024-12-27 20:05:09,128 - pcp: Could not find `cid` for [0.096 g]
2024-12-27 20:05:09,456 - pcp: Could not find `cid` for [DMF/dioxane/H2O (4]
2024-12-27 20:05:09,795 - pcp: Could not find `cid` for [concentrated hydrochloric acid]
2024-12-27 20:05:10,130 - pcp: Could not find `cid` for [DMF/H2O (2.4 mL]
2024-12-27 20:05:10,819 - pcp: Could not find `cid` for [H3MIDC (34.0 mg]
2024-12-27 20:05:11,165 - pcp: Could not find `cid` for [Cd(NO3)2\u22126H2]
2024-12-27 20:05:11,512 - pcp: Could not find `cid` for [1,4-naphthalenedicarbox]
2024-12-27 20:05:11,844 - pcp: Could not find `cid` for [H2O and aqueous NaOH]
2024-12-27 20:05:12,842 - pcp: Could not find `cid` for [Zinc nitrate hexahydrate (55]
2024-12-27 20:05:13,199 - pcp: Could not find `cid` for [KI]
2024-12-27 20:05:13,539 - pcp: Could not find `cid` for [imiminodiacetic acid]
2024-12-27 20:05:13,873 - pcp: Could not find `cid` for [0.062 g, 0.25 mm]
2024-12-27 20:05:14,191 - pcp: Could not find `cid` for [3 mL of water and 3 mL of gly]
2024-12-27 20:05:14,514 - pcp: Could not find `cid` for [NMP/dioxane/H2O]
2024-12-27 20:05:15,182 - pcp: Could not find `cid` for [H4btec]
