2025-01-06 17:23:19,891 - pcp: Could not find `cid` for [DMF}{]
2025-01-06 17:23:20,273 - pcp: Could not find `cid` for [HBF4}}{{]
2025-01-06 17:23:20,908 - pcp: Could not find `cid` for [None,]
2025-01-06 17:23:21,311 - pcp: Could not find `cid` for [DMF\n\nDMF\nDMF\n]
2025-01-06 17:23:21,682 - pcp: Could not find `cid` for [AcOH}}]C0.05M{{]
2025-01-06 17:23:22,093 - pcp: Could not find `cid` for [Et3N}}C8FJ6N]
2025-01-06 17:23:22,463 - pcp: Could not find `cid` for [DMETHYLFORMAM,}{{]
2025-01-06 17:23:22,839 - pcp: Could not find `cid` for [DMF\n\n\n\n\n\n\n]
2025-01-06 17:23:23,217 - pcp: Could not find `cid` for [DMF\\\\]\n]
2025-01-06 17:23:23,646 - pcp: Could not find `cid` for [DMF\n\n\n}{]
2025-01-06 17:23:24,658 - pcp: Could not find `cid` for [TRIETHYLAMINE HYDROX]
2025-01-06 17:23:25,058 - pcp: Could not find `cid` for [hydrochloric acid}}],wAID{]
2025-01-06 17:23:25,446 - pcp: Could not find `cid` for [DMF}}aWID{ 
C }}]
2025-01-06 17:23:25,837 - pcp: Could not find `cid` for [N(Et)3,98.0.]
2025-01-06 17:23:26,223 - pcp: Could not find `cid` for [DMF,98.0
8.0]
2025-01-06 17:23:26,602 - pcp: Could not find `cid` for [DMF \n}{]
2025-01-06 17:23:27,628 - pcp: Could not find `cid` for [HNO3,} 
{]
2025-01-06 17:23:28,022 - pcp: Could not find `cid` for [DMF, {]
2025-01-06 17:23:28,406 - pcp: Could not find `cid` for [None





 OR None OR]
2025-01-06 17:23:28,818 - pcp: Could not find `cid` for [DMF\n\n\n\n\n\n\n OR]
2025-01-06 17:23:29,236 - pcp: Could not find `cid` for [NH3, 0.6 mL}}]
2025-01-06 17:23:29,596 - pcp: Could not find `cid` for [dm2O}}}caption>waterH2]
2025-01-06 17:23:29,987 - pcp: Could not find `cid` for [None

 Organic Hydrogen 1 H]
2025-01-06 17:23:30,377 - pcp: Could not find `cid` for [water\n\n Organic Hydrogen 1 O]
2025-01-06 17:23:30,820 - pcp: Could not find `cid` for [hydrofluoric acid (None)
211.8]
2025-01-06 17:23:31,284 - pcp: Could not find `cid` for [KOH3.2M}},{]
2025-01-06 17:23:31,659 - pcp: Could not find `cid` for [H2O}]}},{]
2025-01-06 17:23:32,036 - pcp: Could not find `cid` for [None}}, {]
2025-01-06 17:23:32,407 - pcp: Could not find `cid` for [H2O}}]\n{3.0]
2025-01-06 17:23:32,775 - pcp: Could not find `cid` for [HNO3}}\]
211.0}}]
2025-01-06 17:23:33,153 - pcp: Could not find `cid` for [H2O}}\\]\n3.0]
2025-01-06 17:23:33,508 - pcp: Could not find `cid` for [DEF\n\n\n 8O\n\n\n]
2025-01-06 17:23:33,901 - pcp: Could not find `cid` for [NaOH}}]
{]
2025-01-06 17:23:34,276 - pcp: Could not find `cid` for [H2O}}]\n{6.0]
2025-01-06 17:23:34,611 - pcp: Could not find `cid` for [HCl}}]
None
 buffered buffer buffer]
2025-01-06 17:23:34,982 - pcp: Could not find `cid` for [CH3OH}}]\n{48.0]
2025-01-06 17:23:35,377 - pcp: Could not find `cid` for [ammonia hydroxide}}{{1518.]
2025-01-06 17:23:35,719 - pcp: Could not find `cid` for [DMF}}.C

 150.]
2025-01-06 17:23:36,075 - pcp: Could not find `cid` for [None]
2025-01-06 17:23:36,865 - pcp: Could not find `cid` for [water\n\n Org Org\n Org Org\n Org]
2025-01-06 17:23:37,236 - pcp: Could not find `cid` for [HNO3, None

.C.]
2025-01-06 17:23:37,641 - pcp: Could not find `cid` for [DMF\n\n.C.\n\n\n.C]
2025-01-06 17:23:38,033 - pcp: Could not find `cid` for [DMF}\\\\\n3.0}]
2025-01-06 17:23:38,385 - pcp: Could not find `cid` for [DMF\n\n solvent DMF}}\\]
2025-01-06 17:23:38,730 - pcp: Could not find `cid` for [water\nate\nat}\nate}};]
2025-01-06 17:23:39,099 - pcp: Could not find `cid` for [DMF\n\n\n\n\n\n\n None]
2025-01-06 17:23:39,478 - pcp: Could not find `cid` for [EtOH\n\n\n \n{]
2025-01-06 17:23:39,880 - pcp: Could not find `cid` for [H2O, None, None, None,]
2025-01-06 17:23:40,234 - pcp: Could not find `cid` for [H2O, \n}{]
2025-01-06 17:23:40,586 - pcp: Could not find `cid` for [DMF\n\n\n 115.0]
2025-01-06 17:23:40,977 - pcp: Could not find `cid` for [None






 ORG]
2025-01-06 17:23:41,349 - pcp: Could not find `cid` for [None

 Organycide]
2025-01-06 17:23:41,731 - pcp: Could not find `cid` for [DMF\n\n\n ethanol\n\n\n\n]
2025-01-06 17:23:42,114 - pcp: Could not find `cid` for [DMF\n\n }}; {]
2025-01-06 17:23:42,454 - pcp: Could not find `cid` for [None


}}]
{]
2025-01-06 17:23:42,780 - pcp: Could not find `cid` for [DMF\n\n\n}}]\n{u]
2025-01-06 17:23:43,103 - pcp: Could not find `cid` for [DMF\n\n\n\n\n\n\n\n]
2025-01-06 17:23:43,457 - pcp: Could not find `cid` for [NaOH{]
2025-01-06 17:23:43,817 - pcp: Could not find `cid` for [K4SiW12O40·9H]
2025-01-06 17:23:44,162 - pcp: Could not find `cid` for [DMF, 70.0\n,]
2025-01-06 17:23:44,506 - pcp: Could not find `cid` for [H2O,}{]
2025-01-06 17:23:44,891 - pcp: Could not find `cid` for [None
: {]
2025-01-06 17:23:45,431 - pcp: Could not find `cid` for [CH3CH2OH\n: {:]
2025-01-06 17:23:45,754 - pcp: Could not find `cid` for [DMF}{DMF}{DMF}{DM]
2025-01-06 17:23:46,126 - pcp: Could not find `cid` for [None}}]\]
{]
2025-01-06 17:23:46,483 - pcp: Could not find `cid` for [water\n\n]
2025-01-06 17:23:46,885 - pcp: Could not find `cid` for [DMF\n\n.3I2CH3]
2025-01-06 17:23:47,283 - pcp: Could not find `cid` for [DMF,]
2025-01-06 17:23:47,697 - pcp: Could not find `cid` for [water\n\n 2Cl\n 2Cl]
2025-01-06 17:23:48,118 - pcp: Could not find `cid` for [HCl}, {]
2025-01-06 17:23:48,486 - pcp: Could not find `cid` for [DMF}, {]
2025-01-06 17:23:48,865 - pcp: Could not find `cid` for [None\na}O\na}O\n]
2025-01-06 17:23:49,245 - pcp: Could not find `cid` for [DMF\n\n}I2O2O]
2025-01-06 17:23:49,651 - pcp: Could not find `cid` for [water,]
2025-01-06 17:23:50,046 - pcp: Could not find `cid` for [N,N-dimethylacetamide\n\n]
2025-01-06 17:23:50,435 - pcp: Could not find `cid` for [HNO3}}]
C2O5]
2025-01-06 17:23:50,813 - pcp: Could not find `cid` for [DMF}\n\n]
2025-01-06 17:23:51,204 - pcp: Could not find `cid` for [DMF\n\n DMF \nResult:]
2025-01-06 17:23:51,602 - pcp: Could not find `cid` for [H2O\n\n\n\n\n\n OR]
2025-01-06 17:23:51,997 - pcp: Could not find `cid` for [DMF\nic acid DMF\nic acid]
2025-01-06 17:23:52,411 - pcp: Could not find `cid` for [water\n\n\n\n\n\n\n\n\n]
2025-01-06 17:23:52,830 - pcp: Could not find `cid` for [None\num hydroxide}{]
2025-01-06 17:23:53,351 - pcp: Could not find `cid` for [None,}}{]
2025-01-06 17:23:53,774 - pcp: Could not find `cid` for [water,}}{CPCD1.50]
2025-01-06 17:23:54,167 - pcp: Could not find `cid` for [DMF}}]]]({{80.0]
2025-01-06 17:23:54,924 - pcp: Could not find `cid` for [DMF\n\n85.0\n\nC]
2025-01-06 17:23:55,321 - pcp: Could not find `cid` for [H2O,]
2025-01-06 17:23:55,729 - pcp: Could not find `cid` for [DMF}}\\\n{8.0}}]
2025-01-06 17:23:56,123 - pcp: Could not find `cid` for [methanol\n 3.0{{0.]
2025-01-06 17:23:56,525 - pcp: Could not find `cid` for [NaOH}}]\[{]
2025-01-06 17:23:56,968 - pcp: Could not find `cid` for [HNO3}}]
{]
2025-01-06 17:23:57,349 - pcp: Could not find `cid` for [DMF}}]\n{e.75\n]
2025-01-06 17:23:57,727 - pcp: Could not find `cid` for [DMF\n\nDMF}}\n\n]
2025-01-06 17:23:58,157 - pcp: Could not find `cid` for [HCl}{]
2025-01-06 17:23:58,604 - pcp: Could not find `cid` for [HCl3}}]F4O2O]
2025-01-06 17:23:59,017 - pcp: Could not find `cid` for [NaOH}}, {]
2025-01-06 17:23:59,421 - pcp: Could not find `cid` for [None, 192.0
ic acid.]
2025-01-06 17:23:59,998 - pcp: Could not find `cid` for [DMF\nic acid.]
2025-01-06 17:24:00,382 - pcp: Could not find `cid` for [HCl,2M}, {]
2025-01-06 17:24:00,759 - pcp: Could not find `cid` for [H2O,}, {]
2025-01-06 17:24:01,131 - pcp: Could not find `cid` for [DMF}}]\n{120.0}}]
2025-01-06 17:24:01,514 - pcp: Could not find `cid` for [H2O, {]
2025-01-06 17:24:01,915 - pcp: Could not find `cid` for [H2O\n\n\n\n\n\n\n]
2025-01-06 17:24:02,338 - pcp: Could not find `cid` for [AcOH}}\\
DMF\\{]
2025-01-06 17:24:02,683 - pcp: Could not find `cid` for [DMF}}\\\\\\
{110.0]
2025-01-06 17:24:03,041 - pcp: Could not find `cid` for [DMF\n\n</a> 80.]
2025-01-06 17:24:03,447 - pcp: Could not find `cid` for [None, {]
2025-01-06 17:24:03,803 - pcp: Could not find `cid` for [25.0\n\n\n temperature_unit]
2025-01-06 17:24:04,575 - pcp: Could not find `cid` for [DMF}}\\]\n{[85.]
2025-01-06 17:24:04,975 - pcp: Could not find `cid` for [None, 0.03}}]
{]
2025-01-06 17:24:05,334 - pcp: Could not find `cid` for [DMF\n{ 2.0}}]\]
2025-01-06 17:24:05,695 - pcp: Could not find `cid` for [CH3OH\n\n is the main solvent in]
2025-01-06 17:24:06,076 - pcp: Could not find `cid` for [DMF\n\n\n\n\n\n]
2025-01-06 17:24:06,417 - pcp: Could not find `cid` for [TRIETHYLAMINE}}, {]
2025-01-06 17:24:06,765 - pcp: Could not find `cid` for [HexyIphenone{{sodium hydrox]
2025-01-06 17:24:07,158 - pcp: Could not find `cid` for [DMF, 0.0, 0]
2025-01-06 17:24:07,529 - pcp: Could not find `cid` for [HCl}}]
{]
2025-01-06 17:24:07,875 - pcp: Could not find `cid` for [DEF}}]\n{8.0}}]\]
2025-01-06 17:24:08,212 - pcp: Could not find `cid` for [H2O\n\n HYDROXUR]
2025-01-06 17:24:08,619 - pcp: Could not find `cid` for [DMF}}]\\[{}\\
.12}}]
2025-01-06 17:24:08,999 - pcp: Could not find `cid` for [DMF\n\n\n{{C}}}
Result]
2025-01-06 17:24:09,399 - pcp: Could not find `cid` for [TRIETHYLAMINE}, {]
2025-01-06 17:24:09,808 - pcp: Could not find `cid` for [H2O}, {]
2025-01-06 17:24:10,180 - pcp: Could not find `cid` for [EtOH\n 1,2,4-tr]
2025-01-06 17:24:10,551 - pcp: Could not find `cid` for [DMF}}]\n{C\n}\n]
2025-01-06 17:24:10,963 - pcp: Could not find `cid` for [DMF\n\n\n\n\n\n OR DM]
2025-01-06 17:24:11,376 - pcp: Could not find `cid` for [H2O\n\n Zn(NO3)·]
2025-01-06 17:24:11,822 - pcp: Could not find `cid` for [water\n\n\n\n\n\n\n\n OR]
2025-01-06 17:24:12,207 - pcp: Could not find `cid` for [H2O}}\\\\\\\\n
H2]
2025-01-06 17:24:12,607 - pcp: Could not find `cid` for [DMF{},]
2025-01-06 17:24:13,021 - pcp: Could not find `cid` for [DMF,}}{C: 85.]
2025-01-06 17:24:13,398 - pcp: Could not find `cid` for [DMF\n\n\n\n\n}}}\n]
2025-01-06 17:24:13,787 - pcp: Could not find `cid` for [DMF\n\n\n }}</p>{{C }}]
2025-01-06 17:24:14,167 - pcp: Could not find `cid` for [DMF, ethanol, H2O]
2025-01-06 17:24:14,560 - pcp: Could not find `cid` for [DEF\n,0.0]
2025-01-06 17:24:14,937 - pcp: Could not find `cid` for [DMF\n\n{{DMF }}</li>]
2025-01-06 17:24:15,299 - pcp: Could not find `cid` for [DMF\n\n\n\n\n\n}\n]
2025-01-06 17:24:15,694 - pcp: Could not find `cid` for [HNO3, 230.0{}M]
2025-01-06 17:24:16,084 - pcp: Could not find `cid` for [H2O\n\n HYDROXU]
2025-01-06 17:24:16,510 - pcp: Could not find `cid` for [acetic acid}}, {]
2025-01-06 17:24:16,915 - pcp: Could not find `cid` for [KOH, {]
2025-01-06 17:24:17,297 - pcp: Could not find `cid` for [CH3ONa}}{{}4O
2]
2025-01-06 17:24:17,694 - pcp: Could not find `cid` for [methanol\n2]
2025-01-06 17:24:18,105 - pcp: Could not find `cid` for [DMF\n: {0.0\n:]
2025-01-06 17:24:18,504 - pcp: Could not find `cid` for [DMF\n\n \nDMF\n\n]
2025-01-06 17:24:18,891 - pcp: Could not find `cid` for [None, 8.0
C
C]
2025-01-06 17:24:19,293 - pcp: Could not find `cid` for [DMF\nC\nC]
2025-01-06 17:24:19,919 - pcp: Could not find `cid` for [DMF}}]\n95.0
C]
2025-01-06 17:24:20,371 - pcp: Could not find `cid` for [DMF\n, 1]
2025-01-06 17:24:20,906 - pcp: Could not find `cid` for [HBF4}{}}
{]
2025-01-06 17:24:21,293 - pcp: Could not find `cid` for [HCl},]
2025-01-06 17:24:21,675 - pcp: Could not find `cid` for [DMF},]
2025-01-06 17:24:22,060 - pcp: Could not find `cid` for [water\n\n Org OrgoI{}}]
2025-01-06 17:24:22,450 - pcp: Could not find `cid` for [DMF\n\n\n{{DMF}} \]
2025-01-06 17:24:22,854 - pcp: Could not find `cid` for [DMF}},{}
83.0}},{]
2025-01-06 17:24:23,258 - pcp: Could not find `cid` for [DMF\n\n Synthesis of [Cd9]
2025-01-06 17:24:23,674 - pcp: Could not find `cid` for [water\n\n}}]}\nResult: {]
2025-01-06 17:24:24,057 - pcp: Could not find `cid` for [H2O\n\n\n{{}}}}}}]
2025-01-06 17:24:24,448 - pcp: Could not find `cid` for [NaOH}}]{]
2025-01-06 17:24:24,828 - pcp: Could not find `cid` for [SODUM hydroxide}{]
2025-01-06 17:24:25,486 - pcp: Could not find `cid` for [H2O}{]
2025-01-06 17:24:25,899 - pcp: Could not find `cid` for [None,8}};{]
2025-01-06 17:24:26,301 - pcp: Could not find `cid` for [H2O}};{e: 120]
2025-01-06 17:24:26,700 - pcp: Could not find `cid` for [None, 2.7 M, 8]
2025-01-06 17:24:27,101 - pcp: Could not find `cid` for [None\n\n\n\n\n\n ORTHYL]
2025-01-06 17:24:27,483 - pcp: Could not find `cid` for [water\n\n\n\n}}
Result: 120]
2025-01-06 17:24:27,893 - pcp: Could not find `cid` for [Pivalic acid


 temperature:]
2025-01-06 17:24:28,288 - pcp: Could not find `cid` for [water\n\n\n
\n\n Temperature:]
2025-01-06 17:24:29,055 - pcp: Could not find `cid` for [water.2.0\n water water.2]
2025-01-06 17:24:29,468 - pcp: Could not find `cid` for [DMF}}}\nH2O\n.]
2025-01-06 17:24:29,895 - pcp: Could not find `cid` for [DEF\n\n\n\n\n\n\n ORCID]
2025-01-06 17:24:30,338 - pcp: Could not find `cid` for [None, 0.0 
Cited by]
2025-01-06 17:24:30,719 - pcp: Could not find `cid` for [DMF\n\n\n\n\n: DMF]
2025-01-06 17:24:32,421 - pcp: Could not find `cid` for [H2O\n\n\n{{}}None{{]
2025-01-06 17:24:32,828 - pcp: Could not find `cid` for [nitrRIC ACID{]
2025-01-06 17:24:33,238 - pcp: Could not find `cid` for [HClO4
 None: None
 {]
2025-01-06 17:24:33,662 - pcp: Could not find `cid` for [DMF\n {]
2025-01-06 17:24:34,069 - pcp: Could not find `cid` for [HNO3},{]
2025-01-06 17:24:34,436 - pcp: Could not find `cid` for [DMF},{]
2025-01-06 17:24:34,812 - pcp: Could not find `cid` for [DMF\n\n }}}O\nIUM HY]
2025-01-06 17:24:35,177 - pcp: Could not find `cid` for [HNO3}{]
2025-01-06 17:24:35,587 - pcp: Could not find `cid` for [water}{]
2025-01-06 17:24:35,961 - pcp: Could not find `cid` for [DMF,8.0,0.0]
2025-01-06 17:24:36,326 - pcp: Could not find `cid` for [DMF\n 6H2O}}\]
2025-01-06 17:24:36,720 - pcp: Could not find `cid` for [HCl}}]C2O77(OH]
2025-01-06 17:24:37,796 - pcp: Could not find `cid` for [DMF}}]\n{3.0}}]
2025-01-06 17:24:38,136 - pcp: Could not find `cid` for [DMF\n\n Organic solvents}}]\n]
2025-01-06 17:24:38,501 - pcp: Could not find `cid` for [DMF}}]\n72.0}}]\]
2025-01-06 17:24:38,860 - pcp: Could not find `cid` for [DEF\n\n ethanol\n\n H2O]
2025-01-06 17:24:39,237 - pcp: Could not find `cid` for [None}}]
{]
2025-01-06 17:24:39,612 - pcp: Could not find `cid` for [water}}]\n{72.0}}]\]
2025-01-06 17:24:39,974 - pcp: Could not find `cid` for [DMF\n\n\n\n\n\n\n{{]
2025-01-06 17:24:40,353 - pcp: Could not find `cid` for [HNO3
 0.8 ml.]
2025-01-06 17:24:40,735 - pcp: Could not find `cid` for [SODUMIUM HYDROXIDE]
2025-01-06 17:24:41,119 - pcp: Could not find `cid` for [NITRIC ACID
{]
2025-01-06 17:24:41,513 - pcp: Could not find `cid` for [DMF\n{]
2025-01-06 17:24:41,883 - pcp: Could not find `cid` for [TRIETHYLAMINE}}C7.]
2025-01-06 17:24:42,295 - pcp: Could not find `cid` for [H2O}}C7.}}
water]
2025-01-06 17:24:42,659 - pcp: Could not find `cid` for [NaOH}}\]{]
2025-01-06 17:24:43,046 - pcp: Could not find `cid` for [H2O}}\\]{{]
2025-01-06 17:24:43,454 - pcp: Could not find `cid` for [CH3CN}}]\n{3.0]
2025-01-06 17:24:44,675 - pcp: Could not find `cid` for [NITRIC ACID{1.0M]
2025-01-06 17:24:45,029 - pcp: Could not find `cid` for [sodium hydroxid, 2H2]
2025-01-06 17:24:45,445 - pcp: Could not find `cid` for [TETRAMETHYLAMINE HYDRO]
2025-01-06 17:24:45,862 - pcp: Could not find `cid` for [TRIETHYLAMINE,]
2025-01-06 17:24:46,312 - pcp: Could not find `cid` for [methanol\n\n Synthesis for 1:]
2025-01-06 17:24:46,751 - pcp: Could not find `cid` for [DMF\n\n 80.0\n\n]
2025-01-06 17:24:47,168 - pcp: Could not find `cid` for [DMF}}, {]
2025-01-06 17:24:47,587 - pcp: Could not find `cid` for [H2O\n\n\n }\n\n\n]
2025-01-06 17:24:47,969 - pcp: Could not find `cid` for [DMF}}]\n{2.0}}]
2025-01-06 17:24:48,354 - pcp: Could not find `cid` for [HCl
ic acid
ic acid acid HY]
2025-01-06 17:24:48,746 - pcp: Could not find `cid` for [DMF\nic acid\nic acid DMF]
2025-01-06 17:24:49,130 - pcp: Could not find `cid` for [HCl}}\text.
: {]
2025-01-06 17:24:49,526 - pcp: Could not find `cid` for [H2O}}\\text.\n: {]
2025-01-06 17:24:49,935 - pcp: Could not find `cid` for [None
ic acid}}]\x03}\x]
2025-01-06 17:24:50,352 - pcp: Could not find `cid` for [DMF\nic acid}}]\\x03]
2025-01-06 17:24:50,763 - pcp: Could not find `cid` for [None, 0.0160
}]
2025-01-06 17:24:51,271 - pcp: Could not find `cid` for [water\n} {]
2025-01-06 17:24:51,940 - pcp: Could not find `cid` for [DMF\n\n \n}{]
2025-01-06 17:24:52,324 - pcp: Could not find `cid` for [DMF}}]\n{8.0}}]
2025-01-06 17:24:52,748 - pcp: Could not find `cid` for [HBF4

 None]
2025-01-06 17:24:53,130 - pcp: Could not find `cid` for [DMF\n\n DMF\n\n\n]
2025-01-06 17:24:53,523 - pcp: Could not find `cid` for [DMF\n\n buffer DMF buffer None buffer]
2025-01-06 17:24:53,884 - pcp: Could not find `cid` for [H2O.0]
2025-01-06 17:24:54,278 - pcp: Could not find `cid` for [HCl}}]C1.0
1]
2025-01-06 17:24:54,653 - pcp: Could not find `cid` for [H2O}}]C1.0\n]
2025-01-06 17:24:55,121 - pcp: Could not find `cid` for [TRIETHYLAMINEHYDROX]
2025-01-06 17:24:55,542 - pcp: Could not find `cid` for [NaOH}}\{{{]
2025-01-06 17:24:55,929 - pcp: Could not find `cid` for [DEF\n\n## 1\n\n##]
2025-01-06 17:24:56,351 - pcp: Could not find `cid` for [None

 Methyluracilone]
2025-01-06 17:24:56,760 - pcp: Could not find `cid` for [DMF\n\n bufferDMF bufferDMF]
2025-01-06 17:24:57,160 - pcp: Could not find `cid` for [DMF\n}]
2025-01-06 17:24:57,583 - pcp: Could not find `cid` for [DMF,0,0,0,0]
2025-01-06 17:24:57,998 - pcp: Could not find `cid` for [DMF\n\n solvents DMF DMF]
2025-01-06 17:24:58,405 - pcp: Could not find `cid` for [DMF\n\n\n\n\n\n\n Or]
2025-01-06 17:24:58,819 - pcp: Could not find `cid` for [HCl}}]{]
2025-01-06 17:24:59,217 - pcp: Could not find `cid` for [DMF\n\n\n\n]
2025-01-06 17:24:59,611 - pcp: Could not find `cid` for [Et3N}}]S
: {]
2025-01-06 17:25:00,013 - pcp: Could not find `cid` for [water}}]S\n: {8.0]
2025-01-06 17:25:00,383 - pcp: Could not find `cid` for [None}\
{]
2025-01-06 17:25:00,764 - pcp: Could not find `cid` for [H2O}}]\n{25.0]
2025-01-06 17:25:01,157 - pcp: Could not find `cid` for [ethanol\n\n\n{{None}}]
2025-01-06 17:25:01,555 - pcp: Could not find `cid` for [HCl}{2.0


 DM]
2025-01-06 17:25:01,974 - pcp: Could not find `cid` for [DMF\n\n\n DMF}]
2025-01-06 17:25:02,355 - pcp: Could not find `cid` for [None}, 
{]
2025-01-06 17:25:02,749 - pcp: Could not find `cid` for [HCl}}]

None

0.08]
2025-01-06 17:25:03,168 - pcp: Could not find `cid` for [DEF\n\n0.4 \n\n]
2025-01-06 17:25:03,575 - pcp: Could not find `cid` for [TRIETHYLAMINE{{211.0]
2025-01-06 17:25:03,974 - pcp: Could not find `cid` for [EtOH}}{{140.0}}; {]
2025-01-06 17:25:04,368 - pcp: Could not find `cid` for [HNO3{]
2025-01-06 17:25:04,772 - pcp: Could not find `cid` for [water\n\n Lign buffer acidy{(H]
2025-01-06 17:25:05,212 - pcp: Could not find `cid` for [TRIETHYLAMINE}}\\
lotte]
2025-01-06 17:25:05,630 - pcp: Could not find `cid` for [H2O}}\\\\\n5.0]
2025-01-06 17:25:06,039 - pcp: Could not find `cid` for [NaHCO3

 None

 None]
2025-01-06 17:25:06,447 - pcp: Could not find `cid` for [water\n\n None\n\n None]
2025-01-06 17:25:06,848 - pcp: Could not find `cid` for [EtOH}}]\\[{]
2025-01-06 17:25:07,247 - pcp: Could not find `cid` for [None

 11.0]
2025-01-06 17:25:07,643 - pcp: Could not find `cid` for [H2O\n\n 0.0\n]
2025-01-06 17:25:08,071 - pcp: Could not find `cid` for [NaOH}}\]cC8H25]
2025-01-06 17:25:08,454 - pcp: Could not find `cid` for [8O8H25O8H25O]
2025-01-06 17:25:08,807 - pcp: Could not find `cid` for [DMF\n\n\n} \n{]
2025-01-06 17:25:09,206 - pcp: Could not find `cid` for [NaOH}{]
2025-01-06 17:25:09,577 - pcp: Could not find `cid` for [THF}{]
2025-01-06 17:25:09,947 - pcp: Could not find `cid` for [DI water\n\n\n\n\n\n\n\n]
2025-01-06 17:25:10,317 - pcp: Could not find `cid` for [DMF}}]\n{Cethon ethanol]
2025-01-06 17:25:10,717 - pcp: Could not find `cid` for [DMF}}}\n{]
2025-01-06 17:25:11,093 - pcp: Could not find `cid` for [H2O\n\n 1.0\n]
2025-01-06 17:25:11,468 - pcp: Could not find `cid` for [DMF\n\n\n}\n{103.]
2025-01-06 17:25:11,861 - pcp: Could not find `cid` for [MeCN\n\n\n Et4N\n}\]
2025-01-06 17:25:12,233 - pcp: Could not find `cid` for [HCl}}\]
Result: {]
2025-01-06 17:25:12,561 - pcp: Could not find `cid` for [DEF\n\n\n\n\n\n OR DIO]
2025-01-06 17:25:12,911 - pcp: Could not find `cid` for [HClO4}{255INEUMIUM]
2025-01-06 17:25:13,305 - pcp: Could not find `cid` for [water\natzNNO4)}}
Result:]
2025-01-06 17:25:13,662 - pcp: Could not find `cid` for [H2O\n\n

 90.]
2025-01-06 17:25:14,018 - pcp: Could not find `cid` for [DMF\num HYDROXIDE\n]
2025-01-06 17:25:14,411 - pcp: Could not find `cid` for [methanol\n\n\n\n\n\n Output result]
2025-01-06 17:25:14,804 - pcp: Could not find `cid` for [None, 0.0 mol##L–]
2025-01-06 17:25:15,199 - pcp: Could not find `cid` for [water\n, None\n, 160.0]
2025-01-06 17:25:15,606 - pcp: Could not find `cid` for [formic acid}{}

211.0]
2025-01-06 17:25:15,995 - pcp: Could not find `cid` for [DMF\n\n]
2025-01-06 17:25:16,410 - pcp: Could not find `cid` for [TRIETHYLAMINE}}CATION TRI]
2025-01-06 17:25:16,792 - pcp: Could not find `cid` for [water}}CATION HYDROXIDE}}]
2025-01-06 17:25:17,153 - pcp: Could not find `cid` for [DMFDM
\n1\n\n DMF]
2025-01-06 17:25:17,530 - pcp: Could not find `cid` for [None
ic trihydrate}}
ic trihydrate]
2025-01-06 17:25:17,886 - pcp: Could not find `cid` for [THF\nic trihydrate]
2025-01-06 17:25:18,293 - pcp: Could not find `cid` for [NITRIC ACID 1.1.]
2025-01-06 17:25:18,687 - pcp: Could not find `cid` for [DMF}\2118\n\n 2D]
2025-01-06 17:25:19,094 - pcp: Could not find `cid` for [DMF\n\n
},]
2025-01-06 17:25:19,483 - pcp: Could not find `cid` for [None}}]\[{]
2025-01-06 17:25:19,873 - pcp: Could not find `cid` for [DMF\n\n}}>\n{100.]
2025-01-06 17:25:20,264 - pcp: Could not find `cid` for [None






 ORGAN]
2025-01-06 17:25:20,695 - pcp: Could not find `cid` for [HClO4,0.5M,]
2025-01-06 17:25:21,092 - pcp: Could not find `cid` for [DMF\n\n}{]
2025-01-06 17:25:21,504 - pcp: Could not find `cid` for [water\n\n }}C3O4H8]
2025-01-06 17:25:21,872 - pcp: Could not find `cid` for [HNO3}}]\\
atziphenwater]
2025-01-06 17:25:22,237 - pcp: Could not find `cid` for [None}}]
[{]
2025-01-06 17:25:22,611 - pcp: Could not find `cid` for [DMF}}]\n[{3.53}}]
2025-01-06 17:25:22,993 - pcp: Could not find `cid` for [DI water\n 9.0 mg DI water]
2025-01-06 17:25:23,407 - pcp: Could not find `cid` for [hydrochloric acid (HCl3)}}]
2025-01-06 17:25:23,813 - pcp: Could not find `cid` for [ACETONTIRIUMIUM HY]
2025-01-06 17:25:24,168 - pcp: Could not find `cid` for [SODUM HYDROXIDE]
2025-01-06 17:25:24,541 - pcp: Could not find `cid` for [DMF\n\n\n\n\n\n}>DM]
2025-01-06 17:25:25,561 - pcp: Could not find `cid` for [None




}}>
{]
2025-01-06 17:25:25,905 - pcp: Could not find `cid` for [DMF\n\n\n\n\n}\n{]
2025-01-06 17:25:26,533 - pcp: Could not find `cid` for [H2O\n\n OXIDATED{{]
2025-01-06 17:25:26,895 - pcp: Could not find `cid` for [CH3CH2OH\n\n\n} \]
2025-01-06 17:25:27,271 - pcp: Could not find `cid` for [DMF{{0.0]
2025-01-06 17:25:27,630 - pcp: Could not find `cid` for [Et3N}}]C]
2025-01-06 17:25:28,022 - pcp: Could not find `cid` for [H2O}}]C\n\n\n\n]
2025-01-06 17:25:28,468 - pcp: Could not find `cid` for [DMF\n\n
 solvent. temperature\n\n]
2025-01-06 17:25:28,834 - pcp: Could not find `cid` for [H2O\ns\ns. None]
2025-01-06 17:25:29,229 - pcp: Could not find `cid` for [HCl.3M, aq.3]
2025-01-06 17:25:29,609 - pcp: Could not find `cid` for [HCl}{1.0]
2025-01-06 17:25:30,032 - pcp: Could not find `cid` for [water\n\n\n\n]
2025-01-06 17:25:30,438 - pcp: Could not find `cid` for [nITRIC ACID\}}aic acid]
2025-01-06 17:25:30,818 - pcp: Could not find `cid` for [acetic\ueformamane\\}}ic]
2025-01-06 17:25:31,217 - pcp: Could not find `cid` for [None
um Hydroxidees}}}
211]
2025-01-06 17:25:31,645 - pcp: Could not find `cid` for [methanol\num Hydroxidess}{7]
2025-01-06 17:25:32,051 - pcp: Could not find `cid` for [HBF4}}g
 FeCl2}}]
2025-01-06 17:25:32,427 - pcp: Could not find `cid` for [DMF}})\nDMF}})\n]
2025-01-06 17:25:32,800 - pcp: Could not find `cid` for [NH3·H2O}]}
{]
2025-01-06 17:25:33,200 - pcp: Could not find `cid` for [DMF}]\n{}}n\n]
2025-01-06 17:25:33,633 - pcp: Could not find `cid` for [SODUMUMUMUMUMUMUMUM]
2025-01-06 17:25:34,023 - pcp: Could not find `cid` for [DMF\n\n\n Org DMF}}\]
2025-01-06 17:25:35,192 - pcp: Could not find `cid` for [DMF{]
2025-01-06 17:25:35,555 - pcp: Could not find `cid` for [None

 12.0
 150]
2025-01-06 17:25:35,951 - pcp: Could not find `cid` for [water\n\n 12.0\n 150]
2025-01-06 17:25:36,330 - pcp: Could not find `cid` for [H2O\n\n}\n{]
2025-01-06 17:25:36,715 - pcp: Could not find `cid` for [DMF}]},{]
2025-01-06 17:25:37,108 - pcp: Could not find `cid` for [DMF\n}\n100.0\n}\]
2025-01-06 17:25:37,507 - pcp: Could not find `cid` for [DMF\n\n\n\n\n\n},]
2025-01-06 17:25:37,876 - pcp: Could not find `cid` for [H2O\n\n 25.0\n]
2025-01-06 17:25:38,289 - pcp: Could not find `cid` for [None, 65.0, 65.]
2025-01-06 17:25:38,696 - pcp: Could not find `cid` for [HCl}}\\
{{]
2025-01-06 17:25:39,052 - pcp: Could not find `cid` for [water}}\\\\\n{{{]
2025-01-06 17:25:39,424 - pcp: Could not find `cid` for [None,5.0C
HCl{{]
2025-01-06 17:25:39,822 - pcp: Could not find `cid` for [DMF{{]
2025-01-06 17:25:40,189 - pcp: Could not find `cid` for [water\n\n solvents=]
2025-01-06 17:25:40,601 - pcp: Could not find `cid` for [O\n\n\n \nTemperature: 120]
2025-01-06 17:25:40,973 - pcp: Could not find `cid` for [MeCN\n\n\n\n\n\n\n]
2025-01-06 17:25:41,337 - pcp: Could not find `cid` for [NH3.0.5}}.{]
2025-01-06 17:25:41,695 - pcp: Could not find `cid` for [H2O.7.5}}({]
2025-01-06 17:25:42,169 - pcp: Could not find `cid` for [DMF\n\n NoneD]
2025-01-06 17:25:42,525 - pcp: Could not find `cid` for [hydrochloric acid}}]\\
kip1.]
2025-01-06 17:25:42,914 - pcp: Could not find `cid` for [DMF}}]\niki1.1,]
2025-01-06 17:25:43,298 - pcp: Could not find `cid` for [None

 NO3 was added in excess to]
2025-01-06 17:25:43,652 - pcp: Could not find `cid` for [DMF\n\n H2O\n\n ethanol]
2025-01-06 17:25:44,013 - pcp: Could not find `cid` for [HCl,]
2025-01-06 17:25:44,400 - pcp: Could not find `cid` for [None}}]}
211.0e120.0]
2025-01-06 17:25:44,753 - pcp: Could not find `cid` for [None, 

HBF4

{]
2025-01-06 17:25:45,182 - pcp: Could not find `cid` for [NaOH
ent,assistant:2116.]
2025-01-06 17:25:45,570 - pcp: Could not find `cid` for [DMF\nent,assistant:2116.]
2025-01-06 17:25:45,951 - pcp: Could not find `cid` for [Et3N}}, {]
2025-01-06 17:25:46,372 - pcp: Could not find `cid` for [CH3CN}}, {160.0}}]]
2025-01-06 17:25:46,739 - pcp: Could not find `cid` for [MeCN\n\n\n]
2025-01-06 17:25:47,171 - pcp: Could not find `cid` for [HCl}}]\(HCl}\]}\]
2025-01-06 17:25:47,572 - pcp: Could not find `cid` for [DMF}}]\\(DMF}\\]}\\]
2025-01-06 17:25:47,930 - pcp: Could not find `cid` for [hbo3 1 m}},{]
2025-01-06 17:25:48,287 - pcp: Could not find `cid` for [water}},{]
2025-01-06 17:25:48,699 - pcp: Could not find `cid` for [DMF\n\n\n}}}\nassistant{]
2025-01-06 17:25:49,245 - pcp: Could not find `cid` for [water{]
2025-01-06 17:25:49,641 - pcp: Could not find `cid` for [DMF}}C2\\\\\\nDMF]
2025-01-06 17:25:50,006 - pcp: Could not find `cid` for [H2O\n\nat H2O\n]
2025-01-06 17:25:50,434 - pcp: Could not find `cid` for [DMF\nate}}{{}}\n{]
2025-01-06 17:25:50,814 - pcp: Could not find `cid` for [HNO3
IC ACIDATEDUM]
2025-01-06 17:25:51,182 - pcp: Could not find `cid` for [DMF\nF\nIUM HYDRO]
2025-01-06 17:25:51,583 - pcp: Could not find `cid` for [CH3COOH,]
2025-01-06 17:25:51,970 - pcp: Could not find `cid` for [MeOH\n\n solvents MeOH H2]
2025-01-06 17:25:52,380 - pcp: Could not find `cid` for [None, 
}{]
2025-01-06 17:25:52,784 - pcp: Could not find `cid` for [H2O\n}]
2025-01-06 17:25:53,158 - pcp: Could not find `cid` for [H2O\n\n\n\n\n\n}}]
2025-01-06 17:25:53,533 - pcp: Could not find `cid` for [DMF\n\n\n}\n{8.]
2025-01-06 17:25:53,938 - pcp: Could not find `cid` for [DEF\n\n\n\n OrgO 17 }\]
2025-01-06 17:25:54,333 - pcp: Could not find `cid` for [DMF\n} \n{]
2025-01-06 17:25:54,720 - pcp: Could not find `cid` for [HBF4}}]
{]
2025-01-06 17:25:55,107 - pcp: Could not find `cid` for [DMF}}]\n{]
2025-01-06 17:25:55,520 - pcp: Could not find `cid` for [TRIETHYLAMINE}}\]{]
2025-01-06 17:25:55,908 - pcp: Could not find `cid` for [water}}\\]{]
2025-01-06 17:25:56,299 - pcp: Could not find `cid` for [DMF }}Result: 120.0 }}]
2025-01-06 17:25:57,961 - pcp: Could not find `cid` for [H2O\n 2O2I3]
2025-01-06 17:25:58,370 - pcp: Could not find `cid` for [DMF\n}},C{{]
2025-01-06 17:25:58,802 - pcp: Could not find `cid` for [EtOH}{,]
2025-01-06 17:25:59,206 - pcp: Could not find `cid` for [None

 
Solvent: H2O]
2025-01-06 17:25:59,563 - pcp: Could not find `cid` for [DMF}}]\n{0.0]
2025-01-06 17:25:59,980 - pcp: Could not find `cid` for [None





 OR NAOH]
2025-01-06 17:26:00,367 - pcp: Could not find `cid` for [HBF4{{211.0}}}
 solvent]
2025-01-06 17:26:00,750 - pcp: Could not find `cid` for [DMF{{2.0}}}\n]
2025-01-06 17:26:01,116 - pcp: Could not find `cid` for [DMF}}]\n{23.0}}]
2025-01-06 17:26:01,504 - pcp: Could not find `cid` for [methanol\n\n\n 1stSolvents]
2025-01-06 17:26:01,898 - pcp: Could not find `cid` for [DIISOProproproproproproprop]
2025-01-06 17:26:02,286 - pcp: Could not find `cid` for [benzoic acid}}]
Mg aren’t]
2025-01-06 17:26:02,665 - pcp: Could not find `cid` for [DMF}}]\nMethylacetylON]
2025-01-06 17:26:03,064 - pcp: Could not find `cid` for [DMF\n\n\n}}>\n{}</]
2025-01-06 17:26:03,455 - pcp: Could not find `cid` for [benzene\n\n CH3\n CH3]
2025-01-06 17:26:03,877 - pcp: Could not find `cid` for [ammonium hydroxide (NH3)]
2025-01-06 17:26:04,246 - pcp: Could not find `cid` for [H2O\n]
2025-01-06 17:26:04,617 - pcp: Could not find `cid` for [None

 None }} 
Copper L hydro]
2025-01-06 17:26:05,165 - pcp: Could not find `cid` for [H2O\n\n None 8.0]
2025-01-06 17:26:05,551 - pcp: Could not find `cid` for [H2O}, \n{]
2025-01-06 17:26:05,933 - pcp: Could not find `cid` for [None

 Organics}{]
2025-01-06 17:26:06,353 - pcp: Could not find `cid` for [H2O\n\n
age}},]
2025-01-06 17:26:06,781 - pcp: Could not find `cid` for [HCl}}]2H2O}};]
2025-01-06 17:26:07,165 - pcp: Could not find `cid` for [H2O}});]
2025-01-06 17:26:07,562 - pcp: Could not find `cid` for [H2O\n\n\n\n\n\nH]
2025-01-06 17:26:07,937 - pcp: Could not find `cid` for [HNO3.5MOLusL1]
2025-01-06 17:26:08,376 - pcp: Could not find `cid` for [H2O\n-1\n-1CH]
2025-01-06 17:26:08,762 - pcp: Could not find `cid` for [DMF}}CUT{]
2025-01-06 17:26:09,120 - pcp: Could not find `cid` for [HCl}}]
DMF}}]
100.]
2025-01-06 17:26:09,486 - pcp: Could not find `cid` for [DMF}}]\nwater}}]\neth]
2025-01-06 17:26:09,945 - pcp: Could not find `cid` for [DMF\n\n\n Orthoniacum]
2025-01-06 17:26:10,365 - pcp: Could not find `cid` for [water\n\n\n\n\n\n\n\n]
2025-01-06 17:26:10,748 - pcp: Could not find `cid` for [DMF}}]\n{C}}]
Result]
2025-01-06 17:26:11,335 - pcp: Could not find `cid` for [DMF\n\n\n\n\n\n12.]
2025-01-06 17:26:11,723 - pcp: Could not find `cid` for [HNO3
sodium HYDRO]
2025-01-06 17:26:12,144 - pcp: Could not find `cid` for [DMF\nDMF}\nDiMethyl]
2025-01-06 17:26:12,665 - pcp: Could not find `cid` for [water\n\n
water\n\n (CH3]
2025-01-06 17:26:13,045 - pcp: Could not find `cid` for [NMP\n\n]
2025-01-06 17:26:13,448 - pcp: Could not find `cid` for [EtOH\\]}}ETOH}}\\C]
2025-01-06 17:26:13,831 - pcp: Could not find `cid` for [HCl
ic acid}}
ic acid}}{{]
2025-01-06 17:26:14,248 - pcp: Could not find `cid` for [sodium hydroxidatee]
2025-01-06 17:26:14,614 - pcp: Could not find `cid` for [MeOH\n\n DMF H2O\n]
2025-01-06 17:26:14,994 - pcp: Could not find `cid` for [DMF\nS\n]
2025-01-06 17:26:15,364 - pcp: Could not find `cid` for [hydrochloric acid{]
2025-01-06 17:26:15,754 - pcp: Could not find `cid` for [H2O}}]\n{2.0]
2025-01-06 17:26:16,124 - pcp: Could not find `cid` for [DMF;]
2025-01-06 17:26:16,554 - pcp: Could not find `cid` for [DMF\n\n}}>\n{C.]
2025-01-06 17:26:16,962 - pcp: Could not find `cid` for [EtOH\n\n\n\n\n\n\n\n]
2025-01-06 17:26:17,363 - pcp: Could not find `cid` for [DMF\n}\n{]
2025-01-06 17:26:17,755 - pcp: Could not find `cid` for [HCl}{3.0
.0]
2025-01-06 17:26:18,178 - pcp: Could not find `cid` for [formic acid,]
2025-01-06 17:26:18,601 - pcp: Could not find `cid` for [DMETHYLFORMAMIDE\n\n\n Organic]
2025-01-06 17:26:19,004 - pcp: Could not find `cid` for [HBF4}}]\\
={]
2025-01-06 17:26:19,370 - pcp: Could not find `cid` for [HBF4}}]CUTIUM HY]
2025-01-06 17:26:19,772 - pcp: Could not find `cid` for [DMF}}]CUTIUM HYD]
2025-01-06 17:26:20,226 - pcp: Could not find `cid` for [HCl}}, {]
2025-01-06 17:26:20,688 - pcp: Could not find `cid` for [NaOH,]
2025-01-06 17:26:21,097 - pcp: Could not find `cid` for [DMF}}, {8.0}}]C]
2025-01-06 17:26:21,494 - pcp: Could not find `cid` for [None
.C4H8O4.]
2025-01-06 17:26:21,878 - pcp: Could not find `cid` for [DMF\n\n\n}}\n\nDM]
2025-01-06 17:26:22,286 - pcp: Could not find `cid` for [DMF\n\n\n{{}} \nDM]
2025-01-06 17:26:22,686 - pcp: Could not find `cid` for [NaOH}}]\\

None}}]\\

DM]
2025-01-06 17:26:23,048 - pcp: Could not find `cid` for [DMF\n\n\n\n\n\n 2]
2025-01-06 17:26:24,172 - pcp: Could not find `cid` for [None
}
{]
2025-01-06 17:26:24,554 - pcp: Could not find `cid` for [H2O\n}\n{]
2025-01-06 17:26:24,918 - pcp: Could not find `cid` for [CH3OH\n\n}}</Result: 100]
2025-01-06 17:26:25,323 - pcp: Could not find `cid` for [water\n\n\n\n\n\n\n}]
2025-01-06 17:26:25,709 - pcp: Could not find `cid` for [H2O\n\n\n None\n\n None]
2025-01-06 17:26:26,125 - pcp: Could not find `cid` for [DMF}}]}\n25.0}}]
2025-01-06 17:26:26,511 - pcp: Could not find `cid` for [DMF\n\n TRIETHYLAMINE TRI]
2025-01-06 17:26:26,900 - pcp: Could not find `cid` for [HNO3C8H4C3H]
2025-01-06 17:26:27,328 - pcp: Could not find `cid` for [DMF2D2F1D1M]
2025-01-06 17:26:27,727 - pcp: Could not find `cid` for [DMF}}\\\n\nDMF}}\\\]
2025-01-06 17:26:28,107 - pcp: Could not find `cid` for [H2O\n\n
\nNone\n\n]
2025-01-06 17:26:28,492 - pcp: Could not find `cid` for [ethanol\n\n\n130.0\n\n]
2025-01-06 17:26:28,883 - pcp: Could not find `cid` for [None

 NO3
 63.0]
2025-01-06 17:26:29,262 - pcp: Could not find `cid` for [DMF\n\n dimethylformamide\n]
2025-01-06 17:26:29,660 - pcp: Could not find `cid` for [water}}]\n{192.0}}]\]
2025-01-06 17:26:30,053 - pcp: Could not find `cid` for [MeCN\n\n }\n{. \n]
2025-01-06 17:26:30,450 - pcp: Could not find `cid` for [ophenanthroline]
2025-01-06 17:26:30,835 - pcp: Could not find `cid` for [DMF,0.0\n,0.]
2025-01-06 17:26:31,221 - pcp: Could not find `cid` for [HCl, 0.1 M]
2025-01-06 17:26:31,579 - pcp: Could not find `cid` for [H2O\n\n]
2025-01-06 17:26:31,996 - pcp: Could not find `cid` for [None





 }}.o]
2025-01-06 17:26:32,394 - pcp: Could not find `cid` for [H2O\n.0\n.0}}]
2025-01-06 17:26:32,771 - pcp: Could not find `cid` for [HNO3} 
{]
2025-01-06 17:26:33,156 - pcp: Could not find `cid` for [None


 (0.08 mmol]
2025-01-06 17:26:33,561 - pcp: Could not find `cid` for [H2O\n\n\n (10.0]
2025-01-06 17:26:33,933 - pcp: Could not find `cid` for [DMF\n\n\n Dimethyl formmaro]
2025-01-06 17:26:34,338 - pcp: Could not find `cid` for [H2O\n\n}}>\n\nH]
2025-01-06 17:26:34,734 - pcp: Could not find `cid` for [DMF\n\nNone\n\nDMF\n]
2025-01-06 17:26:35,112 - pcp: Could not find `cid` for [DMF\n\n\n\n}}\n\n]
2025-01-06 17:26:36,081 - pcp: Could not find `cid` for [None


 0.0]
2025-01-06 17:26:36,680 - pcp: Could not find `cid` for [water\n\n\n 0.0\n\n]
2025-01-06 17:26:37,057 - pcp: Could not find `cid` for [H2O\n\n O3: None\n]
2025-01-06 17:26:37,440 - pcp: Could not find `cid` for [HCl (2 m)}, {]
2025-01-06 17:26:37,799 - pcp: Could not find `cid` for [water}, {100.0}, {7]
2025-01-06 17:26:38,200 - pcp: Could not find `cid` for [DMF\n\n 90.0}}}C]
2025-01-06 17:26:38,575 - pcp: Could not find `cid` for [NITRIC ACID{]
2025-01-06 17:26:39,415 - pcp: Could not find `cid` for [TRIETHYLAMINE}{0]
2025-01-06 17:26:40,779 - pcp: Could not find `cid` for [DMF{0\n\n]
2025-01-06 17:26:41,168 - pcp: Could not find `cid` for [H2O\n\n\n\n OR ACET]
2025-01-06 17:26:41,541 - pcp: Could not find `cid` for [SODIUM HYDROXIDE HY]
2025-01-06 17:26:42,025 - pcp: Could not find `cid` for [DMF\nic acid}}}\n{]
2025-01-06 17:26:42,413 - pcp: Could not find `cid` for [None,5NNO3},]
2025-01-06 17:26:42,842 - pcp: Could not find `cid` for [12O\n\n water\n\n 12O]
2025-01-06 17:26:44,472 - pcp: Could not find `cid` for [NaOH
2O 
Mol/L1]
2025-01-06 17:26:44,879 - pcp: Could not find `cid` for [THF\nH2O \nMOL]
2025-01-06 17:26:45,252 - pcp: Could not find `cid` for [H2O} \n{8H2]
2025-01-06 17:26:45,618 - pcp: Could not find `cid` for [DMF,8.0mmolDMF]
2025-01-06 17:26:45,992 - pcp: Could not find `cid` for [None

 (Hexfluor. 8]
2025-01-06 17:26:46,410 - pcp: Could not find `cid` for [water\n\n}}
Result: {]
2025-01-06 17:26:46,779 - pcp: Could not find `cid` for [HCl}}\\
upertag{{None}}]
2025-01-06 17:26:47,165 - pcp: Could not find `cid` for [DMF\n}\\\n{]
2025-01-06 17:26:47,546 - pcp: Could not find `cid` for [H2O}}]>n21O\n100]
2025-01-06 17:26:47,920 - pcp: Could not find `cid` for [methanol\n\n\n Org255H\n]
2025-01-06 17:26:48,317 - pcp: Could not find `cid` for [DMF\n\n\n}}\n\n{]
2025-01-06 17:26:48,689 - pcp: Could not find `cid` for [water\n\n\n}},]
2025-01-06 17:26:49,086 - pcp: Could not find `cid` for [None


 Organoite}{]
2025-01-06 17:26:49,491 - pcp: Could not find `cid` for [DMF\n\n\n Org DMF}}T]
2025-01-06 17:26:49,902 - pcp: Could not find `cid` for [None\n\n0]
2025-01-06 17:26:50,268 - pcp: Could not find `cid` for [None


 25.0 120]
2025-01-06 17:26:50,634 - pcp: Could not find `cid` for [SODUM hydroxide]
2025-01-06 17:26:51,015 - pcp: Could not find `cid` for [Cellose}}}\n{ol}}}\n]
2025-01-06 17:26:51,390 - pcp: Could not find `cid` for [None, 
{]
2025-01-06 17:26:51,790 - pcp: Could not find `cid` for [DMF, \n{]
2025-01-06 17:26:52,288 - pcp: Could not find `cid` for [H2O\n None\n None]
2025-01-06 17:26:52,705 - pcp: Could not find `cid` for [NaOH
>
None
>
85.0]
2025-01-06 17:26:53,186 - pcp: Could not find `cid` for [H2O\n>\nNone\n>\n]
2025-01-06 17:26:53,788 - pcp: Could not find `cid` for [THF}}]\n{C}}{{]
2025-01-06 17:26:54,180 - pcp: Could not find `cid` for [TRIETHYLAMINE{]
2025-01-06 17:26:54,568 - pcp: Could not find `cid` for [HNO3 (None) (1)
{]
2025-01-06 17:26:54,946 - pcp: Could not find `cid` for [DMF\n]
2025-01-06 17:26:55,327 - pcp: Could not find `cid` for [water\n\n

 {t} {]
2025-01-06 17:26:55,690 - pcp: Could not find `cid` for [DMF, \n}{]
2025-01-06 17:26:56,318 - pcp: Could not find `cid` for [DMF\n\n 2O.0]
2025-01-06 17:26:56,674 - pcp: Could not find `cid` for [DMF\n\n buffer\n buffer\n buffer DM]
2025-01-06 17:26:57,083 - pcp: Could not find `cid` for [DMF\n\n H2O }}{{]
2025-01-06 17:26:57,503 - pcp: Could not find `cid` for [HNO3}}]O3}}]
DM]
2025-01-06 17:26:57,868 - pcp: Could not find `cid` for [TRIETHYLAMINE}}],tH]
2025-01-06 17:26:58,225 - pcp: Could not find `cid` for [DMF\n: 0.0\n:]
2025-01-06 17:26:58,594 - pcp: Could not find `cid` for [H2O}}]\\xspace\n8.]
2025-01-06 17:26:59,001 - pcp: Could not find `cid` for [H2O}}]\n{[]
2025-01-06 17:26:59,379 - pcp: Could not find `cid` for [DMF\n\n organic Phenyle Phenyl}]
2025-01-06 17:26:59,766 - pcp: Could not find `cid` for [TRIETHYLAMINE{{2: None]
2025-01-06 17:27:00,196 - pcp: Could not find `cid` for [HNO3}{}
{]
2025-01-06 17:27:00,587 - pcp: Could not find `cid` for [H2O}{}\n{]
2025-01-06 17:27:01,036 - pcp: Could not find `cid` for [DMSO\n\nO\nO
 CH]
2025-01-06 17:27:01,428 - pcp: Could not find `cid` for [water\n\n O.S.\n{C\n]
2025-01-06 17:27:01,819 - pcp: Could not find `cid` for [None}}}
211.0 150.0]
2025-01-06 17:27:02,210 - pcp: Could not find `cid` for [H2O}}n
.5O8]
2025-01-06 17:27:02,595 - pcp: Could not find `cid` for [DMF} \n{DMF} \]
2025-01-06 17:27:02,995 - pcp: Could not find `cid` for [DMF\n\n \nphenylroprop]
2025-01-06 17:27:03,393 - pcp: Could not find `cid` for [HNO3S3}}, {]
2025-01-06 17:27:03,805 - pcp: Could not find `cid` for [DMF
}}, {]
2025-01-06 17:27:04,160 - pcp: Could not find `cid` for [HNO3}{2.0]
2025-01-06 17:27:04,520 - pcp: Could not find `cid` for [DMF}{2.0\n\n\n]
2025-01-06 17:27:04,944 - pcp: Could not find `cid` for [water\n\n\n\n\n\n\n8]
2025-01-06 17:27:05,338 - pcp: Could not find `cid` for [HBF4}}}
211.0]
2025-01-06 17:27:05,735 - pcp: Could not find `cid` for [DMF{}}}
{{C2H5]
2025-01-06 17:27:06,168 - pcp: Could not find `cid` for [acetic acid, {]
2025-01-06 17:27:06,585 - pcp: Could not find `cid` for [HCl.0.15mL.1]
2025-01-06 17:27:07,241 - pcp: Could not find `cid` for [HNO3-4.0{{2.]
2025-01-06 17:27:07,642 - pcp: Could not find `cid` for [DMF}}}
{]
2025-01-06 17:27:08,038 - pcp: Could not find `cid` for [HCl






 H]
2025-01-06 17:27:08,432 - pcp: Could not find `cid` for [DMF\n\n\n\n\n DMF\n]
2025-01-06 17:27:09,582 - pcp: Could not find `cid` for [DMF\n\n\n\n\n\n}}\]
2025-01-06 17:27:10,113 - pcp: Could not find `cid` for [DMF}{}\n{]
2025-01-06 17:27:10,491 - pcp: Could not find `cid` for [DMF}}]\\[{n}]
