2024-12-29 23:17:08,404 - pcp: Could not find `cid` for [None]
2024-12-29 23:17:10,455 - pcp: Could not find `cid` for [DEA]
2024-12-29 23:17:10,797 - pcp: Could not find `cid` for [1]
2024-12-29 23:17:11,155 - pcp: Could not find `cid` for [2-bis(4-pyrid]
2024-12-29 23:17:12,516 - pcp: Could not find `cid` for [DFH]
2024-12-29 23:17:14,056 - pcp: Could not find `cid` for [1-[(4-methylphenyl)sul]
2024-12-29 23:17:14,378 - pcp: Could not find `cid` for [H2tpa]
2024-12-29 23:17:14,717 - pcp: Could not find `cid` for [Gd(NO3)3⋅6]
2024-12-29 23:17:15,360 - pcp: Could not find `cid` for [HNO3 in EtOH]
2024-12-29 23:17:15,695 - pcp: Could not find `cid` for [pdp]
2024-12-29 23:17:16,026 - pcp: Could not find `cid` for [H3PZTC·2H2O]
2024-12-29 23:17:17,107 - pcp: Could not find `cid` for [Concentrated HNO3]
2024-12-29 23:17:17,965 - pcp: Could not find `cid` for [4]
2024-12-29 23:17:18,284 - pcp: Could not find `cid` for [4′-bpy]
2024-12-29 23:17:18,625 - pcp: Could not find `cid` for [Htrz]
2024-12-29 23:17:18,946 - pcp: Could not find `cid` for [H6tL1]
2024-12-29 23:17:20,005 - pcp: Could not find `cid` for [MTAZ]
2024-12-29 23:17:20,655 - pcp: Could not find `cid` for [Hdatz]
2024-12-29 23:17:20,999 - pcp: Could not find `cid` for [H4SiW12O40·24H]
2024-12-29 23:17:21,342 - pcp: Could not find `cid` for [6 M HCl]
2024-12-29 23:17:21,727 - pcp: Could not find `cid` for [4'-(Bipy)]
2024-12-29 23:17:22,407 - pcp: Could not find `cid` for [BIDPE]
2024-12-29 23:17:23,072 - pcp: Could not find `cid` for [Dy(NO3)3·6H2]
2024-12-29 23:17:23,399 - pcp: Could not find `cid` for [L]
2024-12-29 23:17:24,899 - pcp: Could not find `cid` for [ethyl glycol (EG)]
2024-12-29 23:17:25,909 - pcp: Could not find `cid` for [millipore water]
2024-12-29 23:17:26,901 - pcp: Could not find `cid` for [4\u2032-bpy]
2024-12-29 23:17:27,625 - pcp: Could not find `cid` for [N2H4·H2O]
2024-12-29 23:17:28,656 - pcp: Could not find `cid` for [Cd(NO3)2·4H2O]
2024-12-29 23:17:29,723 - pcp: Could not find `cid` for [Zn(NO3)2·6H2]
2024-12-29 23:17:30,061 - pcp: Could not find `cid` for [H2bdc]
2024-12-29 23:17:30,398 - pcp: Could not find `cid` for [Hbtr]
2024-12-29 23:17:30,714 - pcp: Could not find `cid` for [4\u2019-dpk]
2024-12-29 23:17:31,027 - pcp: Could not find `cid` for [distilled H2O]
2024-12-29 23:17:31,362 - pcp: Could not find `cid` for [azopy]
2024-12-29 23:17:31,674 - pcp: Could not find `cid` for [NH3·H2O]
2024-12-29 23:17:32,332 - pcp: Could not find `cid` for [Me4NBr]
2024-12-29 23:17:33,657 - pcp: Could not find `cid` for [Hade]
2024-12-29 23:17:34,298 - pcp: Could not find `cid` for [sodium 1]
2024-12-29 23:17:34,615 - pcp: Could not find `cid` for [2]
2024-12-29 23:17:34,956 - pcp: Could not find `cid` for [4-triaz]
2024-12-29 23:17:35,288 - pcp: Could not find `cid` for [H3PMo12O40]
2024-12-29 23:17:35,626 - pcp: Could not find `cid` for [2 M HCl]
2024-12-29 23:17:37,092 - pcp: Could not find `cid` for [Cu(PyenH2)(NO3)2]
2024-12-29 23:17:37,436 - pcp: Could not find `cid` for [bpfp]
2024-12-29 23:17:37,776 - pcp: Could not find `cid` for [Cu(NO3)2·2.5H]
2024-12-29 23:17:38,116 - pcp: Could not find `cid` for [benzene-p-dicarboxylic]
2024-12-29 23:17:39,791 - pcp: Could not find `cid` for [[(CH3)4N]OH]
2024-12-29 23:17:40,168 - pcp: Could not find `cid` for [Et4NOH]
2024-12-29 23:17:40,509 - pcp: Could not find `cid` for [H3BTT]
2024-12-29 23:17:41,541 - pcp: Could not find `cid` for [5-cyano-1]
2024-12-29 23:17:41,857 - pcp: Could not find `cid` for [3-ben]
2024-12-29 23:17:42,504 - pcp: Could not find `cid` for [Co(NO3)2·6H2O]
2024-12-29 23:17:42,837 - pcp: Could not find `cid` for [Hatz]
2024-12-29 23:17:43,182 - pcp: Could not find `cid` for [H4btec]
2024-12-29 23:17:43,822 - pcp: Could not find `cid` for [bpz]
2024-12-29 23:17:44,140 - pcp: Could not find `cid` for [Hpba]
2024-12-29 23:17:44,464 - pcp: Could not find `cid` for [NaAc·3H2O]
2024-12-29 23:17:44,778 - pcp: Could not find `cid` for [H3PIDC]
2024-12-29 23:17:45,134 - pcp: Could not find `cid` for [TRZ]
2024-12-29 23:17:45,475 - pcp: Could not find `cid` for [concentrated nitric acid]
2024-12-29 23:17:45,812 - pcp: Could not find `cid` for [bpdc]
2024-12-29 23:17:46,135 - pcp: Could not find `cid` for [TPOM]
2024-12-29 23:17:46,462 - pcp: Could not find `cid` for [KH3L1]
2024-12-29 23:17:46,782 - pcp: Could not find `cid` for [Concentrated nitric acid]
2024-12-29 23:17:47,114 - pcp: Could not find `cid` for [H3BTB]
2024-12-29 23:17:48,110 - pcp: Could not find `cid` for [ZnF2·4H2O]
2024-12-29 23:17:48,477 - pcp: Could not find `cid` for [H2Tart]
2024-12-29 23:17:48,797 - pcp: Could not find `cid` for [H3imda]
2024-12-29 23:17:49,510 - pcp: Could not find `cid` for [concentrated HCl]
2024-12-29 23:17:49,859 - pcp: Could not find `cid` for [3-dpye]
2024-12-29 23:17:50,191 - pcp: Could not find `cid` for [NaOH solution]
2024-12-29 23:17:50,525 - pcp: Could not find `cid` for [Cu(NO3)2·3H2O]
2024-12-29 23:17:51,499 - pcp: Could not find `cid` for [H3BPT]
2024-12-29 23:17:51,841 - pcp: Could not find `cid` for [40% HBF4]
2024-12-29 23:17:52,773 - pcp: Could not find `cid` for [1-methyl-2-pyrrolidin]
2024-12-29 23:17:53,412 - pcp: Could not find `cid` for [triethylenediamine (TEDA]
2024-12-29 23:17:54,384 - pcp: Could not find `cid` for [NaOH or KOH]
2024-12-29 23:17:55,077 - pcp: Could not find `cid` for [3-butanediol]
2024-12-29 23:17:56,406 - pcp: Could not find `cid` for [Li4btca]
2024-12-29 23:17:56,744 - pcp: Could not find `cid` for [1 ethanol]
2024-12-29 23:17:57,065 - pcp: Could not find `cid` for [H2O solution]
2024-12-29 23:17:57,380 - pcp: Could not find `cid` for [NH4VO3]
2024-12-29 23:17:57,694 - pcp: Could not find `cid` for [H2hfipbb]
2024-12-29 23:17:58,032 - pcp: Could not find `cid` for [bpdab]
2024-12-29 23:17:58,352 - pcp: Could not find `cid` for [timtz]
2024-12-29 23:17:59,022 - pcp: Could not find `cid` for [di(3-pyridylmethyl)]
2024-12-29 23:17:59,357 - pcp: Could not find `cid` for [DPT]
2024-12-29 23:18:00,013 - pcp: Could not find `cid` for [Aqueous solution]
2024-12-29 23:18:00,357 - pcp: Could not find `cid` for [TEA]
2024-12-29 23:18:00,693 - pcp: Could not find `cid` for [Na2S]
2024-12-29 23:18:01,342 - pcp: Could not find `cid` for [0.1 M HCl]
2024-12-29 23:18:02,148 - pcp: Could not find `cid` for [H2BDC]
2024-12-29 23:18:02,478 - pcp: Could not find `cid` for [CH3N(CH3)4OH]
2024-12-29 23:18:03,844 - pcp: Could not find `cid` for [2\u2032-bipyridine]
2024-12-29 23:18:04,174 - pcp: Could not find `cid` for [H3bpt]
2024-12-29 23:18:04,502 - pcp: Could not find `cid` for [Hdmtrz]
2024-12-29 23:18:04,834 - pcp: Could not find `cid` for [Hpza]
2024-12-29 23:18:05,171 - pcp: Could not find `cid` for [Hmtz]
2024-12-29 23:18:05,835 - pcp: Could not find `cid` for [Hbta]
2024-12-29 23:18:06,166 - pcp: Could not find `cid` for [Co(NH3)6Cl3]
2024-12-29 23:18:06,500 - pcp: Could not find `cid` for [HCl (aq)]
2024-12-29 23:18:07,194 - pcp: Could not find `cid` for [NH3\u22c5H2O]
2024-12-29 23:18:07,844 - pcp: Could not find `cid` for [H3tci]
2024-12-29 23:18:08,186 - pcp: Could not find `cid` for [TMBTA]
2024-12-29 23:18:09,519 - pcp: Could not find `cid` for [bztpy]
2024-12-29 23:18:10,632 - pcp: Could not find `cid` for [sodium acetate buffer]
2024-12-29 23:18:10,960 - pcp: Could not find `cid` for [4\u00b4-bipyrid]
2024-12-29 23:18:11,288 - pcp: Could not find `cid` for [4′]
2024-12-29 23:18:11,635 - pcp: Could not find `cid` for [4-bipy]
2024-12-29 23:18:12,297 - pcp: Could not find `cid` for [Py]
2024-12-29 23:18:12,633 - pcp: Could not find `cid` for [bimb]
2024-12-29 23:18:12,974 - pcp: Could not find `cid` for [Hdpt24]
2024-12-29 23:18:13,640 - pcp: Could not find `cid` for [5-pyridinedicarbox]
2024-12-29 23:18:13,958 - pcp: Could not find `cid` for [Ca(NO3)2·4H2O]
2024-12-29 23:18:14,277 - pcp: Could not find `cid` for [bimh]
2024-12-29 23:18:14,611 - pcp: Could not find `cid` for [KI]
2024-12-29 23:18:14,945 - pcp: Could not find `cid` for [Co(NO3)\u22126 H2O]
2024-12-29 23:18:15,627 - pcp: Could not find `cid` for [H2C2O4]
2024-12-29 23:18:16,947 - pcp: Could not find `cid` for [btpe]
2024-12-29 23:18:17,289 - pcp: Could not find `cid` for [diisopropylanmine]
2024-12-29 23:18:17,609 - pcp: Could not find `cid` for [bimx]
2024-12-29 23:18:17,962 - pcp: Could not find `cid` for [bpydbH2]
2024-12-29 23:18:18,298 - pcp: Could not find `cid` for [4-abpt]
2024-12-29 23:18:18,959 - pcp: Could not find `cid` for [NH2(CH3)2]+]
2024-12-29 23:18:19,645 - pcp: Could not find `cid` for [N(n-C4H9)4Cl]
2024-12-29 23:18:19,980 - pcp: Could not find `cid` for [4′-bipyridine]
2024-12-29 23:18:20,313 - pcp: Could not find `cid` for [H3PIMDC]
2024-12-29 23:18:20,647 - pcp: Could not find `cid` for [CoCl2·6H2O]
2024-12-29 23:18:20,982 - pcp: Could not find `cid` for [H3IDC]
2024-12-29 23:18:21,315 - pcp: Could not find `cid` for [Ni(ClO4)2 \u22c]
2024-12-29 23:18:22,323 - pcp: Could not find `cid` for [NiCl2\u00b26H2O]
2024-12-29 23:18:22,659 - pcp: Could not find `cid` for [2′-bipyridine-]
2024-12-29 23:18:22,972 - pcp: Could not find `cid` for [5-amino-benzene-1]
2024-12-29 23:18:23,313 - pcp: Could not find `cid` for [LiOH·H2O]
2024-12-29 23:18:24,336 - pcp: Could not find `cid` for [Hbtz]
2024-12-29 23:18:24,682 - pcp: Could not find `cid` for [PTAZ]
2024-12-29 23:18:25,357 - pcp: Could not find `cid` for [o-phenanthroline (o-Ph]
2024-12-29 23:18:26,043 - pcp: Could not find `cid` for [1 M NaOH]
2024-12-29 23:18:26,701 - pcp: Could not find `cid` for [HCOONa·2H]
2024-12-29 23:18:27,044 - pcp: Could not find `cid` for [4\'-bipyridyl]
2024-12-29 23:18:27,381 - pcp: Could not find `cid` for [H3BTT·2HCl·H]
2024-12-29 23:18:27,725 - pcp: Could not find `cid` for [TAAP]
2024-12-29 23:18:28,414 - pcp: Could not find `cid` for [N(CH3)4·Br]
2024-12-29 23:18:29,084 - pcp: Could not find `cid` for [enMe]
2024-12-29 23:18:29,759 - pcp: Could not find `cid` for [dpdo]
2024-12-29 23:18:30,106 - pcp: Could not find `cid` for [H2nbc]
2024-12-29 23:18:30,427 - pcp: Could not find `cid` for [HFP]
2024-12-29 23:18:30,742 - pcp: Could not find `cid` for [Mg(NO3)2·6H2]
2024-12-29 23:18:31,079 - pcp: Could not find `cid` for [H2bpca]
2024-12-29 23:18:31,743 - pcp: Could not find `cid` for [FeTCPPCl]
2024-12-29 23:18:32,063 - pcp: Could not find `cid` for [tetrahydrofuran (THF)]
2024-12-29 23:18:32,719 - pcp: Could not find `cid` for [Zn(NO3)2⋅6]
2024-12-29 23:18:33,072 - pcp: Could not find `cid` for [H2fum]
