2025-01-07 16:52:20,851 - pcp: Could not find `cid` for [CoSO4⋅7 H2O]
2025-01-07 16:52:21,512 - pcp: Could not find `cid` for [H3L1]
2025-01-07 16:52:21,863 - pcp: Could not find `cid` for [DMF/water]
2025-01-07 16:52:22,502 - pcp: Could not find `cid` for [H4LV]
2025-01-07 16:52:22,844 - pcp: Could not find `cid` for [YCl3·6H2O]
2025-01-07 16:52:23,168 - pcp: Could not find `cid` for [CdCl2·2.5H2O]
2025-01-07 16:52:23,501 - pcp: Could not find `cid` for [Co(Ac)2·4H2O]
2025-01-07 16:52:24,164 - pcp: Could not find `cid` for [NH4VO3]
2025-01-07 16:52:24,828 - pcp: Could not find `cid` for [Co(NO3)2·3H2O]
2025-01-07 16:52:25,180 - pcp: Could not find `cid` for [CuSO4·5H2O]
2025-01-07 16:52:25,520 - pcp: Could not find `cid` for [H4L1]
2025-01-07 16:52:25,852 - pcp: Could not find `cid` for [Cd(NO3)2·4H2O]
2025-01-07 16:52:26,188 - pcp: Could not find `cid` for [H3L]
2025-01-07 16:52:26,853 - pcp: Could not find `cid` for [H3btc]
2025-01-07 16:52:27,186 - pcp: Could not find `cid` for [H6L2]
2025-01-07 16:52:27,512 - pcp: Could not find `cid` for [DMF/H2O]
2025-01-07 16:52:27,851 - pcp: Could not find `cid` for [Cu(NO3)2·2.5H]
2025-01-07 16:52:28,168 - pcp: Could not find `cid` for [H2L]
2025-01-07 16:52:28,492 - pcp: Could not find `cid` for [DMF/NMP/pyridine]
2025-01-07 16:52:28,825 - pcp: Could not find `cid` for [DMF/CH3CH2OH/H2]
2025-01-07 16:52:29,160 - pcp: Could not find `cid` for [Htz]
2025-01-07 16:52:29,496 - pcp: Could not find `cid` for [methanol–water solution]
2025-01-07 16:52:29,835 - pcp: Could not find `cid` for [H4L]
2025-01-07 16:52:30,164 - pcp: Could not find `cid` for [Zn(NO3)2·6H2]
2025-01-07 16:52:30,840 - pcp: Could not find `cid` for [Cu(NO3)2·3H2O]
2025-01-07 16:52:31,175 - pcp: Could not find `cid` for [CoCl2·6H2O]
2025-01-07 16:52:31,833 - pcp: Could not find `cid` for [Cu(NO3)2·2H2O]
2025-01-07 16:52:32,158 - pcp: Could not find `cid` for [DMF/EtOH/H2O]
2025-01-07 16:52:32,531 - pcp: Could not find `cid` for [1.4-NDC]
2025-01-07 16:52:32,925 - pcp: Could not find `cid` for [Co(NO3)2·6H2O]
2025-01-07 16:52:33,418 - pcp: Could not find `cid` for [H2O/CH3OH]
2025-01-07 16:52:33,776 - pcp: Could not find `cid` for [H2O/MeCN]
2025-01-07 16:52:34,112 - pcp: Could not find `cid` for [H4ABTC]
2025-01-07 16:52:34,430 - pcp: Could not find `cid` for [NOTT‐114]
