2024-12-29 22:59:36,039 - pcp: Could not find `cid` for [DMF and MeOH]
2024-12-29 22:59:36,711 - pcp: Could not find `cid` for [DMF:dioxane:H2O]
2024-12-29 22:59:38,099 - pcp: Could not find `cid` for [DEA]
2024-12-29 22:59:38,439 - pcp: Could not find `cid` for [Cd(NO3)2\\u202c4]
2024-12-29 22:59:38,777 - pcp: Could not find `cid` for [DMF/H2O (1:3)]
2024-12-29 22:59:39,109 - pcp: Could not find `cid` for [Tb(NO3)3\ud83c]
2024-12-29 22:59:39,427 - pcp: Could not find `cid` for [EtOH/H2O (1:1,]
2024-12-29 22:59:39,796 - pcp: Could not find `cid` for [Zn(NO3)2·6H2]
2024-12-29 22:59:40,131 - pcp: Could not find `cid` for [H3BPT]
2024-12-29 22:59:40,477 - pcp: Could not find `cid` for [DMF:water]
2024-12-29 22:59:41,121 - pcp: Could not find `cid` for [DMF (5.4 mL), water (]
2024-12-29 22:59:41,458 - pcp: Could not find `cid` for [DMF (6 mL), EtOH (3]
2024-12-29 22:59:41,809 - pcp: Could not find `cid` for [CdCl2\u22c5 2.]
2024-12-29 22:59:42,149 - pcp: Could not find `cid` for [H2O  and MeCN]
2024-12-29 22:59:42,500 - pcp: Could not find `cid` for [1-[(4-methylphenyl)sul]
2024-12-29 22:59:42,823 - pcp: Could not find `cid` for [L]
2024-12-29 22:59:43,157 - pcp: Could not find `cid` for [DMF/H2O/C2H5OH]
2024-12-29 22:59:44,493 - pcp: Could not find `cid` for [10 mL]
2024-12-29 22:59:44,829 - pcp: Could not find `cid` for [H3TTCA]
2024-12-29 22:59:45,164 - pcp: Could not find `cid` for [H2tdc]
2024-12-29 22:59:45,491 - pcp: Could not find `cid` for [pDBI]
2024-12-29 22:59:45,807 - pcp: Could not find `cid` for [H4btadpa]
2024-12-29 22:59:46,126 - pcp: Could not find `cid` for [aqueous NH3]
2024-12-29 22:59:46,462 - pcp: Could not find `cid` for [dmf/H2O]
2024-12-29 22:59:47,470 - pcp: Could not find `cid` for [DMF/EtOH]
2024-12-29 22:59:48,174 - pcp: Could not find `cid` for [Ba(NO3)2, La(NO3)]
2024-12-29 22:59:48,551 - pcp: Could not find `cid` for [DMF, H2O]
2024-12-29 22:59:49,892 - pcp: Could not find `cid` for [DMF, CH3COOH, HCl]
2024-12-29 22:59:50,213 - pcp: Could not find `cid` for [H2sdba]
2024-12-29 22:59:50,558 - pcp: Could not find `cid` for [CH3OH DMF]
2024-12-29 22:59:50,898 - pcp: Could not find `cid` for [1,9\u2212diaminon]
2024-12-29 22:59:51,576 - pcp: Could not find `cid` for [MgCl2·6H2O,]
2024-12-29 22:59:51,912 - pcp: Could not find `cid` for [Zn(OAc)2\u20092H]
2024-12-29 22:59:52,593 - pcp: Could not find `cid` for [H4BDPO (10.4 mg,]
2024-12-29 22:59:52,934 - pcp: Could not find `cid` for [DMF (2 mL), ethanol (1.]
2024-12-29 22:59:53,272 - pcp: Could not find `cid` for [H3BTC, d-Serine, D]
2024-12-29 22:59:53,605 - pcp: Could not find `cid` for [DMF and H2O]
2024-12-29 22:59:53,924 - pcp: Could not find `cid` for [DMF (12 mL) solution]
2024-12-29 22:59:54,244 - pcp: Could not find `cid` for [acetonitrile/water]
2024-12-29 22:59:54,999 - pcp: Could not find `cid` for [sdb]
2024-12-29 22:59:55,335 - pcp: Could not find `cid` for [2DMF]
2024-12-29 22:59:55,678 - pcp: Could not find `cid` for [CuSO4·5H2O]
2024-12-29 22:59:56,016 - pcp: Could not find `cid` for [EtOH/H2O (5/5 ml]
2024-12-29 22:59:56,336 - pcp: Could not find `cid` for [H3TCMTB (0.17 g]
2024-12-29 22:59:56,655 - pcp: Could not find `cid` for [N,N\\u2030-dimethylacet]
2024-12-29 22:59:56,988 - pcp: Could not find `cid` for [Zn(NO3)2\u00b66]
2024-12-29 22:59:57,307 - pcp: Could not find `cid` for [H2O, DMF]
2024-12-29 22:59:57,951 - pcp: Could not find `cid` for [DMF/H2O]
2024-12-29 22:59:58,287 - pcp: Could not find `cid` for [DMF and ethanol]
2024-12-29 22:59:58,616 - pcp: Could not find `cid` for [H3CMPEIP]
2024-12-29 22:59:59,321 - pcp: Could not find `cid` for [DMF/1,4-dioxane]
2024-12-29 22:59:59,950 - pcp: Could not find `cid` for [N,N-dimethylformamide (DMF]
2024-12-29 23:00:00,287 - pcp: Could not find `cid` for [Cd(NO3)2·4H2O]
2024-12-29 23:00:00,622 - pcp: Could not find `cid` for [DMF and EtOH]
2024-12-29 23:00:00,966 - pcp: Could not find `cid` for [1,4-naphthalenedicarbox]
2024-12-29 23:00:01,312 - pcp: Could not find `cid` for [50% (CH3)4NOH solution]
2024-12-29 23:00:01,645 - pcp: Could not find `cid` for [bpydbH2]
2024-12-29 23:00:02,077 - pcp: Could not find `cid` for [DMF:EtOH:H2O (1]
2024-12-29 23:00:02,399 - pcp: Could not find `cid` for [NiCl2\u20746H2O,]
2024-12-29 23:00:02,748 - pcp: Could not find `cid` for [6 M HCl]
2024-12-29 23:00:03,064 - pcp: Could not find `cid` for [DMF (7.0 mL) and H]
2024-12-29 23:00:03,760 - pcp: Could not find `cid` for [H2NDC]
2024-12-29 23:00:04,080 - pcp: Could not find `cid` for [ZnF2 \u2022 4]
2024-12-29 23:00:04,397 - pcp: Could not find `cid` for [H3LMe]
2024-12-29 23:00:04,729 - pcp: Could not find `cid` for [HfOCl2·8H2O]
2024-12-29 23:00:05,142 - pcp: Could not find `cid` for [1,3,5-triazine-2]
2024-12-29 23:00:05,458 - pcp: Could not find `cid` for [DMF (96.96 mmol) sulfur]
2024-12-29 23:00:05,776 - pcp: Could not find `cid` for [DMF/ethanol (1/4,]
2024-12-29 23:00:06,131 - pcp: Could not find `cid` for [pyrazine-2,3-dicar]
2024-12-29 23:00:06,475 - pcp: Could not find `cid` for [Zn(OAc)\u00282\u002]
2024-12-29 23:00:06,804 - pcp: Could not find `cid` for [1,4-dioxane/H2O (]
2024-12-29 23:00:07,142 - pcp: Could not find `cid` for [BIDPE]
2024-12-29 23:00:07,454 - pcp: Could not find `cid` for [DMF/H2O (3:1,]
2024-12-29 23:00:08,142 - pcp: Could not find `cid` for [H2Me4BPDC]
2024-12-29 23:00:08,464 - pcp: Could not find `cid` for [L (16.8 mg, 0.]
2024-12-29 23:00:08,818 - pcp: Could not find `cid` for [water (10 mL)]
2024-12-29 23:00:09,207 - pcp: Could not find `cid` for [N,N-dimethylacetamide and methanol]
2024-12-29 23:00:09,924 - pcp: Could not find `cid` for [C12H20Cu4N6O15]
2024-12-29 23:00:10,246 - pcp: Could not find `cid` for [H2dnpdc]
2024-12-29 23:00:10,926 - pcp: Could not find `cid` for [Millipore water]
2024-12-29 23:00:11,273 - pcp: Could not find `cid` for [H3L]
2024-12-29 23:00:11,592 - pcp: Could not find `cid` for [CH3OH/H2O]
2024-12-29 23:00:12,245 - pcp: Could not find `cid` for [DMF, NMP]
2024-12-29 23:00:12,592 - pcp: Could not find `cid` for [Cd(NO3)2\u22c5H]
2024-12-29 23:00:12,926 - pcp: Could not find `cid` for [H2O/EtOH]
2024-12-29 23:00:13,596 - pcp: Could not find `cid` for [DMF/H2O (4:2 vol]
2024-12-29 23:00:14,252 - pcp: Could not find `cid` for [water/ethanol]
2024-12-29 23:00:14,588 - pcp: Could not find `cid` for [H2C2O4]
2024-12-29 23:00:14,949 - pcp: Could not find `cid` for [10 mL aqueous solution]
2024-12-29 23:00:15,290 - pcp: Could not find `cid` for [CdCl2·2.5H2O]
2024-12-29 23:00:15,603 - pcp: Could not find `cid` for [Ce(NO3)3·6H2O]
2024-12-29 23:00:15,919 - pcp: Could not find `cid` for [DMF:H2O]
2024-12-29 23:00:16,238 - pcp: Could not find `cid` for [H2O/DMF]
2024-12-29 23:00:16,556 - pcp: Could not find `cid` for [H2PAM]
2024-12-29 23:00:16,872 - pcp: Could not find `cid` for [EtOH, DMF]
2024-12-29 23:00:17,188 - pcp: Could not find `cid` for [Cu(NO3)2\u22122.5]
2024-12-29 23:00:17,515 - pcp: Could not find `cid` for [DMF/NMP]
2024-12-29 23:00:18,169 - pcp: Could not find `cid` for [nicotinic acid, HCOOH]
2024-12-29 23:00:18,505 - pcp: Could not find `cid` for [H2BDC]
2024-12-29 23:00:18,832 - pcp: Could not find `cid` for [H2O:CH3CH2OH (]
2024-12-29 23:00:19,509 - pcp: Could not find `cid` for [H5bpbc, 4,4\u]
2024-12-29 23:00:19,848 - pcp: Could not find `cid` for [0.034 g (0.16 mmol]
2024-12-29 23:00:20,188 - pcp: Could not find `cid` for [4 mL N,N]
2024-12-29 23:00:20,528 - pcp: Could not find `cid` for [DMF/MEOH]
2024-12-29 23:00:20,868 - pcp: Could not find `cid` for [ImhedpH4]
2024-12-29 23:00:21,216 - pcp: Could not find `cid` for [Zn(OAc)2\\u22c]
2024-12-29 23:00:21,565 - pcp: Could not find `cid` for [DMF/water/MeOH (2/]
2024-12-29 23:00:22,217 - pcp: Could not find `cid` for [N/A]
2024-12-29 23:00:22,538 - pcp: Could not find `cid` for [CuCl2·2H2O]
2024-12-29 23:00:22,876 - pcp: Could not find `cid` for [Yb(NO3)3\\u20096]
2024-12-29 23:00:23,211 - pcp: Could not find `cid` for [DMF/H2O/ethanol]
2024-12-29 23:00:23,528 - pcp: Could not find `cid` for [H4L]
2024-12-29 23:00:23,850 - pcp: Could not find `cid` for [KH2TDA]
2024-12-29 23:00:24,186 - pcp: Could not find `cid` for [Cd(NO3)2\\u20094H]
2024-12-29 23:00:24,515 - pcp: Could not find `cid` for [NH3\u25a0H2O]
2024-12-29 23:00:24,854 - pcp: Could not find `cid` for [H4ptptc]
2024-12-29 23:00:25,191 - pcp: Could not find `cid` for [DMF:H2O 1:3]
2024-12-29 23:00:25,875 - pcp: Could not find `cid` for [Me4NBr]
2024-12-29 23:00:26,536 - pcp: Could not find `cid` for [DMF/MeCN/H2O]
2024-12-29 23:00:26,853 - pcp: Could not find `cid` for [H2bcp]
2024-12-29 23:00:27,186 - pcp: Could not find `cid` for [CH3OH/CH3CN]
2024-12-29 23:00:27,509 - pcp: Could not find `cid` for [NaOH (1 mmol), bpt (]
2024-12-29 23:00:27,843 - pcp: Could not find `cid` for [H2O (10 mL)]
2024-12-29 23:00:28,190 - pcp: Could not find `cid` for [HFP]
2024-12-29 23:00:28,531 - pcp: Could not find `cid` for [DMF/CH3CN (8 mL;]
2024-12-29 23:00:28,849 - pcp: Could not find `cid` for [DMF/CH3CN]
2024-12-29 23:00:29,195 - pcp: Could not find `cid` for [N,N′-diethylformamide (DEF]
2024-12-29 23:00:29,565 - pcp: Could not find `cid` for [Co(NO3)2\u20096H2]
2024-12-29 23:00:30,830 - pcp: Could not find `cid` for [3,4-H2PDC]
2024-12-29 23:00:31,161 - pcp: Could not find `cid` for [DMF, EtOH, pyridine]
2024-12-29 23:00:31,476 - pcp: Could not find `cid` for [Zn(NO3)2\u00b26]
2024-12-29 23:00:31,788 - pcp: Could not find `cid` for [DMF/H2O (10 mL,]
2024-12-29 23:00:32,106 - pcp: Could not find `cid` for [DMF:EtOH]
2024-12-29 23:00:32,440 - pcp: Could not find `cid` for [anhydrous CuCl solid]
2024-12-29 23:00:32,777 - pcp: Could not find `cid` for [1:1 solution of DMF and EtOH]
2024-12-29 23:00:33,124 - pcp: Could not find `cid` for [2,7-H2CDC]
2024-12-29 23:00:33,762 - pcp: Could not find `cid` for [DMF:EtOH:water]
2024-12-29 23:00:34,080 - pcp: Could not find `cid` for [Na+L\u22121]
2024-12-29 23:00:34,456 - pcp: Could not find `cid` for [EtOH:H2O (v:v =]
2024-12-29 23:00:34,794 - pcp: Could not find `cid` for [H3PMo12O40]
2024-12-29 23:00:35,114 - pcp: Could not find `cid` for [3 drops HBF4]
2024-12-29 23:00:35,452 - pcp: Could not find `cid` for [Cu(ClO4)2\u20226H]
2024-12-29 23:00:35,813 - pcp: Could not find `cid` for [DMF:H2O:2 M HCl]
2024-12-29 23:00:36,153 - pcp: Could not find `cid` for [AgNO3 (0.17 g,]
2024-12-29 23:00:36,502 - pcp: Could not find `cid` for [distilled water (10 mL)]
2024-12-29 23:00:36,845 - pcp: Could not find `cid` for [DMF/methanol/H2O =]
2024-12-29 23:00:37,171 - pcp: Could not find `cid` for [None]
2024-12-29 23:00:37,491 - pcp: Could not find `cid` for [Zn(NO3)·6H2O]
2024-12-29 23:00:37,828 - pcp: Could not find `cid` for [H3MIDC, Cd(NO3)]
2024-12-29 23:00:38,147 - pcp: Could not find `cid` for [water, pyridine]
2024-12-29 23:00:38,494 - pcp: Could not find `cid` for [Cu(PyenH2)(NO3)2]
2024-12-29 23:00:38,814 - pcp: Could not find `cid` for [DMF:H2O (306:30.]
2024-12-29 23:00:39,565 - pcp: Could not find `cid` for [H4L1]
2024-12-29 23:00:39,896 - pcp: Could not find `cid` for [Linker H43]
2024-12-29 23:00:40,229 - pcp: Could not find `cid` for [DMF/dioxane/H2O]
2024-12-29 23:00:41,260 - pcp: Could not find `cid` for [Tb(NO3)3\\u20226]
2024-12-29 23:00:41,597 - pcp: Could not find `cid` for [H2BDC-F4]
2024-12-29 23:00:41,937 - pcp: Could not find `cid` for [DMF+C2H5OH+H2]
2024-12-29 23:00:42,254 - pcp: Could not find `cid` for [DMF/acetonitrile (3 mL,]
2024-12-29 23:00:42,589 - pcp: Could not find `cid` for [H4bptc]
2024-12-29 23:00:42,910 - pcp: Could not find `cid` for [water-ethanol (2:1 v/v]
2024-12-29 23:00:43,590 - pcp: Could not find `cid` for [DMF/acetonitrile/H2O]
2024-12-29 23:00:44,250 - pcp: Could not find `cid` for [H2AzDC]
2024-12-29 23:00:44,580 - pcp: Could not find `cid` for [CdCO3, H4BTC, Bpy]
2024-12-29 23:00:45,355 - pcp: Could not find `cid` for [H3BTC and [(CH3)4N]
2024-12-29 23:00:45,992 - pcp: Could not find `cid` for [H3L2 (0.04 g,]
2024-12-29 23:00:46,330 - pcp: Could not find `cid` for [H3BTT]
2024-12-29 23:00:47,092 - pcp: Could not find `cid` for [CuCl2\u22c5H2O]
2024-12-29 23:00:47,412 - pcp: Could not find `cid` for [NiCl2\u00b66H2O]
2024-12-29 23:00:47,777 - pcp: Could not find `cid` for [1,2,4,5-benzene]
2024-12-29 23:00:48,113 - pcp: Could not find `cid` for [H3tci]
2024-12-29 23:00:48,471 - pcp: Could not find `cid` for [Cu(NO3)2\u20092.5]
2024-12-29 23:00:48,808 - pcp: Could not find `cid` for [H4L, bi]
2024-12-29 23:00:49,131 - pcp: Could not find `cid` for [5-cyano-1,3-ben]
2024-12-29 23:00:49,467 - pcp: Could not find `cid` for [Zn(NO3)2⋅6]
2024-12-29 23:00:49,800 - pcp: Could not find `cid` for [NH3\u2009\(\u2217]
2024-12-29 23:00:50,137 - pcp: Could not find `cid` for [DMF + CH3OH]
2024-12-29 23:00:50,456 - pcp: Could not find `cid` for [2 drops of 6 mol/L HCl]
2024-12-29 23:00:50,796 - pcp: Could not find `cid` for [4 mL of DMF and 1 mL of]
2024-12-29 23:00:51,113 - pcp: Could not find `cid` for [DMF, CH3OH, H2O]
2024-12-29 23:00:51,448 - pcp: Could not find `cid` for [Eu(NO3)3\u00b26H]
2024-12-29 23:00:51,763 - pcp: Could not find `cid` for [DMF, H2O, ethanol]
2024-12-29 23:00:52,106 - pcp: Could not find `cid` for [Hatz]
2024-12-29 23:00:52,747 - pcp: Could not find `cid` for [Cu(NO3)2·2.5H]
2024-12-29 23:00:53,066 - pcp: Could not find `cid` for [DMF/NMP/pyridine]
2024-12-29 23:00:53,401 - pcp: Could not find `cid` for [H4btec]
2024-12-29 23:00:53,725 - pcp: Could not find `cid` for [DABCO, HNO3]
2024-12-29 23:00:54,398 - pcp: Could not find `cid` for [KI]
2024-12-29 23:00:54,717 - pcp: Could not find `cid` for [H2O/1,4-dioxane]
2024-12-29 23:00:55,049 - pcp: Could not find `cid` for [NaOH aqueous solution]
2024-12-29 23:00:55,938 - pcp: Could not find `cid` for [obtz]
2024-12-29 23:00:56,257 - pcp: Could not find `cid` for [H2O, aqueous NaOH, Eu]
2024-12-29 23:00:57,088 - pcp: Could not find `cid` for [CdSO4·8/3H2O]
2024-12-29 23:00:57,428 - pcp: Could not find `cid` for [H3PIDC]
2024-12-29 23:00:57,763 - pcp: Could not find `cid` for [dmurea]
2024-12-29 23:00:58,454 - pcp: Could not find `cid` for [distilled water and DMF]
2024-12-29 23:00:58,799 - pcp: Could not find `cid` for [Cd(ClO4)2\u22126H]
2024-12-29 23:00:59,119 - pcp: Could not find `cid` for [Mn(NO3)2\\u20224]
2024-12-29 23:00:59,459 - pcp: Could not find `cid` for [Zn(NO3)2\\u20226]
2024-12-29 23:00:59,801 - pcp: Could not find `cid` for [DEF/EtOH/H2O]
2024-12-29 23:01:00,128 - pcp: Could not find `cid` for [H3TBOT]
2024-12-29 23:01:00,463 - pcp: Could not find `cid` for [DMF:NMP:formic acid]
2024-12-29 23:01:00,796 - pcp: Could not find `cid` for [Cd(OAc)2\u00b22H]
2024-12-29 23:01:01,114 - pcp: Could not find `cid` for [H2TBA]
2024-12-29 23:01:01,450 - pcp: Could not find `cid` for [N,N\u2032-dimethylformamide]
2024-12-29 23:01:01,774 - pcp: Could not find `cid` for [H3(bcbob) and bpp]
2024-12-29 23:01:02,093 - pcp: Could not find `cid` for [Cu(NO3)2\\u202f3]
2024-12-29 23:01:02,420 - pcp: Could not find `cid` for [three drops of HCl (6 mol/L)]
2024-12-29 23:01:02,764 - pcp: Could not find `cid` for [5 mL of DMF]
2024-12-29 23:01:03,177 - pcp: Could not find `cid` for [EuCl3∙ 6H2O]
2024-12-29 23:01:03,509 - pcp: Could not find `cid` for [DMF (10 mL) and DMSO]
2024-12-29 23:01:03,830 - pcp: Could not find `cid` for [Zn(NO3)2\u22c72]
2024-12-29 23:01:04,163 - pcp: Could not find `cid` for [DMF/H2O (1/2,]
2024-12-29 23:01:04,486 - pcp: Could not find `cid` for [H2L2]
2024-12-29 23:01:04,832 - pcp: Could not find `cid` for [H4ABTC]
2024-12-29 23:01:05,151 - pcp: Could not find `cid` for [DMF/glycol/H2O]
2024-12-29 23:01:05,469 - pcp: Could not find `cid` for [Ba(NO3)2]
2024-12-29 23:01:05,807 - pcp: Could not find `cid` for [H22BPC]
2024-12-29 23:01:06,125 - pcp: Could not find `cid` for [H2O and ethanol]
2024-12-29 23:01:06,444 - pcp: Could not find `cid` for [H3btc]
2024-12-29 23:01:06,762 - pcp: Could not find `cid` for [KH3L1]
2024-12-29 23:01:07,078 - pcp: Could not find `cid` for [H4abtc]
2024-12-29 23:01:07,395 - pcp: Could not find `cid` for [H2pdc, Na2MoO4]
2024-12-29 23:01:07,710 - pcp: Could not find `cid` for [distilled water and ethanol]
2024-12-29 23:01:08,060 - pcp: Could not find `cid` for [NaOH, H6L]
2024-12-29 23:01:08,401 - pcp: Could not find `cid` for [water-ethanol (1:4)]
2024-12-29 23:01:08,724 - pcp: Could not find `cid` for [NaH2sip]
2024-12-29 23:01:09,729 - pcp: Could not find `cid` for [DMF, 1,4-dioxane]
2024-12-29 23:01:10,065 - pcp: Could not find `cid` for [dilute sodium hydroxide]
2024-12-29 23:01:10,769 - pcp: Could not find `cid` for [C6H5PO3H2]
2024-12-29 23:01:11,116 - pcp: Could not find `cid` for [isonicotinic acid, ZnF2·4]
2024-12-29 23:01:11,458 - pcp: Could not find `cid` for [isobutanol, methanol]
2024-12-29 23:01:12,135 - pcp: Could not find `cid` for [Dy2O3 (0.094 g]
2024-12-29 23:01:12,462 - pcp: Could not find `cid` for [isnicotinic acid]
2024-12-29 23:01:12,780 - pcp: Could not find `cid` for [Cu(NO3)2·3H2O]
2024-12-29 23:01:13,100 - pcp: Could not find `cid` for [H2Tart]
2024-12-29 23:01:13,424 - pcp: Could not find `cid` for [H3imda, 4,4′]
2024-12-29 23:01:13,737 - pcp: Could not find `cid` for [H2O/glycol (14:1]
2024-12-29 23:01:14,071 - pcp: Could not find `cid` for [H2BPDC]
2024-12-29 23:01:14,405 - pcp: Could not find `cid` for [Tb(NO3)3·5H2]
2024-12-29 23:01:14,736 - pcp: Could not find `cid` for [Cu(NO3)2\u20263H2]
2024-12-29 23:01:15,072 - pcp: Could not find `cid` for [H4bptc, Ni(CH3CO]
2024-12-29 23:01:15,388 - pcp: Could not find `cid` for [DMF and water]
2024-12-29 23:01:15,723 - pcp: Could not find `cid` for [NaOH solution]
2024-12-29 23:01:16,728 - pcp: Could not find `cid` for [NiCO3]
2024-12-29 23:01:17,059 - pcp: Could not find `cid` for [CoCl2\u00b26H2O]
2024-12-29 23:01:17,407 - pcp: Could not find `cid` for [Zn(CH3COO)2·2]
2024-12-29 23:01:18,113 - pcp: Could not find `cid` for [H8TIAPy]
2024-12-29 23:01:18,432 - pcp: Could not find `cid` for [DMF: H2O: MeOH (]
2024-12-29 23:01:18,751 - pcp: Could not find `cid` for [Cu(NO3)2\u20243H2]
2024-12-29 23:01:19,074 - pcp: Could not find `cid` for [DEF/MeOH]
2024-12-29 23:01:19,902 - pcp: Could not find `cid` for [1-methyl-2-pyrrolidin]
2024-12-29 23:01:20,541 - pcp: Could not find `cid` for [Cd(NO3)2\\u20254H]
2024-12-29 23:01:20,858 - pcp: Could not find `cid` for [DMF/CH3CH2OH/H2]
2024-12-29 23:01:21,182 - pcp: Could not find `cid` for [trioleate deammonium]
2024-12-29 23:01:21,530 - pcp: Could not find `cid` for [bpz and CoCl2\u00b06]
2024-12-29 23:01:21,846 - pcp: Could not find `cid` for [H4MDIP]
2024-12-29 23:01:22,182 - pcp: Could not find `cid` for [DMF/H2O (1:1)]
2024-12-29 23:01:22,502 - pcp: Could not find `cid` for [H4ATB]
2024-12-29 23:01:22,819 - pcp: Could not find `cid` for [DMF, C2H5OH, H]
2024-12-29 23:01:23,152 - pcp: Could not find `cid` for [HNO3 (65%, aq)]
2024-12-29 23:01:23,495 - pcp: Could not find `cid` for [Gd(NO3)3 (0.045]
2024-12-29 23:01:23,814 - pcp: Could not find `cid` for [H2O/ethanol (v:v =]
2024-12-29 23:01:24,161 - pcp: Could not find `cid` for [NH2(CH3)2Cl]
2024-12-29 23:01:24,519 - pcp: Could not find `cid` for [2 drops of conc. HCl]
2024-12-29 23:01:24,853 - pcp: Could not find `cid` for [DMF (1.5 mL) and Me]
2024-12-29 23:01:25,176 - pcp: Could not find `cid` for [Cu(NO3)2\u202f3H]
2024-12-29 23:01:25,492 - pcp: Could not find `cid` for [N, N\\u2010diethylform]
2024-12-29 23:01:25,865 - pcp: Could not find `cid` for [Co(NO3)2\u20226H2]
2024-12-29 23:01:26,183 - pcp: Could not find `cid` for [CoCl2\u22126H2O]
2024-12-29 23:01:26,520 - pcp: Could not find `cid` for [DMF:EtOH:H2O]
2024-12-29 23:01:26,856 - pcp: Could not find `cid` for [CoCl2\u22c6 6H]
2024-12-29 23:01:27,194 - pcp: Could not find `cid` for [NaOH or KOH (10 mol·l]
2024-12-29 23:01:27,553 - pcp: Could not find `cid` for [mixed solvent of DMF, CH3CN,]
2024-12-29 23:01:27,898 - pcp: Could not find `cid` for [2 M NaOH solution]
2024-12-29 23:01:28,249 - pcp: Could not find `cid` for [Zn(NO3)2\u20262H]
2024-12-29 23:01:28,605 - pcp: Could not find `cid` for [CdI2, 4-nitroben]
2024-12-29 23:01:28,924 - pcp: Could not find `cid` for [H2O, MeCN]
2024-12-29 23:01:29,265 - pcp: Could not find `cid` for [Zn(Ac)2]
2024-12-29 23:01:29,587 - pcp: Could not find `cid` for [DMF/H2O (v/v =]
2024-12-29 23:01:29,918 - pcp: Could not find `cid` for [Cd(NO3)2\\u00b74]
2024-12-29 23:01:30,267 - pcp: Could not find `cid` for [btca]
2024-12-29 23:01:30,595 - pcp: Could not find `cid` for [btrb]
2024-12-29 23:01:30,926 - pcp: Could not find `cid` for [H4qptc, Ni(NO3)]
2024-12-29 23:01:31,266 - pcp: Could not find `cid` for [DMF/cyclohexanol/H2O]
2024-12-29 23:01:31,605 - pcp: Could not find `cid` for [NH4VO3]
2024-12-29 23:01:31,942 - pcp: Could not find `cid` for [timtz (558 mg, 2.0]
2024-12-29 23:01:32,284 - pcp: Could not find `cid` for [MeCN (2 mL) and DMF (]
2024-12-29 23:01:32,624 - pcp: Could not find `cid` for [Isophthalic acid, adenine, Cd]
2024-12-29 23:01:32,941 - pcp: Could not find `cid` for [50 \u03bcL of 6 M]
2024-12-29 23:01:33,260 - pcp: Could not find `cid` for [DMF, ethanol and H2O]
2024-12-29 23:01:33,591 - pcp: Could not find `cid` for [Cd(NO3)2\u00b24H]
2024-12-29 23:01:34,266 - pcp: Could not find `cid` for [MnCl2·4H2O]
2024-12-29 23:01:34,938 - pcp: Could not find `cid` for [distilled H2O]
2024-12-29 23:01:35,284 - pcp: Could not find `cid` for [H4X]
2024-12-29 23:01:35,686 - pcp: Could not find `cid` for [DMF/H2O (2:1)]
2024-12-29 23:01:36,037 - pcp: Could not find `cid` for [2 mL of methanol solution of each L1]
2024-12-29 23:01:36,382 - pcp: Could not find `cid` for [aqueous solution of AgPF6]
2024-12-29 23:01:36,714 - pcp: Could not find `cid` for [three drops of HNO3 (2.0]
2024-12-29 23:01:37,029 - pcp: Could not find `cid` for [DMF (1.5 mL) and H]
2024-12-29 23:01:37,346 - pcp: Could not find `cid` for [0.16 g, 0.5 mm]
2024-12-29 23:01:37,659 - pcp: Could not find `cid` for [10 mL, distilled water]
2024-12-29 23:01:37,981 - pcp: Could not find `cid` for [H3pdc, CuCO3·Cu]
2024-12-29 23:01:38,303 - pcp: Could not find `cid` for [DMF/DMSO]
2024-12-29 23:01:38,625 - pcp: Could not find `cid` for [Mg2(dhtp)(H2O]
2024-12-29 23:01:38,964 - pcp: Could not find `cid` for [3 drops of concentrated nitric acid]
2024-12-29 23:01:39,301 - pcp: Could not find `cid` for [Cd(BF4)2]
2024-12-29 23:01:39,653 - pcp: Could not find `cid` for [NaHCOO\u00btd2 H]
2024-12-29 23:01:40,289 - pcp: Could not find `cid` for [DMF/MeOH/H2O]
2024-12-29 23:01:40,636 - pcp: Could not find `cid` for [Mn(OAc)2·4H2]
2024-12-29 23:01:40,956 - pcp: Could not find `cid` for [0.5 M HClO4]
2024-12-29 23:01:41,300 - pcp: Could not find `cid` for [Cd(NO3)2\u20704H]
2024-12-29 23:01:41,716 - pcp: Could not find `cid` for [DMF/H]
2024-12-29 23:01:42,031 - pcp: Could not find `cid` for [Cd(OAc)2\u22c75H]
2024-12-29 23:01:42,351 - pcp: Could not find `cid` for [H4L, bipy]
2024-12-29 23:01:42,718 - pcp: Could not find `cid` for [DMF/EtOH/pyridine]
2024-12-29 23:01:43,376 - pcp: Could not find `cid` for [Li4btca]
2024-12-29 23:01:44,035 - pcp: Could not find `cid` for [Htz and CuCl2·2H2]
2024-12-29 23:01:44,700 - pcp: Could not find `cid` for [H2L and CdCl2]
2024-12-29 23:01:45,019 - pcp: Could not find `cid` for [DMF/H2O (10:10,]
2024-12-29 23:01:45,357 - pcp: Could not find `cid` for [H3bpt]
2024-12-29 23:01:45,691 - pcp: Could not find `cid` for [bimb]
2024-12-29 23:01:46,031 - pcp: Could not find `cid` for [H2O:EtOH]
2024-12-29 23:01:46,367 - pcp: Could not find `cid` for [Cu(NO3)2\u20253H2]
2024-12-29 23:01:46,700 - pcp: Could not find `cid` for [DMF, methanol, and H2O]
2024-12-29 23:01:47,023 - pcp: Could not find `cid` for [N,N‐dimethyl acetamide : deion]
2024-12-29 23:01:47,381 - pcp: Could not find `cid` for [1, 4-DIB]
2024-12-29 23:01:47,697 - pcp: Could not find `cid` for [Ni(NO3)2\\u00b72]
2024-12-29 23:01:48,033 - pcp: Could not find `cid` for [Hpza]
2024-12-29 23:01:48,354 - pcp: Could not find `cid` for [DMF/CH3CH2OH]
2024-12-29 23:01:48,686 - pcp: Could not find `cid` for [Cd(NO3)2\\u20042H]
2024-12-29 23:01:49,023 - pcp: Could not find `cid` for [CH3CH2OH/CH3OH]
2024-12-29 23:01:49,356 - pcp: Could not find `cid` for [Cu(NO3)6\u22c7]
2024-12-29 23:01:49,678 - pcp: Could not find `cid` for [H2bptp]
2024-12-29 23:01:50,000 - pcp: Could not find `cid` for [2 mL ammonia and 8 mL MeCN]
2024-12-29 23:01:50,688 - pcp: Could not find `cid` for [cis- and trans-1,4-cyc]
2024-12-29 23:01:51,024 - pcp: Could not find `cid` for [Na2C2O4, Cd(NO3]
2024-12-29 23:01:51,369 - pcp: Could not find `cid` for [def/H2O (4.5 mL/]
2024-12-29 23:01:51,683 - pcp: Could not find `cid` for [DMF, ethanol, H2O]
2024-12-29 23:01:52,021 - pcp: Could not find `cid` for [NH3(CH2)2NH3]
2024-12-29 23:01:52,358 - pcp: Could not find `cid` for [H3BTN]
2024-12-29 23:01:52,678 - pcp: Could not find `cid` for [N,N\u2019-diethylformamide (]
2024-12-29 23:01:53,026 - pcp: Could not find `cid` for [dimethylformamide, tetrahydrofuran]
2024-12-29 23:01:53,363 - pcp: Could not find `cid` for [Dy(NO3)3\u20215H]
2024-12-29 23:01:53,697 - pcp: Could not find `cid` for [Ni(NO3)2·7 H2O]
2024-12-29 23:01:54,027 - pcp: Could not find `cid` for [H4tpta]
2024-12-29 23:01:54,346 - pcp: Could not find `cid` for [Zn(OAc)2\\u00b]
2024-12-29 23:01:54,686 - pcp: Could not find `cid` for [methanol and DMF]
2024-12-29 23:01:55,380 - pcp: Could not find `cid` for [Mn(CH3COO)2.4]
2024-12-29 23:01:55,695 - pcp: Could not find `cid` for [DMF+EtOH]
2024-12-29 23:01:56,348 - pcp: Could not find `cid` for [H4btec and btmb]
2024-12-29 23:01:56,661 - pcp: Could not find `cid` for [H4LIV (50 mg, 0]
2024-12-29 23:01:57,010 - pcp: Could not find `cid` for [N,N\\u2032-dimethylform]
2024-12-29 23:01:57,359 - pcp: Could not find `cid` for [K(TMBTA)]
2024-12-29 23:01:57,691 - pcp: Could not find `cid` for [water–ethanol]
2024-12-29 23:01:58,031 - pcp: Could not find `cid` for [H4BPTC]
2024-12-29 23:01:59,043 - pcp: Could not find `cid` for [DABCO, 2,7-H2]
2024-12-29 23:01:59,698 - pcp: Could not find `cid` for [Gd(NO3)3\u20226H]
2024-12-29 23:02:00,018 - pcp: Could not find `cid` for [ethanol and DMF]
2024-12-29 23:02:00,358 - pcp: Could not find `cid` for [H4[SiW12O40]]
2024-12-29 23:02:00,681 - pcp: Could not find `cid` for [three drops of HCl (6 mol L\u]
2024-12-29 23:02:00,998 - pcp: Could not find `cid` for [6 mL DMF]
2024-12-29 23:02:01,342 - pcp: Could not find `cid` for [Co(NO3)2\\u20226H]
2024-12-29 23:02:01,669 - pcp: Could not find `cid` for [DMF (3 mL), ethanol (3 mL]
2024-12-29 23:02:02,352 - pcp: Could not find `cid` for [H2O:CH3CN]
2024-12-29 23:02:02,696 - pcp: Could not find `cid` for [bztpy]
2024-12-29 23:02:03,024 - pcp: Could not find `cid` for [In(NO3)3\\u00b7]
2024-12-29 23:02:03,716 - pcp: Could not find `cid` for [sodium acetate buffer]
2024-12-29 23:02:04,088 - pcp: Could not find `cid` for [MnCl2\\u202f4H]
2024-12-29 23:02:04,415 - pcp: Could not find `cid` for [NH3\u00b7H2O (]
2024-12-29 23:02:04,730 - pcp: Could not find `cid` for [H3BCPBA]
2024-12-29 23:02:05,065 - pcp: Could not find `cid` for [DMF, dioxane, H2O]
2024-12-29 23:02:05,388 - pcp: Could not find `cid` for [2 M HNO3]
2024-12-29 23:02:05,705 - pcp: Could not find `cid` for [DMF/ethanol/H2O]
2024-12-29 23:02:06,022 - pcp: Could not find `cid` for [0.035 g (1.5 mmol]
2024-12-29 23:02:06,360 - pcp: Could not find `cid` for [35 mL of EtOH/H2O (1]
2024-12-29 23:02:06,698 - pcp: Could not find `cid` for [Co(NO3)2\\u20092\\]
2024-12-29 23:02:07,030 - pcp: Could not find `cid` for [DMF/EtOH/water]
2024-12-29 23:02:07,374 - pcp: Could not find `cid` for [Zn(NO3)2\u20226H]
2024-12-29 23:02:08,055 - pcp: Could not find `cid` for [DEF:H2O:HCl]
2024-12-29 23:02:08,392 - pcp: Could not find `cid` for [Cu(NO3)2\\u00b23]
2024-12-29 23:02:08,766 - pcp: Could not find `cid` for [DMF/EtOH/H2O/HNO]
2024-12-29 23:02:09,110 - pcp: Could not find `cid` for [Cd(NO3)2\\u22c41]
2024-12-29 23:02:09,434 - pcp: Could not find `cid` for [Zn(NO3)2\u22ef6]
2024-12-29 23:02:09,769 - pcp: Could not find `cid` for [DEF/H2O (3 mL/0.]
2024-12-29 23:02:10,103 - pcp: Could not find `cid` for [DMF/H2O (3 mL/0]
2024-12-29 23:02:10,420 - pcp: Could not find `cid` for [none]
2024-12-29 23:02:10,777 - pcp: Could not find `cid` for [CH3CN/H2O (3/4]
2024-12-29 23:02:11,097 - pcp: Could not find `cid` for [DMF/EtOH/H]
2024-12-29 23:02:11,433 - pcp: Could not find `cid` for [Cu(NO3)2\\u22C5]
2024-12-29 23:02:11,766 - pcp: Could not find `cid` for [DMF, methanol, H2O]
2024-12-29 23:02:12,439 - pcp: Could not find `cid` for [MeCN/H2O (4.0 mL]
2024-12-29 23:02:12,776 - pcp: Could not find `cid` for [Cd(NO3)2\\u00b42]
2024-12-29 23:02:13,108 - pcp: Could not find `cid` for [DMF/H2O (3/1,]
2024-12-29 23:02:13,773 - pcp: Could not find `cid` for [H2tdc, bpp]
2024-12-29 23:02:14,456 - pcp: Could not find `cid` for [DMF/CH3OH]
2024-12-29 23:02:14,801 - pcp: Could not find `cid` for [Hdpt24]
2024-12-29 23:02:15,136 - pcp: Could not find `cid` for [DMF,NMP]
2024-12-29 23:02:15,800 - pcp: Could not find `cid` for [2,5-pyridinedicarbox]
2024-12-29 23:02:16,136 - pcp: Could not find `cid` for [H2pdc]
2024-12-29 23:02:16,455 - pcp: Could not find `cid` for [H3BTC]
2024-12-29 23:02:16,776 - pcp: Could not find `cid` for [water and ethanol]
2024-12-29 23:02:17,099 - pcp: Could not find `cid` for [2 mL of H2O, 4 mL]
2024-12-29 23:02:17,437 - pcp: Could not find `cid` for [Co(Ac)2⋅4 H]
2024-12-29 23:02:17,857 - pcp: Could not find `cid` for [dmf, acn]
2024-12-29 23:02:18,271 - pcp: Could not find `cid` for [DMF (3 mL), C2H5]
2024-12-29 23:02:18,610 - pcp: Could not find `cid` for [H2O, MeOH, CH3CN]
2024-12-29 23:02:18,950 - pcp: Could not find `cid` for [ZrOCl2\u22c88H]
2024-12-29 23:02:19,290 - pcp: Could not find `cid` for [DMF:formic acid]
2024-12-29 23:02:19,631 - pcp: Could not find `cid` for [Ni(NO3)2\\u20226H]
2024-12-29 23:02:19,969 - pcp: Could not find `cid` for [DEF/EG/Toluene (1.3]
2024-12-29 23:02:20,621 - pcp: Could not find `cid` for [CuCl2\\u2022 2H]
2024-12-29 23:02:20,958 - pcp: Could not find `cid` for [N, N-dimethylformamide (DM]
2024-12-29 23:02:21,275 - pcp: Could not find `cid` for [Co(NO3)⋅6 H2]
2024-12-29 23:02:21,594 - pcp: Could not find `cid` for [DMF (0.5 mL) + ethanol]
2024-12-29 23:02:21,920 - pcp: Could not find `cid` for [NaOH solution (1 M)]
2024-12-29 23:02:22,570 - pcp: Could not find `cid` for [EtOH/H2O]
2024-12-29 23:02:23,282 - pcp: Could not find `cid` for [Sr(NO3)2]
2024-12-29 23:02:23,621 - pcp: Could not find `cid` for [H2tbip]
2024-12-29 23:02:23,962 - pcp: Could not find `cid` for [Gd(NO3)3·6H2]
2024-12-29 23:02:24,644 - pcp: Could not find `cid` for [InCl3·4H2O]
2024-12-29 23:02:24,977 - pcp: Could not find `cid` for [H2O/CH3CN]
2024-12-29 23:02:25,969 - pcp: Could not find `cid` for [DIPA]
2024-12-29 23:02:26,311 - pcp: Could not find `cid` for [La(NO)3·6H2O]
2024-12-29 23:02:26,649 - pcp: Could not find `cid` for [Zn(NO3)2.6H2]
2024-12-29 23:02:26,965 - pcp: Could not find `cid` for [Dy(NO3)3]
2024-12-29 23:02:27,300 - pcp: Could not find `cid` for [Cu(I)(MeCN)4(BF4]
2024-12-29 23:02:27,674 - pcp: Could not find `cid` for [benzene and CHCl3]
2024-12-29 23:02:28,011 - pcp: Could not find `cid` for [ZnBa-tbip]
2024-12-29 23:02:28,646 - pcp: Could not find `cid` for [H2O, CH3CH2OH,]
2024-12-29 23:02:28,976 - pcp: Could not find `cid` for [ammonia solution (25% to 28]
2024-12-29 23:02:29,297 - pcp: Could not find `cid` for [H2bdc]
2024-12-29 23:02:30,340 - pcp: Could not find `cid` for [CH3CN/CH3OH/H2O]
2024-12-29 23:02:30,658 - pcp: Could not find `cid` for [HNO3 (2 mol L\u22121]
2024-12-29 23:02:30,970 - pcp: Could not find `cid` for [H2O, EtOH]
2024-12-29 23:02:31,310 - pcp: Could not find `cid` for [Sm(NO3)3]
2024-12-29 23:02:31,647 - pcp: Could not find `cid` for [Eu(NO3)3\\u00b7]
2024-12-29 23:02:31,990 - pcp: Could not find `cid` for [15 \u03bcL of 6 M]
2024-12-29 23:02:32,322 - pcp: Could not find `cid` for [DMF (1.0 mL), ethanol (]
2024-12-29 23:02:32,679 - pcp: Could not find `cid` for [CdBr2\u25A0\u22171]
2024-12-29 23:02:33,339 - pcp: Could not find `cid` for [2,2\u2019-oxadiac]
2024-12-29 23:02:33,687 - pcp: Could not find `cid` for [DMF and CH3CN]
2024-12-29 23:02:34,007 - pcp: Could not find `cid` for [H3PIMDC]
2024-12-29 23:02:34,696 - pcp: Could not find `cid` for [NMP/dioxane/H2O]
2024-12-29 23:02:35,028 - pcp: Could not find `cid` for [4,4\u2032-bpy]
2024-12-29 23:02:35,347 - pcp: Could not find `cid` for [EtOH (5 ml) and H2O]
2024-12-29 23:02:35,681 - pcp: Could not find `cid` for [n-C4H10OH]
2024-12-29 23:02:36,028 - pcp: Could not find `cid` for [DMF, CH3OH]
2024-12-29 23:02:36,366 - pcp: Could not find `cid` for [H3EIMDC]
2024-12-29 23:02:36,758 - pcp: Could not find `cid` for [ethanol, water]
2024-12-29 23:02:37,073 - pcp: Could not find `cid` for [d-H2ca]
2024-12-29 23:02:37,392 - pcp: Could not find `cid` for [MeOH/DMF/H2O]
2024-12-29 23:02:37,726 - pcp: Could not find `cid` for [2,5-dihydroxyterephthal]
2024-12-29 23:02:38,062 - pcp: Could not find `cid` for [H2O, HNO3]
2024-12-29 23:02:38,413 - pcp: Could not find `cid` for [HL, Zn(NO3)2·6H]
2024-12-29 23:02:38,748 - pcp: Could not find `cid` for [H2O (10 mL) (pH]
2024-12-29 23:02:39,084 - pcp: Could not find `cid` for [In(NO3)3\u22c74.]
2024-12-29 23:02:39,421 - pcp: Could not find `cid` for [4-abpt]
2024-12-29 23:02:39,750 - pcp: Could not find `cid` for [H2O and DMF]
2024-12-29 23:02:40,070 - pcp: Could not find `cid` for [Cd(NO3)2\u20214H2]
2024-12-29 23:02:40,740 - pcp: Could not find `cid` for [Eu(NO3)3\u00b66H]
2024-12-29 23:02:41,078 - pcp: Could not find `cid` for [DMF:CH3CH2OH:H2]
2024-12-29 23:02:41,750 - pcp: Could not find `cid` for [Eu(NO3)3·6H2O]
2024-12-29 23:02:42,067 - pcp: Could not find `cid` for [DMF, EtOH, MeCN, H]
2024-12-29 23:02:42,405 - pcp: Could not find `cid` for [0.5 M stock solution of magnesium nitrate]
2024-12-29 23:02:42,719 - pcp: Could not find `cid` for [Ni(ClO4)2 \u22c]
2024-12-29 23:02:43,038 - pcp: Could not find `cid` for [water/ethanol (6:1, v]
2024-12-29 23:02:43,373 - pcp: Could not find `cid` for [Zn(NO3)2\u20092\u]
2024-12-29 23:02:43,707 - pcp: Could not find `cid` for [DMF/MeCN (4:1,]
2024-12-29 23:02:44,043 - pcp: Could not find `cid` for [DMF and 1 mL of H2O]
2024-12-29 23:02:44,362 - pcp: Could not find `cid` for [H2-4,5-pmbc]
2024-12-29 23:02:44,700 - pcp: Could not find `cid` for [DMF:CH3CN]
2024-12-29 23:02:45,408 - pcp: Could not find `cid` for [fumaric acid, formic acid]
2024-12-29 23:02:45,732 - pcp: Could not find `cid` for [DMF, Dioxane]
2024-12-29 23:02:46,071 - pcp: Could not find `cid` for [H2L (21 mg, 0.]
2024-12-29 23:02:46,391 - pcp: Could not find `cid` for [DMF (11 ml)]
2024-12-29 23:02:46,732 - pcp: Could not find `cid` for [DMF (1.5 mL), methanol]
2024-12-29 23:02:47,064 - pcp: Could not find `cid` for [H3TDA (0.0314 g]
2024-12-29 23:02:47,402 - pcp: Could not find `cid` for [H2O (5 mL)]
2024-12-29 23:02:47,755 - pcp: Could not find `cid` for [HCl (6 mol/L)]
2024-12-29 23:02:48,126 - pcp: Could not find `cid` for [Dy(NO3)3·6H2]
2024-12-29 23:02:48,790 - pcp: Could not find `cid` for [5-amino-benzene-1,2]
2024-12-29 23:02:49,126 - pcp: Could not find `cid` for [LiOH\\u00b7H2O]
2024-12-29 23:02:49,466 - pcp: Could not find `cid` for [Cd(NO3)2·6H2O]
2024-12-29 23:02:50,126 - pcp: Could not find `cid` for [H2TPPS]
2024-12-29 23:02:50,464 - pcp: Could not find `cid` for [H2O, acetonitrile]
2024-12-29 23:02:50,786 - pcp: Could not find `cid` for [water, acetonitrile]
2024-12-29 23:02:51,526 - pcp: Could not find `cid` for [DMF/CH3OH/H2O]
2024-12-29 23:02:51,847 - pcp: Could not find `cid` for [H2BDT]
2024-12-29 23:02:52,163 - pcp: Could not find `cid` for [DMF:EtOH=4:1]
2024-12-29 23:02:52,513 - pcp: Could not find `cid` for [Cd(NO3)2\u22c4H]
2024-12-29 23:02:52,855 - pcp: Could not find `cid` for [Co(NO3)2\\u20094H]
2024-12-29 23:02:53,678 - pcp: Could not find `cid` for [distilled waterMeCN]
2024-12-29 23:02:54,011 - pcp: Could not find `cid` for [H4MTB]
2024-12-29 23:02:54,345 - pcp: Could not find `cid` for [Cd(ClO4)2\u00b26]
2024-12-29 23:02:54,670 - pcp: Could not find `cid` for [Tb(NO3)2\u22c6]
2024-12-29 23:02:54,996 - pcp: Could not find `cid` for [N,N\\u2210dimethylformamide]
2024-12-29 23:02:55,339 - pcp: Could not find `cid` for [DMF-C2H5OH-H2O]
2024-12-29 23:02:55,652 - pcp: Could not find `cid` for [Mg(NO3)2\u202f6]
2024-12-29 23:02:56,337 - pcp: Could not find `cid` for [Zn(NO3)2·6 H2]
2024-12-29 23:02:56,652 - pcp: Could not find `cid` for [DMF/EtOH/H2O (2]
2024-12-29 23:02:56,997 - pcp: Could not find `cid` for [Adipic acid (1 mmol)]
2024-12-29 23:02:57,316 - pcp: Could not find `cid` for [DMF and ethanol solution]
2024-12-29 23:02:57,631 - pcp: Could not find `cid` for [Dy(NO3)3\u20246H]
2024-12-29 23:02:57,969 - pcp: Could not find `cid` for [H3btb]
2024-12-29 23:02:58,287 - pcp: Could not find `cid` for [0.1 M HCl]
2024-12-29 23:02:58,624 - pcp: Could not find `cid` for [DMF:H2O (20:4)]
2024-12-29 23:02:58,956 - pcp: Could not find `cid` for [Cd(OAc)2\u20092H2]
2024-12-29 23:02:59,328 - pcp: Could not find `cid` for [Mg(NO3)2·6H2]
2024-12-29 23:03:00,190 - pcp: Could not find `cid` for [pz, H3BO3, AgNO3]
2024-12-29 23:03:00,506 - pcp: Could not find `cid` for [H2bpydb]
2024-12-29 23:03:00,839 - pcp: Could not find `cid` for [H2O, DMF, dioxane]
2024-12-29 23:03:01,158 - pcp: Could not find `cid` for [H4PAGeS]
2024-12-29 23:03:01,495 - pcp: Could not find `cid` for [DMF/methanol]
2024-12-29 23:03:01,814 - pcp: Could not find `cid` for [H4bpta]
2024-12-29 23:03:02,137 - pcp: Could not find `cid` for [DMF + EtOH]
2024-12-29 23:03:02,468 - pcp: Could not find `cid` for [2 mL of L2 (27 mg,]
2024-12-29 23:03:02,830 - pcp: Could not find `cid` for [an aqueous solution (2 mL) of Ag]
2024-12-29 23:03:03,160 - pcp: Could not find `cid` for [NaOH (0.2 mmol,]
2024-12-29 23:03:03,476 - pcp: Could not find `cid` for [H2O (15 mL)]
2024-12-29 23:03:03,814 - pcp: Could not find `cid` for [nitrate acid]
2024-12-29 23:03:04,135 - pcp: Could not find `cid` for [H2O/CH3OH]
2024-12-29 23:03:04,471 - pcp: Could not find `cid` for [DMF and 6 M HCl]
2024-12-29 23:03:04,823 - pcp: Could not find `cid` for [l-aspartic acid, 4,4]
2024-12-29 23:03:05,143 - pcp: Could not find `cid` for [water/methanol mixture]
2024-12-29 23:03:05,835 - pcp: Could not find `cid` for [bpz, NiCl2\u22c6]
2024-12-29 23:03:06,164 - pcp: Could not find `cid` for [ZnCl2, FeCl3\\u]
2024-12-29 23:03:06,510 - pcp: Could not find `cid` for [methanol/DMF]
2024-12-29 23:03:06,856 - pcp: Could not find `cid` for [mineralization triethylamine]
2024-12-29 23:03:07,218 - pcp: Could not find `cid` for [DMF/MeOH/H2O/DMS]
2024-12-29 23:03:07,545 - pcp: Could not find `cid` for [CuCl2\u20262H2O,]
2024-12-29 23:03:07,866 - pcp: Could not find `cid` for [H2O and methanol]
2024-12-29 23:03:08,200 - pcp: Could not find `cid` for [CuCl2\u20222H2O]
2024-12-29 23:03:08,532 - pcp: Could not find `cid` for [H2O/MeCN]
2024-12-29 23:03:08,879 - pcp: Could not find `cid` for [H3[PMo12O40]]
2024-12-29 23:03:09,265 - pcp: Could not find `cid` for [Pr6O11]
2024-12-29 23:03:09,605 - pcp: Could not find `cid` for [Na2WO4\u00b22H2]
2024-12-29 23:03:09,923 - pcp: Could not find `cid` for [H3PMo12O40 · 12]
2024-12-29 23:03:10,242 - pcp: Could not find `cid` for [H4ATC]
2024-12-29 23:03:10,586 - pcp: Could not find `cid` for [aqueous NaOH solution]
2024-12-29 23:03:10,905 - pcp: Could not find `cid` for [6N HNO3]
2024-12-29 23:03:11,243 - pcp: Could not find `cid` for [dpdo]
2024-12-29 23:03:11,607 - pcp: Could not find `cid` for [2,6]
2024-12-29 23:03:11,921 - pcp: Could not find `cid` for [dmf and CH3OH]
2024-12-29 23:03:12,235 - pcp: Could not find `cid` for [water: methanol (1:1)]
2024-12-29 23:03:12,922 - pcp: Could not find `cid` for [N,N\u2032-dimethylacetamide]
2024-12-29 23:03:13,240 - pcp: Could not find `cid` for [H3TCMTB (0.085 g]
2024-12-29 23:03:13,588 - pcp: Could not find `cid` for [Eu(NO3)3 ·6H2O]
2024-12-29 23:03:13,924 - pcp: Could not find `cid` for [DMF/EtOH/H2O]
2024-12-29 23:03:14,239 - pcp: Could not find `cid` for [Zn(NO3)2\u20266 H]
2024-12-29 23:03:14,572 - pcp: Could not find `cid` for [H2O, EtOH, DMF]
2024-12-29 23:03:14,886 - pcp: Could not find `cid` for [EtOH, DMF, H2O]
2024-12-29 23:03:15,205 - pcp: Could not find `cid` for [methanol/water]
2024-12-29 23:03:15,538 - pcp: Could not find `cid` for [2-sulfoterephthalic acid mon]
2024-12-29 23:03:15,875 - pcp: Could not find `cid` for [TEA]
2024-12-29 23:03:16,194 - pcp: Could not find `cid` for [DMF/H2O (4/1,]
2024-12-29 23:03:16,933 - pcp: Could not find `cid` for [methanol:N,Ndimethylacetamide]
2024-12-29 23:03:17,254 - pcp: Could not find `cid` for [1 M NaOH]
2024-12-29 23:03:18,420 - pcp: Could not find `cid` for [DMF/DEF]
2024-12-29 23:03:18,760 - pcp: Could not find `cid` for [Eu(NO3)3\u00bennH]
2024-12-29 23:03:19,093 - pcp: Could not find `cid` for [DMF (0.4 ml), methanol]
2024-12-29 23:03:19,740 - pcp: Could not find `cid` for [tetrahydrofuran (THF)]
2024-12-29 23:03:20,237 - pcp: Could not find `cid` for [H4SiW12O40·20H]
2024-12-29 23:03:20,574 - pcp: Could not find `cid` for [DMF/MeCN/H2O (1]
2024-12-29 23:03:20,911 - pcp: Could not find `cid` for [H4BTeC]
2024-12-29 23:03:21,252 - pcp: Could not find `cid` for [CdCl2\u00b26H2O]
2024-12-29 23:03:21,580 - pcp: Could not find `cid` for [H4L2]
2024-12-29 23:03:21,898 - pcp: Could not find `cid` for [DMF (2 mL) and ethanol (1]
2024-12-29 23:03:22,243 - pcp: Could not find `cid` for [Cu(NO3)2\u22c75H]
2024-12-29 23:03:22,585 - pcp: Could not find `cid` for [In(NO3)3,H2BPDA,]
2024-12-29 23:03:22,905 - pcp: Could not find `cid` for [H2O/DMF (5:5]
2024-12-29 23:03:23,584 - pcp: Could not find `cid` for [distilled water, ethanol]
2024-12-29 23:03:24,459 - pcp: Could not find `cid` for [HNO3 (0.3 mL,]
2024-12-29 23:03:24,775 - pcp: Could not find `cid` for [DMF (1 mL)]
2024-12-29 23:03:25,107 - pcp: Could not find `cid` for [CoSO4\u202e7H2O]
2024-12-29 23:03:25,444 - pcp: Could not find `cid` for [H2fum]
2024-12-29 23:03:25,780 - pcp: Could not find `cid` for [La(NO3)3\\u00b76]
2024-12-29 23:03:26,098 - pcp: Could not find `cid` for [two drops of triethylamine]
2024-12-29 23:03:26,433 - pcp: Could not find `cid` for [La(NO3)2]
2024-12-29 23:03:26,770 - pcp: Could not find `cid` for [DMSO/H2O (4:3]
2024-12-29 23:03:27,105 - pcp: Could not find `cid` for [Mg(CO2CH3)2\\]
2024-12-29 23:03:27,440 - pcp: Could not find `cid` for [pyridine-2,4,6-tr]
2024-12-29 23:03:27,773 - pcp: Could not find `cid` for [water, ethanol]
2024-12-29 23:03:28,119 - pcp: Could not find `cid` for [DMF, chlorobenzene]
2024-12-29 23:03:28,459 - pcp: Could not find `cid` for [Eu(NO3)3\u20096H2]
2024-12-29 23:03:28,777 - pcp: Could not find `cid` for [Eu(NO3)3]
2024-12-29 23:03:29,123 - pcp: Could not find `cid` for [Zn(NO3)2\u2009\u]
2024-12-29 23:03:29,464 - pcp: Could not find `cid` for [DMF/C2H5OH/H2O]
2024-12-29 23:03:29,785 - pcp: Could not find `cid` for [H6L2]
2024-12-29 23:03:30,142 - pcp: Could not find `cid` for [100 μL HBF4]
2024-12-29 23:03:30,492 - pcp: Could not find `cid` for [NaI]
2024-12-29 23:03:30,851 - pcp: Could not find `cid` for [DMF/ethanol (v:v =]
2024-12-29 23:03:31,195 - pcp: Could not find `cid` for [ZnSO4\u20257H2O]
2024-12-29 23:03:31,527 - pcp: Could not find `cid` for [H2SIP]
2024-12-29 23:03:31,882 - pcp: Could not find `cid` for [DMF/EtOH/H2O (4]
2024-12-29 23:03:32,211 - pcp: Could not find `cid` for [ETA]
2024-12-29 23:03:32,549 - pcp: Could not find `cid` for [CH3CN/H2O]
2024-12-29 23:03:32,869 - pcp: Could not find `cid` for [H4BTEC]
2024-12-29 23:03:33,217 - pcp: Could not find `cid` for [Co(NO3)2\u00b76H]
2024-12-29 23:03:33,566 - pcp: Could not find `cid` for [H4BTC]
2024-12-29 23:03:33,882 - pcp: Could not find `cid` for [water/DMF/ethanol]
2024-12-29 23:03:34,571 - pcp: Could not find `cid` for [Cd(NO3)2\u20244H2]
