2025-01-06 11:48:46,233 - pcp: Could not find `cid` for [h3o3o4o5o6]
2025-01-06 11:48:46,563 - pcp: Could not find `cid` for [type]
2025-01-06 11:48:46,901 - pcp: Could not find `cid` for [type:]
2025-01-06 11:48:47,255 - pcp: Could not find `cid` for [type: ofativelementistreeneongub]
2025-01-06 11:48:47,576 - pcp: Could not find `cid` for [type: ofittreneassistant]
2025-01-06 11:48:47,893 - pcp: Could not find `cid` for [enehalizedene buffereneIUMI]
2025-01-06 11:48:48,229 - pcp: Could not find `cid` for [typeically]
2025-01-06 11:48:48,552 - pcp: Could not find `cid` for [typeality]
2025-01-06 11:48:48,877 - pcp: Could not find `cid` for [type:,]
2025-01-06 11:48:49,198 - pcp: Could not find `cid` for [typeally:}a
:]
2025-01-06 11:48:49,586 - pcp: Could not find `cid` for [(type):]
2025-01-06 11:48:50,033 - pcp: Could not find `cid` for [ithIssUHhoISU]
2025-01-06 11:48:50,534 - pcp: Could not find `cid` for [e type:]
2025-01-06 11:48:50,860 - pcp: Could not find `cid` for [assistantenezymene]
2025-01-06 11:48:51,179 - pcp: Could not find `cid` for [type::]
2025-01-06 11:48:51,508 - pcp: Could not find `cid` for [ypehenehydro]
2025-01-06 11:48:51,855 - pcp: Could not find `cid` for [type: bufferedeneenehereopchemical]
2025-01-06 11:48:52,235 - pcp: Could not find `cid` for [type: bufferedeneeneeneeneeneene]
2025-01-06 11:48:52,617 - pcp: Could not find `cid` for [ypeeneingleeneeneIUMI wereop]
2025-01-06 11:48:52,935 - pcp: Could not find `cid` for [type*]
2025-01-06 11:48:53,271 - pcp: Could not find `cid` for [type:””””””””]
2025-01-06 11:48:53,595 - pcp: Could not find `cid` for [ypeeneingleenee:]
2025-01-06 11:48:53,948 - pcp: Could not find `cid` for [elargeenehighheneyeneene]
2025-01-06 11:48:54,291 - pcp: Could not find `cid` for [ithIReneIUMIUMEUM]
2025-01-06 11:48:54,613 - pcp: Could not find `cid` for [type: type: object: object]
2025-01-06 11:48:54,927 - pcp: Could not find `cid` for [type: TYPE: object:object:object:]
2025-01-06 11:48:55,260 - pcp: Could not find `cid` for [eeneumousene: 1.0]
2025-01-06 11:48:55,585 - pcp: Could not find `cid` for [ypeeneinglepotIUMIUMIUM]
2025-01-06 11:48:55,950 - pcp: Could not find `cid` for [es*,]
2025-01-06 11:48:56,300 - pcp: Could not find `cid` for [ypeeneinglepotIUMIUMeterUM]
2025-01-06 11:48:56,643 - pcp: Could not find `cid` for [igeneeUMum]
2025-01-06 11:48:56,972 - pcp: Could not find `cid` for [assistantenehancementemenee bufferedene]
2025-01-06 11:48:57,336 - pcp: Could not find `cid` for [h 4.0.0.0.]
2025-01-06 11:48:57,675 - pcp: Could not find `cid` for [h 3.0.0.0.]
2025-01-06 11:48:58,001 - pcp: Could not find `cid` for [type:assistantiall]
2025-01-06 11:48:58,319 - pcp: Could not find `cid` for [type:assistantial]
2025-01-06 11:48:58,637 - pcp: Could not find `cid` for [typeously]
2025-01-06 11:48:58,980 - pcp: Could not find `cid` for [h 2.0.0.0.]
2025-01-06 11:48:59,313 - pcp: Could not find `cid` for [typeology:{]
2025-01-06 11:48:59,633 - pcp: Could not find `cid` for [{}i]
2025-01-06 11:48:59,960 - pcp: Could not find `cid` for [eeneessenceeneativeeneessenceene]
