2024-12-28 00:47:14,215 - pcp: Could not find `cid` for [DMF/H2O (3 mL, ]
2024-12-28 00:47:14,893 - pcp: Could not find `cid` for [H3TMBTC]
2024-12-28 00:47:15,228 - pcp: Could not find `cid` for [EtOH:H2O (1:1)]
2024-12-28 00:47:15,569 - pcp: Could not find `cid` for [Co(NO3)⋅6 H2]
2024-12-28 00:47:15,882 - pcp: Could not find `cid` for [N,N\u02b0-methylformamide]
2024-12-28 00:47:16,228 - pcp: Could not find `cid` for [H2BDC]
2024-12-28 00:47:17,216 - pcp: Could not find `cid` for [DMF/H2O]
2024-12-28 00:47:17,545 - pcp: Could not find `cid` for [Zn(NO3)2\u22c6]
2024-12-28 00:47:17,863 - pcp: Could not find `cid` for [EtOH/DMF]
2024-12-28 00:47:18,198 - pcp: Could not find `cid` for [H4BDDC]
2024-12-28 00:47:18,519 - pcp: Could not find `cid` for [DMF (1 mL), EtOH (0]
2024-12-28 00:47:18,855 - pcp: Could not find `cid` for [Tb(NO3)3·5H2]
2024-12-28 00:47:19,173 - pcp: Could not find `cid` for [KH2TDA]
2024-12-28 00:47:19,540 - pcp: Could not find `cid` for [dmurea]
2024-12-28 00:47:19,882 - pcp: Could not find `cid` for [water and MeOH]
2024-12-28 00:47:20,220 - pcp: Could not find `cid` for [Cu(NO3)2\u20233H2]
2024-12-28 00:47:20,543 - pcp: Could not find `cid` for [DMF, methanol, H2O (]
2024-12-28 00:47:20,879 - pcp: Could not find `cid` for [H2O/CH3OH]
2024-12-28 00:47:21,203 - pcp: Could not find `cid` for [H2O/CH3OH = 3]
2024-12-28 00:47:21,537 - pcp: Could not find `cid` for [DMF/EtOH]
2024-12-28 00:47:21,881 - pcp: Could not find `cid` for [Zn(NO3)2·6H2]
2024-12-28 00:47:22,230 - pcp: Could not find `cid` for [KH3L1]
2024-12-28 00:47:22,560 - pcp: Could not find `cid` for [DMF: H2O]
2024-12-28 00:47:22,877 - pcp: Could not find `cid` for [CdBr2\u00b4\u20042]
2024-12-28 00:47:23,994 - pcp: Could not find `cid` for [methanol/water (V1:1)]
2024-12-28 00:47:24,644 - pcp: Could not find `cid` for [1.5 ml benzene and 0.]
2024-12-28 00:47:24,962 - pcp: Could not find `cid` for [Co(NO3)2\u20226H2]
2024-12-28 00:47:25,299 - pcp: Could not find `cid` for [N,N-Dimethyl Formamide (DMF]
2024-12-28 00:47:25,616 - pcp: Could not find `cid` for [H4L2]
2024-12-28 00:47:25,938 - pcp: Could not find `cid` for [Hta (21.0 mg, 0]
2024-12-28 00:47:26,257 - pcp: Could not find `cid` for [doubly deionized water (8.]
2024-12-28 00:47:26,607 - pcp: Could not find `cid` for [CdSO4\u22128/3H]
2024-12-28 00:47:27,591 - pcp: Could not find `cid` for [DMF:6 M HCl (1.]
2024-12-28 00:47:27,930 - pcp: Could not find `cid` for [CdCl2·2.5H2O]
2024-12-28 00:47:28,256 - pcp: Could not find `cid` for [biyi]
2024-12-28 00:47:28,592 - pcp: Could not find `cid` for [water:dmf=1:1]
2024-12-28 00:47:29,248 - pcp: Could not find `cid` for [water-ACN]
2024-12-28 00:47:29,587 - pcp: Could not find `cid` for [H3BPT]
2024-12-28 00:47:29,934 - pcp: Could not find `cid` for [NaOH (3 mg), KOH (4]
2024-12-28 00:47:30,271 - pcp: Could not find `cid` for [N,N-dimethylacetamide/methanol]
2024-12-28 00:47:30,637 - pcp: Could not find `cid` for [PTAZ]
2024-12-28 00:47:31,376 - pcp: Could not find `cid` for [Mn(NO3)2·4H2]
2024-12-28 00:47:32,422 - pcp: Could not find `cid` for [0.029 g, 0.10 mm]
2024-12-28 00:47:32,765 - pcp: Could not find `cid` for [NH2(CH3)2Cl]
2024-12-28 00:47:33,083 - pcp: Could not find `cid` for [H4EBTC]
2024-12-28 00:47:33,444 - pcp: Could not find `cid` for [H2BDC, DATRZ]
2024-12-28 00:47:33,777 - pcp: Could not find `cid` for [DMF/H2O (v/v = ]
2024-12-28 00:47:34,113 - pcp: Could not find `cid` for [0.02 M stock solution of copper nitrate]
2024-12-28 00:47:36,135 - pcp: Could not find `cid` for [TPOM]
2024-12-28 00:47:36,452 - pcp: Could not find `cid` for [DMF/H2O (1/2,]
2024-12-28 00:47:38,224 - pcp: Could not find `cid` for [DMF/H2O (4:2 vol]
2024-12-28 00:47:38,540 - pcp: Could not find `cid` for [Zn(NO3)2\u22a68]
2024-12-28 00:47:39,954 - pcp: Could not find `cid` for [water and acetonitrile]
2024-12-28 00:47:40,628 - pcp: Could not find `cid` for [DMF and H2O]
2024-12-28 00:47:40,957 - pcp: Could not find `cid` for [DMF/ethanol]
2024-12-28 00:47:41,302 - pcp: Could not find `cid` for [Li4btca]
2024-12-28 00:47:41,624 - pcp: Could not find `cid` for [DMF/MeOH/H2O (3]
2024-12-28 00:47:41,998 - pcp: Could not find `cid` for [Cd(NO3)2\\u22c5]
2024-12-28 00:47:42,334 - pcp: Could not find `cid` for [DMF\\\\u202fEtOH\\\\u]
2024-12-28 00:47:42,653 - pcp: Could not find `cid` for [H4qptc]
2024-12-28 00:47:43,026 - pcp: Could not find `cid` for [water/DMF (1:1)]
2024-12-28 00:47:43,350 - pcp: Could not find `cid` for [1-methyl-2-pyrrolidin]
2024-12-28 00:47:43,701 - pcp: Could not find `cid` for [1H-1,2,4-triaz]
2024-12-28 00:47:44,037 - pcp: Could not find `cid` for [bpz]
2024-12-28 00:47:44,377 - pcp: Could not find `cid` for [Na2C2O4, Cd(NO3]
2024-12-28 00:47:44,699 - pcp: Could not find `cid` for [H2TBA]
2024-12-28 00:47:45,019 - pcp: Could not find `cid` for [N,N\u2019-dimethylformamide]
2024-12-28 00:47:45,334 - pcp: Could not find `cid` for [H2btac]
2024-12-28 00:47:45,657 - pcp: Could not find `cid` for [ammonia (25 wt.%)]
2024-12-28 00:47:45,976 - pcp: Could not find `cid` for [H4PANAD]
2024-12-28 00:47:46,311 - pcp: Could not find `cid` for [DMF and ethanol]
2024-12-28 00:47:46,648 - pcp: Could not find `cid` for [Cd(NO3)2·4H2O]
2024-12-28 00:47:46,986 - pcp: Could not find `cid` for [H2L]
2024-12-28 00:47:47,301 - pcp: Could not find `cid` for [H2adi]
2024-12-28 00:47:47,657 - pcp: Could not find `cid` for [water\u2013ethanol]
2024-12-28 00:47:48,004 - pcp: Could not find `cid` for [pyrazine-2,3-dicar]
2024-12-28 00:47:48,319 - pcp: Could not find `cid` for [H3btc, InCl3, pyrid]
2024-12-28 00:47:49,008 - pcp: Could not find `cid` for [H3PMo12O40\\u202]
2024-12-28 00:47:49,340 - pcp: Could not find `cid` for [H2tda]
2024-12-28 00:47:49,652 - pcp: Could not find `cid` for [H3tci]
2024-12-28 00:47:49,987 - pcp: Could not find `cid` for [Cu(NO3)2·2.5H]
2024-12-28 00:47:50,308 - pcp: Could not find `cid` for [DMF/NMP/pyridine]
2024-12-28 00:47:50,628 - pcp: Could not find `cid` for [6 M HCl]
2024-12-28 00:47:50,961 - pcp: Could not find `cid` for [DMF (7.0 mL) and H]
2024-12-28 00:47:51,310 - pcp: Could not find `cid` for [18 M HNO3]
2024-12-28 00:47:51,647 - pcp: Could not find `cid` for [none]
2024-12-28 00:47:51,962 - pcp: Could not find `cid` for [H2O/1,4-dioxane]
2024-12-28 00:47:52,949 - pcp: Could not find `cid` for [H2L (21 mg, 0.]
2024-12-28 00:47:53,292 - pcp: Could not find `cid` for [Ytterbium(III) chloride hex]
2024-12-28 00:47:53,608 - pcp: Could not find `cid` for [Zn(NO3)2\u00b26]
2024-12-28 00:47:54,272 - pcp: Could not find `cid` for [H3L]
2024-12-28 00:47:54,613 - pcp: Could not find `cid` for [DMF-CH3OH]
2024-12-28 00:47:54,929 - pcp: Could not find `cid` for [acetonitrile, H2O]
2024-12-28 00:47:55,260 - pcp: Could not find `cid` for [Zn(NO3)2·6(H2]
2024-12-28 00:47:56,264 - pcp: Could not find `cid` for [Zn(Ac)2·2H2]
2024-12-28 00:47:56,592 - pcp: Could not find `cid` for [beneze]
2024-12-28 00:47:57,220 - pcp: Could not find `cid` for [H3BTC]
2024-12-28 00:47:57,560 - pcp: Could not find `cid` for [Na2S]
2024-12-28 00:47:57,878 - pcp: Could not find `cid` for [Cd(CH3COO)2·2H]
2024-12-28 00:47:58,214 - pcp: Could not find `cid` for [Zn(NO3)2\u00b62]
2024-12-28 00:47:58,549 - pcp: Could not find `cid` for [Mn(OAc)\u22124\u221]
2024-12-28 00:47:58,886 - pcp: Could not find `cid` for [DMF, H2O]
2024-12-28 00:47:59,231 - pcp: Could not find `cid` for [Ba(NO3)2 (31.36 mg]
2024-12-28 00:47:59,564 - pcp: Could not find `cid` for [H2O (5 mL) and DMF]
2024-12-28 00:47:59,924 - pcp: Could not find `cid` for [def/H2O]
2024-12-28 00:48:00,253 - pcp: Could not find `cid` for [H2pzbtz]
2024-12-28 00:48:00,581 - pcp: Could not find `cid` for [Cu(NO3)2.25 H2O]
2024-12-28 00:48:01,257 - pcp: Could not find `cid` for [Htrz]
2024-12-28 00:48:01,591 - pcp: Could not find `cid` for [H4MDIP]
2024-12-28 00:48:01,909 - pcp: Could not find `cid` for [DMF:H2O]
2024-12-28 00:48:03,744 - pcp: Could not find `cid` for [H3BTB]
2024-12-28 00:48:04,418 - pcp: Could not find `cid` for [DMF, EtOH (99%), water]
2024-12-28 00:48:04,750 - pcp: Could not find `cid` for [4,4\u2032-bipyridine]
2024-12-28 00:48:05,070 - pcp: Could not find `cid` for [Cu(NO3)2\u22c75H]
2024-12-28 00:48:05,408 - pcp: Could not find `cid` for [DMF, MeOH, H2O]
2024-12-28 00:48:05,737 - pcp: Could not find `cid` for [K2C2O4]
2024-12-28 00:48:06,077 - pcp: Could not find `cid` for [H2BPDC]
2024-12-28 00:48:06,407 - pcp: Could not find `cid` for [H4L4]
2024-12-28 00:48:06,748 - pcp: Could not find `cid` for [H3BTTC]
2024-12-28 00:48:07,453 - pcp: Could not find `cid` for [n-C4H10OH]
2024-12-28 00:48:07,770 - pcp: Could not find `cid` for [EtOH/H2O]
2024-12-28 00:48:08,105 - pcp: Could not find `cid` for [Co(Ac)\u221e4 H2]
2024-12-28 00:48:08,450 - pcp: Could not find `cid` for [3 mL DMF and 2 mL H2]
2024-12-28 00:48:08,769 - pcp: Could not find `cid` for [H2bdc]
2024-12-28 00:48:09,116 - pcp: Could not find `cid` for [pyridine-2,4,6-tr]
2024-12-28 00:48:09,449 - pcp: Could not find `cid` for [Zn(NO3)2\u22126H]
2024-12-28 00:48:09,770 - pcp: Could not find `cid` for [Co(NO3)2⋅6 H]
2024-12-28 00:48:10,085 - pcp: Could not find `cid` for [DMF,NMP]
2024-12-28 00:48:11,523 - pcp: Could not find `cid` for [Cu(NO3)2\u20252.5]
2024-12-28 00:48:11,857 - pcp: Could not find `cid` for [distilled H2O]
2024-12-28 00:48:12,192 - pcp: Could not find `cid` for [CuCl2\u20242H2O]
2024-12-28 00:48:12,536 - pcp: Could not find `cid` for [H2O/DMF/dioxane]
2024-12-28 00:48:12,873 - pcp: Could not find `cid` for [1.0 M HCl]
2024-12-28 00:48:13,224 - pcp: Could not find `cid` for [1,4-phenylenediprop]
2024-12-28 00:48:14,227 - pcp: Could not find `cid` for [InCl3\u202f4H2O]
2024-12-28 00:48:14,556 - pcp: Could not find `cid` for [water/CH3CN]
2024-12-28 00:48:14,889 - pcp: Could not find `cid` for [Tb(NO3)3]
2024-12-28 00:48:15,204 - pcp: Could not find `cid` for [Co(NO3)2·6H2O]
2024-12-28 00:48:15,541 - pcp: Could not find `cid` for [DMF/H2O (3:1,]
2024-12-28 00:48:15,889 - pcp: Could not find `cid` for [H3PIDC]
2024-12-28 00:48:16,238 - pcp: Could not find `cid` for [L]
2024-12-28 00:48:16,894 - pcp: Could not find `cid` for [Co(NO3)2 6H2O]
2024-12-28 00:48:17,231 - pcp: Could not find `cid` for [EtOH, H2O]
2024-12-28 00:48:17,547 - pcp: Could not find `cid` for [EtOH (5 ml), H2O (]
2024-12-28 00:48:17,866 - pcp: Could not find `cid` for [H3TCMTB]
2024-12-28 00:48:18,180 - pcp: Could not find `cid` for [N,N′-dimethylacetamide]
2024-12-28 00:48:18,510 - pcp: Could not find `cid` for [H3LMe]
2024-12-28 00:48:18,843 - pcp: Could not find `cid` for [HCl (2 M, 0.3]
2024-12-28 00:48:19,484 - pcp: Could not find `cid` for [H2nip]
2024-12-28 00:48:20,117 - pcp: Could not find `cid` for [H2O,CH3CH2OH]
2024-12-28 00:48:20,436 - pcp: Could not find `cid` for [H3TBOT]
2024-12-28 00:48:20,766 - pcp: Could not find `cid` for [DMF:NMP:FA]
2024-12-28 00:48:21,088 - pcp: Could not find `cid` for [H2BPDA]
2024-12-28 00:48:21,423 - pcp: Could not find `cid` for [H2O/DMF]
2024-12-28 00:48:22,122 - pcp: Could not find `cid` for [None]
2024-12-28 00:48:22,456 - pcp: Could not find `cid` for [N,N-dimethylformamide/EtOH]
2024-12-28 00:48:22,771 - pcp: Could not find `cid` for [H4L]
2024-12-28 00:48:23,091 - pcp: Could not find `cid` for [Sr(NO3)2]
2024-12-28 00:48:23,424 - pcp: Could not find `cid` for [H2O:DMF]
2024-12-28 00:48:23,742 - pcp: Could not find `cid` for [Eu(NO3)3·6H2O]
2024-12-28 00:48:24,061 - pcp: Could not find `cid` for [DMF/EtOH/MeCN/H2]
2024-12-28 00:48:24,382 - pcp: Could not find `cid` for [Me4NBr]
2024-12-28 00:48:24,717 - pcp: Could not find `cid` for [H2tdc (0.085 g,]
2024-12-28 00:48:25,387 - pcp: Could not find `cid` for [DMF/CH3COOH]
2024-12-28 00:48:25,706 - pcp: Could not find `cid` for [H2O/EtOH]
2024-12-28 00:48:26,022 - pcp: Could not find `cid` for [Cd(ClO4)2\u00b26]
2024-12-28 00:48:26,360 - pcp: Could not find `cid` for [5 mL distilled H2O]
2024-12-28 00:48:26,677 - pcp: Could not find `cid` for [CoSO4\u202f7 H2O]
2024-12-28 00:48:27,007 - pcp: Could not find `cid` for [DMF/H2O (6 mL/2]
2024-12-28 00:48:27,326 - pcp: Could not find `cid` for [Cd(NO3)2·6H2O]
2024-12-28 00:48:27,637 - pcp: Could not find `cid` for [DMF/H2O (2:1)]
2024-12-28 00:48:27,969 - pcp: Could not find `cid` for [H3btc]
2024-12-28 00:48:28,638 - pcp: Could not find `cid` for [H3BTT]
2024-12-28 00:48:28,972 - pcp: Could not find `cid` for [MeOH (2 mL) and CH3CN]
2024-12-28 00:48:29,286 - pcp: Could not find `cid` for [H2O (4 mL), MeOH (]
2024-12-28 00:48:29,630 - pcp: Could not find `cid` for [trans-chdc]
2024-12-28 00:48:30,286 - pcp: Could not find `cid` for [ammonia:MeCN]
2024-12-28 00:48:30,604 - pcp: Could not find `cid` for [DMF/MeCN/H2O (1]
2024-12-28 00:48:30,928 - pcp: Could not find `cid` for [H3TDA]
2024-12-28 00:48:31,620 - pcp: Could not find `cid` for [DMF, distilled water, ethanol]
2024-12-28 00:48:31,964 - pcp: Could not find `cid` for [bpmp]
2024-12-28 00:48:32,303 - pcp: Could not find `cid` for [Zn(NO3)2\u22c7]
2024-12-28 00:48:33,349 - pcp: Could not find `cid` for [Zn(OAc)2\u22c75]
2024-12-28 00:48:34,146 - pcp: Could not find `cid` for [H4BBTC]
2024-12-28 00:48:34,469 - pcp: Could not find `cid` for [DMF, methanol, HNO3]
2024-12-28 00:48:34,784 - pcp: Could not find `cid` for [DMF (6.0 mL) and H]
2024-12-28 00:48:35,113 - pcp: Could not find `cid` for [H3ABTC]
2024-12-28 00:48:35,449 - pcp: Could not find `cid` for [DMF (4 mL) and H2O]
2024-12-28 00:48:35,778 - pcp: Could not find `cid` for [H2C2O4\u00b72]
2024-12-28 00:48:36,097 - pcp: Could not find `cid` for [H3imda, 4,4′]
2024-12-28 00:48:36,418 - pcp: Could not find `cid` for [H2O/glycol (14:1]
2024-12-28 00:48:36,754 - pcp: Could not find `cid` for [CoCl2\\u00b26H2]
2024-12-28 00:48:37,096 - pcp: Could not find `cid` for [H2C2O4]
2024-12-28 00:48:37,436 - pcp: Could not find `cid` for [Cu(NO3)2\u22c5 ]
2024-12-28 00:48:38,107 - pcp: Could not find `cid` for [DMF/H2O (9/1,]
2024-12-28 00:48:38,423 - pcp: Could not find `cid` for [La(NO3)2\u00b26H]
2024-12-28 00:48:38,746 - pcp: Could not find `cid` for [DMSO/H2O]
2024-12-28 00:48:39,092 - pcp: Could not find `cid` for [ZnCl2]
2024-12-28 00:48:39,418 - pcp: Could not find `cid` for [Cu(NO3)2·3H2O]
2024-12-28 00:48:39,733 - pcp: Could not find `cid` for [DMF, methanol and H2O (]
2024-12-28 00:48:40,052 - pcp: Could not find `cid` for [H2O, HNO3]
2024-12-28 00:48:40,797 - pcp: Could not find `cid` for [4,5-Imidazoledicar]
2024-12-28 00:48:41,114 - pcp: Could not find `cid` for [H4BTeC]
2024-12-28 00:48:41,450 - pcp: Could not find `cid` for [DMF/EtOH/H2O (2]
2024-12-28 00:48:41,794 - pcp: Could not find `cid` for [CH3CH2OH/CH3OH]
2024-12-28 00:48:42,111 - pcp: Could not find `cid` for [0.139 g]
2024-12-28 00:48:42,446 - pcp: Could not find `cid` for [5.0 mL]
2024-12-28 00:48:42,770 - pcp: Could not find `cid` for [EtOH:H2O (v:v = ]
2024-12-28 00:48:43,090 - pcp: Could not find `cid` for [EtOH:H2O]
2024-12-28 00:48:43,410 - pcp: Could not find `cid` for [Cd(NO3)2\u22c75H]
2024-12-28 00:48:43,745 - pcp: Could not find `cid` for [DMF/CH3CH2OH/H2]
2024-12-28 00:48:44,064 - pcp: Could not find `cid` for [DMF,dioxane,H2O]
2024-12-28 00:48:44,747 - pcp: Could not find `cid` for [H4X]
2024-12-28 00:48:45,089 - pcp: Could not find `cid` for [0.016 g NaOH, 0.]
2024-12-28 00:48:45,435 - pcp: Could not find `cid` for [CH3CN/CH3OH/H2O]
2024-12-28 00:48:45,763 - pcp: Could not find `cid` for [DMF/MeOH/H2O]
2024-12-28 00:48:46,101 - pcp: Could not find `cid` for [Ni(ClO4)2]
2024-12-28 00:48:46,440 - pcp: Could not find `cid` for [water/ethanol]
2024-12-28 00:48:46,772 - pcp: Could not find `cid` for [NiCl2\u22c65H2O]
2024-12-28 00:48:47,532 - pcp: Could not find `cid` for [H2tdc (0.034 g,]
2024-12-28 00:48:47,869 - pcp: Could not find `cid` for [NaOH solution]
2024-12-28 00:48:48,185 - pcp: Could not find `cid` for [aqueous]
2024-12-28 00:48:48,514 - pcp: Could not find `cid` for [Mg(NO3)2·6H2]
2024-12-28 00:48:48,830 - pcp: Could not find `cid` for [DEF/H2O]
2024-12-28 00:48:49,165 - pcp: Could not find `cid` for [distilled water, ethanol]
2024-12-28 00:48:49,498 - pcp: Could not find `cid` for [H4L1]
2024-12-28 00:48:49,822 - pcp: Could not find `cid` for [H2O, MeCN]
2024-12-28 00:48:50,160 - pcp: Could not find `cid` for [timtz]
2024-12-28 00:48:50,833 - pcp: Could not find `cid` for [water and ethanol]
2024-12-28 00:48:51,163 - pcp: Could not find `cid` for [DMF, water]
2024-12-28 00:48:51,478 - pcp: Could not find `cid` for [dilute sodium hydroxide]
2024-12-28 00:48:51,838 - pcp: Could not find `cid` for [TEA]
2024-12-28 00:48:52,518 - pcp: Could not find `cid` for [H3btb]
2024-12-28 00:48:52,834 - pcp: Could not find `cid` for [Eu(NO3)3]
2024-12-28 00:48:53,516 - pcp: Could not find `cid` for [NaH2SIP]
2024-12-28 00:48:53,834 - pcp: Could not find `cid` for [Mn(CH3COO)2·4]
2024-12-28 00:48:54,517 - pcp: Could not find `cid` for [tcpcb]
2024-12-28 00:48:54,837 - pcp: Could not find `cid` for [NaHCOO\u2009\u00]
2024-12-28 00:48:55,175 - pcp: Could not find `cid` for [DMF/CH3CN]
2024-12-28 00:48:55,511 - pcp: Could not find `cid` for [Ba(NO3)2]
2024-12-28 00:48:55,821 - pcp: Could not find `cid` for [DMF, EtOH, H2O]
2024-12-28 00:48:56,146 - pcp: Could not find `cid` for [Dy(NO3)3·6H2]
2024-12-28 00:48:56,780 - pcp: Could not find `cid` for [Na2WO4\u20092H2O]
2024-12-28 00:48:57,116 - pcp: Could not find `cid` for [Zn(OAC)2\u00b22]
2024-12-28 00:48:57,451 - pcp: Could not find `cid` for [DPT]
2024-12-28 00:48:57,769 - pcp: Could not find `cid` for [CuCl2\u22c5\u22122]
2024-12-28 00:48:58,087 - pcp: Could not find `cid` for [DMF, acetonitrile and H2]
2024-12-28 00:48:58,467 - pcp: Could not find `cid` for [H4MTB]
2024-12-28 00:48:58,798 - pcp: Could not find `cid` for [DMF, C2H5OH, H]
2024-12-28 00:48:59,114 - pcp: Could not find `cid` for [2 drops of HNO3 (0.1]
2024-12-28 00:48:59,432 - pcp: Could not find `cid` for [DMF (5 mL)]
2024-12-28 00:48:59,765 - pcp: Could not find `cid` for [H2SBA]
2024-12-28 00:49:00,081 - pcp: Could not find `cid` for [NH4+ as anion]
2024-12-28 00:49:00,785 - pcp: Could not find `cid` for [Zn(CH3COO)2·2]
2024-12-28 00:49:01,101 - pcp: Could not find `cid` for [Cd(ClO4)2\u22126H]
2024-12-28 00:49:01,759 - pcp: Could not find `cid` for [Cu(NO3)2·2.5 H]
2024-12-28 00:49:02,075 - pcp: Could not find `cid` for [dmf/H2O (3 mL/1]
2024-12-28 00:49:02,391 - pcp: Could not find `cid` for [H2pdc, Na2MoO4]
2024-12-28 00:49:02,728 - pcp: Could not find `cid` for [aqueous mixture]
2024-12-28 00:49:03,077 - pcp: Could not find `cid` for [CuI (4.76 mg, 0]
2024-12-28 00:49:03,413 - pcp: Could not find `cid` for [DMF and 1 mL of CH3CN]
2024-12-28 00:49:03,754 - pcp: Could not find `cid` for [MnCl2·4H2O]
2024-12-28 00:49:04,438 - pcp: Could not find `cid` for [H4DBIP]
2024-12-28 00:49:05,132 - pcp: Could not find `cid` for [H3PMo12O40\u00b]
2024-12-28 00:49:05,472 - pcp: Could not find `cid` for [pyridine-2,5-dicar]
2024-12-28 00:49:05,807 - pcp: Could not find `cid` for [DMF:EtOH=2:1]
2024-12-28 00:49:06,124 - pcp: Could not find `cid` for [DMF, CH3OH]
2024-12-28 00:49:06,775 - pcp: Could not find `cid` for [MeCN/H2O]
2024-12-28 00:49:07,120 - pcp: Could not find `cid` for [Zn(NO3)2·6 H2]
2024-12-28 00:49:07,455 - pcp: Could not find `cid` for [DMF/C2H5OH/H2O]
2024-12-28 00:49:07,806 - pcp: Could not find `cid` for [Cd(NO3)2\\u00b74]
2024-12-28 00:49:08,153 - pcp: Could not find `cid` for [THF/H2O]
2024-12-28 00:49:08,487 - pcp: Could not find `cid` for [Hatz]
2024-12-28 00:49:08,817 - pcp: Could not find `cid` for [[(CH3)2NH (40%)]]
2024-12-28 00:49:09,158 - pcp: Could not find `cid` for [DMF (2 mL) and EtOH (]
2024-12-28 00:49:09,477 - pcp: Could not find `cid` for [N,N\u2032-dimethylformamide]
2024-12-28 00:49:09,789 - pcp: Could not find `cid` for [DMF--ethanol--water]
2024-12-28 00:49:10,120 - pcp: Could not find `cid` for [H2dcbpy]
2024-12-28 00:49:10,526 - pcp: Could not find `cid` for [DMF/CH3OH/H2O (]
2024-12-28 00:49:10,858 - pcp: Could not find `cid` for [H4abtc]
2024-12-28 00:49:11,178 - pcp: Could not find `cid` for [an aliquot of HNO3 in EtOH]
2024-12-28 00:49:11,514 - pcp: Could not find `cid` for [bfbpdcH2]
2024-12-28 00:49:12,170 - pcp: Could not find `cid` for [MeCN:H2O (4:2,]
2024-12-28 00:49:12,839 - pcp: Could not find `cid` for [NaOH or KOH (10 mol·l]
2024-12-28 00:49:13,177 - pcp: Could not find `cid` for [H2O/ethanol (v:v =]
2024-12-28 00:49:13,515 - pcp: Could not find `cid` for [v:v =]
2024-12-28 00:49:13,838 - pcp: Could not find `cid` for [Zn(OAc)2\*H2]
2024-12-28 00:49:14,177 - pcp: Could not find `cid` for [one drop of 6N HNO3]
2024-12-28 00:49:14,494 - pcp: Could not find `cid` for [Cd(NO3)2\u00b44H]
2024-12-28 00:49:15,160 - pcp: Could not find `cid` for [H6L2]
2024-12-28 00:49:15,497 - pcp: Could not find `cid` for [DMF:water]
2024-12-28 00:49:15,815 - pcp: Could not find `cid` for [H4ABTC]
2024-12-28 00:49:16,128 - pcp: Could not find `cid` for [DMF/ethanol/H2O]
2024-12-28 00:49:16,450 - pcp: Could not find `cid` for [H4ATC]
2024-12-28 00:49:16,772 - pcp: Could not find `cid` for [CuCl2\u20252H2O (]
2024-12-28 00:49:17,093 - pcp: Could not find `cid` for [H2O and CH3CN]
2024-12-28 00:49:17,429 - pcp: Could not find `cid` for [distilled water and ethanol]
2024-12-28 00:49:17,784 - pcp: Could not find `cid` for [8 mL]
2024-12-28 00:49:18,116 - pcp: Could not find `cid` for [water and CH3CN]
2024-12-28 00:49:18,475 - pcp: Could not find `cid` for [Eu(NO3)3·5H2O]
2024-12-28 00:49:18,805 - pcp: Could not find `cid` for [DMF, ethanol, H2O]
2024-12-28 00:49:19,135 - pcp: Could not find `cid` for [H3CMPEIP]
2024-12-28 00:49:19,473 - pcp: Could not find `cid` for [H3L2 (0.04 g,]
2024-12-28 00:49:19,794 - pcp: Could not find `cid` for [water and 0.2 mL of Et4]
2024-12-28 00:49:20,125 - pcp: Could not find `cid` for [Dy2O3]
2024-12-28 00:49:20,856 - pcp: Could not find `cid` for [sodium acetate buffer]
2024-12-28 00:49:21,199 - pcp: Could not find `cid` for [LiOH·H2O]
2024-12-28 00:49:21,539 - pcp: Could not find `cid` for [CuCl2·2H2O]
2024-12-28 00:49:21,879 - pcp: Could not find `cid` for [melitic acid]
2024-12-28 00:49:22,207 - pcp: Could not find `cid` for [H2NDC]
2024-12-28 00:49:22,861 - pcp: Could not find `cid` for [7.5 mL]
2024-12-28 00:49:23,537 - pcp: Could not find `cid` for [2,6-\u00b0naph]
2024-12-28 00:49:23,857 - pcp: Could not find `cid` for [dmf/CH3OH]
2024-12-28 00:49:24,174 - pcp: Could not find `cid` for [H12L]
2024-12-28 00:49:24,509 - pcp: Could not find `cid` for [Cu(NO3)2\u20096 H2]
2024-12-28 00:49:24,829 - pcp: Could not find `cid` for [TAAP]
2024-12-28 00:49:25,167 - pcp: Could not find `cid` for [water\u2013ethanol (2:1]
2024-12-28 00:49:25,813 - pcp: Could not find `cid` for [H2pdc]
2024-12-28 00:49:26,162 - pcp: Could not find `cid` for [Cu(NO3)2\u20222.5]
2024-12-28 00:49:26,498 - pcp: Could not find `cid` for [DMF/EtOH/pyridine (1]
2024-12-28 00:49:26,837 - pcp: Could not find `cid` for [CoCl2·6H2O]
2024-12-28 00:49:27,160 - pcp: Could not find `cid` for [formic acid solution (88%)]
2024-12-28 00:49:27,481 - pcp: Could not find `cid` for [DMF/H2O/C2H5OH]
2024-12-28 00:49:27,800 - pcp: Could not find `cid` for [H3BCPBA]
2024-12-28 00:49:29,810 - pcp: Could not find `cid` for [H2O, EtOH, DMF]
2024-12-28 00:49:30,146 - pcp: Could not find `cid` for [DMF (1 mL), N(Et)]
2024-12-28 00:49:30,492 - pcp: Could not find `cid` for [H4btec (0.1 mmol]
2024-12-28 00:49:30,811 - pcp: Could not find `cid` for [DMF, MeOH]
2024-12-28 00:49:31,126 - pcp: Could not find `cid` for [ZnSO4\u00b77H2]
2024-12-28 00:49:31,464 - pcp: Could not find `cid` for [In(NO3)3\\u202f4]
2024-12-28 00:49:31,811 - pcp: Could not find `cid` for [HCOOH, DMF, DEF]
2024-12-28 00:49:32,147 - pcp: Could not find `cid` for [H2O/MeCN]
2024-12-28 00:49:32,462 - pcp: Could not find `cid` for [DMF/MeCN/H2O]
2024-12-28 00:49:32,778 - pcp: Could not find `cid` for [DMF, methanol, water]
2024-12-28 00:49:33,510 - pcp: Could not find `cid` for [tetrahydrofuran (THF)]
2024-12-28 00:49:33,855 - pcp: Could not find `cid` for [H4BTEC]
2024-12-28 00:49:34,175 - pcp: Could not find `cid` for [DMF and EtOH]
2024-12-28 00:49:34,822 - pcp: Could not find `cid` for [N,N-dimethylformamide (DMF]
2024-12-28 00:49:35,204 - pcp: Could not find `cid` for [1,3,5-benzenetricar]
2024-12-28 00:49:35,538 - pcp: Could not find `cid` for [N,N'-dimethylformamide (DMF]
2024-12-28 00:49:35,866 - pcp: Could not find `cid` for [3 drops of concentrated nitric acid]
2024-12-28 00:49:36,203 - pcp: Could not find `cid` for [Ni(NO3)2·6H2O]
2024-12-28 00:49:36,852 - pcp: Could not find `cid` for [ZnSO4\u00b72H2]
2024-12-28 00:49:37,169 - pcp: Could not find `cid` for [Co(CH3COO)2\u22c]
2024-12-28 00:49:37,496 - pcp: Could not find `cid` for [pDBI]
2024-12-28 00:49:37,807 - pcp: Could not find `cid` for [0.384 g of magnesium nitrate hexahy]
2024-12-28 00:49:38,146 - pcp: Could not find `cid` for [water (3 mL)]
2024-12-28 00:49:38,491 - pcp: Could not find `cid` for [H5bpbc]
2024-12-28 00:49:39,137 - pcp: Could not find `cid` for [doubly deionized water]
2024-12-28 00:49:39,460 - pcp: Could not find `cid` for [N,N\\u2032-dimethylform]
2024-12-28 00:49:39,798 - pcp: Could not find `cid` for [H3PMo12O40\u2009]
2024-12-28 00:49:40,133 - pcp: Could not find `cid` for [1 M HNO3]
2024-12-28 00:49:40,455 - pcp: Could not find `cid` for [DMF-C2H5OH-H2O]
2024-12-28 00:49:40,772 - pcp: Could not find `cid` for [DMF/DMSO (10 mL, v]
2024-12-28 00:49:41,458 - pcp: Could not find `cid` for [H4BCBAIP]
2024-12-28 00:49:42,457 - pcp: Could not find `cid` for [0.50 mL of a 1.0]
2024-12-28 00:49:42,776 - pcp: Could not find `cid` for [H8TBCB]
2024-12-28 00:49:43,781 - pcp: Could not find `cid` for [aqueous solution]
2024-12-28 00:49:44,113 - pcp: Could not find `cid` for [10 mL]
2024-12-28 00:49:44,431 - pcp: Could not find `cid` for [H3PMo12O40]
2024-12-28 00:49:44,752 - pcp: Could not find `cid` for [H2BDC (83 mg, 0]
2024-12-28 00:49:45,089 - pcp: Could not find `cid` for [4,4\u2032-bipy]
2024-12-28 00:49:45,401 - pcp: Could not find `cid` for [CH3N2CH3]
2024-12-28 00:49:46,746 - pcp: Could not find `cid` for [H4btadpa]
2024-12-28 00:49:47,636 - pcp: Could not find `cid` for [Dy(NO3)3\\u2026]
2024-12-28 00:49:48,312 - pcp: Could not find `cid` for [DMF:EtOH]
2024-12-28 00:49:48,630 - pcp: Could not find `cid` for [H4L1 (20.3 mg,]
2024-12-28 00:49:48,963 - pcp: Could not find `cid` for [H2O (10 mL)]
2024-12-28 00:49:49,280 - pcp: Could not find `cid` for [NH2–H3BTB]
2024-12-28 00:49:49,607 - pcp: Could not find `cid` for [DMF/EtOH/H2O]
2024-12-28 00:49:49,928 - pcp: Could not find `cid` for [mineralization triethylamine]
2024-12-28 00:49:50,263 - pcp: Could not find `cid` for [DMF/MeOH/H2O/DMS]
2024-12-28 00:49:50,581 - pcp: Could not find `cid` for [H4TADIP]
2024-12-28 00:49:50,922 - pcp: Could not find `cid` for [NiCl2\u20226H2O]
2024-12-28 00:49:51,269 - pcp: Could not find `cid` for [N,N\'-dimethylformamide (DM]
2024-12-28 00:49:51,602 - pcp: Could not find `cid` for [Cu(NO3)2\u00b23H]
2024-12-28 00:49:51,935 - pcp: Could not find `cid` for [DEF/MeOH]
2024-12-28 00:49:52,267 - pcp: Could not find `cid` for [Zn(Ac)2\u20222]
2024-12-28 00:49:52,598 - pcp: Could not find `cid` for [100 μL of 6 mol L−1]
2024-12-28 00:49:52,930 - pcp: Could not find `cid` for [DMF (1.5 mL), CH3]
2024-12-28 00:49:53,273 - pcp: Could not find `cid` for [H2pt]
2024-12-28 00:49:53,612 - pcp: Could not find `cid` for [Cu(NO3)2\\u00b72]
2024-12-28 00:49:53,951 - pcp: Could not find `cid` for [BIDPE]
2024-12-28 00:49:54,276 - pcp: Could not find `cid` for [1,3-bis(4-pyrid]
2024-12-28 00:49:54,604 - pcp: Could not find `cid` for [dpdo]
2024-12-28 00:49:54,932 - pcp: Could not find `cid` for [Ni(NO3)2\\u00b6]
2024-12-28 00:49:55,265 - pcp: Could not find `cid` for [1:1 (v/v) mixture of meth]
2024-12-28 00:49:56,274 - pcp: Could not find `cid` for [Teflon reactor]
2024-12-28 00:49:56,594 - pcp: Could not find `cid` for [H2btdc]
2024-12-28 00:49:56,932 - pcp: Could not find `cid` for [Cd(ClO4)2\u20226H]
2024-12-28 00:49:57,241 - pcp: Could not find `cid` for [CH3OH/H2O]
2024-12-28 00:49:57,907 - pcp: Could not find `cid` for [H2sdba]
2024-12-28 00:49:58,224 - pcp: Could not find `cid` for [CH3OH DMF]
2024-12-28 00:49:58,552 - pcp: Could not find `cid` for [10 mL aqueous solution]
2024-12-28 00:49:58,867 - pcp: Could not find `cid` for [H4ptptc]
2024-12-28 00:49:59,202 - pcp: Could not find `cid` for [1,9-\u2009diamin]
2024-12-28 00:49:59,551 - pcp: Could not find `cid` for [Zn(NO3)·6H2O]
2024-12-28 00:49:59,882 - pcp: Could not find `cid` for [N,N\u2032-diethylformamide (]
2024-12-28 00:50:00,230 - pcp: Could not find `cid` for [DMF/H2O (1:3)]
2024-12-28 00:50:00,548 - pcp: Could not find `cid` for [H2O and DMF]
2024-12-28 00:50:00,883 - pcp: Could not find `cid` for [DMF/1,4-dioxane]
2024-12-28 00:50:01,217 - pcp: Could not find `cid` for [v/v = 2:1]
2024-12-28 00:50:01,529 - pcp: Could not find `cid` for [H2dpt24]
2024-12-28 00:50:01,847 - pcp: Could not find `cid` for [DMF+MeOH]
2024-12-28 00:50:02,827 - pcp: Could not find `cid` for [Zn(Ac)2\u20226H]
2024-12-28 00:50:03,146 - pcp: Could not find `cid` for [o-phenanthroline (o-Ph]
2024-12-28 00:50:03,473 - pcp: Could not find `cid` for [Cu(ClO4)2\u20226H]
2024-12-28 00:50:03,807 - pcp: Could not find `cid` for [aqueous solution of AgPF6]
2024-12-28 00:50:04,127 - pcp: Could not find `cid` for [DMF/H2O (6 mL, ]
2024-12-28 00:50:04,480 - pcp: Could not find `cid` for [H3BTC, FeCl3, TMA]
2024-12-28 00:50:04,799 - pcp: Could not find `cid` for [DEF/EG/Toluene]
2024-12-28 00:50:05,136 - pcp: Could not find `cid` for [CuCl2\u22c5H2O]
2024-12-28 00:50:05,452 - pcp: Could not find `cid` for [DMF and CH3CN]
2024-12-28 00:50:05,768 - pcp: Could not find `cid` for [H2Tart]
2024-12-28 00:50:06,101 - pcp: Could not find `cid` for [FeTCP-Cl]
2024-12-28 00:50:06,421 - pcp: Could not find `cid` for [N,N-diethylformamide (DEF)]
2024-12-28 00:50:06,757 - pcp: Could not find `cid` for [In(NO3)3·5H2O]
2024-12-28 00:50:07,093 - pcp: Could not find `cid` for [H2O and EtOH]
2024-12-28 00:50:07,426 - pcp: Could not find `cid` for [Zn(OAc)2\u00027H]
2024-12-28 00:50:07,762 - pcp: Could not find `cid` for [Cu(NO3)2⋅3H]
2024-12-28 00:50:08,084 - pcp: Could not find `cid` for [DMF, EtOH (abs.), pyrid]
2024-12-28 00:50:08,447 - pcp: Could not find `cid` for [H4BTC]
2024-12-28 00:50:08,796 - pcp: Could not find `cid` for [H2bdc, pyrazine, N]
2024-12-28 00:50:09,133 - pcp: Could not find `cid` for [N,N-dimethylacetamide, methanol]
2024-12-28 00:50:09,577 - pcp: Could not find `cid` for [DMF:NMP:pyridine]
2024-12-28 00:50:09,890 - pcp: Could not find `cid` for [bpdc]
2024-12-28 00:50:10,226 - pcp: Could not find `cid` for [DMF: DMSO=10:2]
2024-12-28 00:50:10,557 - pcp: Could not find `cid` for [H2bpca]
2024-12-28 00:50:10,875 - pcp: Could not find `cid` for [H2fum]
2024-12-28 00:50:11,259 - pcp: Could not find `cid` for [1,3,5-triazine-2]
2024-12-28 00:50:11,596 - pcp: Could not find `cid` for [2,5-dihydroxyterephthal]
2024-12-28 00:50:11,915 - pcp: Could not find `cid` for [Qu-H3L]
2024-12-28 00:50:12,231 - pcp: Could not find `cid` for [DMF/methanol/H2O = ]
2024-12-28 00:50:12,888 - pcp: Could not find `cid` for [4-abpt]
2024-12-28 00:50:13,224 - pcp: Could not find `cid` for [H2O, DMF]
2024-12-28 00:50:13,557 - pcp: Could not find `cid` for [DMF/NMP]
2024-12-28 00:50:13,879 - pcp: Could not find `cid` for [H2nip (0.1 mmol),]
2024-12-28 00:50:14,200 - pcp: Could not find `cid` for [7.5 mL v/v = 1:]
2024-12-28 00:50:14,526 - pcp: Could not find `cid` for [imineodiacetic acid]
2024-12-28 00:50:14,847 - pcp: Could not find `cid` for [L3-H8]
2024-12-28 00:50:15,167 - pcp: Could not find `cid` for [DMF, H2O, HCl]
2024-12-28 00:50:15,511 - pcp: Could not find `cid` for [DEA and ethanol]
2024-12-28 00:50:15,841 - pcp: Could not find `cid` for [Co(CH3COO)2\u20214]
2024-12-28 00:50:16,157 - pcp: Could not find `cid` for [EtOH/H2O (1:1)]
2024-12-28 00:50:16,475 - pcp: Could not find `cid` for [ammonia solution (25% to 28]
2024-12-28 00:50:16,812 - pcp: Could not find `cid` for [H2O (3 mL) and DMF]
2024-12-28 00:50:17,155 - pcp: Could not find `cid` for [Na2bdc]
2024-12-28 00:50:17,523 - pcp: Could not find `cid` for [bztpy]
2024-12-28 00:50:17,843 - pcp: Could not find `cid` for [Zn(NO3)2\\u20226]
2024-12-28 00:50:18,190 - pcp: Could not find `cid` for [DEF/EtOH/H2O (8 mL]
2024-12-28 00:50:18,505 - pcp: Could not find `cid` for [H2hfipbb]
2024-12-28 00:50:18,867 - pcp: Could not find `cid` for [bmib]
2024-12-28 00:50:19,188 - pcp: Could not find `cid` for [H3BTN (8.3 mg, ]
2024-12-28 00:50:19,520 - pcp: Could not find `cid` for [N,N\u2019-diethylformamide (]
2024-12-28 00:50:19,856 - pcp: Could not find `cid` for [H3IDC]
2024-12-28 00:50:20,552 - pcp: Could not find `cid` for [H3BTC, d-Serine, D]
2024-12-28 00:50:20,900 - pcp: Could not find `cid` for [DMF, dioxane, H2O]
2024-12-28 00:50:21,218 - pcp: Could not find `cid` for [HFP]
2024-12-28 00:50:22,210 - pcp: Could not find `cid` for [DMF/ethanol (1/4,]
2024-12-28 00:50:22,550 - pcp: Could not find `cid` for [NH3·H2O]
2024-12-28 00:50:22,873 - pcp: Could not find `cid` for [DMF/H2O (3/1,]
2024-12-28 00:50:23,194 - pcp: Could not find `cid` for [La(NO3)3\u00b66H]
2024-12-28 00:50:23,511 - pcp: Could not find `cid` for [NaH2sip]
2024-12-28 00:50:23,826 - pcp: Could not find `cid` for [CH3OH, H2O]
2024-12-28 00:50:24,159 - pcp: Could not find `cid` for [Eu(NO3)3 6H2O]
2024-12-28 00:50:24,508 - pcp: Could not find `cid` for [2,2\u2030-bipyridine]
2024-12-28 00:50:24,844 - pcp: Could not find `cid` for [DMF: DMSO: H2O]
2024-12-28 00:50:25,533 - pcp: Could not find `cid` for [Cd(OAc)2\u00b72H]
2024-12-28 00:50:25,859 - pcp: Could not find `cid` for [Zn(NO3)2\u207a6]
2024-12-28 00:50:26,222 - pcp: Could not find `cid` for [10.00 g]
2024-12-28 00:50:26,540 - pcp: Could not find `cid` for [5-cyano-1,3-ben]
2024-12-28 00:50:26,880 - pcp: Could not find `cid` for [H2TPPS]
2024-12-28 00:50:27,223 - pcp: Could not find `cid` for [40% HBF4]
2024-12-28 00:50:27,555 - pcp: Could not find `cid` for [DMF: H2O: MeOH =]
2024-12-28 00:50:27,889 - pcp: Could not find `cid` for [bimb]
2024-12-28 00:50:28,577 - pcp: Could not find `cid` for [Zn(NO3)2\\u2009]
2024-12-28 00:50:28,897 - pcp: Could not find `cid` for [bpdc and bpNDI]
2024-12-28 00:50:29,233 - pcp: Could not find `cid` for [Zn(NO3)2\\u00b]
2024-12-28 00:50:29,552 - pcp: Could not find `cid` for [DMF (5 mL) and chlorobenz]
2024-12-28 00:50:29,883 - pcp: Could not find `cid` for [H6tL1]
2024-12-28 00:50:30,536 - pcp: Could not find `cid` for [Hbtz]
2024-12-28 00:50:30,856 - pcp: Could not find `cid` for [16.0 mL]
2024-12-28 00:50:31,181 - pcp: Could not find `cid` for [50% (CH3)4NOH solution]
2024-12-28 00:50:31,818 - pcp: Could not find `cid` for [4,4\u2032-bipyridyl]
2024-12-28 00:50:32,129 - pcp: Could not find `cid` for [water/methanol mixture]
2024-12-28 00:50:32,467 - pcp: Could not find `cid` for [H2atpa]
2024-12-28 00:50:32,805 - pcp: Could not find `cid` for [H2pydc, triethylamine]
2024-12-28 00:50:33,133 - pcp: Could not find `cid` for [Tb(NO3)3·6 H2]
2024-12-28 00:50:33,469 - pcp: Could not find `cid` for [H2O/CH3CN]
2024-12-28 00:50:33,812 - pcp: Could not find `cid` for [H3pdc, CuCO3.Cu]
2024-12-28 00:50:34,452 - pcp: Could not find `cid` for [DMF/H2O (10 mL, ]
2024-12-28 00:50:35,129 - pcp: Could not find `cid` for [Cu(NO3)6·3H2O]
2024-12-28 00:50:35,465 - pcp: Could not find `cid` for [H2O-EtOH]
2024-12-28 00:50:36,144 - pcp: Could not find `cid` for [CdCl2\u22ef2.5H]
2024-12-28 00:50:36,482 - pcp: Could not find `cid` for [0.30 mL]
2024-12-28 00:50:37,126 - pcp: Could not find `cid` for [N,N-dimethyl acetamide : deion]
2024-12-28 00:50:37,497 - pcp: Could not find `cid` for [Gd(NO3)3]
2024-12-28 00:50:37,813 - pcp: Could not find `cid` for [NH3\u2009\u2009H2]
2024-12-28 00:50:38,130 - pcp: Could not find `cid` for [DMF:CH3OH:water]
2024-12-28 00:50:38,470 - pcp: Could not find `cid` for [Cd(NO3)2\u20214H2]
2024-12-28 00:50:38,793 - pcp: Could not find `cid` for [Zn(OAc)2·2H2]
2024-12-28 00:50:39,109 - pcp: Could not find `cid` for [DMF/H2O/MeOH]
2024-12-28 00:50:39,447 - pcp: Could not find `cid` for [DMF (4 mL) and MeOH (]
2024-12-28 00:50:39,780 - pcp: Could not find `cid` for [H4PAGeS and MnCl2]
2024-12-28 00:50:40,118 - pcp: Could not find `cid` for [DMF/methanol (0.3/]
2024-12-28 00:50:40,450 - pcp: Could not find `cid` for [H3EIMDC]
2024-12-28 00:50:41,121 - pcp: Could not find `cid` for [3 mL]
2024-12-28 00:50:41,795 - pcp: Could not find `cid` for [H3PyImDC]
2024-12-28 00:50:42,134 - pcp: Could not find `cid` for [2-sulfoterephthalic acid mon]
2024-12-28 00:50:42,788 - pcp: Could not find `cid` for [H3AsO4, 1,2]
2024-12-28 00:50:43,126 - pcp: Could not find `cid` for [millipore water]
2024-12-28 00:50:43,760 - pcp: Could not find `cid` for [1,4-dioxane/H2O]
2024-12-28 00:50:44,082 - pcp: Could not find `cid` for [Cd(OAc)2]
2024-12-28 00:50:45,180 - pcp: Could not find `cid` for [DMF/CH3CN (8 mL;]
2024-12-28 00:50:45,515 - pcp: Could not find `cid` for [H3PMo12O40\u22c]
2024-12-28 00:50:45,833 - pcp: Could not find `cid` for [H2fum, glutamic acid]
2024-12-28 00:50:46,524 - pcp: Could not find `cid` for [DMF:MeOH]
2024-12-28 00:50:47,174 - pcp: Could not find `cid` for [DMF, CH3CH2OH]
2024-12-28 00:50:47,486 - pcp: Could not find `cid` for [H2ntd, Hmtz]
2024-12-28 00:50:47,803 - pcp: Could not find `cid` for [H2dnpdc]
2024-12-28 00:50:48,122 - pcp: Could not find `cid` for [CdCO3 (0.217 g, ]
2024-12-28 00:50:48,457 - pcp: Could not find `cid` for [H4BTC (0.127 g, ]
2024-12-28 00:50:48,771 - pcp: Could not find `cid` for [H2tbip]
2024-12-28 00:50:49,110 - pcp: Could not find `cid` for [Htz]
2024-12-28 00:50:50,128 - pcp: Could not find `cid` for [water and NaOH aqueous solution]
2024-12-28 00:50:50,448 - pcp: Could not find `cid` for [DMF/cyclohexanol/H2O]
2024-12-28 00:50:50,791 - pcp: Could not find `cid` for [HO-H3BTC and 4,4\u]
2024-12-28 00:50:51,107 - pcp: Could not find `cid` for [CH3CN/H2O (3/4]
2024-12-28 00:50:51,747 - pcp: Could not find `cid` for [Cd(NO3)2\u00b24H]
2024-12-28 00:50:52,065 - pcp: Could not find `cid` for [H4tpta]
2024-12-28 00:50:53,113 - pcp: Could not find `cid` for [Er(NO3)3·5H2O]
2024-12-28 00:50:53,449 - pcp: Could not find `cid` for [DMF (3 mL), C2H5]
2024-12-28 00:50:53,788 - pcp: Could not find `cid` for [Pr6O11]
2024-12-28 00:50:54,458 - pcp: Could not find `cid` for [DMF+formic acid]
2024-12-28 00:50:54,798 - pcp: Could not find `cid` for [DMF/glycol/H2O (8]
2024-12-28 00:50:55,454 - pcp: Could not find `cid` for [DMF+H2O]
2024-12-28 00:50:55,808 - pcp: Could not find `cid` for [Hmtz]
2024-12-28 00:50:56,141 - pcp: Could not find `cid` for [sdb]
2024-12-28 00:50:56,478 - pcp: Could not find `cid` for [N,N\u2032-dimethylacetamide]
2024-12-28 00:50:56,819 - pcp: Could not find `cid` for [DMF/CH3CN/H2O]
2024-12-28 00:50:57,133 - pcp: Could not find `cid` for [0.04 mmol of Co(NO3)]
2024-12-28 00:50:57,449 - pcp: Could not find `cid` for [7.5 mL H2O]
2024-12-28 00:50:57,779 - pcp: Could not find `cid` for [DMF/MeCN (4:1,]
2024-12-28 00:50:58,142 - pcp: Could not find `cid` for [Cobalt(II) chloride hexahydr]
2024-12-28 00:50:58,456 - pcp: Could not find `cid` for [H3IDC, bpy, KOH]
2024-12-28 00:50:58,769 - pcp: Could not find `cid` for [bpp]
2024-12-28 00:50:59,085 - pcp: Could not find `cid` for [10 ml]
2024-12-28 00:50:59,432 - pcp: Could not find `cid` for [H2E2Ge2O3 (0]
2024-12-28 00:50:59,753 - pcp: Could not find `cid` for [H2Me4BPDC]
2024-12-28 00:51:00,077 - pcp: Could not find `cid` for [68% concentrated nitric acid]
2024-12-28 00:51:00,413 - pcp: Could not find `cid` for [dimethylformamide (3.0 mL),]
2024-12-28 00:51:00,760 - pcp: Could not find `cid` for [Hpza]
2024-12-28 00:51:01,078 - pcp: Could not find `cid` for [DEF, water, HCl]
2024-12-28 00:51:01,757 - pcp: Could not find `cid` for [0.096 g]
2024-12-28 00:51:02,095 - pcp: Could not find `cid` for [DMF/dioxane/H2O (4]
2024-12-28 00:51:02,474 - pcp: Could not find `cid` for [concentrated hydrochloric acid]
2024-12-28 00:51:02,809 - pcp: Could not find `cid` for [DMF/H2O (2.4 mL]
2024-12-28 00:51:03,475 - pcp: Could not find `cid` for [H3MIDC (34.0 mg]
2024-12-28 00:51:03,813 - pcp: Could not find `cid` for [Cd(NO3)2\u22126H2]
2024-12-28 00:51:04,156 - pcp: Could not find `cid` for [1,4-naphthalenedicarbox]
2024-12-28 00:51:04,491 - pcp: Could not find `cid` for [H2O and aqueous NaOH]
2024-12-28 00:51:05,599 - pcp: Could not find `cid` for [Zinc nitrate hexahydrate (55]
2024-12-28 00:51:05,950 - pcp: Could not find `cid` for [KI]
2024-12-28 00:51:06,274 - pcp: Could not find `cid` for [imiminodiacetic acid]
2024-12-28 00:51:06,603 - pcp: Could not find `cid` for [0.062 g, 0.25 mm]
2024-12-28 00:51:06,931 - pcp: Could not find `cid` for [3 mL of water and 3 mL of gly]
2024-12-28 00:51:07,261 - pcp: Could not find `cid` for [NMP/dioxane/H2O]
2024-12-28 00:51:07,913 - pcp: Could not find `cid` for [H4btec]
