2024-12-29 23:10:43,227 - pcp: Could not find `cid` for [DEA]
2024-12-29 23:10:43,575 - pcp: Could not find `cid` for [Cd(NO3)2\\u202c4]
2024-12-29 23:10:43,888 - pcp: Could not find `cid` for [Tb(NO3)3\ud83c]
2024-12-29 23:10:44,200 - pcp: Could not find `cid` for [Zn(NO3)2·6H2]
2024-12-29 23:10:44,519 - pcp: Could not find `cid` for [H3BPT]
2024-12-29 23:10:45,153 - pcp: Could not find `cid` for [DMF (5.4 mL)]
2024-12-29 23:10:45,469 - pcp: Could not find `cid` for [water (]
2024-12-29 23:10:45,805 - pcp: Could not find `cid` for [DMF (6 mL)]
2024-12-29 23:10:46,118 - pcp: Could not find `cid` for [EtOH (3]
2024-12-29 23:10:46,454 - pcp: Could not find `cid` for [CdCl2\u22c5 2.]
2024-12-29 23:10:46,768 - pcp: Could not find `cid` for [1-[(4-methylphenyl)sul]
2024-12-29 23:10:47,086 - pcp: Could not find `cid` for [L]
2024-12-29 23:10:48,428 - pcp: Could not find `cid` for [10 mL]
2024-12-29 23:10:48,767 - pcp: Could not find `cid` for [H3TTCA]
2024-12-29 23:10:49,084 - pcp: Could not find `cid` for [H2tdc]
2024-12-29 23:10:49,430 - pcp: Could not find `cid` for [pDBI]
2024-12-29 23:10:49,750 - pcp: Could not find `cid` for [H4btadpa]
2024-12-29 23:10:50,063 - pcp: Could not find `cid` for [aqueous NH3]
2024-12-29 23:10:51,400 - pcp: Could not find `cid` for [Ba(NO3)2]
2024-12-29 23:10:51,739 - pcp: Could not find `cid` for [La(NO3)]
2024-12-29 23:10:53,108 - pcp: Could not find `cid` for [H2sdba]
2024-12-29 23:10:53,444 - pcp: Could not find `cid` for [CH3OH DMF]
2024-12-29 23:10:53,763 - pcp: Could not find `cid` for [1]
2024-12-29 23:10:54,079 - pcp: Could not find `cid` for [9\u2212diaminon]
2024-12-29 23:10:54,756 - pcp: Could not find `cid` for [MgCl2·6H2O]
2024-12-29 23:10:55,092 - pcp: Could not find `cid` for [Zn(OAc)2\u20092H]
2024-12-29 23:10:55,763 - pcp: Could not find `cid` for [H4BDPO (10.4 mg]
2024-12-29 23:10:56,082 - pcp: Could not find `cid` for [DMF (2 mL)]
2024-12-29 23:10:56,418 - pcp: Could not find `cid` for [ethanol (1.]
2024-12-29 23:10:56,745 - pcp: Could not find `cid` for [H3BTC]
2024-12-29 23:10:57,421 - pcp: Could not find `cid` for [DMF (12 mL) solution]
2024-12-29 23:10:58,097 - pcp: Could not find `cid` for [sdb]
2024-12-29 23:10:58,412 - pcp: Could not find `cid` for [2DMF]
2024-12-29 23:10:58,755 - pcp: Could not find `cid` for [CuSO4·5H2O]
2024-12-29 23:10:59,072 - pcp: Could not find `cid` for [H3TCMTB (0.17 g]
2024-12-29 23:10:59,407 - pcp: Could not find `cid` for [Zn(NO3)2\u00b66]
2024-12-29 23:11:00,069 - pcp: Could not find `cid` for [H3CMPEIP]
2024-12-29 23:11:01,067 - pcp: Could not find `cid` for [Cd(NO3)2·4H2O]
2024-12-29 23:11:01,405 - pcp: Could not find `cid` for [4-naphthalenedicarbox]
2024-12-29 23:11:01,745 - pcp: Could not find `cid` for [50% (CH3)4NOH solution]
2024-12-29 23:11:02,067 - pcp: Could not find `cid` for [bpydbH2]
2024-12-29 23:11:02,407 - pcp: Could not find `cid` for [NiCl2\u20746H2O]
2024-12-29 23:11:02,744 - pcp: Could not find `cid` for [6 M HCl]
2024-12-29 23:11:03,084 - pcp: Could not find `cid` for [DMF (7.0 mL)]
2024-12-29 23:11:03,744 - pcp: Could not find `cid` for [H2NDC]
2024-12-29 23:11:04,067 - pcp: Could not find `cid` for [ZnF2 \u2022 4]
2024-12-29 23:11:04,484 - pcp: Could not find `cid` for [H3LMe]
2024-12-29 23:11:04,824 - pcp: Could not find `cid` for [HfOCl2·8H2O]
2024-12-29 23:11:05,166 - pcp: Could not find `cid` for [3]
2024-12-29 23:11:05,484 - pcp: Could not find `cid` for [5-triazine-2]
2024-12-29 23:11:05,803 - pcp: Could not find `cid` for [DMF (96.96 mmol) sulfur]
2024-12-29 23:11:06,134 - pcp: Could not find `cid` for [pyrazine-2]
2024-12-29 23:11:06,480 - pcp: Could not find `cid` for [3-dicar]
2024-12-29 23:11:06,817 - pcp: Could not find `cid` for [Zn(OAc)\u00282\u002]
2024-12-29 23:11:07,473 - pcp: Could not find `cid` for [BIDPE]
2024-12-29 23:11:08,171 - pcp: Could not find `cid` for [H2Me4BPDC]
2024-12-29 23:11:08,517 - pcp: Could not find `cid` for [L (16.8 mg]
2024-12-29 23:11:08,837 - pcp: Could not find `cid` for [0.]
2024-12-29 23:11:09,164 - pcp: Could not find `cid` for [water (10 mL)]
2024-12-29 23:11:09,510 - pcp: Could not find `cid` for [2]
2024-12-29 23:11:10,185 - pcp: Could not find `cid` for [C12H20Cu4N6O15]
2024-12-29 23:11:10,522 - pcp: Could not find `cid` for [H2dnpdc]
2024-12-29 23:11:11,212 - pcp: Could not find `cid` for [Millipore water]
2024-12-29 23:11:11,551 - pcp: Could not find `cid` for [H3L]
2024-12-29 23:11:12,191 - pcp: Could not find `cid` for [Cd(NO3)2\u22c5H]
2024-12-29 23:11:13,166 - pcp: Could not find `cid` for [H2C2O4]
2024-12-29 23:11:13,498 - pcp: Could not find `cid` for [10 mL aqueous solution]
2024-12-29 23:11:13,836 - pcp: Could not find `cid` for [CdCl2·2.5H2O]
2024-12-29 23:11:14,179 - pcp: Could not find `cid` for [Ce(NO3)3·6H2O]
2024-12-29 23:11:14,527 - pcp: Could not find `cid` for [H2PAM]
2024-12-29 23:11:14,865 - pcp: Could not find `cid` for [Cu(NO3)2\u22122.5]
2024-12-29 23:11:15,492 - pcp: Could not find `cid` for [H2BDC]
2024-12-29 23:11:16,159 - pcp: Could not find `cid` for [H5bpbc]
2024-12-29 23:11:16,478 - pcp: Could not find `cid` for [4]
2024-12-29 23:11:16,812 - pcp: Could not find `cid` for [4\u]
2024-12-29 23:11:17,150 - pcp: Could not find `cid` for [0.034 g (0.16 mmol]
2024-12-29 23:11:17,493 - pcp: Could not find `cid` for [4 mL N]
2024-12-29 23:11:17,851 - pcp: Could not find `cid` for [ImhedpH4]
2024-12-29 23:11:18,187 - pcp: Could not find `cid` for [Zn(OAc)2\\u22c]
2024-12-29 23:11:18,838 - pcp: Could not find `cid` for [CuCl2·2H2O]
2024-12-29 23:11:19,178 - pcp: Could not find `cid` for [Yb(NO3)3\\u20096]
2024-12-29 23:11:19,517 - pcp: Could not find `cid` for [H4L]
2024-12-29 23:11:19,837 - pcp: Could not find `cid` for [KH2TDA]
2024-12-29 23:11:20,160 - pcp: Could not find `cid` for [Cd(NO3)2\\u20094H]
2024-12-29 23:11:20,549 - pcp: Could not find `cid` for [NH3\u25a0H2O]
2024-12-29 23:11:20,880 - pcp: Could not find `cid` for [H4ptptc]
2024-12-29 23:11:21,545 - pcp: Could not find `cid` for [Me4NBr]
2024-12-29 23:11:22,197 - pcp: Could not find `cid` for [H2bcp]
2024-12-29 23:11:22,517 - pcp: Could not find `cid` for [NaOH (1 mmol)]
2024-12-29 23:11:22,838 - pcp: Could not find `cid` for [bpt (]
2024-12-29 23:11:23,178 - pcp: Could not find `cid` for [H2O (10 mL)]
2024-12-29 23:11:23,521 - pcp: Could not find `cid` for [HFP]
2024-12-29 23:11:23,840 - pcp: Could not find `cid` for [Co(NO3)2\u20096H2]
2024-12-29 23:11:24,821 - pcp: Could not find `cid` for [4-H2PDC]
2024-12-29 23:11:25,134 - pcp: Could not find `cid` for [Zn(NO3)2\u00b26]
2024-12-29 23:11:25,457 - pcp: Could not find `cid` for [anhydrous CuCl solid]
2024-12-29 23:11:25,804 - pcp: Could not find `cid` for [7-H2CDC]
2024-12-29 23:11:26,502 - pcp: Could not find `cid` for [Na+L\u22121]
2024-12-29 23:11:26,822 - pcp: Could not find `cid` for [H3PMo12O40]
2024-12-29 23:11:27,158 - pcp: Could not find `cid` for [3 drops HBF4]
2024-12-29 23:11:27,475 - pcp: Could not find `cid` for [Cu(ClO4)2\u20226H]
2024-12-29 23:11:27,797 - pcp: Could not find `cid` for [AgNO3 (0.17 g]
2024-12-29 23:11:28,136 - pcp: Could not find `cid` for [distilled water (10 mL)]
2024-12-29 23:11:28,470 - pcp: Could not find `cid` for [None]
2024-12-29 23:11:28,819 - pcp: Could not find `cid` for [Zn(NO3)·6H2O]
2024-12-29 23:11:29,149 - pcp: Could not find `cid` for [H3MIDC]
2024-12-29 23:11:29,462 - pcp: Could not find `cid` for [Cd(NO3)]
2024-12-29 23:11:29,806 - pcp: Could not find `cid` for [Cu(PyenH2)(NO3)2]
2024-12-29 23:11:30,438 - pcp: Could not find `cid` for [H4L1]
2024-12-29 23:11:30,787 - pcp: Could not find `cid` for [Linker H43]
2024-12-29 23:11:31,808 - pcp: Could not find `cid` for [Tb(NO3)3\\u20226]
2024-12-29 23:11:32,124 - pcp: Could not find `cid` for [H2BDC-F4]
2024-12-29 23:11:32,437 - pcp: Could not find `cid` for [DMF+C2H5OH+H2]
2024-12-29 23:11:32,765 - pcp: Could not find `cid` for [H4bptc]
2024-12-29 23:11:33,107 - pcp: Could not find `cid` for [water-ethanol (2]
2024-12-29 23:11:33,443 - pcp: Could not find `cid` for [1 v]
2024-12-29 23:11:34,760 - pcp: Could not find `cid` for [H2AzDC]
2024-12-29 23:11:35,743 - pcp: Could not find `cid` for [[(CH3)4N]
2024-12-29 23:11:36,612 - pcp: Could not find `cid` for [H3L2 (0.04 g]
2024-12-29 23:11:36,935 - pcp: Could not find `cid` for [H3BTT]
2024-12-29 23:11:38,668 - pcp: Could not find `cid` for [CuCl2\u22c5H2O]
2024-12-29 23:11:38,993 - pcp: Could not find `cid` for [NiCl2\u00b66H2O]
2024-12-29 23:11:39,357 - pcp: Could not find `cid` for [5-benzene]
2024-12-29 23:11:39,680 - pcp: Could not find `cid` for [H3tci]
2024-12-29 23:11:39,994 - pcp: Could not find `cid` for [Cu(NO3)2\u20092.5]
2024-12-29 23:11:40,693 - pcp: Could not find `cid` for [5-cyano-1]
2024-12-29 23:11:41,009 - pcp: Could not find `cid` for [3-ben]
2024-12-29 23:11:41,337 - pcp: Could not find `cid` for [Zn(NO3)2⋅6]
2024-12-29 23:11:41,676 - pcp: Could not find `cid` for [NH3\u2009\(\u2217]
2024-12-29 23:11:42,013 - pcp: Could not find `cid` for [DMF + CH3OH]
2024-12-29 23:11:42,334 - pcp: Could not find `cid` for [2 drops of 6 mol]
2024-12-29 23:11:42,686 - pcp: Could not find `cid` for [L HCl]
2024-12-29 23:11:43,019 - pcp: Could not find `cid` for [4 mL of DMF]
2024-12-29 23:11:43,338 - pcp: Could not find `cid` for [1 mL of]
2024-12-29 23:11:43,676 - pcp: Could not find `cid` for [Eu(NO3)3\u00b26H]
2024-12-29 23:11:44,003 - pcp: Could not find `cid` for [Hatz]
2024-12-29 23:11:44,666 - pcp: Could not find `cid` for [Cu(NO3)2·2.5H]
2024-12-29 23:11:45,003 - pcp: Could not find `cid` for [H4btec]
2024-12-29 23:11:45,640 - pcp: Could not find `cid` for [KI]
2024-12-29 23:11:45,952 - pcp: Could not find `cid` for [NaOH aqueous solution]
2024-12-29 23:11:46,296 - pcp: Could not find `cid` for [obtz]
2024-12-29 23:11:46,970 - pcp: Could not find `cid` for [CdSO4·8]
2024-12-29 23:11:47,301 - pcp: Could not find `cid` for [3H2O]
2024-12-29 23:11:47,633 - pcp: Could not find `cid` for [H3PIDC]
2024-12-29 23:11:47,949 - pcp: Could not find `cid` for [dmurea]
2024-12-29 23:11:48,625 - pcp: Could not find `cid` for [Cd(ClO4)2\u22126H]
2024-12-29 23:11:48,959 - pcp: Could not find `cid` for [Mn(NO3)2\\u20224]
2024-12-29 23:11:49,290 - pcp: Could not find `cid` for [Zn(NO3)2\\u20226]
2024-12-29 23:11:49,622 - pcp: Could not find `cid` for [H3TBOT]
2024-12-29 23:11:49,956 - pcp: Could not find `cid` for [Cd(OAc)2\u00b22H]
2024-12-29 23:11:50,275 - pcp: Could not find `cid` for [H2TBA]
2024-12-29 23:11:50,598 - pcp: Could not find `cid` for [H3(bcbob)]
2024-12-29 23:11:50,934 - pcp: Could not find `cid` for [bpp]
2024-12-29 23:11:51,268 - pcp: Could not find `cid` for [Cu(NO3)2\\u202f3]
2024-12-29 23:11:51,603 - pcp: Could not find `cid` for [three drops of HCl (6 mol]
2024-12-29 23:11:51,930 - pcp: Could not find `cid` for [L)]
2024-12-29 23:11:52,248 - pcp: Could not find `cid` for [5 mL of DMF]
2024-12-29 23:11:52,587 - pcp: Could not find `cid` for [EuCl3∙ 6H2O]
2024-12-29 23:11:52,927 - pcp: Could not find `cid` for [Zn(NO3)2\u22c72]
2024-12-29 23:11:53,253 - pcp: Could not find `cid` for [H2L2]
2024-12-29 23:11:53,578 - pcp: Could not find `cid` for [H4ABTC]
2024-12-29 23:11:53,898 - pcp: Could not find `cid` for [H22BPC]
2024-12-29 23:11:54,264 - pcp: Could not find `cid` for [H3btc]
2024-12-29 23:11:54,582 - pcp: Could not find `cid` for [KH3L1]
2024-12-29 23:11:54,927 - pcp: Could not find `cid` for [H4abtc]
2024-12-29 23:11:55,243 - pcp: Could not find `cid` for [H2pdc]
2024-12-29 23:11:55,902 - pcp: Could not find `cid` for [water-ethanol (1]
2024-12-29 23:11:56,242 - pcp: Could not find `cid` for [4)]
2024-12-29 23:11:56,585 - pcp: Could not find `cid` for [NaH2sip]
2024-12-29 23:11:57,594 - pcp: Could not find `cid` for [dilute sodium hydroxide]
2024-12-29 23:11:58,239 - pcp: Could not find `cid` for [C6H5PO3H2]
2024-12-29 23:11:59,366 - pcp: Could not find `cid` for [Dy2O3 (0.094 g]
2024-12-29 23:11:59,705 - pcp: Could not find `cid` for [isnicotinic acid]
2024-12-29 23:12:00,037 - pcp: Could not find `cid` for [Cu(NO3)2·3H2O]
2024-12-29 23:12:00,356 - pcp: Could not find `cid` for [H2Tart]
2024-12-29 23:12:00,700 - pcp: Could not find `cid` for [H3imda]
2024-12-29 23:12:01,040 - pcp: Could not find `cid` for [4′]
2024-12-29 23:12:01,365 - pcp: Could not find `cid` for [H2BPDC]
2024-12-29 23:12:01,696 - pcp: Could not find `cid` for [Tb(NO3)3·5H2]
2024-12-29 23:12:02,014 - pcp: Could not find `cid` for [Cu(NO3)2\u20263H2]
2024-12-29 23:12:02,347 - pcp: Could not find `cid` for [Ni(CH3CO]
2024-12-29 23:12:02,665 - pcp: Could not find `cid` for [NaOH solution]
2024-12-29 23:12:03,730 - pcp: Could not find `cid` for [NiCO3]
2024-12-29 23:12:04,050 - pcp: Could not find `cid` for [CoCl2\u00b26H2O]
2024-12-29 23:12:04,398 - pcp: Could not find `cid` for [Zn(CH3COO)2·2]
2024-12-29 23:12:05,288 - pcp: Could not find `cid` for [H8TIAPy]
2024-12-29 23:12:05,604 - pcp: Could not find `cid` for [Cu(NO3)2\u20243H2]
2024-12-29 23:12:05,952 - pcp: Could not find `cid` for [1-methyl-2-pyrrolidin]
2024-12-29 23:12:06,613 - pcp: Could not find `cid` for [Cd(NO3)2\\u20254H]
2024-12-29 23:12:06,946 - pcp: Could not find `cid` for [trioleate deammonium]
2024-12-29 23:12:07,261 - pcp: Could not find `cid` for [bpz]
2024-12-29 23:12:07,575 - pcp: Could not find `cid` for [CoCl2\u00b06]
2024-12-29 23:12:07,899 - pcp: Could not find `cid` for [H4MDIP]
2024-12-29 23:12:08,222 - pcp: Could not find `cid` for [H4ATB]
2024-12-29 23:12:08,542 - pcp: Could not find `cid` for [HNO3 (65%]
2024-12-29 23:12:08,884 - pcp: Could not find `cid` for [aq)]
2024-12-29 23:12:09,202 - pcp: Could not find `cid` for [Gd(NO3)3 (0.045]
2024-12-29 23:12:09,517 - pcp: Could not find `cid` for [NH2(CH3)2Cl]
2024-12-29 23:12:09,864 - pcp: Could not find `cid` for [2 drops of conc. HCl]
2024-12-29 23:12:10,183 - pcp: Could not find `cid` for [DMF (1.5 mL)]
2024-12-29 23:12:10,549 - pcp: Could not find `cid` for [Me]
2024-12-29 23:12:10,872 - pcp: Could not find `cid` for [Cu(NO3)2\u202f3H]
2024-12-29 23:12:11,207 - pcp: Could not find `cid` for [Co(NO3)2\u20226H2]
2024-12-29 23:12:11,538 - pcp: Could not find `cid` for [CoCl2\u22126H2O]
2024-12-29 23:12:11,869 - pcp: Could not find `cid` for [CoCl2\u22c6 6H]
2024-12-29 23:12:12,216 - pcp: Could not find `cid` for [NaOH or KOH (10 mol·l]
2024-12-29 23:12:12,534 - pcp: Could not find `cid` for [2 M NaOH solution]
2024-12-29 23:12:12,855 - pcp: Could not find `cid` for [Zn(NO3)2\u20262H]
2024-12-29 23:12:13,508 - pcp: Could not find `cid` for [Zn(Ac)2]
2024-12-29 23:12:13,828 - pcp: Could not find `cid` for [3-butanediol]
2024-12-29 23:12:14,148 - pcp: Could not find `cid` for [Cd(NO3)2\\u00b74]
2024-12-29 23:12:14,483 - pcp: Could not find `cid` for [btca]
2024-12-29 23:12:14,808 - pcp: Could not find `cid` for [btrb]
2024-12-29 23:12:15,132 - pcp: Could not find `cid` for [H4qptc]
2024-12-29 23:12:15,478 - pcp: Could not find `cid` for [Ni(NO3)]
2024-12-29 23:12:15,793 - pcp: Could not find `cid` for [NH4VO3]
2024-12-29 23:12:16,128 - pcp: Could not find `cid` for [timtz (558 mg]
2024-12-29 23:12:16,464 - pcp: Could not find `cid` for [2.0]
2024-12-29 23:12:16,799 - pcp: Could not find `cid` for [MeCN (2 mL)]
2024-12-29 23:12:17,134 - pcp: Could not find `cid` for [DMF (]
2024-12-29 23:12:17,836 - pcp: Could not find `cid` for [50 \u03bcL of 6 M]
2024-12-29 23:12:18,153 - pcp: Could not find `cid` for [Cd(NO3)2\u00b24H]
2024-12-29 23:12:18,791 - pcp: Could not find `cid` for [MnCl2·4H2O]
2024-12-29 23:12:19,460 - pcp: Could not find `cid` for [distilled H2O]
2024-12-29 23:12:19,803 - pcp: Could not find `cid` for [H4X]
2024-12-29 23:12:20,113 - pcp: Could not find `cid` for [2 mL of methanol solution of each L1]
2024-12-29 23:12:20,432 - pcp: Could not find `cid` for [aqueous solution of AgPF6]
2024-12-29 23:12:20,770 - pcp: Could not find `cid` for [three drops of HNO3 (2.0]
2024-12-29 23:12:21,090 - pcp: Could not find `cid` for [0.16 g]
2024-12-29 23:12:21,411 - pcp: Could not find `cid` for [0.5 mm]
2024-12-29 23:12:21,728 - pcp: Could not find `cid` for [H3pdc]
2024-12-29 23:12:22,047 - pcp: Could not find `cid` for [CuCO3·Cu]
2024-12-29 23:12:22,373 - pcp: Could not find `cid` for [Mg2(dhtp)(H2O]
2024-12-29 23:12:22,694 - pcp: Could not find `cid` for [3 drops of concentrated nitric acid]
2024-12-29 23:12:23,014 - pcp: Could not find `cid` for [Cd(BF4)2]
2024-12-29 23:12:23,370 - pcp: Could not find `cid` for [NaHCOO\u00btd2 H]
2024-12-29 23:12:24,035 - pcp: Could not find `cid` for [Mn(OAc)2·4H2]
2024-12-29 23:12:24,435 - pcp: Could not find `cid` for [0.5 M HClO4]
2024-12-29 23:12:24,756 - pcp: Could not find `cid` for [Cd(NO3)2\u20704H]
2024-12-29 23:12:25,195 - pcp: Could not find `cid` for [Cd(OAc)2\u22c75H]
2024-12-29 23:12:26,147 - pcp: Could not find `cid` for [Li4btca]
2024-12-29 23:12:26,802 - pcp: Could not find `cid` for [Htz]
2024-12-29 23:12:27,142 - pcp: Could not find `cid` for [CuCl2·2H2]
2024-12-29 23:12:27,820 - pcp: Could not find `cid` for [H2L]
2024-12-29 23:12:28,152 - pcp: Could not find `cid` for [H3bpt]
2024-12-29 23:12:28,467 - pcp: Could not find `cid` for [bimb]
2024-12-29 23:12:28,790 - pcp: Could not find `cid` for [Cu(NO3)2\u20253H2]
2024-12-29 23:12:29,131 - pcp: Could not find `cid` for [4-DIB]
2024-12-29 23:12:29,467 - pcp: Could not find `cid` for [Ni(NO3)2\\u00b72]
2024-12-29 23:12:29,831 - pcp: Could not find `cid` for [Hpza]
2024-12-29 23:12:30,149 - pcp: Could not find `cid` for [Cd(NO3)2\\u20042H]
2024-12-29 23:12:30,462 - pcp: Could not find `cid` for [Cu(NO3)6\u22c7]
2024-12-29 23:12:30,789 - pcp: Could not find `cid` for [H2bptp]
2024-12-29 23:12:31,126 - pcp: Could not find `cid` for [2 mL ammonia]
2024-12-29 23:12:31,446 - pcp: Could not find `cid` for [8 mL MeCN]
2024-12-29 23:12:32,110 - pcp: Could not find `cid` for [cis-]
2024-12-29 23:12:32,446 - pcp: Could not find `cid` for [trans-1]
2024-12-29 23:12:32,804 - pcp: Could not find `cid` for [4-cyc]
2024-12-29 23:12:33,150 - pcp: Could not find `cid` for [Na2C2O4]
2024-12-29 23:12:33,485 - pcp: Could not find `cid` for [Cd(NO3]
2024-12-29 23:12:33,822 - pcp: Could not find `cid` for [NH3(CH2)2NH3]
2024-12-29 23:12:34,158 - pcp: Could not find `cid` for [H3BTN]
2024-12-29 23:12:34,499 - pcp: Could not find `cid` for [Dy(NO3)3\u20215H]
2024-12-29 23:12:34,954 - pcp: Could not find `cid` for [Ni(NO3)2·7 H2O]
2024-12-29 23:12:35,279 - pcp: Could not find `cid` for [H4tpta]
2024-12-29 23:12:35,613 - pcp: Could not find `cid` for [Zn(OAc)2\\u00b]
2024-12-29 23:12:36,263 - pcp: Could not find `cid` for [Mn(CH3COO)2.4]
2024-12-29 23:12:36,594 - pcp: Could not find `cid` for [DMF+EtOH]
2024-12-29 23:12:37,804 - pcp: Could not find `cid` for [H4LIV (50 mg]
2024-12-29 23:12:38,135 - pcp: Could not find `cid` for [0]
2024-12-29 23:12:38,481 - pcp: Could not find `cid` for [K(TMBTA)]
2024-12-29 23:12:38,799 - pcp: Could not find `cid` for [water–ethanol]
2024-12-29 23:12:39,147 - pcp: Could not find `cid` for [H4BPTC]
2024-12-29 23:12:40,481 - pcp: Could not find `cid` for [Gd(NO3)3\u20226H]
2024-12-29 23:12:40,823 - pcp: Could not find `cid` for [H4[SiW12O40]]
2024-12-29 23:12:41,150 - pcp: Could not find `cid` for [three drops of HCl (6 mol L\u]
2024-12-29 23:12:41,484 - pcp: Could not find `cid` for [6 mL DMF]
2024-12-29 23:12:41,822 - pcp: Could not find `cid` for [Co(NO3)2\\u20226H]
2024-12-29 23:12:42,407 - pcp: Could not find `cid` for [DMF (3 mL)]
2024-12-29 23:12:43,002 - pcp: Could not find `cid` for [ethanol (3 mL]
2024-12-29 23:12:43,676 - pcp: Could not find `cid` for [bztpy]
2024-12-29 23:12:44,016 - pcp: Could not find `cid` for [In(NO3)3\\u00b7]
2024-12-29 23:12:44,700 - pcp: Could not find `cid` for [sodium acetate buffer]
2024-12-29 23:12:45,021 - pcp: Could not find `cid` for [MnCl2\\u202f4H]
2024-12-29 23:12:45,358 - pcp: Could not find `cid` for [NH3\u00b7H2O (]
2024-12-29 23:12:45,692 - pcp: Could not find `cid` for [H3BCPBA]
2024-12-29 23:12:46,030 - pcp: Could not find `cid` for [2 M HNO3]
2024-12-29 23:12:46,350 - pcp: Could not find `cid` for [0.035 g (1.5 mmol]
2024-12-29 23:12:46,668 - pcp: Could not find `cid` for [35 mL of EtOH]
2024-12-29 23:12:46,983 - pcp: Could not find `cid` for [H2O (1]
2024-12-29 23:12:47,299 - pcp: Could not find `cid` for [Co(NO3)2\\u20092\\]
2024-12-29 23:12:47,620 - pcp: Could not find `cid` for [Zn(NO3)2\u20226H]
2024-12-29 23:12:48,296 - pcp: Could not find `cid` for [Cu(NO3)2\\u00b23]
2024-12-29 23:12:48,633 - pcp: Could not find `cid` for [Cd(NO3)2\\u22c41]
2024-12-29 23:12:48,964 - pcp: Could not find `cid` for [Zn(NO3)2\u22ef6]
2024-12-29 23:12:49,293 - pcp: Could not find `cid` for [none]
2024-12-29 23:12:49,609 - pcp: Could not find `cid` for [Cu(NO3)2\\u22C5]
2024-12-29 23:12:50,296 - pcp: Could not find `cid` for [Cd(NO3)2\\u00b42]
2024-12-29 23:12:51,306 - pcp: Could not find `cid` for [Hdpt24]
2024-12-29 23:12:51,959 - pcp: Could not find `cid` for [5-pyridinedicarbox]
2024-12-29 23:12:52,286 - pcp: Could not find `cid` for [2 mL of H2O]
2024-12-29 23:12:52,642 - pcp: Could not find `cid` for [4 mL]
2024-12-29 23:12:52,976 - pcp: Could not find `cid` for [Co(Ac)2⋅4 H]
2024-12-29 23:12:53,993 - pcp: Could not find `cid` for [ZrOCl2\u22c88H]
2024-12-29 23:12:54,331 - pcp: Could not find `cid` for [Ni(NO3)2\\u20226H]
2024-12-29 23:12:55,004 - pcp: Could not find `cid` for [CuCl2\\u2022 2H]
2024-12-29 23:12:55,320 - pcp: Could not find `cid` for [Co(NO3)⋅6 H2]
2024-12-29 23:12:55,646 - pcp: Could not find `cid` for [DMF (0.5 mL) + ethanol]
2024-12-29 23:12:55,965 - pcp: Could not find `cid` for [NaOH solution (1 M)]
2024-12-29 23:12:56,951 - pcp: Could not find `cid` for [Sr(NO3)2]
2024-12-29 23:12:57,286 - pcp: Could not find `cid` for [H2tbip]
2024-12-29 23:12:57,611 - pcp: Could not find `cid` for [Gd(NO3)3·6H2]
2024-12-29 23:12:58,319 - pcp: Could not find `cid` for [InCl3·4H2O]
2024-12-29 23:12:59,341 - pcp: Could not find `cid` for [DIPA]
2024-12-29 23:12:59,673 - pcp: Could not find `cid` for [La(NO)3·6H2O]
2024-12-29 23:13:00,026 - pcp: Could not find `cid` for [Zn(NO3)2.6H2]
2024-12-29 23:13:00,358 - pcp: Could not find `cid` for [Dy(NO3)3]
2024-12-29 23:13:00,697 - pcp: Could not find `cid` for [Cu(I)(MeCN)4(BF4]
2024-12-29 23:13:01,009 - pcp: Could not find `cid` for [ZnBa-tbip]
2024-12-29 23:13:01,331 - pcp: Could not find `cid` for [ammonia solution (25% to 28]
2024-12-29 23:13:01,647 - pcp: Could not find `cid` for [H2bdc]
2024-12-29 23:13:02,605 - pcp: Could not find `cid` for [HNO3 (2 mol L\u22121]
2024-12-29 23:13:02,928 - pcp: Could not find `cid` for [Sm(NO3)3]
2024-12-29 23:13:03,249 - pcp: Could not find `cid` for [Eu(NO3)3\\u00b7]
2024-12-29 23:13:03,571 - pcp: Could not find `cid` for [15 \u03bcL of 6 M]
2024-12-29 23:13:03,908 - pcp: Could not find `cid` for [DMF (1.0 mL)]
2024-12-29 23:13:04,248 - pcp: Could not find `cid` for [ethanol (]
2024-12-29 23:13:04,565 - pcp: Could not find `cid` for [CdBr2\u25A0\u22171]
2024-12-29 23:13:05,224 - pcp: Could not find `cid` for [2\u2019-oxadiac]
2024-12-29 23:13:05,563 - pcp: Could not find `cid` for [H3PIMDC]
2024-12-29 23:13:06,249 - pcp: Could not find `cid` for [4\u2032-bpy]
2024-12-29 23:13:06,584 - pcp: Could not find `cid` for [n-C4H10OH]
2024-12-29 23:13:06,918 - pcp: Could not find `cid` for [H3EIMDC]
2024-12-29 23:13:07,242 - pcp: Could not find `cid` for [d-H2ca]
2024-12-29 23:13:07,603 - pcp: Could not find `cid` for [5-dihydroxyterephthal]
2024-12-29 23:13:07,921 - pcp: Could not find `cid` for [H2O (10 mL) (pH]
2024-12-29 23:13:08,238 - pcp: Could not find `cid` for [In(NO3)3\u22c74.]
2024-12-29 23:13:08,574 - pcp: Could not find `cid` for [4-abpt]
2024-12-29 23:13:08,910 - pcp: Could not find `cid` for [Cd(NO3)2\u20214H2]
2024-12-29 23:13:10,162 - pcp: Could not find `cid` for [Eu(NO3)3\u00b66H]
2024-12-29 23:13:10,817 - pcp: Could not find `cid` for [Eu(NO3)3·6H2O]
2024-12-29 23:13:11,134 - pcp: Could not find `cid` for [0.5 M stock solution of magnesium nitrate]
2024-12-29 23:13:11,476 - pcp: Could not find `cid` for [Ni(ClO4)2 \u22c]
2024-12-29 23:13:11,804 - pcp: Could not find `cid` for [Zn(NO3)2\u20092\u]
2024-12-29 23:13:12,135 - pcp: Could not find `cid` for [H2-4]
2024-12-29 23:13:12,504 - pcp: Could not find `cid` for [5-pmbc]
2024-12-29 23:13:13,190 - pcp: Could not find `cid` for [H2L (21 mg]
2024-12-29 23:13:13,519 - pcp: Could not find `cid` for [DMF (11 ml)]
2024-12-29 23:13:13,858 - pcp: Could not find `cid` for [H3TDA (0.0314 g]
2024-12-29 23:13:14,191 - pcp: Could not find `cid` for [H2O (5 mL)]
2024-12-29 23:13:14,525 - pcp: Could not find `cid` for [HCl (6 mol]
2024-12-29 23:13:14,859 - pcp: Could not find `cid` for [Dy(NO3)3·6H2]
2024-12-29 23:13:15,552 - pcp: Could not find `cid` for [5-amino-benzene-1]
2024-12-29 23:13:15,886 - pcp: Could not find `cid` for [LiOH\\u00b7H2O]
2024-12-29 23:13:16,222 - pcp: Could not find `cid` for [Cd(NO3)2·6H2O]
2024-12-29 23:13:16,901 - pcp: Could not find `cid` for [H2TPPS]
2024-12-29 23:13:17,575 - pcp: Could not find `cid` for [H2BDT]
2024-12-29 23:13:17,899 - pcp: Could not find `cid` for [Cd(NO3)2\u22c4H]
2024-12-29 23:13:18,220 - pcp: Could not find `cid` for [Co(NO3)2\\u20094H]
2024-12-29 23:13:18,868 - pcp: Could not find `cid` for [distilled waterMeCN]
2024-12-29 23:13:19,208 - pcp: Could not find `cid` for [H4MTB]
2024-12-29 23:13:19,541 - pcp: Could not find `cid` for [Cd(ClO4)2\u00b26]
2024-12-29 23:13:19,876 - pcp: Could not find `cid` for [Tb(NO3)2\u22c6]
2024-12-29 23:13:20,215 - pcp: Could not find `cid` for [DMF-C2H5OH-H2O]
2024-12-29 23:13:20,550 - pcp: Could not find `cid` for [Mg(NO3)2\u202f6]
2024-12-29 23:13:21,220 - pcp: Could not find `cid` for [Zn(NO3)2·6 H2]
2024-12-29 23:13:21,557 - pcp: Could not find `cid` for [Adipic acid (1 mmol)]
2024-12-29 23:13:21,948 - pcp: Could not find `cid` for [Dy(NO3)3\u20246H]
2024-12-29 23:13:22,273 - pcp: Could not find `cid` for [H3btb]
2024-12-29 23:13:22,603 - pcp: Could not find `cid` for [0.1 M HCl]
2024-12-29 23:13:22,918 - pcp: Could not find `cid` for [Cd(OAc)2\u20092H2]
2024-12-29 23:13:23,238 - pcp: Could not find `cid` for [Mg(NO3)2·6H2]
2024-12-29 23:13:24,074 - pcp: Could not find `cid` for [H2bpydb]
2024-12-29 23:13:24,408 - pcp: Could not find `cid` for [H4PAGeS]
2024-12-29 23:13:24,727 - pcp: Could not find `cid` for [H4bpta]
2024-12-29 23:13:25,065 - pcp: Could not find `cid` for [DMF + EtOH]
2024-12-29 23:13:25,388 - pcp: Could not find `cid` for [2 mL of L2 (27 mg]
2024-12-29 23:13:25,706 - pcp: Could not find `cid` for [an aqueous solution (2 mL) of Ag]
2024-12-29 23:13:26,044 - pcp: Could not find `cid` for [NaOH (0.2 mmol]
2024-12-29 23:13:26,365 - pcp: Could not find `cid` for [H2O (15 mL)]
2024-12-29 23:13:26,716 - pcp: Could not find `cid` for [nitrate acid]
2024-12-29 23:13:27,779 - pcp: Could not find `cid` for [NiCl2\u22c6]
2024-12-29 23:13:28,132 - pcp: Could not find `cid` for [ZnCl2]
2024-12-29 23:13:28,475 - pcp: Could not find `cid` for [FeCl3\\u]
2024-12-29 23:13:28,813 - pcp: Could not find `cid` for [mineralization triethylamine]
2024-12-29 23:13:29,148 - pcp: Could not find `cid` for [CuCl2\u20262H2O]
2024-12-29 23:13:29,464 - pcp: Could not find `cid` for [CuCl2\u20222H2O]
2024-12-29 23:13:29,798 - pcp: Could not find `cid` for [H3[PMo12O40]]
2024-12-29 23:13:30,186 - pcp: Could not find `cid` for [Pr6O11]
2024-12-29 23:13:30,505 - pcp: Could not find `cid` for [Na2WO4\u00b22H2]
2024-12-29 23:13:30,827 - pcp: Could not find `cid` for [H3PMo12O40 · 12]
2024-12-29 23:13:31,167 - pcp: Could not find `cid` for [H4ATC]
2024-12-29 23:13:31,512 - pcp: Could not find `cid` for [aqueous NaOH solution]
2024-12-29 23:13:31,844 - pcp: Could not find `cid` for [6N HNO3]
2024-12-29 23:13:32,174 - pcp: Could not find `cid` for [dpdo]
2024-12-29 23:13:32,513 - pcp: Could not find `cid` for [6]
2024-12-29 23:13:33,174 - pcp: Could not find `cid` for [H3TCMTB (0.085 g]
2024-12-29 23:13:33,489 - pcp: Could not find `cid` for [Eu(NO3)3 ·6H2O]
2024-12-29 23:13:33,816 - pcp: Could not find `cid` for [Zn(NO3)2\u20266 H]
2024-12-29 23:13:34,181 - pcp: Could not find `cid` for [2-sulfoterephthalic acid mon]
2024-12-29 23:13:34,512 - pcp: Could not find `cid` for [TEA]
2024-12-29 23:13:35,191 - pcp: Could not find `cid` for [1 M NaOH]
2024-12-29 23:13:35,838 - pcp: Could not find `cid` for [Eu(NO3)3\u00bennH]
2024-12-29 23:13:36,535 - pcp: Could not find `cid` for [tetrahydrofuran (THF)]
2024-12-29 23:13:36,874 - pcp: Could not find `cid` for [H4SiW12O40·20H]
2024-12-29 23:13:37,194 - pcp: Could not find `cid` for [H4BTeC]
2024-12-29 23:13:37,536 - pcp: Could not find `cid` for [CdCl2\u00b26H2O]
2024-12-29 23:13:37,881 - pcp: Could not find `cid` for [H4L2]
2024-12-29 23:13:38,197 - pcp: Could not find `cid` for [ethanol (1]
2024-12-29 23:13:38,517 - pcp: Could not find `cid` for [Cu(NO3)2\u22c75H]
2024-12-29 23:13:39,997 - pcp: Could not find `cid` for [HNO3 (0.3 mL]
2024-12-29 23:13:40,335 - pcp: Could not find `cid` for [DMF (1 mL)]
2024-12-29 23:13:40,671 - pcp: Could not find `cid` for [CoSO4\u202e7H2O]
2024-12-29 23:13:40,997 - pcp: Could not find `cid` for [H2fum]
2024-12-29 23:13:41,329 - pcp: Could not find `cid` for [La(NO3)3\\u00b76]
2024-12-29 23:13:41,808 - pcp: Could not find `cid` for [two drops of triethylamine]
2024-12-29 23:13:42,130 - pcp: Could not find `cid` for [La(NO3)2]
2024-12-29 23:13:42,453 - pcp: Could not find `cid` for [Mg(CO2CH3)2\\]
2024-12-29 23:13:43,116 - pcp: Could not find `cid` for [Eu(NO3)3\u20096H2]
2024-12-29 23:13:43,648 - pcp: Could not find `cid` for [Eu(NO3)3]
2024-12-29 23:13:43,968 - pcp: Could not find `cid` for [Zn(NO3)2\u2009\u]
2024-12-29 23:13:44,285 - pcp: Could not find `cid` for [H6L2]
2024-12-29 23:13:44,610 - pcp: Could not find `cid` for [100 μL HBF4]
2024-12-29 23:13:44,948 - pcp: Could not find `cid` for [NaI]
2024-12-29 23:13:45,306 - pcp: Could not find `cid` for [ZnSO4\u20257H2O]
2024-12-29 23:13:45,647 - pcp: Could not find `cid` for [H2SIP]
2024-12-29 23:13:45,967 - pcp: Could not find `cid` for [ETA]
2024-12-29 23:13:46,312 - pcp: Could not find `cid` for [H4BTEC]
2024-12-29 23:13:47,086 - pcp: Could not find `cid` for [Co(NO3)2\u00b76H]
2024-12-29 23:13:47,421 - pcp: Could not find `cid` for [H4BTC]
2024-12-29 23:13:48,092 - pcp: Could not find `cid` for [Cd(NO3)2\u20244H2]
