2024-12-27 23:19:16,731 - pcp: Could not find `cid` for [DMF/H2O (3 mL, ]
2024-12-27 23:19:17,392 - pcp: Could not find `cid` for [EtOH:H2O (1:1)]
2024-12-27 23:19:17,728 - pcp: Could not find `cid` for [N,N\u02b0-methylformamide]
2024-12-27 23:19:18,060 - pcp: Could not find `cid` for [H2BDC]
2024-12-27 23:19:18,741 - pcp: Could not find `cid` for [DMF/H2O]
2024-12-27 23:19:19,067 - pcp: Could not find `cid` for [Zn(NO3)2\u22c6]
2024-12-27 23:19:19,399 - pcp: Could not find `cid` for [EtOH/DMF]
2024-12-27 23:19:19,737 - pcp: Could not find `cid` for [H4BDDC]
2024-12-27 23:19:20,072 - pcp: Could not find `cid` for [DMF (1 mL), EtOH (0]
2024-12-27 23:19:20,413 - pcp: Could not find `cid` for [dmurea]
2024-12-27 23:19:20,749 - pcp: Could not find `cid` for [water and MeOH]
2024-12-27 23:19:21,084 - pcp: Could not find `cid` for [DMF, methanol, H2O (]
2024-12-27 23:19:21,396 - pcp: Could not find `cid` for [H2O/CH3OH]
2024-12-27 23:19:21,715 - pcp: Could not find `cid` for [H2O/CH3OH = 3]
2024-12-27 23:19:22,034 - pcp: Could not find `cid` for [DMF/EtOH]
2024-12-27 23:19:22,373 - pcp: Could not find `cid` for [DMF: H2O]
2024-12-27 23:19:22,693 - pcp: Could not find `cid` for [CdBr2\u00b4\u20042]
2024-12-27 23:19:23,026 - pcp: Could not find `cid` for [methanol/water (V1:1)]
2024-12-27 23:19:23,357 - pcp: Could not find `cid` for [1.5 ml benzene and 0.]
2024-12-27 23:19:23,688 - pcp: Could not find `cid` for [N,N-Dimethyl Formamide (DMF]
2024-12-27 23:19:24,008 - pcp: Could not find `cid` for [H4L2]
2024-12-27 23:19:24,343 - pcp: Could not find `cid` for [Hta (21.0 mg, 0]
2024-12-27 23:19:24,666 - pcp: Could not find `cid` for [doubly deionized water (8.]
2024-12-27 23:19:25,668 - pcp: Could not find `cid` for [DMF:6 M HCl (1.]
2024-12-27 23:19:26,026 - pcp: Could not find `cid` for [water:dmf=1:1]
2024-12-27 23:19:26,349 - pcp: Could not find `cid` for [water-ACN]
2024-12-27 23:19:26,669 - pcp: Could not find `cid` for [NaOH (3 mg), KOH (4]
2024-12-27 23:19:27,008 - pcp: Could not find `cid` for [N,N-dimethylacetamide/methanol]
2024-12-27 23:19:27,347 - pcp: Could not find `cid` for [Mn(NO3)2·4H2]
2024-12-27 23:19:27,984 - pcp: Could not find `cid` for [H4EBTC]
2024-12-27 23:19:28,302 - pcp: Could not find `cid` for [DMF/H2O (v/v = ]
2024-12-27 23:19:28,638 - pcp: Could not find `cid` for [DMF/H2O (1/2,]
2024-12-27 23:19:28,961 - pcp: Could not find `cid` for [DMF/H2O (4:2 vol]
2024-12-27 23:19:29,279 - pcp: Could not find `cid` for [water and acetonitrile]
2024-12-27 23:19:29,601 - pcp: Could not find `cid` for [DMF and H2O]
2024-12-27 23:19:29,933 - pcp: Could not find `cid` for [Zn(NO3)2·6H2]
2024-12-27 23:19:30,267 - pcp: Could not find `cid` for [DMF/ethanol]
2024-12-27 23:19:30,601 - pcp: Could not find `cid` for [DMF/MeOH/H2O (3]
2024-12-27 23:19:30,941 - pcp: Could not find `cid` for [DMF\\\\u202fEtOH\\\\u]
2024-12-27 23:19:31,259 - pcp: Could not find `cid` for [H4qptc]
2024-12-27 23:19:31,593 - pcp: Could not find `cid` for [water/DMF (1:1)]
2024-12-27 23:19:31,951 - pcp: Could not find `cid` for [1-methyl-2-pyrrolidin]
2024-12-27 23:19:32,610 - pcp: Could not find `cid` for [N,N\u2019-dimethylformamide]
2024-12-27 23:19:32,933 - pcp: Could not find `cid` for [ammonia (25 wt.%)]
2024-12-27 23:19:33,254 - pcp: Could not find `cid` for [H4PANAD]
2024-12-27 23:19:33,570 - pcp: Could not find `cid` for [DMF and ethanol]
2024-12-27 23:19:33,889 - pcp: Could not find `cid` for [H2L]
2024-12-27 23:19:34,220 - pcp: Could not find `cid` for [water\u2013ethanol]
2024-12-27 23:19:34,538 - pcp: Could not find `cid` for [H3PMo12O40\\u202]
2024-12-27 23:19:34,874 - pcp: Could not find `cid` for [H3tci]
2024-12-27 23:19:35,210 - pcp: Could not find `cid` for [DMF/NMP/pyridine]
2024-12-27 23:19:35,526 - pcp: Could not find `cid` for [6 M HCl]
2024-12-27 23:19:35,842 - pcp: Could not find `cid` for [DMF (7.0 mL) and H]
2024-12-27 23:19:36,181 - pcp: Could not find `cid` for [18 M HNO3]
2024-12-27 23:19:36,507 - pcp: Could not find `cid` for [H2O/1,4-dioxane]
2024-12-27 23:19:36,827 - pcp: Could not find `cid` for [H2L (21 mg, 0.]
2024-12-27 23:19:37,160 - pcp: Could not find `cid` for [DMF-CH3OH]
2024-12-27 23:19:37,490 - pcp: Could not find `cid` for [acetonitrile, H2O]
2024-12-27 23:19:38,172 - pcp: Could not find `cid` for [beneze]
2024-12-27 23:19:38,849 - pcp: Could not find `cid` for [DMF, H2O]
2024-12-27 23:19:39,162 - pcp: Could not find `cid` for [Ba(NO3)2 (31.36 mg]
2024-12-27 23:19:39,477 - pcp: Could not find `cid` for [H2O (5 mL) and DMF]
2024-12-27 23:19:39,800 - pcp: Could not find `cid` for [def/H2O]
2024-12-27 23:19:40,115 - pcp: Could not find `cid` for [Htrz]
2024-12-27 23:19:40,432 - pcp: Could not find `cid` for [DMF:H2O]
2024-12-27 23:19:40,769 - pcp: Could not find `cid` for [DMF, EtOH (99%), water]
2024-12-27 23:19:41,103 - pcp: Could not find `cid` for [Cu(NO3)2\u22c75H]
2024-12-27 23:19:41,435 - pcp: Could not find `cid` for [DMF, MeOH, H2O]
2024-12-27 23:19:41,752 - pcp: Could not find `cid` for [H4L4]
2024-12-27 23:19:42,071 - pcp: Could not find `cid` for [H3BTTC]
2024-12-27 23:19:42,704 - pcp: Could not find `cid` for [n-C4H10OH]
2024-12-27 23:19:43,019 - pcp: Could not find `cid` for [EtOH/H2O]
2024-12-27 23:19:43,336 - pcp: Could not find `cid` for [3 mL DMF and 2 mL H2]
2024-12-27 23:19:43,672 - pcp: Could not find `cid` for [DMF,NMP]
2024-12-27 23:19:44,328 - pcp: Could not find `cid` for [distilled H2O]
2024-12-27 23:19:44,662 - pcp: Could not find `cid` for [H2O/DMF/dioxane]
2024-12-27 23:19:44,990 - pcp: Could not find `cid` for [1.0 M HCl]
2024-12-27 23:19:45,672 - pcp: Could not find `cid` for [water/CH3CN]
2024-12-27 23:19:46,014 - pcp: Could not find `cid` for [DMF/H2O (3:1,]
2024-12-27 23:19:46,330 - pcp: Could not find `cid` for [Co(NO3)2 6H2O]
2024-12-27 23:19:46,647 - pcp: Could not find `cid` for [EtOH (5 ml), H2O (]
2024-12-27 23:19:46,968 - pcp: Could not find `cid` for [N,N′-dimethylacetamide]
2024-12-27 23:19:47,288 - pcp: Could not find `cid` for [HCl (2 M, 0.3]
2024-12-27 23:19:47,937 - pcp: Could not find `cid` for [H2nip]
2024-12-27 23:19:48,256 - pcp: Could not find `cid` for [H2O,CH3CH2OH]
2024-12-27 23:19:48,572 - pcp: Could not find `cid` for [H3TBOT]
2024-12-27 23:19:48,894 - pcp: Could not find `cid` for [DMF:NMP:FA]
2024-12-27 23:19:49,571 - pcp: Could not find `cid` for [H2O/DMF]
2024-12-27 23:19:49,896 - pcp: Could not find `cid` for [N,N-dimethylformamide/EtOH]
2024-12-27 23:19:50,211 - pcp: Could not find `cid` for [H4L]
2024-12-27 23:19:50,533 - pcp: Could not find `cid` for [H2O:DMF]
2024-12-27 23:19:50,866 - pcp: Could not find `cid` for [DMF/EtOH/MeCN/H2]
2024-12-27 23:19:51,526 - pcp: Could not find `cid` for [DMF/CH3COOH]
2024-12-27 23:19:51,847 - pcp: Could not find `cid` for [H2O/EtOH]
2024-12-27 23:19:52,166 - pcp: Could not find `cid` for [5 mL distilled H2O]
2024-12-27 23:19:52,482 - pcp: Could not find `cid` for [CoSO4\u202f7 H2O]
2024-12-27 23:19:52,818 - pcp: Could not find `cid` for [DMF/H2O (6 mL/2]
2024-12-27 23:19:53,140 - pcp: Could not find `cid` for [DMF/H2O (2:1)]
2024-12-27 23:19:53,469 - pcp: Could not find `cid` for [H3btc]
2024-12-27 23:19:54,110 - pcp: Could not find `cid` for [H2O (4 mL), MeOH (]
2024-12-27 23:19:54,777 - pcp: Could not find `cid` for [ammonia:MeCN]
2024-12-27 23:19:55,096 - pcp: Could not find `cid` for [DMF/MeCN/H2O (1]
2024-12-27 23:19:55,447 - pcp: Could not find `cid` for [DMF, distilled water, ethanol]
2024-12-27 23:19:55,785 - pcp: Could not find `cid` for [bpmp]
2024-12-27 23:19:56,457 - pcp: Could not find `cid` for [H4BBTC]
2024-12-27 23:19:56,775 - pcp: Could not find `cid` for [DMF, methanol, HNO3]
2024-12-27 23:19:57,108 - pcp: Could not find `cid` for [DMF (6.0 mL) and H]
2024-12-27 23:19:57,444 - pcp: Could not find `cid` for [H3ABTC]
2024-12-27 23:19:57,764 - pcp: Could not find `cid` for [H2C2O4\u00b72]
2024-12-27 23:19:58,083 - pcp: Could not find `cid` for [H2O/glycol (14:1]
2024-12-27 23:19:58,431 - pcp: Could not find `cid` for [Cu(NO3)2\u22c5 ]
2024-12-27 23:19:58,766 - pcp: Could not find `cid` for [DMF/H2O (9/1,]
2024-12-27 23:19:59,113 - pcp: Could not find `cid` for [DMSO/H2O]
2024-12-27 23:19:59,464 - pcp: Could not find `cid` for [Cu(NO3)2·3H2O]
2024-12-27 23:19:59,899 - pcp: Could not find `cid` for [DMF, methanol and H2O (]
2024-12-27 23:20:00,235 - pcp: Could not find `cid` for [H2O, HNO3]
2024-12-27 23:20:00,895 - pcp: Could not find `cid` for [DMF/EtOH/H2O (2]
2024-12-27 23:20:01,210 - pcp: Could not find `cid` for [CH3CH2OH/CH3OH]
2024-12-27 23:20:01,538 - pcp: Could not find `cid` for [5.0 mL]
2024-12-27 23:20:01,855 - pcp: Could not find `cid` for [EtOH:H2O]
2024-12-27 23:20:02,195 - pcp: Could not find `cid` for [DMF/CH3CH2OH/H2]
2024-12-27 23:20:02,515 - pcp: Could not find `cid` for [DMF,dioxane,H2O]
2024-12-27 23:20:02,851 - pcp: Could not find `cid` for [0.016 g NaOH, 0.]
2024-12-27 23:20:03,187 - pcp: Could not find `cid` for [CH3CN/CH3OH/H2O]
2024-12-27 23:20:03,506 - pcp: Could not find `cid` for [DMF/MeOH/H2O]
2024-12-27 23:20:03,824 - pcp: Could not find `cid` for [water/ethanol]
2024-12-27 23:20:04,141 - pcp: Could not find `cid` for [aqueous]
2024-12-27 23:20:04,455 - pcp: Could not find `cid` for [Mg(NO3)2·6H2]
2024-12-27 23:20:04,794 - pcp: Could not find `cid` for [DEF/H2O]
2024-12-27 23:20:05,133 - pcp: Could not find `cid` for [distilled water, ethanol]
2024-12-27 23:20:05,487 - pcp: Could not find `cid` for [H2O, MeCN]
2024-12-27 23:20:05,824 - pcp: Could not find `cid` for [water and ethanol]
2024-12-27 23:20:06,174 - pcp: Could not find `cid` for [DMF, water]
2024-12-27 23:20:06,505 - pcp: Could not find `cid` for [dilute sodium hydroxide]
2024-12-27 23:20:06,844 - pcp: Could not find `cid` for [TEA]
2024-12-27 23:20:07,164 - pcp: Could not find `cid` for [Eu(NO3)3]
2024-12-27 23:20:07,809 - pcp: Could not find `cid` for [NaHCOO\u2009\u00]
2024-12-27 23:20:08,129 - pcp: Could not find `cid` for [DMF/CH3CN]
2024-12-27 23:20:08,443 - pcp: Could not find `cid` for [Ba(NO3)2]
2024-12-27 23:20:08,767 - pcp: Could not find `cid` for [DMF, EtOH, H2O]
2024-12-27 23:20:09,081 - pcp: Could not find `cid` for [Na2WO4\u20092H2O]
2024-12-27 23:20:09,420 - pcp: Could not find `cid` for [CuCl2\u22c5\u22122]
2024-12-27 23:20:09,754 - pcp: Could not find `cid` for [DMF, acetonitrile and H2]
2024-12-27 23:20:10,087 - pcp: Could not find `cid` for [DMF, C2H5OH, H]
2024-12-27 23:20:10,422 - pcp: Could not find `cid` for [2 drops of HNO3 (0.1]
2024-12-27 23:20:10,766 - pcp: Could not find `cid` for [DMF (5 mL)]
2024-12-27 23:20:11,081 - pcp: Could not find `cid` for [None]
2024-12-27 23:20:11,394 - pcp: Could not find `cid` for [Zn(CH3COO)2·2]
2024-12-27 23:20:11,714 - pcp: Could not find `cid` for [Cu(NO3)2·2.5 H]
2024-12-27 23:20:12,029 - pcp: Could not find `cid` for [dmf/H2O (3 mL/1]
2024-12-27 23:20:12,343 - pcp: Could not find `cid` for [H2pdc, Na2MoO4]
2024-12-27 23:20:12,684 - pcp: Could not find `cid` for [aqueous mixture]
2024-12-27 23:20:13,020 - pcp: Could not find `cid` for [DMF and 1 mL of CH3CN]
2024-12-27 23:20:13,342 - pcp: Could not find `cid` for [H4DBIP]
2024-12-27 23:20:13,987 - pcp: Could not find `cid` for [H3PMo12O40\u00b]
2024-12-27 23:20:14,318 - pcp: Could not find `cid` for [pyridine-2,5-dicar]
2024-12-27 23:20:14,654 - pcp: Could not find `cid` for [Zn(NO3)2\u22126H]
2024-12-27 23:20:14,987 - pcp: Could not find `cid` for [DMF:EtOH=2:1]
2024-12-27 23:20:15,326 - pcp: Could not find `cid` for [DMF, CH3OH]
2024-12-27 23:20:15,678 - pcp: Could not find `cid` for [MeCN/H2O]
2024-12-27 23:20:16,010 - pcp: Could not find `cid` for [DMF/C2H5OH/H2O]
2024-12-27 23:20:16,332 - pcp: Could not find `cid` for [Cd(NO3)2\\u00b74]
2024-12-27 23:20:16,677 - pcp: Could not find `cid` for [THF/H2O]
2024-12-27 23:20:17,012 - pcp: Could not find `cid` for [DMF (2 mL) and EtOH (]
2024-12-27 23:20:17,353 - pcp: Could not find `cid` for [DMF--ethanol--water]
2024-12-27 23:20:17,687 - pcp: Could not find `cid` for [Zn(NO3)2\u00b26]
2024-12-27 23:20:18,008 - pcp: Could not find `cid` for [DMF/CH3OH/H2O (]
2024-12-27 23:20:18,331 - pcp: Could not find `cid` for [H4abtc]
2024-12-27 23:20:18,653 - pcp: Could not find `cid` for [an aliquot of HNO3 in EtOH]
2024-12-27 23:20:18,975 - pcp: Could not find `cid` for [MeCN:H2O (4:2,]
2024-12-27 23:20:19,291 - pcp: Could not find `cid` for [NaOH or KOH (10 mol·l]
2024-12-27 23:20:19,629 - pcp: Could not find `cid` for [v:v =]
2024-12-27 23:20:19,972 - pcp: Could not find `cid` for [Zn(OAc)2\*H2]
2024-12-27 23:20:20,288 - pcp: Could not find `cid` for [one drop of 6N HNO3]
2024-12-27 23:20:20,628 - pcp: Could not find `cid` for [DMF:water]
2024-12-27 23:20:20,961 - pcp: Could not find `cid` for [H4ABTC]
2024-12-27 23:20:21,297 - pcp: Could not find `cid` for [DMF/ethanol/H2O]
2024-12-27 23:20:21,623 - pcp: Could not find `cid` for [H2O and CH3CN]
2024-12-27 23:20:21,958 - pcp: Could not find `cid` for [distilled water and ethanol]
2024-12-27 23:20:22,277 - pcp: Could not find `cid` for [8 mL]
2024-12-27 23:20:22,590 - pcp: Could not find `cid` for [water and CH3CN]
2024-12-27 23:20:22,936 - pcp: Could not find `cid` for [DMF, ethanol, H2O]
2024-12-27 23:20:23,250 - pcp: Could not find `cid` for [water and 0.2 mL of Et4]
2024-12-27 23:20:23,955 - pcp: Could not find `cid` for [sodium acetate buffer]
2024-12-27 23:20:24,275 - pcp: Could not find `cid` for [LiOH·H2O]
2024-12-27 23:20:24,939 - pcp: Could not find `cid` for [7.5 mL]
2024-12-27 23:20:25,589 - pcp: Could not find `cid` for [dmf/CH3OH]
2024-12-27 23:20:25,925 - pcp: Could not find `cid` for [Cu(NO3)2\u20096 H2]
2024-12-27 23:20:26,301 - pcp: Could not find `cid` for [water\u2013ethanol (2:1]
2024-12-27 23:20:26,625 - pcp: Could not find `cid` for [H2pdc]
2024-12-27 23:20:26,961 - pcp: Could not find `cid` for [DMF/EtOH/pyridine (1]
2024-12-27 23:20:27,288 - pcp: Could not find `cid` for [formic acid solution (88%)]
2024-12-27 23:20:27,619 - pcp: Could not find `cid` for [DMF/H2O/C2H5OH]
2024-12-27 23:20:28,666 - pcp: Could not find `cid` for [DMF (1 mL), N(Et)]
2024-12-27 23:20:28,983 - pcp: Could not find `cid` for [H4btec (0.1 mmol]
2024-12-27 23:20:29,300 - pcp: Could not find `cid` for [DMF, MeOH]
2024-12-27 23:20:29,623 - pcp: Could not find `cid` for [In(NO3)3\\u202f4]
2024-12-27 23:20:29,935 - pcp: Could not find `cid` for [HCOOH, DMF, DEF]
2024-12-27 23:20:30,271 - pcp: Could not find `cid` for [H2O/MeCN]
2024-12-27 23:20:30,605 - pcp: Could not find `cid` for [DMF/MeCN/H2O]
2024-12-27 23:20:30,924 - pcp: Could not find `cid` for [DMF, methanol, water]
2024-12-27 23:20:31,259 - pcp: Could not find `cid` for [tetrahydrofuran (THF)]
2024-12-27 23:20:31,594 - pcp: Could not find `cid` for [DMF and EtOH]
2024-12-27 23:20:32,294 - pcp: Could not find `cid` for [CuCl2·2H2O]
2024-12-27 23:20:32,610 - pcp: Could not find `cid` for [N,N-dimethylformamide (DMF]
2024-12-27 23:20:32,950 - pcp: Could not find `cid` for [N,N'-dimethylformamide (DMF]
2024-12-27 23:20:33,265 - pcp: Could not find `cid` for [3 drops of concentrated nitric acid]
2024-12-27 23:20:33,578 - pcp: Could not find `cid` for [0.384 g of magnesium nitrate hexahy]
2024-12-27 23:20:33,912 - pcp: Could not find `cid` for [water (3 mL)]
2024-12-27 23:20:34,261 - pcp: Could not find `cid` for [H5bpbc]
2024-12-27 23:20:34,578 - pcp: Could not find `cid` for [doubly deionized water]
2024-12-27 23:20:34,910 - pcp: Could not find `cid` for [N,N\\u2032-dimethylform]
2024-12-27 23:20:35,249 - pcp: Could not find `cid` for [1 M HNO3]
2024-12-27 23:20:35,573 - pcp: Could not find `cid` for [DMF-C2H5OH-H2O]
2024-12-27 23:20:35,894 - pcp: Could not find `cid` for [DMF/DMSO (10 mL, v]
2024-12-27 23:20:36,239 - pcp: Could not find `cid` for [H4BCBAIP]
2024-12-27 23:20:36,562 - pcp: Could not find `cid` for [0.50 mL of a 1.0]
2024-12-27 23:20:36,905 - pcp: Could not find `cid` for [H8TBCB]
2024-12-27 23:20:37,541 - pcp: Could not find `cid` for [aqueous solution]
2024-12-27 23:20:37,857 - pcp: Could not find `cid` for [10 mL]
2024-12-27 23:20:38,221 - pcp: Could not find `cid` for [CH3N2CH3]
2024-12-27 23:20:38,860 - pcp: Could not find `cid` for [H4btadpa]
2024-12-27 23:20:39,199 - pcp: Could not find `cid` for [DMF:EtOH]
2024-12-27 23:20:39,548 - pcp: Could not find `cid` for [H2O (10 mL)]
2024-12-27 23:20:39,878 - pcp: Could not find `cid` for [DMF/EtOH/H2O]
2024-12-27 23:20:40,198 - pcp: Could not find `cid` for [mineralization triethylamine]
2024-12-27 23:20:40,519 - pcp: Could not find `cid` for [DMF/MeOH/H2O/DMS]
2024-12-27 23:20:40,838 - pcp: Could not find `cid` for [H4TADIP]
2024-12-27 23:20:41,154 - pcp: Could not find `cid` for [N,N\'-dimethylformamide (DM]
2024-12-27 23:20:41,474 - pcp: Could not find `cid` for [DEF/MeOH]
2024-12-27 23:20:41,805 - pcp: Could not find `cid` for [Zn(Ac)2\u20222]
2024-12-27 23:20:42,126 - pcp: Could not find `cid` for [100 μL of 6 mol L−1]
2024-12-27 23:20:42,463 - pcp: Could not find `cid` for [DMF (1.5 mL), CH3]
2024-12-27 23:20:42,790 - pcp: Could not find `cid` for [Cu(NO3)2\\u00b72]
2024-12-27 23:20:43,104 - pcp: Could not find `cid` for [1,3-bis(4-pyrid]
2024-12-27 23:20:43,424 - pcp: Could not find `cid` for [1:1 (v/v) mixture of meth]
2024-12-27 23:20:43,743 - pcp: Could not find `cid` for [Teflon reactor]
2024-12-27 23:20:44,061 - pcp: Could not find `cid` for [N,N\u2032-dimethylformamide]
2024-12-27 23:20:44,397 - pcp: Could not find `cid` for [CH3OH/H2O]
2024-12-27 23:20:45,057 - pcp: Could not find `cid` for [CH3OH DMF]
2024-12-27 23:20:45,415 - pcp: Could not find `cid` for [10 mL aqueous solution]
2024-12-27 23:20:45,764 - pcp: Could not find `cid` for [1,9-\u2009diamin]
2024-12-27 23:20:46,083 - pcp: Could not find `cid` for [N,N\u2032-diethylformamide (]
2024-12-27 23:20:46,548 - pcp: Could not find `cid` for [Cd(NO3)2·4H2O]
2024-12-27 23:20:46,868 - pcp: Could not find `cid` for [DMF/H2O (1:3)]
2024-12-27 23:20:47,189 - pcp: Could not find `cid` for [v/v = 2:1]
2024-12-27 23:20:47,506 - pcp: Could not find `cid` for [Cd(NO3)2\u00b44H]
2024-12-27 23:20:47,839 - pcp: Could not find `cid` for [DMF+MeOH]
2024-12-27 23:20:48,481 - pcp: Could not find `cid` for [Zn(Ac)2\u20226H]
2024-12-27 23:20:48,799 - pcp: Could not find `cid` for [o-phenanthroline (o-Ph]
2024-12-27 23:20:49,138 - pcp: Could not find `cid` for [aqueous solution of AgPF6]
2024-12-27 23:20:49,461 - pcp: Could not find `cid` for [DMF/H2O (6 mL, ]
2024-12-27 23:20:49,809 - pcp: Could not find `cid` for [DEF/EG/Toluene]
2024-12-27 23:20:50,153 - pcp: Could not find `cid` for [CuCl2\u22c5H2O]
2024-12-27 23:20:50,468 - pcp: Could not find `cid` for [DMF and CH3CN]
2024-12-27 23:20:50,794 - pcp: Could not find `cid` for [FeTCP-Cl]
2024-12-27 23:20:51,141 - pcp: Could not find `cid` for [N,N-diethylformamide (DEF)]
2024-12-27 23:20:51,477 - pcp: Could not find `cid` for [H2O and EtOH]
2024-12-27 23:20:51,811 - pcp: Could not find `cid` for [Cu(NO3)2⋅3H]
2024-12-27 23:20:52,145 - pcp: Could not find `cid` for [DMF, EtOH (abs.), pyrid]
2024-12-27 23:20:52,463 - pcp: Could not find `cid` for [H4BTC]
2024-12-27 23:20:52,796 - pcp: Could not find `cid` for [N,N-dimethylacetamide, methanol]
2024-12-27 23:20:53,135 - pcp: Could not find `cid` for [DMF:NMP:pyridine]
2024-12-27 23:20:53,447 - pcp: Could not find `cid` for [DMF: DMSO=10:2]
2024-12-27 23:20:53,771 - pcp: Could not find `cid` for [1,3,5-triazine-2]
2024-12-27 23:20:54,090 - pcp: Could not find `cid` for [DMF/methanol/H2O = ]
2024-12-27 23:20:54,755 - pcp: Could not find `cid` for [H2O, DMF]
2024-12-27 23:20:55,096 - pcp: Could not find `cid` for [DMF/NMP]
2024-12-27 23:20:55,409 - pcp: Could not find `cid` for [H2nip (0.1 mmol),]
2024-12-27 23:20:55,748 - pcp: Could not find `cid` for [7.5 mL v/v = 1:]
2024-12-27 23:20:56,080 - pcp: Could not find `cid` for [imineodiacetic acid]
2024-12-27 23:20:56,402 - pcp: Could not find `cid` for [L3-H8]
2024-12-27 23:20:56,724 - pcp: Could not find `cid` for [DMF, H2O, HCl]
2024-12-27 23:20:57,080 - pcp: Could not find `cid` for [DEA and ethanol]
2024-12-27 23:20:57,420 - pcp: Could not find `cid` for [EtOH/H2O (1:1)]
2024-12-27 23:20:57,753 - pcp: Could not find `cid` for [ammonia solution (25% to 28]
2024-12-27 23:20:58,091 - pcp: Could not find `cid` for [H2O (3 mL) and DMF]
2024-12-27 23:20:58,406 - pcp: Could not find `cid` for [DEF/EtOH/H2O (8 mL]
2024-12-27 23:20:58,726 - pcp: Could not find `cid` for [bmib]
2024-12-27 23:20:59,042 - pcp: Could not find `cid` for [H3BTN (8.3 mg, ]
2024-12-27 23:20:59,366 - pcp: Could not find `cid` for [N,N\u2019-diethylformamide (]
2024-12-27 23:20:59,700 - pcp: Could not find `cid` for [H3IDC]
2024-12-27 23:21:00,015 - pcp: Could not find `cid` for [DMF, dioxane, H2O]
2024-12-27 23:21:00,353 - pcp: Could not find `cid` for [HFP]
2024-12-27 23:21:01,025 - pcp: Could not find `cid` for [DMF/ethanol (1/4,]
2024-12-27 23:21:01,361 - pcp: Could not find `cid` for [NH3·H2O]
2024-12-27 23:21:01,680 - pcp: Could not find `cid` for [DMF/H2O (3/1,]
2024-12-27 23:21:02,028 - pcp: Could not find `cid` for [La(NO3)3\u00b66H]
2024-12-27 23:21:02,372 - pcp: Could not find `cid` for [NaH2sip]
2024-12-27 23:21:02,712 - pcp: Could not find `cid` for [CH3OH, H2O]
2024-12-27 23:21:03,030 - pcp: Could not find `cid` for [DMF: DMSO: H2O]
2024-12-27 23:21:03,708 - pcp: Could not find `cid` for [Cd(OAc)2\u00b72H]
2024-12-27 23:21:04,025 - pcp: Could not find `cid` for [10.00 g]
2024-12-27 23:21:04,382 - pcp: Could not find `cid` for [40% HBF4]
2024-12-27 23:21:04,700 - pcp: Could not find `cid` for [DMF: H2O: MeOH =]
2024-12-27 23:21:05,016 - pcp: Could not find `cid` for [bimb]
2024-12-27 23:21:05,355 - pcp: Could not find `cid` for [DMF (5 mL) and chlorobenz]
2024-12-27 23:21:05,707 - pcp: Could not find `cid` for [16.0 mL]
2024-12-27 23:21:06,044 - pcp: Could not find `cid` for [50% (CH3)4NOH solution]
2024-12-27 23:21:06,380 - pcp: Could not find `cid` for [water/methanol mixture]
2024-12-27 23:21:06,725 - pcp: Could not find `cid` for [H2atpa]
2024-12-27 23:21:07,064 - pcp: Could not find `cid` for [H2pydc, triethylamine]
2024-12-27 23:21:07,399 - pcp: Could not find `cid` for [H2O/CH3CN]
2024-12-27 23:21:07,721 - pcp: Could not find `cid` for [DMF/H2O (10 mL, ]
2024-12-27 23:21:08,058 - pcp: Could not find `cid` for [H2O-EtOH]
2024-12-27 23:21:08,394 - pcp: Could not find `cid` for [CdCl2\u22ef2.5H]
2024-12-27 23:21:08,732 - pcp: Could not find `cid` for [0.30 mL]
2024-12-27 23:21:09,079 - pcp: Could not find `cid` for [N,N-dimethyl acetamide : deion]
2024-12-27 23:21:09,420 - pcp: Could not find `cid` for [DMF:CH3OH:water]
2024-12-27 23:21:09,737 - pcp: Could not find `cid` for [Zn(OAc)2·2H2]
2024-12-27 23:21:10,053 - pcp: Could not find `cid` for [DMF/H2O/MeOH]
2024-12-27 23:21:10,393 - pcp: Could not find `cid` for [DMF (4 mL) and MeOH (]
2024-12-27 23:21:10,731 - pcp: Could not find `cid` for [DMF/methanol (0.3/]
2024-12-27 23:21:11,067 - pcp: Could not find `cid` for [H3EIMDC]
2024-12-27 23:21:11,733 - pcp: Could not find `cid` for [3 mL]
2024-12-27 23:21:12,496 - pcp: Could not find `cid` for [millipore water]
2024-12-27 23:21:12,813 - pcp: Could not find `cid` for [1,4-dioxane/H2O]
2024-12-27 23:21:13,130 - pcp: Could not find `cid` for [DMF/CH3CN (8 mL;]
2024-12-27 23:21:13,446 - pcp: Could not find `cid` for [H3PMo12O40\u22c]
2024-12-27 23:21:13,775 - pcp: Could not find `cid` for [H2fum, glutamic acid]
2024-12-27 23:21:14,109 - pcp: Could not find `cid` for [DMF:MeOH]
2024-12-27 23:21:14,813 - pcp: Could not find `cid` for [H2ntd, Hmtz]
2024-12-27 23:21:15,135 - pcp: Could not find `cid` for [H2dnpdc]
2024-12-27 23:21:15,470 - pcp: Could not find `cid` for [H4BTC (0.127 g, ]
2024-12-27 23:21:15,795 - pcp: Could not find `cid` for [H2tbip]
2024-12-27 23:21:16,136 - pcp: Could not find `cid` for [Htz]
2024-12-27 23:21:17,136 - pcp: Could not find `cid` for [water and NaOH aqueous solution]
2024-12-27 23:21:17,465 - pcp: Could not find `cid` for [DMF/cyclohexanol/H2O]
2024-12-27 23:21:17,789 - pcp: Could not find `cid` for [CH3CN/H2O (3/4]
2024-12-27 23:21:18,445 - pcp: Could not find `cid` for [H4tpta]
2024-12-27 23:21:18,759 - pcp: Could not find `cid` for [DMF (3 mL), C2H5]
2024-12-27 23:21:19,094 - pcp: Could not find `cid` for [Pr6O11]
2024-12-27 23:21:19,428 - pcp: Could not find `cid` for [DMF+formic acid]
2024-12-27 23:21:19,762 - pcp: Could not find `cid` for [DMF/glycol/H2O (8]
2024-12-27 23:21:20,083 - pcp: Could not find `cid` for [DMF+H2O]
2024-12-27 23:21:20,405 - pcp: Could not find `cid` for [Hmtz]
2024-12-27 23:21:20,720 - pcp: Could not find `cid` for [N,N\u2032-dimethylacetamide]
2024-12-27 23:21:21,056 - pcp: Could not find `cid` for [DMF/CH3CN/H2O]
2024-12-27 23:21:21,373 - pcp: Could not find `cid` for [0.04 mmol of Co(NO3)]
2024-12-27 23:21:21,710 - pcp: Could not find `cid` for [7.5 mL H2O]
2024-12-27 23:21:22,028 - pcp: Could not find `cid` for [DMF/MeCN (4:1,]
2024-12-27 23:21:22,347 - pcp: Could not find `cid` for [H3IDC, bpy, KOH]
2024-12-27 23:21:22,692 - pcp: Could not find `cid` for [bpp]
2024-12-27 23:21:23,026 - pcp: Could not find `cid` for [10 ml]
2024-12-27 23:21:23,342 - pcp: Could not find `cid` for [bpz]
2024-12-27 23:21:23,662 - pcp: Could not find `cid` for [68% concentrated nitric acid]
2024-12-27 23:21:23,998 - pcp: Could not find `cid` for [dimethylformamide (3.0 mL),]
2024-12-27 23:21:24,663 - pcp: Could not find `cid` for [DEF, water, HCl]
2024-12-27 23:21:24,997 - pcp: Could not find `cid` for [0.096 g]
2024-12-27 23:21:25,311 - pcp: Could not find `cid` for [DMF/dioxane/H2O (4]
2024-12-27 23:21:25,648 - pcp: Could not find `cid` for [concentrated hydrochloric acid]
2024-12-27 23:21:25,985 - pcp: Could not find `cid` for [DMF/H2O (2.4 mL]
2024-12-27 23:21:26,326 - pcp: Could not find `cid` for [Cd(NO3)2\u22126H2]
2024-12-27 23:21:26,669 - pcp: Could not find `cid` for [1,4-naphthalenedicarbox]
2024-12-27 23:21:26,987 - pcp: Could not find `cid` for [H2O and aqueous NaOH]
2024-12-27 23:21:27,669 - pcp: Could not find `cid` for [Zinc nitrate hexahydrate (55]
2024-12-27 23:21:27,984 - pcp: Could not find `cid` for [KI]
2024-12-27 23:21:28,305 - pcp: Could not find `cid` for [0.062 g, 0.25 mm]
2024-12-27 23:21:28,648 - pcp: Could not find `cid` for [3 mL of water and 3 mL of gly]
2024-12-27 23:21:28,994 - pcp: Could not find `cid` for [NMP/dioxane/H2O]
