2025-01-02 19:56:02,974 - pcp: Could not find `cid` for [DMF:MeOH]
2025-01-02 19:56:03,304 - pcp: Could not find `cid` for [DMF, dioxane, H2O]
2025-01-02 19:56:03,641 - pcp: Could not find `cid` for [DEA]
2025-01-02 19:56:03,961 - pcp: Could not find `cid` for [Cd(NO3)2\u00b44H]
2025-01-02 19:56:04,303 - pcp: Could not find `cid` for [DMF/H2O (1:3)]
2025-01-02 19:56:04,635 - pcp: Could not find `cid` for [Tb(NO3)3\u00b66]
2025-01-02 19:56:04,958 - pcp: Could not find `cid` for [EtOH/H2O (1:1)]
2025-01-02 19:56:05,297 - pcp: Could not find `cid` for [DMF and water]
2025-01-02 19:56:05,630 - pcp: Could not find `cid` for [DMF/EtOH]
2025-01-02 19:56:05,997 - pcp: Could not find `cid` for [H2O, MeCN]
2025-01-02 19:56:06,334 - pcp: Could not find `cid` for [DMF/H2O/C2H5OH]
2025-01-02 19:56:07,115 - pcp: Could not find `cid` for [H3TTCA]
2025-01-02 19:56:07,450 - pcp: Could not find `cid` for [dmf/H2O]
2025-01-02 19:56:07,880 - pcp: Could not find `cid` for [LiOH·H2O]
2025-01-02 19:56:08,218 - pcp: Could not find `cid` for [water and glycol]
2025-01-02 19:56:08,914 - pcp: Could not find `cid` for [HNO3 in EtOH]
2025-01-02 19:56:09,285 - pcp: Could not find `cid` for [Ba(NO3)2, La(NO3)]
2025-01-02 19:56:09,609 - pcp: Could not find `cid` for [H2O, DMF]
2025-01-02 19:56:09,930 - pcp: Could not find `cid` for [H2O, isopropyl alcohol]
2025-01-02 19:56:10,594 - pcp: Could not find `cid` for [CH3OH, DMF]
2025-01-02 19:56:11,993 - pcp: Could not find `cid` for [DMF/water]
2025-01-02 19:56:12,330 - pcp: Could not find `cid` for [H4BDPO (10.4 mg,]
2025-01-02 19:56:12,649 - pcp: Could not find `cid` for [DMF (2 mL), ethanol (1.]
2025-01-02 19:56:12,978 - pcp: Could not find `cid` for [DMF, H2O]
2025-01-02 19:56:13,319 - pcp: Could not find `cid` for [acetonitrile, water]
2025-01-02 19:56:13,658 - pcp: Could not find `cid` for [EtOH/H2O]
2025-01-02 19:56:14,006 - pcp: Could not find `cid` for [N,N\u2032-dimethylacetamide]
2025-01-02 19:56:14,358 - pcp: Could not find `cid` for [DMF/H2O]
2025-01-02 19:56:14,690 - pcp: Could not find `cid` for [DMF and ethanol]
2025-01-02 19:56:15,014 - pcp: Could not find `cid` for [DMF/1,4-dioxane]
2025-01-02 19:56:15,353 - pcp: Could not find `cid` for [EuCl3\u20226H2O,]
2025-01-02 19:56:15,688 - pcp: Could not find `cid` for [H2O, aqueous NaOH,]
2025-01-02 19:56:16,025 - pcp: Could not find `cid` for [50% (CH3)4NOH solution]
2025-01-02 19:56:16,361 - pcp: Could not find `cid` for [DMF, EtOH, H2O]
2025-01-02 19:56:16,698 - pcp: Could not find `cid` for [6 M HCl]
2025-01-02 19:56:17,027 - pcp: Could not find `cid` for [DMF (7.0 mL) and H]
2025-01-02 19:56:17,667 - pcp: Could not find `cid` for [10 mL]
2025-01-02 19:56:18,330 - pcp: Could not find `cid` for [DMF and MeOH]
2025-01-02 19:56:18,659 - pcp: Could not find `cid` for [HfOCl2·8H2O]
2025-01-02 19:56:18,980 - pcp: Could not find `cid` for [N,N-diethylformamide (DEF)]
2025-01-02 19:56:19,325 - pcp: Could not find `cid` for [1,3,5-triazine-2]
2025-01-02 19:56:19,647 - pcp: Could not find `cid` for [DMF/ethanol (1/4,]
2025-01-02 19:56:19,998 - pcp: Could not find `cid` for [1,4-dioxane/H2O (]
2025-01-02 19:56:20,350 - pcp: Could not find `cid` for [DMF/H2O (3:1,]
2025-01-02 19:56:20,744 - pcp: Could not find `cid` for [N,N-dimethylacetamide and methanol]
2025-01-02 19:56:21,070 - pcp: Could not find `cid` for [H2dnpdc]
2025-01-02 19:56:21,408 - pcp: Could not find `cid` for [millipore water]
2025-01-02 19:56:21,741 - pcp: Could not find `cid` for [CH]
2025-01-02 19:56:22,062 - pcp: Could not find `cid` for [DMF, NMP]
2025-01-02 19:56:22,381 - pcp: Could not find `cid` for [H2O/EtOH]
2025-01-02 19:56:22,700 - pcp: Could not find `cid` for [DMF/H2O (4:2 vol]
2025-01-02 19:56:23,053 - pcp: Could not find `cid` for [water and ethanol]
2025-01-02 19:56:23,394 - pcp: Could not find `cid` for [H2O/DMF]
2025-01-02 19:56:23,727 - pcp: Could not find `cid` for [1 mL, v/v, 1/1]
2025-01-02 19:56:24,075 - pcp: Could not find `cid` for [EtOH, DMF]
2025-01-02 19:56:24,416 - pcp: Could not find `cid` for [DMF/NMP]
2025-01-02 19:56:24,764 - pcp: Could not find `cid` for [H5bpbc]
2025-01-02 19:56:25,119 - pcp: Could not find `cid` for [DMF (2 mL) and MeOH (]
2025-01-02 19:56:25,460 - pcp: Could not find `cid` for [ImhedpH4]
2025-01-02 19:56:25,819 - pcp: Could not find `cid` for [Zn(OAc)2\u00b22]
2025-01-02 19:56:26,160 - pcp: Could not find `cid` for [DMF/water/MeOH (2/]
2025-01-02 19:56:26,553 - pcp: Could not find `cid` for [distilled H2O]
2025-01-02 19:56:26,880 - pcp: Could not find `cid` for [DMF (2 mL), H2O (]
2025-01-02 19:56:27,312 - pcp: Could not find `cid` for [NH3\u22c5H2O]
2025-01-02 19:56:27,677 - pcp: Could not find `cid` for [DMF and H2O]
2025-01-02 19:56:27,994 - pcp: Could not find `cid` for [DMF/MeCN/H2O]
2025-01-02 19:56:28,340 - pcp: Could not find `cid` for [CH3OH, CH3CN, deion]
2025-01-02 19:56:28,684 - pcp: Could not find `cid` for [HFP]
2025-01-02 19:56:29,030 - pcp: Could not find `cid` for [DMF/CH3CN (8 mL;]
2025-01-02 19:56:29,348 - pcp: Could not find `cid` for [N,N\u2032-diethylformamide (]
2025-01-02 19:56:29,663 - pcp: Could not find `cid` for [DMF, EtOH]
2025-01-02 19:56:30,006 - pcp: Could not find `cid` for [DMF/H2O (9:1,]
2025-01-02 19:56:30,369 - pcp: Could not find `cid` for [Zn(NO3)2\u00b26]
2025-01-02 19:56:30,733 - pcp: Could not find `cid` for [EtOH:H2O (v:v =]
2025-01-02 19:56:31,070 - pcp: Could not find `cid` for [Cu(ClO4)2·6H2]
2025-01-02 19:56:31,419 - pcp: Could not find `cid` for [DMF/H2O/2 M HCl]
2025-01-02 19:56:32,103 - pcp: Could not find `cid` for [4:2:0.5]
2025-01-02 19:56:32,422 - pcp: Could not find `cid` for [Linker H43]
2025-01-02 19:56:32,754 - pcp: Could not find `cid` for [DMF/dioxane/H2O (4]
2025-01-02 19:56:33,074 - pcp: Could not find `cid` for [DMF/MeCN/H2O (1]
2025-01-02 19:56:33,406 - pcp: Could not find `cid` for [DMF, C2H5OH, H]
2025-01-02 19:56:33,883 - pcp: Could not find `cid` for [DMF/acetonitrile]
2025-01-02 19:56:34,223 - pcp: Could not find `cid` for [water-ethanol (2:1 v/v]
2025-01-02 19:56:34,539 - pcp: Could not find `cid` for [DMF, acetonitrile and H2]
2025-01-02 19:56:35,207 - pcp: Could not find `cid` for [H4L2]
2025-01-02 19:56:35,530 - pcp: Could not find `cid` for [DMF, CH3OH]
2025-01-02 19:56:35,865 - pcp: Could not find `cid` for [H4BTC]
2025-01-02 19:56:36,206 - pcp: Could not find `cid` for [N,N-dimethylformamide (DMF]
2025-01-02 19:56:36,538 - pcp: Could not find `cid` for [DMF, CH3OH, H2O]
2025-01-02 19:56:36,859 - pcp: Could not find `cid` for [DMF, H2O, ethanol]
2025-01-02 19:56:37,193 - pcp: Could not find `cid` for [DMF-water]
2025-01-02 19:56:37,546 - pcp: Could not find `cid` for [H4L]
2025-01-02 19:56:37,862 - pcp: Could not find `cid` for [DMF/NMP/pyridine]
2025-01-02 19:56:38,182 - pcp: Could not find `cid` for [NH3\u00b7H2O]
2025-01-02 19:56:38,504 - pcp: Could not find `cid` for [H2O/1,4-dioxane]
2025-01-02 19:56:38,843 - pcp: Could not find `cid` for [obtz]
2025-01-02 19:56:39,164 - pcp: Could not find `cid` for [NaAc\u00b23H2O]
2025-01-02 19:56:39,843 - pcp: Could not find `cid` for [dmurea]
2025-01-02 19:56:40,182 - pcp: Could not find `cid` for [distilled water and DMF (1:1]
2025-01-02 19:56:40,497 - pcp: Could not find `cid` for [DMF/H2O (v/v =]
2025-01-02 19:56:40,841 - pcp: Could not find `cid` for [DEF/EtOH/H2O]
2025-01-02 19:56:41,167 - pcp: Could not find `cid` for [H3TBOT]
2025-01-02 19:56:41,507 - pcp: Could not find `cid` for [DMF:NMP:H2CO]
2025-01-02 19:56:41,855 - pcp: Could not find `cid` for [NaOH, KOH]
2025-01-02 19:56:42,174 - pcp: Could not find `cid` for [DMF and EtOH]
2025-01-02 19:56:42,513 - pcp: Could not find `cid` for [MnCl2\u22c75H2]
2025-01-02 19:56:42,844 - pcp: Could not find `cid` for [concentrated nitric acid]
2025-01-02 19:56:43,196 - pcp: Could not find `cid` for [DMF and DMSO]
2025-01-02 19:56:43,531 - pcp: Could not find `cid` for [DMF/H2O (1/2,]
2025-01-02 19:56:43,851 - pcp: Could not find `cid` for [Cu(NO3)2\u00b66 H]
2025-01-02 19:56:44,185 - pcp: Could not find `cid` for [H4ABTC]
2025-01-02 19:56:44,507 - pcp: Could not find `cid` for [DMF/glycol/H2O (8]
2025-01-02 19:56:44,844 - pcp: Could not find `cid` for [H2O, ethanol]
2025-01-02 19:56:45,186 - pcp: Could not find `cid` for [H2pdc, Na2MoO4]
2025-01-02 19:56:45,532 - pcp: Could not find `cid` for [H3tci]
2025-01-02 19:56:46,168 - pcp: Could not find `cid` for [water-ethanol (1:4)]
2025-01-02 19:56:46,491 - pcp: Could not find `cid` for [NaH2sip]
2025-01-02 19:56:46,833 - pcp: Could not find `cid` for [CH3OH/H2O]
2025-01-02 19:56:47,162 - pcp: Could not find `cid` for [DMF, 1,4-dioxane]
2025-01-02 19:56:47,491 - pcp: Could not find `cid` for [dilute sodium hydroxide]
2025-01-02 19:56:47,819 - pcp: Could not find `cid` for [Cu(NO3)2·2.5H]
2025-01-02 19:56:48,796 - pcp: Could not find `cid` for [isobutanol and methanol]
2025-01-02 19:56:49,145 - pcp: Could not find `cid` for [Cu(NO3)2·3H2O]
2025-01-02 19:56:49,487 - pcp: Could not find `cid` for [DMF, methanol, water]
2025-01-02 19:56:49,803 - pcp: Could not find `cid` for [H2O/glycol (14:1]
2025-01-02 19:56:50,163 - pcp: Could not find `cid` for [0.50 mL of a 1.0]
2025-01-02 19:56:50,483 - pcp: Could not find `cid` for [H4PANAD]
2025-01-02 19:56:50,881 - pcp: Could not find `cid` for [concentrated sulfuric acid (98%)]
2025-01-02 19:56:51,198 - pcp: Could not find `cid` for [H4bdfdpa]
2025-01-02 19:56:51,536 - pcp: Could not find `cid` for [Eu(NO3)3]
2025-01-02 19:56:51,875 - pcp: Could not find `cid` for [DMF:H2O:MeOH]
2025-01-02 19:56:52,208 - pcp: Could not find `cid` for [DEF/MeOH]
2025-01-02 19:56:52,534 - pcp: Could not find `cid` for [1-methyl-2-pyrrolidin]
2025-01-02 19:56:52,866 - pcp: Could not find `cid` for [DMF/CH3CH2OH/H2]
2025-01-02 19:56:53,204 - pcp: Could not find `cid` for [triethylenediamine (TEDA]
2025-01-02 19:56:53,546 - pcp: Could not find `cid` for [bpz]
2025-01-02 19:56:53,881 - pcp: Could not find `cid` for [H2O/ethanol (v:v =]
2025-01-02 19:56:54,211 - pcp: Could not find `cid` for [N, N\u2032-diethylformamide]
2025-01-02 19:56:54,867 - pcp: Could not find `cid` for [DMF:EtOH:H2O]
2025-01-02 19:56:55,206 - pcp: Could not find `cid` for [NaOH or KOH]
2025-01-02 19:56:55,529 - pcp: Could not find `cid` for [DMF, CH3CN, H2O]
2025-01-02 19:56:56,269 - pcp: Could not find `cid` for [water and MeCN]
2025-01-02 19:56:56,611 - pcp: Could not find `cid` for [Cd(NO3)2\u22c75H]
2025-01-02 19:56:56,967 - pcp: Could not find `cid` for [btrb]
2025-01-02 19:56:57,292 - pcp: Could not find `cid` for [DMF/cyclohexanol/H2O]
2025-01-02 19:56:57,633 - pcp: Could not find `cid` for [DMF:EtOH:H2O (1]
2025-01-02 19:56:57,983 - pcp: Could not find `cid` for [DMF/H2O (2:1)]
2025-01-02 19:56:58,330 - pcp: Could not find `cid` for [Co(OAc)2\u00b44 H]
2025-01-02 19:56:58,681 - pcp: Could not find `cid` for [triethylamine (TEA)]
2025-01-02 19:56:59,021 - pcp: Could not find `cid` for [DMF/DMSO (10 mL, v]
2025-01-02 19:56:59,345 - pcp: Could not find `cid` for [2,5-Dihydroxyterephthal]
2025-01-02 19:56:59,689 - pcp: Could not find `cid` for [H3TPO]
2025-01-02 19:57:00,376 - pcp: Could not find `cid` for [NaHCOO\u00b72 H]
2025-01-02 19:57:00,699 - pcp: Could not find `cid` for [DMF/MeOH/H2O]
2025-01-02 19:57:01,034 - pcp: Could not find `cid` for [Cd(OAc)2\u22122H2]
2025-01-02 19:57:01,358 - pcp: Could not find `cid` for [DMF, EtOH, pyridine]
2025-01-02 19:57:01,698 - pcp: Could not find `cid` for [CuCl2\u22c5H2O]
2025-01-02 19:57:02,376 - pcp: Could not find `cid` for [DMF/H2O (10:10,]
2025-01-02 19:57:02,701 - pcp: Could not find `cid` for [DMF, methanol, H2O (]
2025-01-02 19:57:03,048 - pcp: Could not find `cid` for [N,N-dimethyl acetamide : deion]
2025-01-02 19:57:03,417 - pcp: Could not find `cid` for [H3PMo12O40\u202613]
2025-01-02 19:57:03,757 - pcp: Could not find `cid` for [CH3CH2OH/CH3OH]
2025-01-02 19:57:04,084 - pcp: Could not find `cid` for [H2bptp]
2025-01-02 19:57:04,408 - pcp: Could not find `cid` for [ammonia and MeCN]
2025-01-02 19:57:04,770 - pcp: Could not find `cid` for [def/H2O]
2025-01-02 19:57:05,109 - pcp: Could not find `cid` for [DMF, ethanol, H2O]
2025-01-02 19:57:05,797 - pcp: Could not find `cid` for [H3BTN]
2025-01-02 19:57:06,127 - pcp: Could not find `cid` for [dimethylformamide, tetrahydrofuran]
2025-01-02 19:57:06,468 - pcp: Could not find `cid` for [DMF, distilled water, ethanol]
2025-01-02 19:57:06,835 - pcp: Could not find `cid` for [MCF-19]
2025-01-02 19:57:07,181 - pcp: Could not find `cid` for [methanol, DMF]
2025-01-02 19:57:07,525 - pcp: Could not find `cid` for [DMF/ethanol]
2025-01-02 19:57:07,844 - pcp: Could not find `cid` for [Zn(NO3)2\u20096H]
2025-01-02 19:57:08,165 - pcp: Could not find `cid` for [H4LIV (50 mg, 0]
2025-01-02 19:57:08,506 - pcp: Could not find `cid` for [N,N\u2032-dimethylformamide]
2025-01-02 19:57:09,166 - pcp: Could not find `cid` for [H4[SiW12O40]]
2025-01-02 19:57:09,533 - pcp: Could not find `cid` for [DMF, ethanol, water]
2025-01-02 19:57:09,874 - pcp: Could not find `cid` for [H2O/CH3CN]
2025-01-02 19:57:10,939 - pcp: Could not find `cid` for [sodium acetate buffer]
2025-01-02 19:57:11,268 - pcp: Could not find `cid` for [DMF/ethanol/H2O (5]
2025-01-02 19:57:11,600 - pcp: Could not find `cid` for [DMF/EtOH/pyridine]
2025-01-02 19:57:11,924 - pcp: Could not find `cid` for [DMF (10 mL), EtOH (99]
2025-01-02 19:57:12,244 - pcp: Could not find `cid` for [DEF/H2O/1 M HCl]
2025-01-02 19:57:12,584 - pcp: Could not find `cid` for [Cu(NO3)2\u00b23H]
2025-01-02 19:57:12,923 - pcp: Could not find `cid` for [H3TCA (0.05 mol),]
2025-01-02 19:57:13,257 - pcp: Could not find `cid` for [DEF/H2O]
2025-01-02 19:57:13,602 - pcp: Could not find `cid` for [CH3CN/H2O (3/4]
2025-01-02 19:57:13,921 - pcp: Could not find `cid` for [DMF/EtOH/H2O (1]
2025-01-02 19:57:14,259 - pcp: Could not find `cid` for [DMF, methanol and H2O]
2025-01-02 19:57:14,579 - pcp: Could not find `cid` for [MeCN/H2O]
2025-01-02 19:57:14,910 - pcp: Could not find `cid` for [Cd(NO3)2\u00b24H]
2025-01-02 19:57:15,252 - pcp: Could not find `cid` for [DMF/H2O (3/1,]
2025-01-02 19:57:15,910 - pcp: Could not find `cid` for [DMF/CH3OH]
2025-01-02 19:57:16,246 - pcp: Could not find `cid` for [DMF,NMP]
2025-01-02 19:57:16,563 - pcp: Could not find `cid` for [KI]
2025-01-02 19:57:16,916 - pcp: Could not find `cid` for [H2O, MeOH, CH3CN]
2025-01-02 19:57:17,240 - pcp: Could not find `cid` for [DMF/formic acid]
2025-01-02 19:57:17,559 - pcp: Could not find `cid` for [DEF/EG/Toluene]
2025-01-02 19:57:17,905 - pcp: Could not find `cid` for [DMF and anhydrous ethanol]
2025-01-02 19:57:18,223 - pcp: Could not find `cid` for [CuCl2\u20222H2O]
2025-01-02 19:57:18,546 - pcp: Could not find `cid` for [H2C2O4\u202e2]
2025-01-02 19:57:18,865 - pcp: Could not find `cid` for [DMF:EtOH:H2O (0]
2025-01-02 19:57:19,205 - pcp: Could not find `cid` for [Zn(CH3COO)2·2]
2025-01-02 19:57:19,572 - pcp: Could not find `cid` for [EtOH/H2O (3 mL,]
2025-01-02 19:57:19,909 - pcp: Could not find `cid` for [H2tbip]
2025-01-02 19:57:20,263 - pcp: Could not find `cid` for [pyridine-2,5-dicar]
2025-01-02 19:57:20,612 - pcp: Could not find `cid` for [DIPA]
2025-01-02 19:57:20,935 - pcp: Could not find `cid` for [benzene and CHCl3]
2025-01-02 19:57:21,264 - pcp: Could not find `cid` for [ammonia solution (25% to 28]
2025-01-02 19:57:21,602 - pcp: Could not find `cid` for [H2O (3 mL) and DMF]
2025-01-02 19:57:21,926 - pcp: Could not find `cid` for [bimb]
2025-01-02 19:57:22,254 - pcp: Could not find `cid` for [CH3CN/CH3OH/H2O]
2025-01-02 19:57:22,933 - pcp: Could not find `cid` for [CdBr2\u00b24H2O]
2025-01-02 19:57:23,277 - pcp: Could not find `cid` for [DMF/CH3CN]
2025-01-02 19:57:23,615 - pcp: Could not find `cid` for [NMP/dioxane/H2O]
2025-01-02 19:57:23,939 - pcp: Could not find `cid` for [n-C4H10OH]
2025-01-02 19:57:24,261 - pcp: Could not find `cid` for [H3EIMDC]
2025-01-02 19:57:24,585 - pcp: Could not find `cid` for [MeOH, DMF, H2O]
2025-01-02 19:57:24,927 - pcp: Could not find `cid` for [H3IDC]
2025-01-02 19:57:25,250 - pcp: Could not find `cid` for [DMF, CH3CH2OH, H]
2025-01-02 19:57:25,571 - pcp: Could not find `cid` for [DMF, EtOH, MeCN, H]
2025-01-02 19:57:25,940 - pcp: Could not find `cid` for [water/ethanol (6:1, v]
2025-01-02 19:57:26,278 - pcp: Could not find `cid` for [DMF/MeCN (4:1,]
2025-01-02 19:57:26,614 - pcp: Could not find `cid` for [DMF and 1 mL of CH3CN]
2025-01-02 19:57:27,663 - pcp: Could not find `cid` for [dimethylformamide, dioxane, H]
2025-01-02 19:57:28,004 - pcp: Could not find `cid` for [MeCN, MeOH]
2025-01-02 19:57:28,344 - pcp: Could not find `cid` for [DMF (7 mL), DMSO (]
2025-01-02 19:57:28,688 - pcp: Could not find `cid` for [DMF, MeOH]
2025-01-02 19:57:29,025 - pcp: Could not find `cid` for [NH4VO3]
2025-01-02 19:57:29,740 - pcp: Could not find `cid` for [DMF/CH3OH/H2O (]
2025-01-02 19:57:30,082 - pcp: Could not find `cid` for [N, N\u2032-dimethylform]
2025-01-02 19:57:30,405 - pcp: Could not find `cid` for [mixed distilled water (4 mL)–MeCN]
2025-01-02 19:57:30,721 - pcp: Could not find `cid` for [DMF (3 mL), C2H5]
2025-01-02 19:57:31,074 - pcp: Could not find `cid` for [DMF-C2H5OH-H2O]
2025-01-02 19:57:31,410 - pcp: Could not find `cid` for [NaOH aqueous solution]
2025-01-02 19:57:31,777 - pcp: Could not find `cid` for [DMF/EtOH/H2O]
2025-01-02 19:57:32,120 - pcp: Could not find `cid` for [H2fum, glutamic acid]
2025-01-02 19:57:32,460 - pcp: Could not find `cid` for [DMF:H2O]
2025-01-02 19:57:33,105 - pcp: Could not find `cid` for [H2O, DMF, dioxane]
2025-01-02 19:57:33,427 - pcp: Could not find `cid` for [DMF/methanol]
2025-01-02 19:57:33,799 - pcp: Could not find `cid` for [1:1 (v/v) mixture of meth]
2025-01-02 19:57:34,129 - pcp: Could not find `cid` for [Zn(NO3)2·6H2]
2025-01-02 19:57:34,815 - pcp: Could not find `cid` for [H2O/CH3OH]
2025-01-02 19:57:35,148 - pcp: Could not find `cid` for [Cu(NO3)2\u20262.5]
2025-01-02 19:57:35,469 - pcp: Could not find `cid` for [DMF/HCl]
2025-01-02 19:57:35,811 - pcp: Could not find `cid` for [water/methanol]
2025-01-02 19:57:36,148 - pcp: Could not find `cid` for [DMF, water]
2025-01-02 19:57:37,021 - pcp: Could not find `cid` for [DMF/MeOH/H2O/DMS]
2025-01-02 19:57:37,338 - pcp: Could not find `cid` for [H2O and methanol]
2025-01-02 19:57:37,679 - pcp: Could not find `cid` for [H2O/MeCN]
2025-01-02 19:57:38,016 - pcp: Could not find `cid` for [H2pdc]
2025-01-02 19:57:38,367 - pcp: Could not find `cid` for [aqueous NaOH solution]
2025-01-02 19:57:38,690 - pcp: Could not find `cid` for [Zn(NO3)2\u22c6]
2025-01-02 19:57:39,007 - pcp: Could not find `cid` for [dmf and CH3OH]
2025-01-02 19:57:39,330 - pcp: Could not find `cid` for [deionized water and CH3OH]
2025-01-02 19:57:39,650 - pcp: Could not find `cid` for [N,N\\u2030-dimethylacet]
2025-01-02 19:57:39,974 - pcp: Could not find `cid` for [DMF/EtOH/H2O (V]
2025-01-02 19:57:40,328 - pcp: Could not find `cid` for [N,N-dimethylformamide and EtOH]
2025-01-02 19:57:40,671 - pcp: Could not find `cid` for [methanol/water (V1:1,]
2025-01-02 19:57:41,028 - pcp: Could not find `cid` for [TEA]
2025-01-02 19:57:41,400 - pcp: Could not find `cid` for [DMF/H2O (3 mL,]
2025-01-02 19:57:42,522 - pcp: Could not find `cid` for [2,2\u2032-bipyridine]
2025-01-02 19:57:42,863 - pcp: Could not find `cid` for [Eu(NO3)3·nH2O]
2025-01-02 19:57:43,184 - pcp: Could not find `cid` for [tetrahydrofuran (THF)]
2025-01-02 19:57:43,528 - pcp: Could not find `cid` for [H4SiW12O40\u202f]
2025-01-02 19:57:43,878 - pcp: Could not find `cid` for [Hta (21.0 mg, 0]
2025-01-02 19:57:44,199 - pcp: Could not find `cid` for [doubly deionized water (8.]
2025-01-02 19:57:44,521 - pcp: Could not find `cid` for [4,4\u2032-bipy]
2025-01-02 19:57:44,860 - pcp: Could not find `cid` for [DMF (2 mL) and ethanol (1]
2025-01-02 19:57:45,180 - pcp: Could not find `cid` for [H4DBIP]
2025-01-02 19:57:45,500 - pcp: Could not find `cid` for [DMF/DMSO (1:1)]
2025-01-02 19:57:46,018 - pcp: Could not find `cid` for [DMF/MeOH/H2O (3]
2025-01-02 19:57:46,358 - pcp: Could not find `cid` for [DMSO/H2O]
2025-01-02 19:57:46,699 - pcp: Could not find `cid` for [DMF and chlorobenzene]
2025-01-02 19:57:47,020 - pcp: Could not find `cid` for [Eu(NO3)3·3H2O]
2025-01-02 19:57:47,370 - pcp: Could not find `cid` for [DMF/C2H5OH/H2O]
2025-01-02 19:57:47,695 - pcp: Could not find `cid` for [Gd(NO3)3]
2025-01-02 19:57:48,022 - pcp: Could not find `cid` for [DMF/ethanol (v:v =]
2025-01-02 19:57:48,360 - pcp: Could not find `cid` for [Cd(NO3)2\u22ef6H]
2025-01-02 19:57:48,687 - pcp: Could not find `cid` for [DMF/EtOH/H2O (4]
2025-01-02 19:57:49,034 - pcp: Could not find `cid` for [water, DMF, ethanol]
2025-01-02 19:57:49,358 - pcp: Could not find `cid` for [Cd(NO3)2\u00b74H]
