2025-01-07 17:26:20,540 - 
Paragraph: IQECIS_clean
Model: Phi 3 Mini 4k Instruct
Expected one of: ['Dimethylacetamide', 'Dimethylacetamid', 'DMA', 'methanol', 'CH3OH', 'Dioxane', 'Dioxan']
Got unresolvable (Which appears in text!): N,N‐dimethylacetam
Original text: CoSO4⋅7 H2O (0.029 g, 0.103 mmol), tpt (0.019 g, 0.061 mmol), and H3btb (0.021 g, 0.048 mmol) were added in the solvent mixture of N,N‐dimethylacetamide (DMA, 5 mL)/methanol (CH3OH, 5 mL)/1,4‐dioxane ...
2025-01-07 17:26:20,933 - 
Paragraph: XUDVAV_clean
Model: Phi 3 Mini 4k Instruct
Expected one of: ['Dimethylformamide', 'Dimethylformamid', 'DMF', 'water']
Got unresolvable : DMF and water
Original text: 1 was synthesized as purple-red crystals by a solvothermal method from CoO (7.5 mg, 0.10 mmol) and H3BPT (15 mg, 0.05 mmol) in a mixture solution of N, N′-dimethylformamide (DMF, 1.0 mL) and water (0....
2025-01-07 17:26:21,731 - 
Paragraph: NAWKII_clean
Model: Phi 3 Mini 4k Instruct
Expected one of: ['DMF', 'Dimethylforamide', 'water', 'H2O']
Got : dimethylformamide
Original text: A typical synthesis involves a mixture of MgCl2·6H2O (0.2 mmol, 0.0406 g) and 2,6-naphthalenedicarboxylic acid (0.4 mmol, 0.0864g) dissolved in 10.0 mL of dimethylforamide and 2.0 mL of water and stir...
2025-01-07 17:26:22,055 - 
Paragraph: YEMJAC_clean
Model: Phi 3 Mini 4k Instruct
Expected one of: ['DMF', 'ethanol', 'Thanol', 'S S']
Got unresolvable : DMF and ethanol
Original text: As a typical preparation procedure, a mixture of Dy(NO3)·nH2O (40 mg, 0.05 mmol) and H3BTC (10 mg, 0.05 mmol) was dissolved in DMF (10 mL) and ethanol (2 mL) at room temperature. Two drops of dibutyla...
2025-01-07 17:26:22,731 - 
Paragraph: EHUTAE_clean
Model: Phi 3 Mini 4k Instruct
Expected one of: ['DMF', 'H2O']
Got unresolvable : DMF and H2O
Original text: H4LV (50 mg, 0.078 mmol) and Cu(NO3)2·2.5H2O (145 mg, 0.622 mmol) were dissolved in a mixture of DMF (7.0 mL) and H2O (1.0 mL) in a pressure tube (15 mL). Upon addition of 6 M HCl (20 μL), the tube wa...
2025-01-07 17:26:24,830 - 
Paragraph: NEKMUN_clean
Model: Phi 3 Mini 4k Instruct
Expected one of: ['water', 'H2O']
Got unresolvable (Which appears in text!): Et4NOH
Original text: A mixture containing H3L2 (0.04 g, 0.13 mmol) and CoCl2·6H2O (0.15 g, 0.63 mmol) in 3 mL water and 0.2 mL of Et4NOH were sealed in a Teflon-lined autoclave and heated under autogenous pressure to 180 ...
2025-01-07 17:26:25,162 - 
Paragraph: MAZSUD_clean
Model: Phi 3 Mini 4k Instruct
Expected one of: ['Dimethylformamide', 'Dimethylformamid', 'DMF']
Got unresolvable (Which appears in text!): N,N‐dimethylformamide
Original text: Synthesis of Zn3(tz)2(bdc)2⋅x(DMF) (2): A mixture of Zn(NO3)2⋅6H2O (0.0800 g, 0.27 mmol), pyrazine(0.0150 g 0.19 mmol), 1,2,3–1H‐triazole (0.0400 g, 0.58 mmol), 1,4‐benzenedicarboxylic acid (0.0500 g ...
2025-01-07 17:26:25,858 - 
Paragraph: ILAGUY_charged
Model: Phi 3 Mini 4k Instruct
Expected one of: ['water', 'Distilled water', 'H2O', '8O']
Got unresolvable (Which appears in text!): distilled H2O
Original text: Cd(ClO4)2·6H2O (75 mg, 0.18 mmol), 3-bpmp (99 mg, 0.37 mmol) and diphenic acid (44 mg, 0.18 mmol) were placed into 5 mL distilled H2O in a 15 mL screw-cap vial. The vial was sealed and heated in an oi...
2025-01-07 17:26:26,602 - 
Paragraph: AVETEC_clean
Model: Phi 3 Mini 4k Instruct
Expected one of: ['DMF', 'H2O']
Got unresolvable (Which appears in text!): DMF/H2O
Original text:   A mixture of Cd(NO3)2·4H2O (0.02 mmol, 6.1 mg), H6L2 (0.01 mmol, 4.8 mg), HCl (0.15 mL, 1 mol L−1) and DMF/H2O (6 mL, 5/1, v/v) was sealed in a 23 mL Teflon-lined autoclave and heated at 90 °C for 7...
2025-01-07 17:26:26,923 - 
Paragraph: TUBJAD_clean
Model: Phi 3 Mini 4k Instruct
Expected one of: ['water', 'Distilled water', 'H2O']
Got unresolvable (Which appears in text!): distilled H2O
Original text: Cu(NO3)2·2.5H2O (88 mg, 0.38 mmol), isophthalic acid (63 mg, 0.38 mmol), 3-pmna (78 mg, 0.38 mmol) and 0.50 mL of a 1.0 M NaOH solution were placed into 10 mL distilled H2O in a Teflon-lined acid dige...
2025-01-07 17:26:27,271 - 
Paragraph: PUWCOZ_clean
Model: Phi 3 Mini 4k Instruct
Expected one of: ['water', 'H2O', '8O']
Got unresolvable (Which appears in text!): aqueous NaOH solution
Original text: Ni2(ATC)(H2O)4·(H2O)4, MOF-34. H4ATC (0.032 g, 0.10 mmol), Ni(NO3)2·6H2O (0.070 g, 0.24 mmol), H2O (1 mL), and aqueous NaOH solution (1 mL, 0.1 mmol) were added respectively to a vessel, which was sea...
2025-01-07 17:26:28,319 - 
Paragraph: BAZFUF_clean
Model: Phi 3 Mini 4k Instruct
Expected one of: ['Dimethylformamide', 'Dimethylformamid', 'DMF', 'NMP', 'PYRIDINE', 'Pyridin']
Got unresolvable (Which appears in text!): DMF/NMP/pyridine
Original text: A solid mixture of H3BTB (21 mg, 0.048 mmol), and Cu(NO3)2·2.5H2O (60 mg, 0.258 mmol) was dissolved in a mixture of DMF/NMP/pyridine (5.0/5.0/0.4 mL) in a 20 mL vial. The vial was capped and heated in...
2025-01-07 17:26:28,647 - 
Paragraph: LUCKAX_clean
Model: Phi 3 Mini 4k Instruct
Expected one of: ['DMF', 'CH3CH2OH', 'S S', 'water', 'Distilled water', 'H2O']
Got unresolvable (Which appears in text!): DMF/CH3CH2OH/H
Original text: Cd(NO3)2·4H2O (25 mg, 0.26 mmol) was added to the DMF/CH3CH2OH/H2O (3:3:2, 4 ml) solution of H4L (15 mg, 0.45 mmol), and the mixture was stirred for ca. 20 min in air. Then it was heated at 75 °C for ...
2025-01-07 17:26:29,288 - 
Paragraph: IZEFEZ_charged
Model: Phi 3 Mini 4k Instruct
Expected one of: ['DMF', 'EtOH', 'S S']
Got unresolvable : DMF, EtOH
Original text: To a 10 mL Pyrex glass tube was loaded Cd(NO3)2·4H2O (8 mg, 0.025 mmol), H4L (13 mg, 0.0125 mmol), 1.5 mL of DMF and 1.5 mL of EtOH, forming a red clear solution. After the pH value was adjusted to 5....
2025-01-07 17:26:29,961 - 
Paragraph: TORXIJ_clean
Model: Phi 3 Mini 4k Instruct
Expected one of: ['methanol', 'water', 'H2O', 'Water solution']
Got unresolvable (Which appears in text!): mixed methanol–water solution
Original text:   A mixture containing Htz (14.0 mg, 0.2 mmol) and CuCl2·2H2O (34.0 mg, 0.2 mmol) was dissolved in a mixed methanol–water solution (v:v = 4:1, 10.0 mL), and the initial pH value of the mixture was adj...
2025-01-07 17:26:30,303 - 
Paragraph: LAHTUM_clean
Model: Phi 3 Mini 4k Instruct
Expected one of: ['DMF', 'ethanol', 'Thanol']
Got unresolvable : DMF and ethanol
Original text: A mixture containing H4L (20 mg, 0.05 mmol), L1 (7.68 mg, 0.05 mmol), and Cd(NO3)2·4H2O (30 mg, 0.1 mmol) in DMF (2 mL) and ethanol (1 mL) was heated at 100 °C under autogenous pressure in a Teflon-li...
2025-01-07 17:26:31,086 - 
Paragraph: GEVYEN_clean
Model: Phi 3 Mini 4k Instruct
Expected one of: ['water', 'H2O']
Got unresolvable (Which appears in text!): phenyl)pyridine
Original text:   A mixture of 3-(2',5'-dicarboxylphenyl)pyridine (0.025 g, 0.1 mmol), Zn(NO3)2·6H2O (0.059 g, 0.2 mmol) and 1,2-di(4-pyridyl) ethylene (0.018 g, 0.1 mmol) in water (10 mL) was placed in a Teflon-line...
2025-01-07 17:26:31,086 - 
Paragraph: HAFSOZ_clean
Model: Phi 3 Mini 4k Instruct
Expected one of: ['DMA', 'H2O']
Got : DMA/H2O
Original text:   Zn(NO3)2·6H2O (30 mg, 0.1 mmol), HO-H3BTC (11 mg, 0.05 mmol), and 4,4′-bipyridine (7.8 mg, 0.05 mmol) were dissolved in 4 mL of mixed solvent of DMA and H2O (1:1, v/v) in a 10 mL glass vial. After t...
2025-01-07 17:26:33,132 - 
Paragraph: QUTDAM_clean
Model: Phi 3 Mini 4k Instruct
Expected one of: ['DMF', 'EtOH', 'C2H5OH', 'S S', 'H2O']
Got unresolvable (Which appears in text!): DMF/EtOH/H2O
Original text:   A mixture of Cu(NO3)2·2H2O (0.022 g, 0.12 mmol), H4L (0.016 g, 0.04 mmol) in DMF/EtOH/H2O (2:1:1 v/v/v, 15 mL) was sealed in a 25 mL Teflon-lined stainless steel container. The resulting blue-green ...
2025-01-07 17:26:34,560 - 
Paragraph: NEFTUP_clean
Model: Phi 3 Mini 4k Instruct
Expected one of: ['H2O', 'H20', 'CH3OH']
Got unresolvable (Which appears in text!): H2O/CH3OH
Original text: Synthesis of 1 (Solvothermal Method): A mixture of Co(NO3)2·6H2O (0.12 mmol, 35 mg), NaN3 (0.2 mmol, 13 mg), and bib (0.1 mmol, 21 mg) was suspended in the solvent mixture (H2O/CH3OH = 3:4, 12 mL). Af...
2025-01-07 17:26:34,879 - 
Paragraph: GUJREK_clean
Model: Phi 3 Mini 4k Instruct
Expected one of: ['water', 'H2O', 'ACETONITRILE', 'Acetonitril', 'MeCN']
Got unresolvable (Which appears in text!): H2O/MeCN
Original text: The ∞3[Cu2ICu2II{H2O}2{(Me–trz–mba)2thio}2]Cl2 MOF samples were synthesized using solvothermal synthesis with H2O/MeCN (water/acetonitrile, volume ratio 1:1) as a solvent. A Teflon beaker was loaded w...
2025-01-07 17:26:34,880 - 
Paragraph: AVESOL_clean
Model: Phi 3 Mini 4k Instruct
Expected one of: ['DMF', 'H2O']
Got unresolvable (Which appears in text!): DMF/H2O
Original text:   A mixture of Zn(NO3)2·6H2O (0.045 mmol, 13.4 mg), H5L1 (0.018 mmol, 8.1 mg), HCl (0.15 mL, 1 mol L−1) and DMF/H2O (6 mL, 5/1, v/v) was sealed in a 23 mL Teflon-lined autoclave and heated at 90 °C fo...
2025-01-07 17:26:35,229 - 
Paragraph: RAHPAT_clean
Model: Phi 3 Mini 4k Instruct
Expected one of: ['DMF', 'H2O']
Got unresolvable (Which appears in text!): DMF/H2O
Original text: Preparation of [Cu3(C36H13NO12)(H2O)3]⋅9 DMF⋅18 H2O (NOTT‐114): H6L (0.1 g, 0.15 mmol) and Cu(NO3)2⋅3 H2O (0.28 g, 1.2 mmol) were mixed and dispersed in DMF/H2O (60 mL, 5:1 v/v). HCl (2 M, 0.3 mL) was...
