2025-01-07 17:26:20,193 - pcp: Could not find `cid` for [CoSO4⋅7 H2O]
2025-01-07 17:26:20,540 - pcp: Could not find `cid` for [N,N‐dimethylacetam]
2025-01-07 17:26:20,933 - pcp: Could not find `cid` for [DMF and water]
2025-01-07 17:26:21,272 - pcp: Could not find `cid` for [H3L1]
2025-01-07 17:26:22,055 - pcp: Could not find `cid` for [DMF and ethanol]
2025-01-07 17:26:22,396 - pcp: Could not find `cid` for [H4LV]
2025-01-07 17:26:22,731 - pcp: Could not find `cid` for [DMF and H2O]
2025-01-07 17:26:23,051 - pcp: Could not find `cid` for [H3L]
2025-01-07 17:26:23,393 - pcp: Could not find `cid` for [Co(Ac)2·4H2O]
2025-01-07 17:26:23,731 - pcp: Could not find `cid` for [NH4VO3]
2025-01-07 17:26:24,068 - pcp: Could not find `cid` for [H4tpta]
2025-01-07 17:26:24,418 - pcp: Could not find `cid` for [H2nip]
2025-01-07 17:26:24,830 - pcp: Could not find `cid` for [Et4NOH]
2025-01-07 17:26:25,162 - pcp: Could not find `cid` for [N,N‐dimethylformamide]
2025-01-07 17:26:25,518 - pcp: Could not find `cid` for [Cd(NO3)2·4H]
2025-01-07 17:26:25,858 - pcp: Could not find `cid` for [distilled H2O]
2025-01-07 17:26:26,207 - pcp: Could not find `cid` for [MnCl2·H2O]
2025-01-07 17:26:26,602 - pcp: Could not find `cid` for [DMF/H2O]
2025-01-07 17:26:26,922 - pcp: Could not find `cid` for [2]
2025-01-07 17:26:27,271 - pcp: Could not find `cid` for [aqueous NaOH solution]
2025-01-07 17:26:27,610 - pcp: Could not find `cid` for [H4TSTC]
2025-01-07 17:26:27,950 - pcp: Could not find `cid` for [Cd2C40H74N]
2025-01-07 17:26:28,319 - pcp: Could not find `cid` for [DMF/NMP/pyridine]
2025-01-07 17:26:28,647 - pcp: Could not find `cid` for [DMF/CH3CH2OH/H]
2025-01-07 17:26:28,971 - pcp: Could not find `cid` for [Cu(NO3)2·3H]
2025-01-07 17:26:29,287 - pcp: Could not find `cid` for [DMF, EtOH]
2025-01-07 17:26:29,644 - pcp: Could not find `cid` for [Htz]
2025-01-07 17:26:29,961 - pcp: Could not find `cid` for [mixed methanol–water solution]
2025-01-07 17:26:30,302 - pcp: Could not find `cid` for [Cu(NO3)2·2.]
2025-01-07 17:26:30,713 - pcp: Could not find `cid` for [Zn(NO3)2·6H]
2025-01-07 17:26:31,086 - pcp: Could not find `cid` for [phenyl)pyridine]
2025-01-07 17:26:31,442 - pcp: Could not find `cid` for [L1-H8]
2025-01-07 17:26:31,778 - pcp: Could not find `cid` for [H4BDDC]
2025-01-07 17:26:32,138 - pcp: Could not find `cid` for [CoCl2·6H2O]
2025-01-07 17:26:32,813 - pcp: Could not find `cid` for [H4L]
2025-01-07 17:26:33,131 - pcp: Could not find `cid` for [DMF/EtOH/H2O]
2025-01-07 17:26:33,493 - pcp: Could not find `cid` for [InCl3·4H2O]
2025-01-07 17:26:33,876 - pcp: Could not find `cid` for [H3L2]
2025-01-07 17:26:34,225 - pcp: Could not find `cid` for [Co(NO3)2·6H2]
2025-01-07 17:26:34,560 - pcp: Could not find `cid` for [H2O/CH3OH]
2025-01-07 17:26:34,879 - pcp: Could not find `cid` for [H2O/MeCN]
