2024-12-27 23:28:06,947 - pcp: Could not find `cid` for [DMF/H2O (3 mL, ]
2024-12-27 23:28:07,616 - pcp: Could not find `cid` for [EtOH:H2O (1:1)]
2024-12-27 23:28:07,936 - pcp: Could not find `cid` for [N,N\u02b0-methylformamide]
2024-12-27 23:28:08,253 - pcp: Could not find `cid` for [H2BDC]
2024-12-27 23:28:08,882 - pcp: Could not find `cid` for [DMF/H2O]
2024-12-27 23:28:09,214 - pcp: Could not find `cid` for [Zn(NO3)2\u22c6]
2024-12-27 23:28:09,531 - pcp: Could not find `cid` for [EtOH/DMF]
2024-12-27 23:28:09,865 - pcp: Could not find `cid` for [H4BDDC]
2024-12-27 23:28:10,201 - pcp: Could not find `cid` for [DMF (1 mL), EtOH (0]
2024-12-27 23:28:10,542 - pcp: Could not find `cid` for [dmurea]
2024-12-27 23:28:10,863 - pcp: Could not find `cid` for [water and MeOH]
2024-12-27 23:28:11,202 - pcp: Could not find `cid` for [DMF, methanol, H2O (]
2024-12-27 23:28:11,525 - pcp: Could not find `cid` for [H2O/CH3OH]
2024-12-27 23:28:11,842 - pcp: Could not find `cid` for [H2O/CH3OH = 3]
2024-12-27 23:28:12,164 - pcp: Could not find `cid` for [DMF/EtOH]
2024-12-27 23:28:12,496 - pcp: Could not find `cid` for [DMF: H2O]
2024-12-27 23:28:12,816 - pcp: Could not find `cid` for [CdBr2\u00b4\u20042]
2024-12-27 23:28:13,134 - pcp: Could not find `cid` for [methanol/water (V1:1)]
2024-12-27 23:28:13,458 - pcp: Could not find `cid` for [1.5 ml benzene and 0.]
2024-12-27 23:28:13,795 - pcp: Could not find `cid` for [N,N-Dimethyl Formamide (DMF]
2024-12-27 23:28:14,113 - pcp: Could not find `cid` for [H4L2]
2024-12-27 23:28:14,451 - pcp: Could not find `cid` for [Hta (21.0 mg, 0]
2024-12-27 23:28:14,782 - pcp: Could not find `cid` for [doubly deionized water (8.]
2024-12-27 23:28:15,782 - pcp: Could not find `cid` for [DMF:6 M HCl (1.]
2024-12-27 23:28:16,143 - pcp: Could not find `cid` for [water:dmf=1:1]
2024-12-27 23:28:16,463 - pcp: Could not find `cid` for [water-ACN]
2024-12-27 23:28:16,796 - pcp: Could not find `cid` for [NaOH (3 mg), KOH (4]
2024-12-27 23:28:17,142 - pcp: Could not find `cid` for [N,N-dimethylacetamide/methanol]
2024-12-27 23:28:17,457 - pcp: Could not find `cid` for [Mn(NO3)2·4H2]
2024-12-27 23:28:18,102 - pcp: Could not find `cid` for [H4EBTC]
2024-12-27 23:28:18,434 - pcp: Could not find `cid` for [DMF/H2O (v/v = ]
2024-12-27 23:28:18,748 - pcp: Could not find `cid` for [DMF/H2O (1/2,]
2024-12-27 23:28:19,066 - pcp: Could not find `cid` for [DMF/H2O (4:2 vol]
2024-12-27 23:28:19,400 - pcp: Could not find `cid` for [water and acetonitrile]
2024-12-27 23:28:19,738 - pcp: Could not find `cid` for [DMF and H2O]
2024-12-27 23:28:20,074 - pcp: Could not find `cid` for [Zn(NO3)2·6H2]
2024-12-27 23:28:20,397 - pcp: Could not find `cid` for [DMF/ethanol]
2024-12-27 23:28:20,875 - pcp: Could not find `cid` for [DMF/MeOH/H2O (3]
2024-12-27 23:28:21,191 - pcp: Could not find `cid` for [DMF\\\\u202fEtOH\\\\u]
2024-12-27 23:28:21,619 - pcp: Could not find `cid` for [H4qptc]
2024-12-27 23:28:21,938 - pcp: Could not find `cid` for [water/DMF (1:1)]
2024-12-27 23:28:22,258 - pcp: Could not find `cid` for [1-methyl-2-pyrrolidin]
2024-12-27 23:28:22,922 - pcp: Could not find `cid` for [N,N\u2019-dimethylformamide]
2024-12-27 23:28:23,252 - pcp: Could not find `cid` for [ammonia (25 wt.%)]
2024-12-27 23:28:23,584 - pcp: Could not find `cid` for [H4PANAD]
2024-12-27 23:28:23,905 - pcp: Could not find `cid` for [DMF and ethanol]
2024-12-27 23:28:24,236 - pcp: Could not find `cid` for [H2L]
2024-12-27 23:28:24,551 - pcp: Could not find `cid` for [water\u2013ethanol]
2024-12-27 23:28:24,888 - pcp: Could not find `cid` for [H3PMo12O40\\u202]
2024-12-27 23:28:25,232 - pcp: Could not find `cid` for [H3tci]
2024-12-27 23:28:25,553 - pcp: Could not find `cid` for [DMF/NMP/pyridine]
2024-12-27 23:28:25,871 - pcp: Could not find `cid` for [6 M HCl]
2024-12-27 23:28:26,211 - pcp: Could not find `cid` for [DMF (7.0 mL) and H]
2024-12-27 23:28:26,554 - pcp: Could not find `cid` for [18 M HNO3]
2024-12-27 23:28:26,889 - pcp: Could not find `cid` for [H2O/1,4-dioxane]
2024-12-27 23:28:27,204 - pcp: Could not find `cid` for [H2L (21 mg, 0.]
2024-12-27 23:28:27,544 - pcp: Could not find `cid` for [DMF-CH3OH]
2024-12-27 23:28:27,876 - pcp: Could not find `cid` for [acetonitrile, H2O]
2024-12-27 23:28:28,505 - pcp: Could not find `cid` for [beneze]
2024-12-27 23:28:29,177 - pcp: Could not find `cid` for [DMF, H2O]
2024-12-27 23:28:29,514 - pcp: Could not find `cid` for [Ba(NO3)2 (31.36 mg]
2024-12-27 23:28:29,829 - pcp: Could not find `cid` for [H2O (5 mL) and DMF]
2024-12-27 23:28:30,148 - pcp: Could not find `cid` for [def/H2O]
2024-12-27 23:28:30,476 - pcp: Could not find `cid` for [Htrz]
2024-12-27 23:28:30,797 - pcp: Could not find `cid` for [DMF:H2O]
2024-12-27 23:28:31,112 - pcp: Could not find `cid` for [DMF, EtOH (99%), water]
2024-12-27 23:28:31,428 - pcp: Could not find `cid` for [Cu(NO3)2\u22c75H]
2024-12-27 23:28:31,751 - pcp: Could not find `cid` for [DMF, MeOH, H2O]
2024-12-27 23:28:32,090 - pcp: Could not find `cid` for [H4L4]
2024-12-27 23:28:32,441 - pcp: Could not find `cid` for [H3BTTC]
2024-12-27 23:28:33,132 - pcp: Could not find `cid` for [n-C4H10OH]
2024-12-27 23:28:33,453 - pcp: Could not find `cid` for [EtOH/H2O]
2024-12-27 23:28:33,790 - pcp: Could not find `cid` for [3 mL DMF and 2 mL H2]
2024-12-27 23:28:34,124 - pcp: Could not find `cid` for [DMF,NMP]
2024-12-27 23:28:34,787 - pcp: Could not find `cid` for [distilled H2O]
2024-12-27 23:28:35,136 - pcp: Could not find `cid` for [H2O/DMF/dioxane]
2024-12-27 23:28:35,501 - pcp: Could not find `cid` for [1.0 M HCl]
2024-12-27 23:28:36,143 - pcp: Could not find `cid` for [water/CH3CN]
2024-12-27 23:28:36,476 - pcp: Could not find `cid` for [DMF/H2O (3:1,]
2024-12-27 23:28:36,793 - pcp: Could not find `cid` for [Co(NO3)2 6H2O]
2024-12-27 23:28:37,127 - pcp: Could not find `cid` for [EtOH (5 ml), H2O (]
2024-12-27 23:28:37,444 - pcp: Could not find `cid` for [N,N′-dimethylacetamide]
2024-12-27 23:28:37,781 - pcp: Could not find `cid` for [HCl (2 M, 0.3]
2024-12-27 23:28:38,430 - pcp: Could not find `cid` for [H2nip]
2024-12-27 23:28:38,747 - pcp: Could not find `cid` for [H2O,CH3CH2OH]
2024-12-27 23:28:39,084 - pcp: Could not find `cid` for [H3TBOT]
2024-12-27 23:28:39,402 - pcp: Could not find `cid` for [DMF:NMP:FA]
2024-12-27 23:28:40,039 - pcp: Could not find `cid` for [H2O/DMF]
2024-12-27 23:28:40,399 - pcp: Could not find `cid` for [N,N-dimethylformamide/EtOH]
2024-12-27 23:28:40,715 - pcp: Could not find `cid` for [H4L]
2024-12-27 23:28:41,051 - pcp: Could not find `cid` for [H2O:DMF]
2024-12-27 23:28:41,387 - pcp: Could not find `cid` for [DMF/EtOH/MeCN/H2]
2024-12-27 23:28:42,040 - pcp: Could not find `cid` for [DMF/CH3COOH]
2024-12-27 23:28:42,361 - pcp: Could not find `cid` for [H2O/EtOH]
2024-12-27 23:28:42,698 - pcp: Could not find `cid` for [5 mL distilled H2O]
2024-12-27 23:28:43,039 - pcp: Could not find `cid` for [CoSO4\u202f7 H2O]
2024-12-27 23:28:43,355 - pcp: Could not find `cid` for [DMF/H2O (6 mL/2]
2024-12-27 23:28:43,677 - pcp: Could not find `cid` for [DMF/H2O (2:1)]
2024-12-27 23:28:44,013 - pcp: Could not find `cid` for [H3btc]
2024-12-27 23:28:44,686 - pcp: Could not find `cid` for [H2O (4 mL), MeOH (]
2024-12-27 23:28:45,338 - pcp: Could not find `cid` for [ammonia:MeCN]
2024-12-27 23:28:45,653 - pcp: Could not find `cid` for [DMF/MeCN/H2O (1]
2024-12-27 23:28:45,969 - pcp: Could not find `cid` for [DMF, distilled water, ethanol]
2024-12-27 23:28:46,315 - pcp: Could not find `cid` for [bpmp]
2024-12-27 23:28:46,982 - pcp: Could not find `cid` for [H4BBTC]
2024-12-27 23:28:47,299 - pcp: Could not find `cid` for [DMF, methanol, HNO3]
2024-12-27 23:28:47,612 - pcp: Could not find `cid` for [DMF (6.0 mL) and H]
2024-12-27 23:28:47,936 - pcp: Could not find `cid` for [H3ABTC]
2024-12-27 23:28:48,269 - pcp: Could not find `cid` for [H2C2O4\u00b72]
2024-12-27 23:28:48,584 - pcp: Could not find `cid` for [H2O/glycol (14:1]
2024-12-27 23:28:48,915 - pcp: Could not find `cid` for [Cu(NO3)2\u22c5 ]
2024-12-27 23:28:49,247 - pcp: Could not find `cid` for [DMF/H2O (9/1,]
2024-12-27 23:28:49,583 - pcp: Could not find `cid` for [DMSO/H2O]
2024-12-27 23:28:49,920 - pcp: Could not find `cid` for [Cu(NO3)2·3H2O]
2024-12-27 23:28:50,242 - pcp: Could not find `cid` for [DMF, methanol and H2O (]
2024-12-27 23:28:50,562 - pcp: Could not find `cid` for [H2O, HNO3]
2024-12-27 23:28:51,230 - pcp: Could not find `cid` for [DMF/EtOH/H2O (2]
2024-12-27 23:28:51,564 - pcp: Could not find `cid` for [CH3CH2OH/CH3OH]
2024-12-27 23:28:51,903 - pcp: Could not find `cid` for [5.0 mL]
2024-12-27 23:28:52,239 - pcp: Could not find `cid` for [EtOH:H2O]
2024-12-27 23:28:52,557 - pcp: Could not find `cid` for [DMF/CH3CH2OH/H2]
2024-12-27 23:28:52,893 - pcp: Could not find `cid` for [DMF,dioxane,H2O]
2024-12-27 23:28:53,207 - pcp: Could not find `cid` for [0.016 g NaOH, 0.]
2024-12-27 23:28:53,523 - pcp: Could not find `cid` for [CH3CN/CH3OH/H2O]
2024-12-27 23:28:53,856 - pcp: Could not find `cid` for [DMF/MeOH/H2O]
2024-12-27 23:28:54,193 - pcp: Could not find `cid` for [water/ethanol]
2024-12-27 23:28:54,513 - pcp: Could not find `cid` for [aqueous]
2024-12-27 23:28:54,864 - pcp: Could not find `cid` for [Mg(NO3)2·6H2]
2024-12-27 23:28:55,177 - pcp: Could not find `cid` for [DEF/H2O]
2024-12-27 23:28:55,507 - pcp: Could not find `cid` for [distilled water, ethanol]
2024-12-27 23:28:55,842 - pcp: Could not find `cid` for [H2O, MeCN]
2024-12-27 23:28:56,160 - pcp: Could not find `cid` for [water and ethanol]
2024-12-27 23:28:56,483 - pcp: Could not find `cid` for [DMF, water]
2024-12-27 23:28:56,801 - pcp: Could not find `cid` for [dilute sodium hydroxide]
2024-12-27 23:28:57,129 - pcp: Could not find `cid` for [TEA]
2024-12-27 23:28:57,460 - pcp: Could not find `cid` for [Eu(NO3)3]
2024-12-27 23:28:58,110 - pcp: Could not find `cid` for [NaHCOO\u2009\u00]
2024-12-27 23:28:58,422 - pcp: Could not find `cid` for [DMF/CH3CN]
2024-12-27 23:28:59,968 - pcp: Could not find `cid` for [Ba(NO3)2]
2024-12-27 23:29:00,307 - pcp: Could not find `cid` for [DMF, EtOH, H2O]
2024-12-27 23:29:00,626 - pcp: Could not find `cid` for [Na2WO4\u20092H2O]
2024-12-27 23:29:00,961 - pcp: Could not find `cid` for [CuCl2\u22c5\u22122]
2024-12-27 23:29:01,279 - pcp: Could not find `cid` for [DMF, acetonitrile and H2]
2024-12-27 23:29:01,614 - pcp: Could not find `cid` for [DMF, C2H5OH, H]
2024-12-27 23:29:01,929 - pcp: Could not find `cid` for [2 drops of HNO3 (0.1]
2024-12-27 23:29:02,265 - pcp: Could not find `cid` for [DMF (5 mL)]
2024-12-27 23:29:02,578 - pcp: Could not find `cid` for [None]
2024-12-27 23:29:02,920 - pcp: Could not find `cid` for [Zn(CH3COO)2·2]
2024-12-27 23:29:03,240 - pcp: Could not find `cid` for [Cu(NO3)2·2.5 H]
2024-12-27 23:29:03,562 - pcp: Could not find `cid` for [dmf/H2O (3 mL/1]
2024-12-27 23:29:03,878 - pcp: Could not find `cid` for [H2pdc, Na2MoO4]
2024-12-27 23:29:04,198 - pcp: Could not find `cid` for [aqueous mixture]
2024-12-27 23:29:04,536 - pcp: Could not find `cid` for [DMF and 1 mL of CH3CN]
2024-12-27 23:29:04,860 - pcp: Could not find `cid` for [H4DBIP]
2024-12-27 23:29:05,529 - pcp: Could not find `cid` for [H3PMo12O40\u00b]
2024-12-27 23:29:05,842 - pcp: Could not find `cid` for [pyridine-2,5-dicar]
2024-12-27 23:29:06,157 - pcp: Could not find `cid` for [Zn(NO3)2\u22126H]
2024-12-27 23:29:06,489 - pcp: Could not find `cid` for [DMF:EtOH=2:1]
2024-12-27 23:29:06,822 - pcp: Could not find `cid` for [DMF, CH3OH]
2024-12-27 23:29:07,158 - pcp: Could not find `cid` for [MeCN/H2O]
2024-12-27 23:29:07,477 - pcp: Could not find `cid` for [DMF/C2H5OH/H2O]
2024-12-27 23:29:07,787 - pcp: Could not find `cid` for [Cd(NO3)2\\u00b74]
2024-12-27 23:29:08,120 - pcp: Could not find `cid` for [THF/H2O]
2024-12-27 23:29:08,459 - pcp: Could not find `cid` for [DMF (2 mL) and EtOH (]
2024-12-27 23:29:08,793 - pcp: Could not find `cid` for [DMF--ethanol--water]
2024-12-27 23:29:09,117 - pcp: Could not find `cid` for [Zn(NO3)2\u00b26]
2024-12-27 23:29:09,433 - pcp: Could not find `cid` for [DMF/CH3OH/H2O (]
2024-12-27 23:29:09,788 - pcp: Could not find `cid` for [H4abtc]
2024-12-27 23:29:10,127 - pcp: Could not find `cid` for [an aliquot of HNO3 in EtOH]
2024-12-27 23:29:10,445 - pcp: Could not find `cid` for [MeCN:H2O (4:2,]
2024-12-27 23:29:10,789 - pcp: Could not find `cid` for [NaOH or KOH (10 mol·l]
2024-12-27 23:29:11,110 - pcp: Could not find `cid` for [v:v =]
2024-12-27 23:29:11,451 - pcp: Could not find `cid` for [Zn(OAc)2\*H2]
2024-12-27 23:29:11,791 - pcp: Could not find `cid` for [one drop of 6N HNO3]
2024-12-27 23:29:12,123 - pcp: Could not find `cid` for [DMF:water]
2024-12-27 23:29:12,438 - pcp: Could not find `cid` for [H4ABTC]
2024-12-27 23:29:12,756 - pcp: Could not find `cid` for [DMF/ethanol/H2O]
2024-12-27 23:29:13,090 - pcp: Could not find `cid` for [H2O and CH3CN]
2024-12-27 23:29:13,410 - pcp: Could not find `cid` for [distilled water and ethanol]
2024-12-27 23:29:13,748 - pcp: Could not find `cid` for [8 mL]
2024-12-27 23:29:14,083 - pcp: Could not find `cid` for [water and CH3CN]
2024-12-27 23:29:14,422 - pcp: Could not find `cid` for [DMF, ethanol, H2O]
2024-12-27 23:29:14,754 - pcp: Could not find `cid` for [water and 0.2 mL of Et4]
2024-12-27 23:29:15,409 - pcp: Could not find `cid` for [sodium acetate buffer]
2024-12-27 23:29:15,727 - pcp: Could not find `cid` for [LiOH·H2O]
2024-12-27 23:29:16,396 - pcp: Could not find `cid` for [7.5 mL]
2024-12-27 23:29:17,037 - pcp: Could not find `cid` for [dmf/CH3OH]
2024-12-27 23:29:17,373 - pcp: Could not find `cid` for [Cu(NO3)2\u20096 H2]
2024-12-27 23:29:17,701 - pcp: Could not find `cid` for [water\u2013ethanol (2:1]
2024-12-27 23:29:18,035 - pcp: Could not find `cid` for [H2pdc]
2024-12-27 23:29:18,372 - pcp: Could not find `cid` for [DMF/EtOH/pyridine (1]
2024-12-27 23:29:18,688 - pcp: Could not find `cid` for [formic acid solution (88%)]
2024-12-27 23:29:19,003 - pcp: Could not find `cid` for [DMF/H2O/C2H5OH]
2024-12-27 23:29:20,009 - pcp: Could not find `cid` for [DMF (1 mL), N(Et)]
2024-12-27 23:29:20,337 - pcp: Could not find `cid` for [H4btec (0.1 mmol]
2024-12-27 23:29:20,678 - pcp: Could not find `cid` for [DMF, MeOH]
2024-12-27 23:29:20,998 - pcp: Could not find `cid` for [In(NO3)3\\u202f4]
2024-12-27 23:29:21,323 - pcp: Could not find `cid` for [HCOOH, DMF, DEF]
2024-12-27 23:29:21,669 - pcp: Could not find `cid` for [H2O/MeCN]
2024-12-27 23:29:22,002 - pcp: Could not find `cid` for [DMF/MeCN/H2O]
2024-12-27 23:29:22,336 - pcp: Could not find `cid` for [DMF, methanol, water]
2024-12-27 23:29:22,659 - pcp: Could not find `cid` for [tetrahydrofuran (THF)]
2024-12-27 23:29:22,979 - pcp: Could not find `cid` for [DMF and EtOH]
2024-12-27 23:29:23,616 - pcp: Could not find `cid` for [CuCl2·2H2O]
2024-12-27 23:29:23,954 - pcp: Could not find `cid` for [N,N-dimethylformamide (DMF]
2024-12-27 23:29:24,306 - pcp: Could not find `cid` for [N,N'-dimethylformamide (DMF]
2024-12-27 23:29:24,636 - pcp: Could not find `cid` for [3 drops of concentrated nitric acid]
2024-12-27 23:29:24,977 - pcp: Could not find `cid` for [0.384 g of magnesium nitrate hexahy]
2024-12-27 23:29:25,313 - pcp: Could not find `cid` for [water (3 mL)]
2024-12-27 23:29:25,632 - pcp: Could not find `cid` for [H5bpbc]
2024-12-27 23:29:25,955 - pcp: Could not find `cid` for [doubly deionized water]
2024-12-27 23:29:26,290 - pcp: Could not find `cid` for [N,N\\u2032-dimethylform]
2024-12-27 23:29:26,619 - pcp: Could not find `cid` for [1 M HNO3]
2024-12-27 23:29:26,941 - pcp: Could not find `cid` for [DMF-C2H5OH-H2O]
2024-12-27 23:29:27,267 - pcp: Could not find `cid` for [DMF/DMSO (10 mL, v]
2024-12-27 23:29:27,599 - pcp: Could not find `cid` for [H4BCBAIP]
2024-12-27 23:29:27,936 - pcp: Could not find `cid` for [0.50 mL of a 1.0]
2024-12-27 23:29:28,267 - pcp: Could not find `cid` for [H8TBCB]
2024-12-27 23:29:28,918 - pcp: Could not find `cid` for [aqueous solution]
2024-12-27 23:29:29,252 - pcp: Could not find `cid` for [10 mL]
2024-12-27 23:29:29,591 - pcp: Could not find `cid` for [CH3N2CH3]
2024-12-27 23:29:30,225 - pcp: Could not find `cid` for [H4btadpa]
2024-12-27 23:29:30,537 - pcp: Could not find `cid` for [DMF:EtOH]
2024-12-27 23:29:30,853 - pcp: Could not find `cid` for [H2O (10 mL)]
2024-12-27 23:29:31,168 - pcp: Could not find `cid` for [DMF/EtOH/H2O]
2024-12-27 23:29:31,508 - pcp: Could not find `cid` for [mineralization triethylamine]
2024-12-27 23:29:31,835 - pcp: Could not find `cid` for [DMF/MeOH/H2O/DMS]
2024-12-27 23:29:32,151 - pcp: Could not find `cid` for [H4TADIP]
2024-12-27 23:29:32,483 - pcp: Could not find `cid` for [N,N\'-dimethylformamide (DM]
2024-12-27 23:29:32,816 - pcp: Could not find `cid` for [DEF/MeOH]
2024-12-27 23:29:33,154 - pcp: Could not find `cid` for [Zn(Ac)2\u20222]
2024-12-27 23:29:33,496 - pcp: Could not find `cid` for [100 μL of 6 mol L−1]
2024-12-27 23:29:33,831 - pcp: Could not find `cid` for [DMF (1.5 mL), CH3]
2024-12-27 23:29:34,152 - pcp: Could not find `cid` for [Cu(NO3)2\\u00b72]
2024-12-27 23:29:34,516 - pcp: Could not find `cid` for [1,3-bis(4-pyrid]
2024-12-27 23:29:34,834 - pcp: Could not find `cid` for [1:1 (v/v) mixture of meth]
2024-12-27 23:29:35,170 - pcp: Could not find `cid` for [Teflon reactor]
2024-12-27 23:29:35,504 - pcp: Could not find `cid` for [N,N\u2032-dimethylformamide]
2024-12-27 23:29:35,837 - pcp: Could not find `cid` for [CH3OH/H2O]
2024-12-27 23:29:36,485 - pcp: Could not find `cid` for [CH3OH DMF]
2024-12-27 23:29:36,805 - pcp: Could not find `cid` for [10 mL aqueous solution]
2024-12-27 23:29:37,143 - pcp: Could not find `cid` for [1,9-\u2009diamin]
2024-12-27 23:29:37,481 - pcp: Could not find `cid` for [N,N\u2032-diethylformamide (]
2024-12-27 23:29:37,797 - pcp: Could not find `cid` for [Cd(NO3)2·4H2O]
2024-12-27 23:29:38,109 - pcp: Could not find `cid` for [DMF/H2O (1:3)]
2024-12-27 23:29:38,438 - pcp: Could not find `cid` for [v/v = 2:1]
2024-12-27 23:29:38,791 - pcp: Could not find `cid` for [Cd(NO3)2\u00b44H]
2024-12-27 23:29:39,129 - pcp: Could not find `cid` for [DMF+MeOH]
2024-12-27 23:29:39,764 - pcp: Could not find `cid` for [Zn(Ac)2\u20226H]
2024-12-27 23:29:40,102 - pcp: Could not find `cid` for [o-phenanthroline (o-Ph]
2024-12-27 23:29:40,426 - pcp: Could not find `cid` for [aqueous solution of AgPF6]
2024-12-27 23:29:40,755 - pcp: Could not find `cid` for [DMF/H2O (6 mL, ]
2024-12-27 23:29:41,094 - pcp: Could not find `cid` for [DEF/EG/Toluene]
2024-12-27 23:29:41,417 - pcp: Could not find `cid` for [CuCl2\u22c5H2O]
2024-12-27 23:29:41,736 - pcp: Could not find `cid` for [DMF and CH3CN]
2024-12-27 23:29:42,074 - pcp: Could not find `cid` for [FeTCP-Cl]
2024-12-27 23:29:42,411 - pcp: Could not find `cid` for [N,N-diethylformamide (DEF)]
2024-12-27 23:29:42,747 - pcp: Could not find `cid` for [H2O and EtOH]
2024-12-27 23:29:43,071 - pcp: Could not find `cid` for [Cu(NO3)2⋅3H]
2024-12-27 23:29:43,390 - pcp: Could not find `cid` for [DMF, EtOH (abs.), pyrid]
2024-12-27 23:29:43,727 - pcp: Could not find `cid` for [H4BTC]
2024-12-27 23:29:44,039 - pcp: Could not find `cid` for [N,N-dimethylacetamide, methanol]
2024-12-27 23:29:45,138 - pcp: Could not find `cid` for [DMF:NMP:pyridine]
2024-12-27 23:29:45,455 - pcp: Could not find `cid` for [DMF: DMSO=10:2]
2024-12-27 23:29:45,771 - pcp: Could not find `cid` for [1,3,5-triazine-2]
2024-12-27 23:29:46,084 - pcp: Could not find `cid` for [DMF/methanol/H2O = ]
2024-12-27 23:29:46,750 - pcp: Could not find `cid` for [H2O, DMF]
2024-12-27 23:29:47,070 - pcp: Could not find `cid` for [DMF/NMP]
2024-12-27 23:29:47,402 - pcp: Could not find `cid` for [H2nip (0.1 mmol),]
2024-12-27 23:29:47,742 - pcp: Could not find `cid` for [7.5 mL v/v = 1:]
2024-12-27 23:29:48,080 - pcp: Could not find `cid` for [imineodiacetic acid]
2024-12-27 23:29:48,399 - pcp: Could not find `cid` for [L3-H8]
2024-12-27 23:29:48,748 - pcp: Could not find `cid` for [DMF, H2O, HCl]
2024-12-27 23:29:49,081 - pcp: Could not find `cid` for [DEA and ethanol]
2024-12-27 23:29:49,415 - pcp: Could not find `cid` for [EtOH/H2O (1:1)]
2024-12-27 23:29:49,727 - pcp: Could not find `cid` for [ammonia solution (25% to 28]
2024-12-27 23:29:50,049 - pcp: Could not find `cid` for [H2O (3 mL) and DMF]
2024-12-27 23:29:50,381 - pcp: Could not find `cid` for [DEF/EtOH/H2O (8 mL]
2024-12-27 23:29:50,721 - pcp: Could not find `cid` for [bmib]
2024-12-27 23:29:51,036 - pcp: Could not find `cid` for [H3BTN (8.3 mg, ]
2024-12-27 23:29:51,374 - pcp: Could not find `cid` for [N,N\u2019-diethylformamide (]
2024-12-27 23:29:51,692 - pcp: Could not find `cid` for [H3IDC]
2024-12-27 23:29:52,037 - pcp: Could not find `cid` for [DMF, dioxane, H2O]
2024-12-27 23:29:52,381 - pcp: Could not find `cid` for [HFP]
2024-12-27 23:29:53,078 - pcp: Could not find `cid` for [DMF/ethanol (1/4,]
2024-12-27 23:29:53,392 - pcp: Could not find `cid` for [NH3·H2O]
2024-12-27 23:29:53,726 - pcp: Could not find `cid` for [DMF/H2O (3/1,]
2024-12-27 23:29:54,131 - pcp: Could not find `cid` for [La(NO3)3\u00b66H]
2024-12-27 23:29:54,465 - pcp: Could not find `cid` for [NaH2sip]
2024-12-27 23:29:54,783 - pcp: Could not find `cid` for [CH3OH, H2O]
2024-12-27 23:29:55,131 - pcp: Could not find `cid` for [DMF: DMSO: H2O]
2024-12-27 23:29:55,776 - pcp: Could not find `cid` for [Cd(OAc)2\u00b72H]
2024-12-27 23:29:56,095 - pcp: Could not find `cid` for [10.00 g]
2024-12-27 23:29:56,428 - pcp: Could not find `cid` for [40% HBF4]
2024-12-27 23:29:56,745 - pcp: Could not find `cid` for [DMF: H2O: MeOH =]
2024-12-27 23:29:57,082 - pcp: Could not find `cid` for [bimb]
2024-12-27 23:29:57,420 - pcp: Could not find `cid` for [DMF (5 mL) and chlorobenz]
2024-12-27 23:29:57,759 - pcp: Could not find `cid` for [16.0 mL]
2024-12-27 23:29:58,092 - pcp: Could not find `cid` for [50% (CH3)4NOH solution]
2024-12-27 23:29:58,423 - pcp: Could not find `cid` for [water/methanol mixture]
2024-12-27 23:29:58,764 - pcp: Could not find `cid` for [H2atpa]
2024-12-27 23:29:59,100 - pcp: Could not find `cid` for [H2pydc, triethylamine]
2024-12-27 23:29:59,415 - pcp: Could not find `cid` for [H2O/CH3CN]
2024-12-27 23:29:59,752 - pcp: Could not find `cid` for [DMF/H2O (10 mL, ]
2024-12-27 23:30:00,063 - pcp: Could not find `cid` for [H2O-EtOH]
2024-12-27 23:30:00,395 - pcp: Could not find `cid` for [CdCl2\u22ef2.5H]
2024-12-27 23:30:00,731 - pcp: Could not find `cid` for [0.30 mL]
2024-12-27 23:30:01,053 - pcp: Could not find `cid` for [N,N-dimethyl acetamide : deion]
2024-12-27 23:30:01,374 - pcp: Could not find `cid` for [DMF:CH3OH:water]
2024-12-27 23:30:01,712 - pcp: Could not find `cid` for [Zn(OAc)2·2H2]
2024-12-27 23:30:02,033 - pcp: Could not find `cid` for [DMF/H2O/MeOH]
2024-12-27 23:30:02,350 - pcp: Could not find `cid` for [DMF (4 mL) and MeOH (]
2024-12-27 23:30:02,678 - pcp: Could not find `cid` for [DMF/methanol (0.3/]
2024-12-27 23:30:02,995 - pcp: Could not find `cid` for [H3EIMDC]
2024-12-27 23:30:03,655 - pcp: Could not find `cid` for [3 mL]
2024-12-27 23:30:04,449 - pcp: Could not find `cid` for [millipore water]
2024-12-27 23:30:04,803 - pcp: Could not find `cid` for [1,4-dioxane/H2O]
2024-12-27 23:30:05,138 - pcp: Could not find `cid` for [DMF/CH3CN (8 mL;]
2024-12-27 23:30:05,456 - pcp: Could not find `cid` for [H3PMo12O40\u22c]
2024-12-27 23:30:05,774 - pcp: Could not find `cid` for [H2fum, glutamic acid]
2024-12-27 23:30:06,089 - pcp: Could not find `cid` for [DMF:MeOH]
2024-12-27 23:30:06,754 - pcp: Could not find `cid` for [H2ntd, Hmtz]
2024-12-27 23:30:07,062 - pcp: Could not find `cid` for [H2dnpdc]
2024-12-27 23:30:07,384 - pcp: Could not find `cid` for [H4BTC (0.127 g, ]
2024-12-27 23:30:07,721 - pcp: Could not find `cid` for [H2tbip]
2024-12-27 23:30:08,036 - pcp: Could not find `cid` for [Htz]
2024-12-27 23:30:09,036 - pcp: Could not find `cid` for [water and NaOH aqueous solution]
2024-12-27 23:30:09,373 - pcp: Could not find `cid` for [DMF/cyclohexanol/H2O]
2024-12-27 23:30:09,692 - pcp: Could not find `cid` for [CH3CN/H2O (3/4]
2024-12-27 23:30:10,351 - pcp: Could not find `cid` for [H4tpta]
2024-12-27 23:30:10,695 - pcp: Could not find `cid` for [DMF (3 mL), C2H5]
2024-12-27 23:30:11,169 - pcp: Could not find `cid` for [Pr6O11]
2024-12-27 23:30:11,488 - pcp: Could not find `cid` for [DMF+formic acid]
2024-12-27 23:30:11,819 - pcp: Could not find `cid` for [DMF/glycol/H2O (8]
2024-12-27 23:30:12,157 - pcp: Could not find `cid` for [DMF+H2O]
2024-12-27 23:30:12,500 - pcp: Could not find `cid` for [Hmtz]
2024-12-27 23:30:12,833 - pcp: Could not find `cid` for [N,N\u2032-dimethylacetamide]
2024-12-27 23:30:13,153 - pcp: Could not find `cid` for [DMF/CH3CN/H2O]
2024-12-27 23:30:13,487 - pcp: Could not find `cid` for [0.04 mmol of Co(NO3)]
2024-12-27 23:30:13,807 - pcp: Could not find `cid` for [7.5 mL H2O]
2024-12-27 23:30:14,127 - pcp: Could not find `cid` for [DMF/MeCN (4:1,]
2024-12-27 23:30:14,448 - pcp: Could not find `cid` for [H3IDC, bpy, KOH]
2024-12-27 23:30:14,790 - pcp: Could not find `cid` for [bpp]
2024-12-27 23:30:15,136 - pcp: Could not find `cid` for [10 ml]
2024-12-27 23:30:15,463 - pcp: Could not find `cid` for [bpz]
2024-12-27 23:30:15,782 - pcp: Could not find `cid` for [68% concentrated nitric acid]
2024-12-27 23:30:16,098 - pcp: Could not find `cid` for [dimethylformamide (3.0 mL),]
2024-12-27 23:30:16,751 - pcp: Could not find `cid` for [DEF, water, HCl]
2024-12-27 23:30:17,087 - pcp: Could not find `cid` for [0.096 g]
2024-12-27 23:30:17,408 - pcp: Could not find `cid` for [DMF/dioxane/H2O (4]
2024-12-27 23:30:17,726 - pcp: Could not find `cid` for [concentrated hydrochloric acid]
2024-12-27 23:30:18,038 - pcp: Could not find `cid` for [DMF/H2O (2.4 mL]
2024-12-27 23:30:18,353 - pcp: Could not find `cid` for [Cd(NO3)2\u22126H2]
2024-12-27 23:30:18,694 - pcp: Could not find `cid` for [1,4-naphthalenedicarbox]
2024-12-27 23:30:19,028 - pcp: Could not find `cid` for [H2O and aqueous NaOH]
2024-12-27 23:30:19,678 - pcp: Could not find `cid` for [Zinc nitrate hexahydrate (55]
2024-12-27 23:30:20,005 - pcp: Could not find `cid` for [KI]
2024-12-27 23:30:20,342 - pcp: Could not find `cid` for [0.062 g, 0.25 mm]
2024-12-27 23:30:20,661 - pcp: Could not find `cid` for [3 mL of water and 3 mL of gly]
2024-12-27 23:30:20,975 - pcp: Could not find `cid` for [NMP/dioxane/H2O]
