2025-01-07 17:29:04,500 - 
Paragraph: IQECIS_clean
Model: Phi 3 Mini 4k Instruct
Expected one of: ['Dimethylacetamide', 'Dimethylacetamid', 'DMA', 'methanol', 'CH3OH', 'Dioxane', 'Dioxan']
Got : DMA/CH3OH/1,4
Original text: CoSO4⋅7 H2O (0.029 g, 0.103 mmol), tpt (0.019 g, 0.061 mmol), and H3btb (0.021 g, 0.048 mmol) were added in the solvent mixture of N,N‐dimethylacetamide (DMA, 5 mL)/methanol (CH3OH, 5 mL)/1,4‐dioxane ...
2025-01-07 17:29:06,165 - 
Paragraph: NAFGOR_clean
Model: Phi 3 Mini 4k Instruct
Expected one of: ['DMA']
Got (Which appears in text!): ethanol
Original text: [Co(im)2·0.5DMA]∞ (7). Co(Ac)2·4H2O (1.245 g, 5.0 mmol), imidazole (0.68 g, 10 mmol), and piperazine (0.68 g, 8 mmol) were added to DMA (25 mL). The reaction mixture was stirred at room temperature fo...
2025-01-07 17:29:06,502 - 
Paragraph: MAZSUD_clean
Model: Phi 3 Mini 4k Instruct
Expected one of: ['Dimethylformamide', 'Dimethylformamid', 'DMF']
Got unresolvable (Which appears in text!): N,N‐dimethylformamide
Original text: Synthesis of Zn3(tz)2(bdc)2⋅x(DMF) (2): A mixture of Zn(NO3)2⋅6H2O (0.0800 g, 0.27 mmol), pyrazine(0.0150 g 0.19 mmol), 1,2,3–1H‐triazole (0.0400 g, 0.58 mmol), 1,4‐benzenedicarboxylic acid (0.0500 g ...
2025-01-07 17:29:06,835 - 
Paragraph: ILAGUY_charged
Model: Phi 3 Mini 4k Instruct
Expected one of: ['water', 'Distilled water', 'H2O', '8O']
Got unresolvable (Which appears in text!): distilled H2O
Original text: Cd(ClO4)2·6H2O (75 mg, 0.18 mmol), 3-bpmp (99 mg, 0.37 mmol) and diphenic acid (44 mg, 0.18 mmol) were placed into 5 mL distilled H2O in a 15 mL screw-cap vial. The vial was sealed and heated in an oi...
2025-01-07 17:29:07,151 - 
Paragraph: AVETEC_clean
Model: Phi 3 Mini 4k Instruct
Expected one of: ['DMF', 'H2O']
Got unresolvable (Which appears in text!): DMF/H2O
Original text:   A mixture of Cd(NO3)2·4H2O (0.02 mmol, 6.1 mg), H6L2 (0.01 mmol, 4.8 mg), HCl (0.15 mL, 1 mol L−1) and DMF/H2O (6 mL, 5/1, v/v) was sealed in a 23 mL Teflon-lined autoclave and heated at 90 °C for 7...
2025-01-07 17:29:07,151 - 
Paragraph: TUBJAD_clean
Model: Phi 3 Mini 4k Instruct
Expected one of: ['water', 'Distilled water', 'H2O']
Got unresolvable (Which appears in text!): distilled H2O
Original text: Cu(NO3)2·2.5H2O (88 mg, 0.38 mmol), isophthalic acid (63 mg, 0.38 mmol), 3-pmna (78 mg, 0.38 mmol) and 0.50 mL of a 1.0 M NaOH solution were placed into 10 mL distilled H2O in a Teflon-lined acid dige...
2025-01-07 17:29:07,834 - 
Paragraph: LUCKAX_clean
Model: Phi 3 Mini 4k Instruct
Expected one of: ['DMF', 'CH3CH2OH', 'S S', 'water', 'Distilled water', 'H2O']
Got unresolvable (Which appears in text!): DMF/CH3CH2OH/H
Original text: Cd(NO3)2·4H2O (25 mg, 0.26 mmol) was added to the DMF/CH3CH2OH/H2O (3:3:2, 4 ml) solution of H4L (15 mg, 0.45 mmol), and the mixture was stirred for ca. 20 min in air. Then it was heated at 75 °C for ...
2025-01-07 17:29:07,834 - 
Paragraph: HAFSOZ_clean
Model: Phi 3 Mini 4k Instruct
Expected one of: ['DMA', 'H2O']
Got (Which appears in text!): DMA and H2O
Original text:   Zn(NO3)2·6H2O (30 mg, 0.1 mmol), HO-H3BTC (11 mg, 0.05 mmol), and 4,4′-bipyridine (7.8 mg, 0.05 mmol) were dissolved in 4 mL of mixed solvent of DMA and H2O (1:1, v/v) in a 10 mL glass vial. After t...
2025-01-07 17:29:08,514 - 
Paragraph: NEFTUP_clean
Model: Phi 3 Mini 4k Instruct
Expected one of: ['H2O', 'H20', 'CH3OH']
Got unresolvable (Which appears in text!): H2O/CH3OH
Original text: Synthesis of 1 (Solvothermal Method): A mixture of Co(NO3)2·6H2O (0.12 mmol, 35 mg), NaN3 (0.2 mmol, 13 mg), and bib (0.1 mmol, 21 mg) was suspended in the solvent mixture (H2O/CH3OH = 3:4, 12 mL). Af...
2025-01-07 17:29:08,868 - 
Paragraph: GUJREK_clean
Model: Phi 3 Mini 4k Instruct
Expected one of: ['water', 'H2O', 'ACETONITRILE', 'Acetonitril', 'MeCN']
Got unresolvable (Which appears in text!): H2O/MeCN
Original text: The ∞3[Cu2ICu2II{H2O}2{(Me–trz–mba)2thio}2]Cl2 MOF samples were synthesized using solvothermal synthesis with H2O/MeCN (water/acetonitrile, volume ratio 1:1) as a solvent. A Teflon beaker was loaded w...
2025-01-07 17:29:08,870 - 
Paragraph: AVESOL_clean
Model: Phi 3 Mini 4k Instruct
Expected one of: ['DMF', 'H2O']
Got unresolvable (Which appears in text!): DMF/H2O
Original text:   A mixture of Zn(NO3)2·6H2O (0.045 mmol, 13.4 mg), H5L1 (0.018 mmol, 8.1 mg), HCl (0.15 mL, 1 mol L−1) and DMF/H2O (6 mL, 5/1, v/v) was sealed in a 23 mL Teflon-lined autoclave and heated at 90 °C fo...
