2024-12-27 23:41:19,013 - pcp: Could not find `cid` for [DMF/H2O (3 mL, ]
2024-12-27 23:41:19,664 - pcp: Could not find `cid` for [EtOH:H2O (1:1)]
2024-12-27 23:41:19,998 - pcp: Could not find `cid` for [N,N\u02b0-methylformamide]
2024-12-27 23:41:20,322 - pcp: Could not find `cid` for [H2BDC]
2024-12-27 23:41:20,972 - pcp: Could not find `cid` for [DMF/H2O]
2024-12-27 23:41:21,322 - pcp: Could not find `cid` for [Zn(NO3)2\u22c6]
2024-12-27 23:41:21,637 - pcp: Could not find `cid` for [EtOH/DMF]
2024-12-27 23:41:21,958 - pcp: Could not find `cid` for [H4BDDC]
2024-12-27 23:41:22,297 - pcp: Could not find `cid` for [DMF (1 mL), EtOH (0]
2024-12-27 23:41:22,629 - pcp: Could not find `cid` for [dmurea]
2024-12-27 23:41:22,960 - pcp: Could not find `cid` for [water and MeOH]
2024-12-27 23:41:23,274 - pcp: Could not find `cid` for [DMF, methanol, H2O (]
2024-12-27 23:41:23,609 - pcp: Could not find `cid` for [H2O/CH3OH]
2024-12-27 23:41:23,927 - pcp: Could not find `cid` for [H2O/CH3OH = 3]
2024-12-27 23:41:24,263 - pcp: Could not find `cid` for [DMF/EtOH]
2024-12-27 23:41:24,582 - pcp: Could not find `cid` for [DMF: H2O]
2024-12-27 23:41:24,907 - pcp: Could not find `cid` for [CdBr2\u00b4\u20042]
2024-12-27 23:41:25,241 - pcp: Could not find `cid` for [methanol/water (V1:1)]
2024-12-27 23:41:25,556 - pcp: Could not find `cid` for [1.5 ml benzene and 0.]
2024-12-27 23:41:25,873 - pcp: Could not find `cid` for [N,N-Dimethyl Formamide (DMF]
2024-12-27 23:41:26,204 - pcp: Could not find `cid` for [H4L2]
2024-12-27 23:41:26,539 - pcp: Could not find `cid` for [Hta (21.0 mg, 0]
2024-12-27 23:41:26,878 - pcp: Could not find `cid` for [doubly deionized water (8.]
2024-12-27 23:41:27,881 - pcp: Could not find `cid` for [DMF:6 M HCl (1.]
2024-12-27 23:41:28,226 - pcp: Could not find `cid` for [water:dmf=1:1]
2024-12-27 23:41:28,571 - pcp: Could not find `cid` for [water-ACN]
2024-12-27 23:41:28,907 - pcp: Could not find `cid` for [NaOH (3 mg), KOH (4]
2024-12-27 23:41:29,231 - pcp: Could not find `cid` for [N,N-dimethylacetamide/methanol]
2024-12-27 23:41:29,554 - pcp: Could not find `cid` for [Mn(NO3)2·4H2]
2024-12-27 23:41:30,225 - pcp: Could not find `cid` for [H4EBTC]
2024-12-27 23:41:30,560 - pcp: Could not find `cid` for [DMF/H2O (v/v = ]
2024-12-27 23:41:30,907 - pcp: Could not find `cid` for [DMF/H2O (1/2,]
2024-12-27 23:41:31,266 - pcp: Could not find `cid` for [DMF/H2O (4:2 vol]
2024-12-27 23:41:31,598 - pcp: Could not find `cid` for [water and acetonitrile]
2024-12-27 23:41:31,919 - pcp: Could not find `cid` for [DMF and H2O]
2024-12-27 23:41:32,254 - pcp: Could not find `cid` for [Zn(NO3)2·6H2]
2024-12-27 23:41:32,571 - pcp: Could not find `cid` for [DMF/ethanol]
2024-12-27 23:41:32,908 - pcp: Could not find `cid` for [DMF/MeOH/H2O (3]
2024-12-27 23:41:33,239 - pcp: Could not find `cid` for [DMF\\\\u202fEtOH\\\\u]
2024-12-27 23:41:33,575 - pcp: Could not find `cid` for [H4qptc]
2024-12-27 23:41:33,919 - pcp: Could not find `cid` for [water/DMF (1:1)]
2024-12-27 23:41:34,254 - pcp: Could not find `cid` for [1-methyl-2-pyrrolidin]
2024-12-27 23:41:34,893 - pcp: Could not find `cid` for [N,N\u2019-dimethylformamide]
2024-12-27 23:41:35,209 - pcp: Could not find `cid` for [ammonia (25 wt.%)]
2024-12-27 23:41:35,544 - pcp: Could not find `cid` for [H4PANAD]
2024-12-27 23:41:35,867 - pcp: Could not find `cid` for [DMF and ethanol]
2024-12-27 23:41:36,201 - pcp: Could not find `cid` for [H2L]
2024-12-27 23:41:36,543 - pcp: Could not find `cid` for [water\u2013ethanol]
2024-12-27 23:41:36,888 - pcp: Could not find `cid` for [H3PMo12O40\\u202]
2024-12-27 23:41:37,211 - pcp: Could not find `cid` for [H3tci]
2024-12-27 23:41:37,527 - pcp: Could not find `cid` for [DMF/NMP/pyridine]
2024-12-27 23:41:37,869 - pcp: Could not find `cid` for [6 M HCl]
2024-12-27 23:41:38,198 - pcp: Could not find `cid` for [DMF (7.0 mL) and H]
2024-12-27 23:41:38,536 - pcp: Could not find `cid` for [18 M HNO3]
2024-12-27 23:41:38,851 - pcp: Could not find `cid` for [H2O/1,4-dioxane]
2024-12-27 23:41:39,185 - pcp: Could not find `cid` for [H2L (21 mg, 0.]
2024-12-27 23:41:39,524 - pcp: Could not find `cid` for [DMF-CH3OH]
2024-12-27 23:41:39,864 - pcp: Could not find `cid` for [acetonitrile, H2O]
2024-12-27 23:41:40,509 - pcp: Could not find `cid` for [beneze]
2024-12-27 23:41:41,324 - pcp: Could not find `cid` for [DMF, H2O]
2024-12-27 23:41:41,652 - pcp: Could not find `cid` for [Ba(NO3)2 (31.36 mg]
2024-12-27 23:41:41,999 - pcp: Could not find `cid` for [H2O (5 mL) and DMF]
2024-12-27 23:41:42,331 - pcp: Could not find `cid` for [def/H2O]
2024-12-27 23:41:42,650 - pcp: Could not find `cid` for [Htrz]
2024-12-27 23:41:42,972 - pcp: Could not find `cid` for [DMF:H2O]
2024-12-27 23:41:43,295 - pcp: Could not find `cid` for [DMF, EtOH (99%), water]
2024-12-27 23:41:43,616 - pcp: Could not find `cid` for [Cu(NO3)2\u22c75H]
2024-12-27 23:41:43,951 - pcp: Could not find `cid` for [DMF, MeOH, H2O]
2024-12-27 23:41:44,279 - pcp: Could not find `cid` for [H4L4]
2024-12-27 23:41:44,618 - pcp: Could not find `cid` for [H3BTTC]
2024-12-27 23:41:45,267 - pcp: Could not find `cid` for [n-C4H10OH]
2024-12-27 23:41:45,589 - pcp: Could not find `cid` for [EtOH/H2O]
2024-12-27 23:41:45,911 - pcp: Could not find `cid` for [3 mL DMF and 2 mL H2]
2024-12-27 23:41:46,225 - pcp: Could not find `cid` for [DMF,NMP]
2024-12-27 23:41:46,883 - pcp: Could not find `cid` for [distilled H2O]
2024-12-27 23:41:47,215 - pcp: Could not find `cid` for [H2O/DMF/dioxane]
2024-12-27 23:41:47,555 - pcp: Could not find `cid` for [1.0 M HCl]
2024-12-27 23:41:48,207 - pcp: Could not find `cid` for [water/CH3CN]
2024-12-27 23:41:48,546 - pcp: Could not find `cid` for [DMF/H2O (3:1,]
2024-12-27 23:41:48,890 - pcp: Could not find `cid` for [Co(NO3)2 6H2O]
2024-12-27 23:41:49,228 - pcp: Could not find `cid` for [EtOH (5 ml), H2O (]
2024-12-27 23:41:49,568 - pcp: Could not find `cid` for [N,N′-dimethylacetamide]
2024-12-27 23:41:49,905 - pcp: Could not find `cid` for [HCl (2 M, 0.3]
2024-12-27 23:41:50,539 - pcp: Could not find `cid` for [H2nip]
2024-12-27 23:41:50,874 - pcp: Could not find `cid` for [H2O,CH3CH2OH]
2024-12-27 23:41:51,197 - pcp: Could not find `cid` for [H3TBOT]
2024-12-27 23:41:51,537 - pcp: Could not find `cid` for [DMF:NMP:FA]
2024-12-27 23:41:52,202 - pcp: Could not find `cid` for [H2O/DMF]
2024-12-27 23:41:52,547 - pcp: Could not find `cid` for [N,N-dimethylformamide/EtOH]
2024-12-27 23:41:52,887 - pcp: Could not find `cid` for [H4L]
2024-12-27 23:41:53,205 - pcp: Could not find `cid` for [H2O:DMF]
2024-12-27 23:41:53,525 - pcp: Could not find `cid` for [DMF/EtOH/MeCN/H2]
2024-12-27 23:41:54,178 - pcp: Could not find `cid` for [DMF/CH3COOH]
2024-12-27 23:41:54,495 - pcp: Could not find `cid` for [H2O/EtOH]
2024-12-27 23:41:54,810 - pcp: Could not find `cid` for [5 mL distilled H2O]
2024-12-27 23:41:55,129 - pcp: Could not find `cid` for [CoSO4\u202f7 H2O]
2024-12-27 23:41:55,448 - pcp: Could not find `cid` for [DMF/H2O (6 mL/2]
2024-12-27 23:41:55,783 - pcp: Could not find `cid` for [DMF/H2O (2:1)]
2024-12-27 23:41:56,123 - pcp: Could not find `cid` for [H3btc]
2024-12-27 23:41:56,775 - pcp: Could not find `cid` for [H2O (4 mL), MeOH (]
2024-12-27 23:41:57,452 - pcp: Could not find `cid` for [ammonia:MeCN]
2024-12-27 23:41:57,769 - pcp: Could not find `cid` for [DMF/MeCN/H2O (1]
2024-12-27 23:41:58,085 - pcp: Could not find `cid` for [DMF, distilled water, ethanol]
2024-12-27 23:41:58,432 - pcp: Could not find `cid` for [bpmp]
2024-12-27 23:41:59,102 - pcp: Could not find `cid` for [H4BBTC]
2024-12-27 23:41:59,437 - pcp: Could not find `cid` for [DMF, methanol, HNO3]
2024-12-27 23:41:59,754 - pcp: Could not find `cid` for [DMF (6.0 mL) and H]
2024-12-27 23:42:00,095 - pcp: Could not find `cid` for [H3ABTC]
2024-12-27 23:42:00,424 - pcp: Could not find `cid` for [H2C2O4\u00b72]
2024-12-27 23:42:00,761 - pcp: Could not find `cid` for [H2O/glycol (14:1]
2024-12-27 23:42:01,096 - pcp: Could not find `cid` for [Cu(NO3)2\u22c5 ]
2024-12-27 23:42:01,425 - pcp: Could not find `cid` for [DMF/H2O (9/1,]
2024-12-27 23:42:01,764 - pcp: Could not find `cid` for [DMSO/H2O]
2024-12-27 23:42:02,078 - pcp: Could not find `cid` for [Cu(NO3)2·3H2O]
2024-12-27 23:42:02,400 - pcp: Could not find `cid` for [DMF, methanol and H2O (]
2024-12-27 23:42:02,734 - pcp: Could not find `cid` for [H2O, HNO3]
2024-12-27 23:42:03,378 - pcp: Could not find `cid` for [DMF/EtOH/H2O (2]
2024-12-27 23:42:03,706 - pcp: Could not find `cid` for [CH3CH2OH/CH3OH]
2024-12-27 23:42:04,027 - pcp: Could not find `cid` for [5.0 mL]
2024-12-27 23:42:04,343 - pcp: Could not find `cid` for [EtOH:H2O]
2024-12-27 23:42:04,675 - pcp: Could not find `cid` for [DMF/CH3CH2OH/H2]
2024-12-27 23:42:04,991 - pcp: Could not find `cid` for [DMF,dioxane,H2O]
2024-12-27 23:42:05,311 - pcp: Could not find `cid` for [0.016 g NaOH, 0.]
2024-12-27 23:42:05,644 - pcp: Could not find `cid` for [CH3CN/CH3OH/H2O]
2024-12-27 23:42:05,964 - pcp: Could not find `cid` for [DMF/MeOH/H2O]
2024-12-27 23:42:06,303 - pcp: Could not find `cid` for [water/ethanol]
2024-12-27 23:42:06,643 - pcp: Could not find `cid` for [aqueous]
2024-12-27 23:42:06,973 - pcp: Could not find `cid` for [Mg(NO3)2·6H2]
2024-12-27 23:42:07,299 - pcp: Could not find `cid` for [DEF/H2O]
2024-12-27 23:42:07,611 - pcp: Could not find `cid` for [distilled water, ethanol]
2024-12-27 23:42:07,948 - pcp: Could not find `cid` for [H2O, MeCN]
2024-12-27 23:42:08,282 - pcp: Could not find `cid` for [water and ethanol]
2024-12-27 23:42:08,596 - pcp: Could not find `cid` for [DMF, water]
2024-12-27 23:42:08,913 - pcp: Could not find `cid` for [dilute sodium hydroxide]
2024-12-27 23:42:09,229 - pcp: Could not find `cid` for [TEA]
2024-12-27 23:42:09,551 - pcp: Could not find `cid` for [Eu(NO3)3]
2024-12-27 23:42:10,187 - pcp: Could not find `cid` for [NaHCOO\u2009\u00]
2024-12-27 23:42:10,511 - pcp: Could not find `cid` for [DMF/CH3CN]
2024-12-27 23:42:10,849 - pcp: Could not find `cid` for [Ba(NO3)2]
2024-12-27 23:42:11,173 - pcp: Could not find `cid` for [DMF, EtOH, H2O]
2024-12-27 23:42:11,507 - pcp: Could not find `cid` for [Na2WO4\u20092H2O]
2024-12-27 23:42:11,823 - pcp: Could not find `cid` for [CuCl2\u22c5\u22122]
2024-12-27 23:42:12,138 - pcp: Could not find `cid` for [DMF, acetonitrile and H2]
2024-12-27 23:42:12,461 - pcp: Could not find `cid` for [DMF, C2H5OH, H]
2024-12-27 23:42:12,812 - pcp: Could not find `cid` for [2 drops of HNO3 (0.1]
2024-12-27 23:42:13,149 - pcp: Could not find `cid` for [DMF (5 mL)]
2024-12-27 23:42:13,481 - pcp: Could not find `cid` for [None]
2024-12-27 23:42:13,815 - pcp: Could not find `cid` for [Zn(CH3COO)2·2]
2024-12-27 23:42:14,170 - pcp: Could not find `cid` for [Cu(NO3)2·2.5 H]
2024-12-27 23:42:14,511 - pcp: Could not find `cid` for [dmf/H2O (3 mL/1]
2024-12-27 23:42:14,845 - pcp: Could not find `cid` for [H2pdc, Na2MoO4]
2024-12-27 23:42:15,181 - pcp: Could not find `cid` for [aqueous mixture]
2024-12-27 23:42:15,500 - pcp: Could not find `cid` for [DMF and 1 mL of CH3CN]
2024-12-27 23:42:15,816 - pcp: Could not find `cid` for [H4DBIP]
2024-12-27 23:42:16,483 - pcp: Could not find `cid` for [H3PMo12O40\u00b]
2024-12-27 23:42:16,812 - pcp: Could not find `cid` for [pyridine-2,5-dicar]
2024-12-27 23:42:17,129 - pcp: Could not find `cid` for [Zn(NO3)2\u22126H]
2024-12-27 23:42:17,462 - pcp: Could not find `cid` for [DMF:EtOH=2:1]
2024-12-27 23:42:17,778 - pcp: Could not find `cid` for [DMF, CH3OH]
2024-12-27 23:42:18,097 - pcp: Could not find `cid` for [MeCN/H2O]
2024-12-27 23:42:18,437 - pcp: Could not find `cid` for [DMF/C2H5OH/H2O]
2024-12-27 23:42:18,765 - pcp: Could not find `cid` for [Cd(NO3)2\\u00b74]
2024-12-27 23:42:19,105 - pcp: Could not find `cid` for [THF/H2O]
2024-12-27 23:42:19,425 - pcp: Could not find `cid` for [DMF (2 mL) and EtOH (]
2024-12-27 23:42:19,745 - pcp: Could not find `cid` for [DMF--ethanol--water]
2024-12-27 23:42:20,075 - pcp: Could not find `cid` for [Zn(NO3)2\u00b26]
2024-12-27 23:42:20,409 - pcp: Could not find `cid` for [DMF/CH3OH/H2O (]
2024-12-27 23:42:20,735 - pcp: Could not find `cid` for [H4abtc]
2024-12-27 23:42:21,069 - pcp: Could not find `cid` for [an aliquot of HNO3 in EtOH]
2024-12-27 23:42:21,418 - pcp: Could not find `cid` for [MeCN:H2O (4:2,]
2024-12-27 23:42:21,756 - pcp: Could not find `cid` for [NaOH or KOH (10 mol·l]
2024-12-27 23:42:22,092 - pcp: Could not find `cid` for [v:v =]
2024-12-27 23:42:22,427 - pcp: Could not find `cid` for [Zn(OAc)2\*H2]
2024-12-27 23:42:22,757 - pcp: Could not find `cid` for [one drop of 6N HNO3]
2024-12-27 23:42:23,073 - pcp: Could not find `cid` for [DMF:water]
2024-12-27 23:42:23,392 - pcp: Could not find `cid` for [H4ABTC]
2024-12-27 23:42:23,715 - pcp: Could not find `cid` for [DMF/ethanol/H2O]
2024-12-27 23:42:24,051 - pcp: Could not find `cid` for [H2O and CH3CN]
2024-12-27 23:42:24,388 - pcp: Could not find `cid` for [distilled water and ethanol]
2024-12-27 23:42:24,722 - pcp: Could not find `cid` for [8 mL]
2024-12-27 23:42:25,039 - pcp: Could not find `cid` for [water and CH3CN]
2024-12-27 23:42:25,351 - pcp: Could not find `cid` for [DMF, ethanol, H2O]
2024-12-27 23:42:25,677 - pcp: Could not find `cid` for [water and 0.2 mL of Et4]
2024-12-27 23:42:26,396 - pcp: Could not find `cid` for [sodium acetate buffer]
2024-12-27 23:42:26,722 - pcp: Could not find `cid` for [LiOH·H2O]
2024-12-27 23:42:27,403 - pcp: Could not find `cid` for [7.5 mL]
2024-12-27 23:42:28,064 - pcp: Could not find `cid` for [dmf/CH3OH]
2024-12-27 23:42:28,405 - pcp: Could not find `cid` for [Cu(NO3)2\u20096 H2]
2024-12-27 23:42:28,720 - pcp: Could not find `cid` for [water\u2013ethanol (2:1]
2024-12-27 23:42:29,047 - pcp: Could not find `cid` for [H2pdc]
2024-12-27 23:42:29,366 - pcp: Could not find `cid` for [DMF/EtOH/pyridine (1]
2024-12-27 23:42:29,686 - pcp: Could not find `cid` for [formic acid solution (88%)]
2024-12-27 23:42:30,007 - pcp: Could not find `cid` for [DMF/H2O/C2H5OH]
2024-12-27 23:42:30,969 - pcp: Could not find `cid` for [DMF (1 mL), N(Et)]
2024-12-27 23:42:31,311 - pcp: Could not find `cid` for [H4btec (0.1 mmol]
2024-12-27 23:42:31,635 - pcp: Could not find `cid` for [DMF, MeOH]
2024-12-27 23:42:31,971 - pcp: Could not find `cid` for [In(NO3)3\\u202f4]
2024-12-27 23:42:32,321 - pcp: Could not find `cid` for [HCOOH, DMF, DEF]
2024-12-27 23:42:32,639 - pcp: Could not find `cid` for [H2O/MeCN]
2024-12-27 23:42:32,960 - pcp: Could not find `cid` for [DMF/MeCN/H2O]
2024-12-27 23:42:33,294 - pcp: Could not find `cid` for [DMF, methanol, water]
2024-12-27 23:42:33,611 - pcp: Could not find `cid` for [tetrahydrofuran (THF)]
2024-12-27 23:42:33,951 - pcp: Could not find `cid` for [DMF and EtOH]
2024-12-27 23:42:34,611 - pcp: Could not find `cid` for [CuCl2·2H2O]
2024-12-27 23:42:34,931 - pcp: Could not find `cid` for [N,N-dimethylformamide (DMF]
2024-12-27 23:42:35,279 - pcp: Could not find `cid` for [N,N'-dimethylformamide (DMF]
2024-12-27 23:42:35,620 - pcp: Could not find `cid` for [3 drops of concentrated nitric acid]
2024-12-27 23:42:35,957 - pcp: Could not find `cid` for [0.384 g of magnesium nitrate hexahy]
2024-12-27 23:42:36,310 - pcp: Could not find `cid` for [water (3 mL)]
2024-12-27 23:42:36,642 - pcp: Could not find `cid` for [H5bpbc]
2024-12-27 23:42:36,974 - pcp: Could not find `cid` for [doubly deionized water]
2024-12-27 23:42:37,309 - pcp: Could not find `cid` for [N,N\\u2032-dimethylform]
2024-12-27 23:42:37,631 - pcp: Could not find `cid` for [1 M HNO3]
2024-12-27 23:42:37,968 - pcp: Could not find `cid` for [DMF-C2H5OH-H2O]
2024-12-27 23:42:38,284 - pcp: Could not find `cid` for [DMF/DMSO (10 mL, v]
2024-12-27 23:42:38,706 - pcp: Could not find `cid` for [H4BCBAIP]
2024-12-27 23:42:39,049 - pcp: Could not find `cid` for [0.50 mL of a 1.0]
2024-12-27 23:42:39,441 - pcp: Could not find `cid` for [H8TBCB]
2024-12-27 23:42:40,069 - pcp: Could not find `cid` for [aqueous solution]
2024-12-27 23:42:40,395 - pcp: Could not find `cid` for [10 mL]
2024-12-27 23:42:40,719 - pcp: Could not find `cid` for [CH3N2CH3]
2024-12-27 23:42:41,370 - pcp: Could not find `cid` for [H4btadpa]
2024-12-27 23:42:41,706 - pcp: Could not find `cid` for [DMF:EtOH]
2024-12-27 23:42:42,041 - pcp: Could not find `cid` for [H2O (10 mL)]
2024-12-27 23:42:42,380 - pcp: Could not find `cid` for [DMF/EtOH/H2O]
2024-12-27 23:42:42,698 - pcp: Could not find `cid` for [mineralization triethylamine]
2024-12-27 23:42:43,019 - pcp: Could not find `cid` for [DMF/MeOH/H2O/DMS]
2024-12-27 23:42:43,353 - pcp: Could not find `cid` for [H4TADIP]
2024-12-27 23:42:43,671 - pcp: Could not find `cid` for [N,N\'-dimethylformamide (DM]
2024-12-27 23:42:44,001 - pcp: Could not find `cid` for [DEF/MeOH]
2024-12-27 23:42:44,316 - pcp: Could not find `cid` for [Zn(Ac)2\u20222]
2024-12-27 23:42:44,629 - pcp: Could not find `cid` for [100 μL of 6 mol L−1]
2024-12-27 23:42:44,962 - pcp: Could not find `cid` for [DMF (1.5 mL), CH3]
2024-12-27 23:42:45,290 - pcp: Could not find `cid` for [Cu(NO3)2\\u00b72]
2024-12-27 23:42:45,621 - pcp: Could not find `cid` for [1,3-bis(4-pyrid]
2024-12-27 23:42:45,951 - pcp: Could not find `cid` for [1:1 (v/v) mixture of meth]
2024-12-27 23:42:46,286 - pcp: Could not find `cid` for [Teflon reactor]
2024-12-27 23:42:46,618 - pcp: Could not find `cid` for [N,N\u2032-dimethylformamide]
2024-12-27 23:42:46,955 - pcp: Could not find `cid` for [CH3OH/H2O]
2024-12-27 23:42:47,580 - pcp: Could not find `cid` for [CH3OH DMF]
2024-12-27 23:42:47,904 - pcp: Could not find `cid` for [10 mL aqueous solution]
2024-12-27 23:42:48,226 - pcp: Could not find `cid` for [1,9-\u2009diamin]
2024-12-27 23:42:48,563 - pcp: Could not find `cid` for [N,N\u2032-diethylformamide (]
2024-12-27 23:42:48,900 - pcp: Could not find `cid` for [Cd(NO3)2·4H2O]
2024-12-27 23:42:49,217 - pcp: Could not find `cid` for [DMF/H2O (1:3)]
2024-12-27 23:42:49,552 - pcp: Could not find `cid` for [v/v = 2:1]
2024-12-27 23:42:49,885 - pcp: Could not find `cid` for [Cd(NO3)2\u00b44H]
2024-12-27 23:42:50,217 - pcp: Could not find `cid` for [DMF+MeOH]
2024-12-27 23:42:50,857 - pcp: Could not find `cid` for [Zn(Ac)2\u20226H]
2024-12-27 23:42:51,192 - pcp: Could not find `cid` for [o-phenanthroline (o-Ph]
2024-12-27 23:42:51,512 - pcp: Could not find `cid` for [aqueous solution of AgPF6]
2024-12-27 23:42:51,829 - pcp: Could not find `cid` for [DMF/H2O (6 mL, ]
2024-12-27 23:42:52,146 - pcp: Could not find `cid` for [DEF/EG/Toluene]
2024-12-27 23:42:52,466 - pcp: Could not find `cid` for [CuCl2\u22c5H2O]
2024-12-27 23:42:52,785 - pcp: Could not find `cid` for [DMF and CH3CN]
2024-12-27 23:42:53,108 - pcp: Could not find `cid` for [FeTCP-Cl]
2024-12-27 23:42:53,445 - pcp: Could not find `cid` for [N,N-diethylformamide (DEF)]
2024-12-27 23:42:53,783 - pcp: Could not find `cid` for [H2O and EtOH]
2024-12-27 23:42:54,109 - pcp: Could not find `cid` for [Cu(NO3)2⋅3H]
2024-12-27 23:42:54,428 - pcp: Could not find `cid` for [DMF, EtOH (abs.), pyrid]
2024-12-27 23:42:54,773 - pcp: Could not find `cid` for [H4BTC]
2024-12-27 23:42:55,098 - pcp: Could not find `cid` for [N,N-dimethylacetamide, methanol]
2024-12-27 23:42:55,419 - pcp: Could not find `cid` for [DMF:NMP:pyridine]
2024-12-27 23:42:55,734 - pcp: Could not find `cid` for [DMF: DMSO=10:2]
2024-12-27 23:42:56,065 - pcp: Could not find `cid` for [1,3,5-triazine-2]
2024-12-27 23:42:56,412 - pcp: Could not find `cid` for [DMF/methanol/H2O = ]
2024-12-27 23:42:57,051 - pcp: Could not find `cid` for [H2O, DMF]
2024-12-27 23:42:57,370 - pcp: Could not find `cid` for [DMF/NMP]
2024-12-27 23:42:57,710 - pcp: Could not find `cid` for [H2nip (0.1 mmol),]
2024-12-27 23:42:58,023 - pcp: Could not find `cid` for [7.5 mL v/v = 1:]
2024-12-27 23:42:58,339 - pcp: Could not find `cid` for [imineodiacetic acid]
2024-12-27 23:42:58,672 - pcp: Could not find `cid` for [L3-H8]
2024-12-27 23:42:59,010 - pcp: Could not find `cid` for [DMF, H2O, HCl]
2024-12-27 23:42:59,408 - pcp: Could not find `cid` for [DEA and ethanol]
2024-12-27 23:42:59,748 - pcp: Could not find `cid` for [EtOH/H2O (1:1)]
2024-12-27 23:43:00,089 - pcp: Could not find `cid` for [ammonia solution (25% to 28]
2024-12-27 23:43:00,409 - pcp: Could not find `cid` for [H2O (3 mL) and DMF]
2024-12-27 23:43:00,732 - pcp: Could not find `cid` for [DEF/EtOH/H2O (8 mL]
2024-12-27 23:43:01,063 - pcp: Could not find `cid` for [bmib]
2024-12-27 23:43:01,380 - pcp: Could not find `cid` for [H3BTN (8.3 mg, ]
2024-12-27 23:43:01,713 - pcp: Could not find `cid` for [N,N\u2019-diethylformamide (]
2024-12-27 23:43:02,052 - pcp: Could not find `cid` for [H3IDC]
2024-12-27 23:43:02,392 - pcp: Could not find `cid` for [DMF, dioxane, H2O]
2024-12-27 23:43:02,738 - pcp: Could not find `cid` for [HFP]
2024-12-27 23:43:03,409 - pcp: Could not find `cid` for [DMF/ethanol (1/4,]
2024-12-27 23:43:03,745 - pcp: Could not find `cid` for [NH3·H2O]
2024-12-27 23:43:04,062 - pcp: Could not find `cid` for [DMF/H2O (3/1,]
2024-12-27 23:43:04,381 - pcp: Could not find `cid` for [La(NO3)3\u00b66H]
2024-12-27 23:43:04,718 - pcp: Could not find `cid` for [NaH2sip]
2024-12-27 23:43:05,041 - pcp: Could not find `cid` for [CH3OH, H2O]
2024-12-27 23:43:05,372 - pcp: Could not find `cid` for [DMF: DMSO: H2O]
2024-12-27 23:43:06,050 - pcp: Could not find `cid` for [Cd(OAc)2\u00b72H]
2024-12-27 23:43:06,386 - pcp: Could not find `cid` for [10.00 g]
2024-12-27 23:43:06,741 - pcp: Could not find `cid` for [40% HBF4]
2024-12-27 23:43:07,089 - pcp: Could not find `cid` for [DMF: H2O: MeOH =]
2024-12-27 23:43:07,435 - pcp: Could not find `cid` for [bimb]
2024-12-27 23:43:07,752 - pcp: Could not find `cid` for [DMF (5 mL) and chlorobenz]
2024-12-27 23:43:08,069 - pcp: Could not find `cid` for [16.0 mL]
2024-12-27 23:43:08,388 - pcp: Could not find `cid` for [50% (CH3)4NOH solution]
2024-12-27 23:43:08,729 - pcp: Could not find `cid` for [water/methanol mixture]
2024-12-27 23:43:09,049 - pcp: Could not find `cid` for [H2atpa]
2024-12-27 23:43:09,385 - pcp: Could not find `cid` for [H2pydc, triethylamine]
2024-12-27 23:43:09,701 - pcp: Could not find `cid` for [H2O/CH3CN]
2024-12-27 23:43:10,044 - pcp: Could not find `cid` for [DMF/H2O (10 mL, ]
2024-12-27 23:43:10,368 - pcp: Could not find `cid` for [H2O-EtOH]
2024-12-27 23:43:10,698 - pcp: Could not find `cid` for [CdCl2\u22ef2.5H]
2024-12-27 23:43:11,035 - pcp: Could not find `cid` for [0.30 mL]
2024-12-27 23:43:11,376 - pcp: Could not find `cid` for [N,N-dimethyl acetamide : deion]
2024-12-27 23:43:11,695 - pcp: Could not find `cid` for [DMF:CH3OH:water]
2024-12-27 23:43:12,027 - pcp: Could not find `cid` for [Zn(OAc)2·2H2]
2024-12-27 23:43:12,361 - pcp: Could not find `cid` for [DMF/H2O/MeOH]
2024-12-27 23:43:12,690 - pcp: Could not find `cid` for [DMF (4 mL) and MeOH (]
2024-12-27 23:43:13,012 - pcp: Could not find `cid` for [DMF/methanol (0.3/]
2024-12-27 23:43:13,328 - pcp: Could not find `cid` for [H3EIMDC]
2024-12-27 23:43:13,989 - pcp: Could not find `cid` for [3 mL]
2024-12-27 23:43:14,621 - pcp: Could not find `cid` for [millipore water]
2024-12-27 23:43:14,937 - pcp: Could not find `cid` for [1,4-dioxane/H2O]
2024-12-27 23:43:15,257 - pcp: Could not find `cid` for [DMF/CH3CN (8 mL;]
2024-12-27 23:43:15,578 - pcp: Could not find `cid` for [H3PMo12O40\u22c]
2024-12-27 23:43:15,898 - pcp: Could not find `cid` for [H2fum, glutamic acid]
2024-12-27 23:43:16,222 - pcp: Could not find `cid` for [DMF:MeOH]
2024-12-27 23:43:16,898 - pcp: Could not find `cid` for [H2ntd, Hmtz]
2024-12-27 23:43:17,219 - pcp: Could not find `cid` for [H2dnpdc]
2024-12-27 23:43:17,542 - pcp: Could not find `cid` for [H4BTC (0.127 g, ]
2024-12-27 23:43:17,879 - pcp: Could not find `cid` for [H2tbip]
2024-12-27 23:43:18,197 - pcp: Could not find `cid` for [Htz]
2024-12-27 23:43:19,181 - pcp: Could not find `cid` for [water and NaOH aqueous solution]
2024-12-27 23:43:19,517 - pcp: Could not find `cid` for [DMF/cyclohexanol/H2O]
2024-12-27 23:43:19,842 - pcp: Could not find `cid` for [CH3CN/H2O (3/4]
2024-12-27 23:43:20,475 - pcp: Could not find `cid` for [H4tpta]
2024-12-27 23:43:20,816 - pcp: Could not find `cid` for [DMF (3 mL), C2H5]
2024-12-27 23:43:21,149 - pcp: Could not find `cid` for [Pr6O11]
2024-12-27 23:43:21,483 - pcp: Could not find `cid` for [DMF+formic acid]
2024-12-27 23:43:21,800 - pcp: Could not find `cid` for [DMF/glycol/H2O (8]
2024-12-27 23:43:22,128 - pcp: Could not find `cid` for [DMF+H2O]
2024-12-27 23:43:22,448 - pcp: Could not find `cid` for [Hmtz]
2024-12-27 23:43:22,763 - pcp: Could not find `cid` for [N,N\u2032-dimethylacetamide]
2024-12-27 23:43:23,076 - pcp: Could not find `cid` for [DMF/CH3CN/H2O]
2024-12-27 23:43:23,417 - pcp: Could not find `cid` for [0.04 mmol of Co(NO3)]
2024-12-27 23:43:23,734 - pcp: Could not find `cid` for [7.5 mL H2O]
2024-12-27 23:43:24,051 - pcp: Could not find `cid` for [DMF/MeCN (4:1,]
2024-12-27 23:43:24,388 - pcp: Could not find `cid` for [H3IDC, bpy, KOH]
2024-12-27 23:43:24,717 - pcp: Could not find `cid` for [bpp]
2024-12-27 23:43:25,047 - pcp: Could not find `cid` for [10 ml]
2024-12-27 23:43:25,383 - pcp: Could not find `cid` for [bpz]
2024-12-27 23:43:25,698 - pcp: Could not find `cid` for [68% concentrated nitric acid]
2024-12-27 23:43:26,047 - pcp: Could not find `cid` for [dimethylformamide (3.0 mL),]
2024-12-27 23:43:26,731 - pcp: Could not find `cid` for [DEF, water, HCl]
2024-12-27 23:43:27,069 - pcp: Could not find `cid` for [0.096 g]
2024-12-27 23:43:27,389 - pcp: Could not find `cid` for [DMF/dioxane/H2O (4]
2024-12-27 23:43:27,706 - pcp: Could not find `cid` for [concentrated hydrochloric acid]
2024-12-27 23:43:28,041 - pcp: Could not find `cid` for [DMF/H2O (2.4 mL]
2024-12-27 23:43:28,379 - pcp: Could not find `cid` for [Cd(NO3)2\u22126H2]
2024-12-27 23:43:28,708 - pcp: Could not find `cid` for [1,4-naphthalenedicarbox]
2024-12-27 23:43:29,018 - pcp: Could not find `cid` for [H2O and aqueous NaOH]
2024-12-27 23:43:29,692 - pcp: Could not find `cid` for [Zinc nitrate hexahydrate (55]
2024-12-27 23:43:30,017 - pcp: Could not find `cid` for [KI]
2024-12-27 23:43:30,345 - pcp: Could not find `cid` for [0.062 g, 0.25 mm]
2024-12-27 23:43:30,678 - pcp: Could not find `cid` for [3 mL of water and 3 mL of gly]
2024-12-27 23:43:31,036 - pcp: Could not find `cid` for [NMP/dioxane/H2O]
