2024-12-28 01:05:22,606 - pcp: Could not find `cid` for [DMF/H2O (3 mL, ]
2024-12-28 01:05:23,287 - pcp: Could not find `cid` for [H3TMBTC]
2024-12-28 01:05:23,604 - pcp: Could not find `cid` for [EtOH:H2O (1:1)]
2024-12-28 01:05:23,916 - pcp: Could not find `cid` for [Co(NO3)⋅6 H2]
2024-12-28 01:05:24,300 - pcp: Could not find `cid` for [N,N\u02b0-methylformamide]
2024-12-28 01:05:24,616 - pcp: Could not find `cid` for [H2BDC]
2024-12-28 01:05:25,659 - pcp: Could not find `cid` for [DMF/H2O]
2024-12-28 01:05:26,006 - pcp: Could not find `cid` for [Zn(NO3)2\u22c6]
2024-12-28 01:05:26,346 - pcp: Could not find `cid` for [EtOH/DMF]
2024-12-28 01:05:26,659 - pcp: Could not find `cid` for [H4BDDC]
2024-12-28 01:05:26,983 - pcp: Could not find `cid` for [DMF (1 mL), EtOH (0]
2024-12-28 01:05:27,315 - pcp: Could not find `cid` for [Tb(NO3)3·5H2]
2024-12-28 01:05:27,641 - pcp: Could not find `cid` for [KH2TDA]
2024-12-28 01:05:27,985 - pcp: Could not find `cid` for [dmurea]
2024-12-28 01:05:28,319 - pcp: Could not find `cid` for [water and MeOH]
2024-12-28 01:05:28,656 - pcp: Could not find `cid` for [Cu(NO3)2\u20233H2]
2024-12-28 01:05:28,983 - pcp: Could not find `cid` for [DMF, methanol, H2O (]
2024-12-28 01:05:29,324 - pcp: Could not find `cid` for [H2O/CH3OH]
2024-12-28 01:05:29,655 - pcp: Could not find `cid` for [H2O/CH3OH = 3]
2024-12-28 01:05:29,988 - pcp: Could not find `cid` for [DMF/EtOH]
2024-12-28 01:05:30,323 - pcp: Could not find `cid` for [Zn(NO3)2·6H2]
2024-12-28 01:05:30,662 - pcp: Could not find `cid` for [KH3L1]
2024-12-28 01:05:31,003 - pcp: Could not find `cid` for [DMF: H2O]
2024-12-28 01:05:31,317 - pcp: Could not find `cid` for [CdBr2\u00b4\u20042]
2024-12-28 01:05:32,616 - pcp: Could not find `cid` for [methanol/water (V1:1)]
2024-12-28 01:05:33,267 - pcp: Could not find `cid` for [1.5 ml benzene and 0.]
2024-12-28 01:05:33,598 - pcp: Could not find `cid` for [Co(NO3)2\u20226H2]
2024-12-28 01:05:34,004 - pcp: Could not find `cid` for [N,N-Dimethyl Formamide (DMF]
2024-12-28 01:05:34,333 - pcp: Could not find `cid` for [H4L2]
2024-12-28 01:05:34,669 - pcp: Could not find `cid` for [Hta (21.0 mg, 0]
2024-12-28 01:05:34,986 - pcp: Could not find `cid` for [doubly deionized water (8.]
2024-12-28 01:05:35,323 - pcp: Could not find `cid` for [CdSO4\u22128/3H]
2024-12-28 01:05:36,300 - pcp: Could not find `cid` for [DMF:6 M HCl (1.]
2024-12-28 01:05:36,634 - pcp: Could not find `cid` for [CdCl2·2.5H2O]
2024-12-28 01:05:36,964 - pcp: Could not find `cid` for [biyi]
2024-12-28 01:05:37,280 - pcp: Could not find `cid` for [water:dmf=1:1]
2024-12-28 01:05:37,933 - pcp: Could not find `cid` for [water-ACN]
2024-12-28 01:05:38,249 - pcp: Could not find `cid` for [H3BPT]
2024-12-28 01:05:38,591 - pcp: Could not find `cid` for [NaOH (3 mg), KOH (4]
2024-12-28 01:05:38,909 - pcp: Could not find `cid` for [N,N-dimethylacetamide/methanol]
2024-12-28 01:05:39,259 - pcp: Could not find `cid` for [PTAZ]
2024-12-28 01:05:39,942 - pcp: Could not find `cid` for [Mn(NO3)2·4H2]
2024-12-28 01:05:40,606 - pcp: Could not find `cid` for [0.029 g, 0.10 mm]
2024-12-28 01:05:40,941 - pcp: Could not find `cid` for [NH2(CH3)2Cl]
2024-12-28 01:05:41,253 - pcp: Could not find `cid` for [H4EBTC]
2024-12-28 01:05:41,591 - pcp: Could not find `cid` for [H2BDC, DATRZ]
2024-12-28 01:05:41,910 - pcp: Could not find `cid` for [DMF/H2O (v/v = ]
2024-12-28 01:05:42,234 - pcp: Could not find `cid` for [0.02 M stock solution of copper nitrate]
2024-12-28 01:05:43,141 - pcp: Could not find `cid` for [TPOM]
2024-12-28 01:05:43,464 - pcp: Could not find `cid` for [DMF/H2O (1/2,]
2024-12-28 01:05:44,121 - pcp: Could not find `cid` for [DMF/H2O (4:2 vol]
2024-12-28 01:05:44,439 - pcp: Could not find `cid` for [Zn(NO3)2\u22a68]
2024-12-28 01:05:45,795 - pcp: Could not find `cid` for [water and acetonitrile]
2024-12-28 01:05:46,451 - pcp: Could not find `cid` for [DMF and H2O]
2024-12-28 01:05:46,764 - pcp: Could not find `cid` for [DMF/ethanol]
2024-12-28 01:05:47,099 - pcp: Could not find `cid` for [Li4btca]
2024-12-28 01:05:47,432 - pcp: Could not find `cid` for [DMF/MeOH/H2O (3]
2024-12-28 01:05:47,769 - pcp: Could not find `cid` for [Cd(NO3)2\\u22c5]
2024-12-28 01:05:48,113 - pcp: Could not find `cid` for [DMF\\\\u202fEtOH\\\\u]
2024-12-28 01:05:48,444 - pcp: Could not find `cid` for [H4qptc]
2024-12-28 01:05:48,783 - pcp: Could not find `cid` for [water/DMF (1:1)]
2024-12-28 01:05:49,118 - pcp: Could not find `cid` for [1-methyl-2-pyrrolidin]
2024-12-28 01:05:49,458 - pcp: Could not find `cid` for [1H-1,2,4-triaz]
2024-12-28 01:05:49,790 - pcp: Could not find `cid` for [bpz]
2024-12-28 01:05:50,104 - pcp: Could not find `cid` for [Na2C2O4, Cd(NO3]
2024-12-28 01:05:50,420 - pcp: Could not find `cid` for [H2TBA]
2024-12-28 01:05:50,732 - pcp: Could not find `cid` for [N,N\u2019-dimethylformamide]
2024-12-28 01:05:51,070 - pcp: Could not find `cid` for [H2btac]
2024-12-28 01:05:51,389 - pcp: Could not find `cid` for [ammonia (25 wt.%)]
2024-12-28 01:05:51,714 - pcp: Could not find `cid` for [H4PANAD]
2024-12-28 01:05:52,032 - pcp: Could not find `cid` for [DMF and ethanol]
2024-12-28 01:05:52,368 - pcp: Could not find `cid` for [Cd(NO3)2·4H2O]
2024-12-28 01:05:52,691 - pcp: Could not find `cid` for [H2L]
2024-12-28 01:05:53,029 - pcp: Could not find `cid` for [H2adi]
2024-12-28 01:05:53,365 - pcp: Could not find `cid` for [water\u2013ethanol]
2024-12-28 01:05:53,718 - pcp: Could not find `cid` for [pyrazine-2,3-dicar]
2024-12-28 01:05:54,058 - pcp: Could not find `cid` for [H3btc, InCl3, pyrid]
2024-12-28 01:05:54,727 - pcp: Could not find `cid` for [H3PMo12O40\\u202]
2024-12-28 01:05:55,061 - pcp: Could not find `cid` for [H2tda]
2024-12-28 01:05:55,402 - pcp: Could not find `cid` for [H3tci]
2024-12-28 01:05:55,719 - pcp: Could not find `cid` for [Cu(NO3)2·2.5H]
2024-12-28 01:05:56,032 - pcp: Could not find `cid` for [DMF/NMP/pyridine]
2024-12-28 01:05:56,350 - pcp: Could not find `cid` for [6 M HCl]
2024-12-28 01:05:56,667 - pcp: Could not find `cid` for [DMF (7.0 mL) and H]
2024-12-28 01:05:57,002 - pcp: Could not find `cid` for [18 M HNO3]
2024-12-28 01:05:57,356 - pcp: Could not find `cid` for [none]
2024-12-28 01:05:57,702 - pcp: Could not find `cid` for [H2O/1,4-dioxane]
2024-12-28 01:05:58,666 - pcp: Could not find `cid` for [H2L (21 mg, 0.]
2024-12-28 01:05:59,003 - pcp: Could not find `cid` for [Ytterbium(III) chloride hex]
2024-12-28 01:05:59,341 - pcp: Could not find `cid` for [Zn(NO3)2\u00b26]
2024-12-28 01:05:59,985 - pcp: Could not find `cid` for [H3L]
2024-12-28 01:06:00,307 - pcp: Could not find `cid` for [DMF-CH3OH]
2024-12-28 01:06:00,639 - pcp: Could not find `cid` for [acetonitrile, H2O]
2024-12-28 01:06:00,956 - pcp: Could not find `cid` for [Zn(NO3)2·6(H2]
2024-12-28 01:06:01,935 - pcp: Could not find `cid` for [Zn(Ac)2·2H2]
2024-12-28 01:06:02,259 - pcp: Could not find `cid` for [beneze]
2024-12-28 01:06:02,913 - pcp: Could not find `cid` for [H3BTC]
2024-12-28 01:06:03,248 - pcp: Could not find `cid` for [Na2S]
2024-12-28 01:06:03,582 - pcp: Could not find `cid` for [Cd(CH3COO)2·2H]
2024-12-28 01:06:03,919 - pcp: Could not find `cid` for [Zn(NO3)2\u00b62]
2024-12-28 01:06:04,260 - pcp: Could not find `cid` for [Mn(OAc)\u22124\u221]
2024-12-28 01:06:04,586 - pcp: Could not find `cid` for [DMF, H2O]
2024-12-28 01:06:04,926 - pcp: Could not find `cid` for [Ba(NO3)2 (31.36 mg]
2024-12-28 01:06:05,260 - pcp: Could not find `cid` for [H2O (5 mL) and DMF]
2024-12-28 01:06:05,598 - pcp: Could not find `cid` for [def/H2O]
2024-12-28 01:06:05,913 - pcp: Could not find `cid` for [H2pzbtz]
2024-12-28 01:06:06,235 - pcp: Could not find `cid` for [Cu(NO3)2.25 H2O]
2024-12-28 01:06:06,872 - pcp: Could not find `cid` for [Htrz]
2024-12-28 01:06:07,189 - pcp: Could not find `cid` for [H4MDIP]
2024-12-28 01:06:07,507 - pcp: Could not find `cid` for [DMF:H2O]
2024-12-28 01:06:08,152 - pcp: Could not find `cid` for [H3BTB]
2024-12-28 01:06:08,780 - pcp: Could not find `cid` for [DMF, EtOH (99%), water]
2024-12-28 01:06:09,124 - pcp: Could not find `cid` for [4,4\u2032-bipyridine]
2024-12-28 01:06:09,458 - pcp: Could not find `cid` for [Cu(NO3)2\u22c75H]
2024-12-28 01:06:09,780 - pcp: Could not find `cid` for [DMF, MeOH, H2O]
2024-12-28 01:06:10,106 - pcp: Could not find `cid` for [K2C2O4]
2024-12-28 01:06:10,421 - pcp: Could not find `cid` for [H2BPDC]
2024-12-28 01:06:10,758 - pcp: Could not find `cid` for [H4L4]
2024-12-28 01:06:11,095 - pcp: Could not find `cid` for [H3BTTC]
2024-12-28 01:06:11,749 - pcp: Could not find `cid` for [n-C4H10OH]
2024-12-28 01:06:12,084 - pcp: Could not find `cid` for [EtOH/H2O]
2024-12-28 01:06:12,405 - pcp: Could not find `cid` for [Co(Ac)\u221e4 H2]
2024-12-28 01:06:12,740 - pcp: Could not find `cid` for [3 mL DMF and 2 mL H2]
2024-12-28 01:06:13,071 - pcp: Could not find `cid` for [H2bdc]
2024-12-28 01:06:13,388 - pcp: Could not find `cid` for [pyridine-2,4,6-tr]
2024-12-28 01:06:13,722 - pcp: Could not find `cid` for [Zn(NO3)2\u22126H]
2024-12-28 01:06:14,035 - pcp: Could not find `cid` for [Co(NO3)2⋅6 H]
2024-12-28 01:06:14,364 - pcp: Could not find `cid` for [DMF,NMP]
2024-12-28 01:06:15,382 - pcp: Could not find `cid` for [Cu(NO3)2\u20252.5]
2024-12-28 01:06:15,717 - pcp: Could not find `cid` for [distilled H2O]
2024-12-28 01:06:16,051 - pcp: Could not find `cid` for [CuCl2\u20242H2O]
2024-12-28 01:06:16,401 - pcp: Could not find `cid` for [H2O/DMF/dioxane]
2024-12-28 01:06:16,749 - pcp: Could not find `cid` for [1.0 M HCl]
2024-12-28 01:06:17,088 - pcp: Could not find `cid` for [1,4-phenylenediprop]
2024-12-28 01:06:18,092 - pcp: Could not find `cid` for [InCl3\u202f4H2O]
2024-12-28 01:06:18,441 - pcp: Could not find `cid` for [water/CH3CN]
2024-12-28 01:06:18,777 - pcp: Could not find `cid` for [Tb(NO3)3]
2024-12-28 01:06:19,107 - pcp: Could not find `cid` for [Co(NO3)2·6H2O]
2024-12-28 01:06:19,425 - pcp: Could not find `cid` for [DMF/H2O (3:1,]
2024-12-28 01:06:19,744 - pcp: Could not find `cid` for [H3PIDC]
2024-12-28 01:06:20,077 - pcp: Could not find `cid` for [L]
2024-12-28 01:06:20,770 - pcp: Could not find `cid` for [Co(NO3)2 6H2O]
2024-12-28 01:06:21,100 - pcp: Could not find `cid` for [EtOH, H2O]
2024-12-28 01:06:21,438 - pcp: Could not find `cid` for [EtOH (5 ml), H2O (]
2024-12-28 01:06:21,777 - pcp: Could not find `cid` for [H3TCMTB]
2024-12-28 01:06:22,096 - pcp: Could not find `cid` for [N,N′-dimethylacetamide]
2024-12-28 01:06:22,431 - pcp: Could not find `cid` for [H3LMe]
2024-12-28 01:06:23,149 - pcp: Could not find `cid` for [HCl (2 M, 0.3]
2024-12-28 01:06:24,527 - pcp: Could not find `cid` for [H2nip]
2024-12-28 01:06:25,189 - pcp: Could not find `cid` for [H2O,CH3CH2OH]
2024-12-28 01:06:25,518 - pcp: Could not find `cid` for [H3TBOT]
2024-12-28 01:06:25,833 - pcp: Could not find `cid` for [DMF:NMP:FA]
2024-12-28 01:06:26,155 - pcp: Could not find `cid` for [H2BPDA]
2024-12-28 01:06:26,488 - pcp: Could not find `cid` for [H2O/DMF]
2024-12-28 01:06:27,118 - pcp: Could not find `cid` for [None]
2024-12-28 01:06:27,449 - pcp: Could not find `cid` for [N,N-dimethylformamide/EtOH]
2024-12-28 01:06:27,780 - pcp: Could not find `cid` for [H4L]
2024-12-28 01:06:28,121 - pcp: Could not find `cid` for [Sr(NO3)2]
2024-12-28 01:06:28,434 - pcp: Could not find `cid` for [H2O:DMF]
2024-12-28 01:06:29,508 - pcp: Could not find `cid` for [Eu(NO3)3·6H2O]
2024-12-28 01:06:29,848 - pcp: Could not find `cid` for [DMF/EtOH/MeCN/H2]
2024-12-28 01:06:30,199 - pcp: Could not find `cid` for [Me4NBr]
2024-12-28 01:06:30,514 - pcp: Could not find `cid` for [H2tdc (0.085 g,]
2024-12-28 01:06:31,169 - pcp: Could not find `cid` for [DMF/CH3COOH]
2024-12-28 01:06:31,502 - pcp: Could not find `cid` for [H2O/EtOH]
2024-12-28 01:06:31,834 - pcp: Could not find `cid` for [Cd(ClO4)2\u00b26]
2024-12-28 01:06:32,155 - pcp: Could not find `cid` for [5 mL distilled H2O]
2024-12-28 01:06:32,490 - pcp: Could not find `cid` for [CoSO4\u202f7 H2O]
2024-12-28 01:06:32,829 - pcp: Could not find `cid` for [DMF/H2O (6 mL/2]
2024-12-28 01:06:33,163 - pcp: Could not find `cid` for [Cd(NO3)2·6H2O]
2024-12-28 01:06:33,484 - pcp: Could not find `cid` for [DMF/H2O (2:1)]
2024-12-28 01:06:33,798 - pcp: Could not find `cid` for [H3btc]
2024-12-28 01:06:34,449 - pcp: Could not find `cid` for [H3BTT]
2024-12-28 01:06:34,789 - pcp: Could not find `cid` for [MeOH (2 mL) and CH3CN]
2024-12-28 01:06:35,128 - pcp: Could not find `cid` for [H2O (4 mL), MeOH (]
2024-12-28 01:06:35,467 - pcp: Could not find `cid` for [trans-chdc]
2024-12-28 01:06:36,118 - pcp: Could not find `cid` for [ammonia:MeCN]
2024-12-28 01:06:36,463 - pcp: Could not find `cid` for [DMF/MeCN/H2O (1]
2024-12-28 01:06:36,779 - pcp: Could not find `cid` for [H3TDA]
2024-12-28 01:06:37,698 - pcp: Could not find `cid` for [DMF, distilled water, ethanol]
2024-12-28 01:06:38,031 - pcp: Could not find `cid` for [bpmp]
2024-12-28 01:06:38,347 - pcp: Could not find `cid` for [Zn(NO3)2\u22c7]
2024-12-28 01:06:39,363 - pcp: Could not find `cid` for [Zn(OAc)2\u22c75]
2024-12-28 01:06:40,023 - pcp: Could not find `cid` for [H4BBTC]
2024-12-28 01:06:40,364 - pcp: Could not find `cid` for [DMF, methanol, HNO3]
2024-12-28 01:06:40,681 - pcp: Could not find `cid` for [DMF (6.0 mL) and H]
2024-12-28 01:06:41,015 - pcp: Could not find `cid` for [H3ABTC]
2024-12-28 01:06:41,344 - pcp: Could not find `cid` for [DMF (4 mL) and H2O]
2024-12-28 01:06:41,660 - pcp: Could not find `cid` for [H2C2O4\u00b72]
2024-12-28 01:06:41,987 - pcp: Could not find `cid` for [H3imda, 4,4′]
2024-12-28 01:06:42,309 - pcp: Could not find `cid` for [H2O/glycol (14:1]
2024-12-28 01:06:42,629 - pcp: Could not find `cid` for [CoCl2\\u00b26H2]
2024-12-28 01:06:42,942 - pcp: Could not find `cid` for [H2C2O4]
2024-12-28 01:06:43,261 - pcp: Could not find `cid` for [Cu(NO3)2\u22c5 ]
2024-12-28 01:06:43,946 - pcp: Could not find `cid` for [DMF/H2O (9/1,]
2024-12-28 01:06:44,270 - pcp: Could not find `cid` for [La(NO3)2\u00b26H]
2024-12-28 01:06:44,607 - pcp: Could not find `cid` for [DMSO/H2O]
2024-12-28 01:06:44,946 - pcp: Could not find `cid` for [ZnCl2]
2024-12-28 01:06:45,281 - pcp: Could not find `cid` for [Cu(NO3)2·3H2O]
2024-12-28 01:06:46,621 - pcp: Could not find `cid` for [DMF, methanol and H2O (]
2024-12-28 01:06:46,941 - pcp: Could not find `cid` for [H2O, HNO3]
2024-12-28 01:06:47,614 - pcp: Could not find `cid` for [4,5-Imidazoledicar]
2024-12-28 01:06:47,926 - pcp: Could not find `cid` for [H4BTeC]
2024-12-28 01:06:48,261 - pcp: Could not find `cid` for [DMF/EtOH/H2O (2]
2024-12-28 01:06:48,598 - pcp: Could not find `cid` for [CH3CH2OH/CH3OH]
2024-12-28 01:06:48,917 - pcp: Could not find `cid` for [0.139 g]
2024-12-28 01:06:49,235 - pcp: Could not find `cid` for [5.0 mL]
2024-12-28 01:06:49,554 - pcp: Could not find `cid` for [EtOH:H2O (v:v = ]
2024-12-28 01:06:49,887 - pcp: Could not find `cid` for [EtOH:H2O]
2024-12-28 01:06:50,197 - pcp: Could not find `cid` for [Cd(NO3)2\u22c75H]
2024-12-28 01:06:50,516 - pcp: Could not find `cid` for [DMF/CH3CH2OH/H2]
2024-12-28 01:06:50,850 - pcp: Could not find `cid` for [DMF,dioxane,H2O]
2024-12-28 01:06:51,535 - pcp: Could not find `cid` for [H4X]
2024-12-28 01:06:51,874 - pcp: Could not find `cid` for [0.016 g NaOH, 0.]
2024-12-28 01:06:52,222 - pcp: Could not find `cid` for [CH3CN/CH3OH/H2O]
2024-12-28 01:06:52,539 - pcp: Could not find `cid` for [DMF/MeOH/H2O]
2024-12-28 01:06:52,856 - pcp: Could not find `cid` for [Ni(ClO4)2]
2024-12-28 01:06:53,190 - pcp: Could not find `cid` for [water/ethanol]
2024-12-28 01:06:53,527 - pcp: Could not find `cid` for [NiCl2\u22c65H2O]
2024-12-28 01:06:54,270 - pcp: Could not find `cid` for [H2tdc (0.034 g,]
2024-12-28 01:06:54,618 - pcp: Could not find `cid` for [NaOH solution]
2024-12-28 01:06:54,965 - pcp: Could not find `cid` for [aqueous]
2024-12-28 01:06:55,290 - pcp: Could not find `cid` for [Mg(NO3)2·6H2]
2024-12-28 01:06:55,606 - pcp: Could not find `cid` for [DEF/H2O]
2024-12-28 01:06:55,940 - pcp: Could not find `cid` for [distilled water, ethanol]
2024-12-28 01:06:56,275 - pcp: Could not find `cid` for [H4L1]
2024-12-28 01:06:56,594 - pcp: Could not find `cid` for [H2O, MeCN]
2024-12-28 01:06:56,923 - pcp: Could not find `cid` for [timtz]
2024-12-28 01:06:57,576 - pcp: Could not find `cid` for [water and ethanol]
2024-12-28 01:06:57,909 - pcp: Could not find `cid` for [DMF, water]
2024-12-28 01:06:58,242 - pcp: Could not find `cid` for [dilute sodium hydroxide]
2024-12-28 01:06:58,579 - pcp: Could not find `cid` for [TEA]
2024-12-28 01:06:59,203 - pcp: Could not find `cid` for [H3btb]
2024-12-28 01:06:59,634 - pcp: Could not find `cid` for [Eu(NO3)3]
2024-12-28 01:07:00,305 - pcp: Could not find `cid` for [NaH2SIP]
2024-12-28 01:07:00,636 - pcp: Could not find `cid` for [Mn(CH3COO)2·4]
2024-12-28 01:07:01,283 - pcp: Could not find `cid` for [tcpcb]
2024-12-28 01:07:01,794 - pcp: Could not find `cid` for [NaHCOO\u2009\u00]
2024-12-28 01:07:02,168 - pcp: Could not find `cid` for [DMF/CH3CN]
2024-12-28 01:07:02,529 - pcp: Could not find `cid` for [Ba(NO3)2]
2024-12-28 01:07:02,864 - pcp: Could not find `cid` for [DMF, EtOH, H2O]
2024-12-28 01:07:03,214 - pcp: Could not find `cid` for [Dy(NO3)3·6H2]
2024-12-28 01:07:03,849 - pcp: Could not find `cid` for [Na2WO4\u20092H2O]
2024-12-28 01:07:04,165 - pcp: Could not find `cid` for [Zn(OAC)2\u00b22]
2024-12-28 01:07:04,503 - pcp: Could not find `cid` for [DPT]
2024-12-28 01:07:04,821 - pcp: Could not find `cid` for [CuCl2\u22c5\u22122]
2024-12-28 01:07:05,138 - pcp: Could not find `cid` for [DMF, acetonitrile and H2]
2024-12-28 01:07:05,453 - pcp: Could not find `cid` for [H4MTB]
2024-12-28 01:07:05,773 - pcp: Could not find `cid` for [DMF, C2H5OH, H]
2024-12-28 01:07:06,094 - pcp: Could not find `cid` for [2 drops of HNO3 (0.1]
2024-12-28 01:07:06,431 - pcp: Could not find `cid` for [DMF (5 mL)]
2024-12-28 01:07:06,749 - pcp: Could not find `cid` for [H2SBA]
2024-12-28 01:07:07,069 - pcp: Could not find `cid` for [NH4+ as anion]
2024-12-28 01:07:07,760 - pcp: Could not find `cid` for [Zn(CH3COO)2·2]
2024-12-28 01:07:08,107 - pcp: Could not find `cid` for [Cd(ClO4)2\u22126H]
2024-12-28 01:07:08,759 - pcp: Could not find `cid` for [Cu(NO3)2·2.5 H]
2024-12-28 01:07:09,099 - pcp: Could not find `cid` for [dmf/H2O (3 mL/1]
2024-12-28 01:07:09,419 - pcp: Could not find `cid` for [H2pdc, Na2MoO4]
2024-12-28 01:07:09,730 - pcp: Could not find `cid` for [aqueous mixture]
2024-12-28 01:07:10,059 - pcp: Could not find `cid` for [CuI (4.76 mg, 0]
2024-12-28 01:07:10,404 - pcp: Could not find `cid` for [DMF and 1 mL of CH3CN]
2024-12-28 01:07:10,729 - pcp: Could not find `cid` for [MnCl2·4H2O]
2024-12-28 01:07:11,422 - pcp: Could not find `cid` for [H4DBIP]
2024-12-28 01:07:12,105 - pcp: Could not find `cid` for [H3PMo12O40\u00b]
2024-12-28 01:07:12,441 - pcp: Could not find `cid` for [pyridine-2,5-dicar]
2024-12-28 01:07:12,772 - pcp: Could not find `cid` for [DMF:EtOH=2:1]
2024-12-28 01:07:13,103 - pcp: Could not find `cid` for [DMF, CH3OH]
2024-12-28 01:07:13,785 - pcp: Could not find `cid` for [MeCN/H2O]
2024-12-28 01:07:14,111 - pcp: Could not find `cid` for [Zn(NO3)2·6 H2]
2024-12-28 01:07:15,677 - pcp: Could not find `cid` for [DMF/C2H5OH/H2O]
2024-12-28 01:07:16,011 - pcp: Could not find `cid` for [Cd(NO3)2\\u00b74]
2024-12-28 01:07:16,331 - pcp: Could not find `cid` for [THF/H2O]
2024-12-28 01:07:16,666 - pcp: Could not find `cid` for [Hatz]
2024-12-28 01:07:17,011 - pcp: Could not find `cid` for [[(CH3)2NH (40%)]]
2024-12-28 01:07:17,335 - pcp: Could not find `cid` for [DMF (2 mL) and EtOH (]
2024-12-28 01:07:17,651 - pcp: Could not find `cid` for [N,N\u2032-dimethylformamide]
2024-12-28 01:07:17,976 - pcp: Could not find `cid` for [DMF--ethanol--water]
2024-12-28 01:07:18,308 - pcp: Could not find `cid` for [H2dcbpy]
2024-12-28 01:07:18,646 - pcp: Could not find `cid` for [DMF/CH3OH/H2O (]
2024-12-28 01:07:18,993 - pcp: Could not find `cid` for [H4abtc]
2024-12-28 01:07:19,331 - pcp: Could not find `cid` for [an aliquot of HNO3 in EtOH]
2024-12-28 01:07:19,662 - pcp: Could not find `cid` for [bfbpdcH2]
2024-12-28 01:07:20,346 - pcp: Could not find `cid` for [MeCN:H2O (4:2,]
2024-12-28 01:07:21,013 - pcp: Could not find `cid` for [NaOH or KOH (10 mol·l]
2024-12-28 01:07:21,334 - pcp: Could not find `cid` for [H2O/ethanol (v:v =]
2024-12-28 01:07:21,650 - pcp: Could not find `cid` for [v:v =]
2024-12-28 01:07:21,988 - pcp: Could not find `cid` for [Zn(OAc)2\*H2]
2024-12-28 01:07:22,300 - pcp: Could not find `cid` for [one drop of 6N HNO3]
2024-12-28 01:07:22,617 - pcp: Could not find `cid` for [Cd(NO3)2\u00b44H]
2024-12-28 01:07:23,284 - pcp: Could not find `cid` for [H6L2]
2024-12-28 01:07:23,623 - pcp: Could not find `cid` for [DMF:water]
2024-12-28 01:07:23,966 - pcp: Could not find `cid` for [H4ABTC]
2024-12-28 01:07:24,301 - pcp: Could not find `cid` for [DMF/ethanol/H2O]
2024-12-28 01:07:24,648 - pcp: Could not find `cid` for [H4ATC]
2024-12-28 01:07:24,988 - pcp: Could not find `cid` for [CuCl2\u20252H2O (]
2024-12-28 01:07:25,326 - pcp: Could not find `cid` for [H2O and CH3CN]
2024-12-28 01:07:25,665 - pcp: Could not find `cid` for [distilled water and ethanol]
2024-12-28 01:07:26,016 - pcp: Could not find `cid` for [8 mL]
2024-12-28 01:07:26,350 - pcp: Could not find `cid` for [water and CH3CN]
2024-12-28 01:07:26,668 - pcp: Could not find `cid` for [Eu(NO3)3·5H2O]
2024-12-28 01:07:26,989 - pcp: Could not find `cid` for [DMF, ethanol, H2O]
2024-12-28 01:07:27,307 - pcp: Could not find `cid` for [H3CMPEIP]
2024-12-28 01:07:27,632 - pcp: Could not find `cid` for [H3L2 (0.04 g,]
2024-12-28 01:07:28,021 - pcp: Could not find `cid` for [water and 0.2 mL of Et4]
2024-12-28 01:07:28,350 - pcp: Could not find `cid` for [Dy2O3]
2024-12-28 01:07:29,001 - pcp: Could not find `cid` for [sodium acetate buffer]
2024-12-28 01:07:29,323 - pcp: Could not find `cid` for [LiOH·H2O]
2024-12-28 01:07:29,668 - pcp: Could not find `cid` for [CuCl2·2H2O]
2024-12-28 01:07:30,016 - pcp: Could not find `cid` for [melitic acid]
2024-12-28 01:07:30,352 - pcp: Could not find `cid` for [H2NDC]
2024-12-28 01:07:31,023 - pcp: Could not find `cid` for [7.5 mL]
2024-12-28 01:07:31,741 - pcp: Could not find `cid` for [2,6-\u00b0naph]
2024-12-28 01:07:32,057 - pcp: Could not find `cid` for [dmf/CH3OH]
2024-12-28 01:07:32,375 - pcp: Could not find `cid` for [H12L]
2024-12-28 01:07:32,712 - pcp: Could not find `cid` for [Cu(NO3)2\u20096 H2]
2024-12-28 01:07:33,040 - pcp: Could not find `cid` for [TAAP]
2024-12-28 01:07:33,378 - pcp: Could not find `cid` for [water\u2013ethanol (2:1]
2024-12-28 01:07:34,052 - pcp: Could not find `cid` for [H2pdc]
2024-12-28 01:07:34,384 - pcp: Could not find `cid` for [Cu(NO3)2\u20222.5]
2024-12-28 01:07:34,702 - pcp: Could not find `cid` for [DMF/EtOH/pyridine (1]
2024-12-28 01:07:35,036 - pcp: Could not find `cid` for [CoCl2·6H2O]
2024-12-28 01:07:35,375 - pcp: Could not find `cid` for [formic acid solution (88%)]
2024-12-28 01:07:35,687 - pcp: Could not find `cid` for [DMF/H2O/C2H5OH]
2024-12-28 01:07:36,003 - pcp: Could not find `cid` for [H3BCPBA]
2024-12-28 01:07:38,018 - pcp: Could not find `cid` for [H2O, EtOH, DMF]
2024-12-28 01:07:38,354 - pcp: Could not find `cid` for [DMF (1 mL), N(Et)]
2024-12-28 01:07:38,691 - pcp: Could not find `cid` for [H4btec (0.1 mmol]
2024-12-28 01:07:39,012 - pcp: Could not find `cid` for [DMF, MeOH]
2024-12-28 01:07:39,328 - pcp: Could not find `cid` for [ZnSO4\u00b77H2]
2024-12-28 01:07:39,664 - pcp: Could not find `cid` for [In(NO3)3\\u202f4]
2024-12-28 01:07:40,007 - pcp: Could not find `cid` for [HCOOH, DMF, DEF]
2024-12-28 01:07:40,343 - pcp: Could not find `cid` for [H2O/MeCN]
2024-12-28 01:07:40,656 - pcp: Could not find `cid` for [DMF/MeCN/H2O]
2024-12-28 01:07:40,976 - pcp: Could not find `cid` for [DMF, methanol, water]
2024-12-28 01:07:41,634 - pcp: Could not find `cid` for [tetrahydrofuran (THF)]
2024-12-28 01:07:41,959 - pcp: Could not find `cid` for [H4BTEC]
2024-12-28 01:07:42,297 - pcp: Could not find `cid` for [DMF and EtOH]
2024-12-28 01:07:42,957 - pcp: Could not find `cid` for [N,N-dimethylformamide (DMF]
2024-12-28 01:07:43,269 - pcp: Could not find `cid` for [1,3,5-benzenetricar]
2024-12-28 01:07:43,590 - pcp: Could not find `cid` for [N,N'-dimethylformamide (DMF]
2024-12-28 01:07:43,903 - pcp: Could not find `cid` for [3 drops of concentrated nitric acid]
2024-12-28 01:07:44,240 - pcp: Could not find `cid` for [Ni(NO3)2·6H2O]
2024-12-28 01:07:44,904 - pcp: Could not find `cid` for [ZnSO4\u00b72H2]
2024-12-28 01:07:45,232 - pcp: Could not find `cid` for [Co(CH3COO)2\u22c]
2024-12-28 01:07:45,581 - pcp: Could not find `cid` for [pDBI]
2024-12-28 01:07:45,930 - pcp: Could not find `cid` for [0.384 g of magnesium nitrate hexahy]
2024-12-28 01:07:46,242 - pcp: Could not find `cid` for [water (3 mL)]
2024-12-28 01:07:46,558 - pcp: Could not find `cid` for [H5bpbc]
2024-12-28 01:07:47,282 - pcp: Could not find `cid` for [doubly deionized water]
2024-12-28 01:07:47,602 - pcp: Could not find `cid` for [N,N\\u2032-dimethylform]
2024-12-28 01:07:47,929 - pcp: Could not find `cid` for [H3PMo12O40\u2009]
2024-12-28 01:07:48,247 - pcp: Could not find `cid` for [1 M HNO3]
2024-12-28 01:07:48,587 - pcp: Could not find `cid` for [DMF-C2H5OH-H2O]
2024-12-28 01:07:48,900 - pcp: Could not find `cid` for [DMF/DMSO (10 mL, v]
2024-12-28 01:07:49,549 - pcp: Could not find `cid` for [H4BCBAIP]
2024-12-28 01:07:50,527 - pcp: Could not find `cid` for [0.50 mL of a 1.0]
2024-12-28 01:07:50,877 - pcp: Could not find `cid` for [H8TBCB]
2024-12-28 01:07:51,830 - pcp: Could not find `cid` for [aqueous solution]
2024-12-28 01:07:52,174 - pcp: Could not find `cid` for [10 mL]
2024-12-28 01:07:52,503 - pcp: Could not find `cid` for [H3PMo12O40]
2024-12-28 01:07:52,834 - pcp: Could not find `cid` for [H2BDC (83 mg, 0]
2024-12-28 01:07:53,153 - pcp: Could not find `cid` for [4,4\u2032-bipy]
2024-12-28 01:07:53,489 - pcp: Could not find `cid` for [CH3N2CH3]
2024-12-28 01:07:54,808 - pcp: Could not find `cid` for [H4btadpa]
2024-12-28 01:07:55,538 - pcp: Could not find `cid` for [Dy(NO3)3\\u2026]
2024-12-28 01:07:56,197 - pcp: Could not find `cid` for [DMF:EtOH]
2024-12-28 01:07:56,515 - pcp: Could not find `cid` for [H4L1 (20.3 mg,]
2024-12-28 01:07:56,847 - pcp: Could not find `cid` for [H2O (10 mL)]
2024-12-28 01:07:57,192 - pcp: Could not find `cid` for [NH2–H3BTB]
2024-12-28 01:07:57,512 - pcp: Could not find `cid` for [DMF/EtOH/H2O]
2024-12-28 01:07:57,824 - pcp: Could not find `cid` for [mineralization triethylamine]
2024-12-28 01:07:58,160 - pcp: Could not find `cid` for [DMF/MeOH/H2O/DMS]
2024-12-28 01:07:58,485 - pcp: Could not find `cid` for [H4TADIP]
2024-12-28 01:07:58,819 - pcp: Could not find `cid` for [NiCl2\u20226H2O]
2024-12-28 01:07:59,151 - pcp: Could not find `cid` for [N,N\'-dimethylformamide (DM]
2024-12-28 01:07:59,467 - pcp: Could not find `cid` for [Cu(NO3)2\u00b23H]
2024-12-28 01:07:59,781 - pcp: Could not find `cid` for [DEF/MeOH]
2024-12-28 01:08:00,127 - pcp: Could not find `cid` for [Zn(Ac)2\u20222]
2024-12-28 01:08:00,442 - pcp: Could not find `cid` for [100 μL of 6 mol L−1]
2024-12-28 01:08:00,770 - pcp: Could not find `cid` for [DMF (1.5 mL), CH3]
2024-12-28 01:08:01,102 - pcp: Could not find `cid` for [H2pt]
2024-12-28 01:08:01,419 - pcp: Could not find `cid` for [Cu(NO3)2\\u00b72]
2024-12-28 01:08:01,764 - pcp: Could not find `cid` for [BIDPE]
2024-12-28 01:08:02,073 - pcp: Could not find `cid` for [1,3-bis(4-pyrid]
2024-12-28 01:08:02,408 - pcp: Could not find `cid` for [dpdo]
2024-12-28 01:08:02,746 - pcp: Could not find `cid` for [Ni(NO3)2\\u00b6]
2024-12-28 01:08:03,099 - pcp: Could not find `cid` for [1:1 (v/v) mixture of meth]
2024-12-28 01:08:04,140 - pcp: Could not find `cid` for [Teflon reactor]
2024-12-28 01:08:04,472 - pcp: Could not find `cid` for [H2btdc]
2024-12-28 01:08:04,804 - pcp: Could not find `cid` for [Cd(ClO4)2\u20226H]
2024-12-28 01:08:05,121 - pcp: Could not find `cid` for [CH3OH/H2O]
2024-12-28 01:08:05,758 - pcp: Could not find `cid` for [H2sdba]
2024-12-28 01:08:06,077 - pcp: Could not find `cid` for [CH3OH DMF]
2024-12-28 01:08:06,391 - pcp: Could not find `cid` for [10 mL aqueous solution]
2024-12-28 01:08:06,710 - pcp: Could not find `cid` for [H4ptptc]
2024-12-28 01:08:07,069 - pcp: Could not find `cid` for [1,9-\u2009diamin]
2024-12-28 01:08:07,403 - pcp: Could not find `cid` for [Zn(NO3)·6H2O]
2024-12-28 01:08:07,737 - pcp: Could not find `cid` for [N,N\u2032-diethylformamide (]
2024-12-28 01:08:08,050 - pcp: Could not find `cid` for [DMF/H2O (1:3)]
2024-12-28 01:08:08,386 - pcp: Could not find `cid` for [H2O and DMF]
2024-12-28 01:08:08,704 - pcp: Could not find `cid` for [DMF/1,4-dioxane]
2024-12-28 01:08:09,019 - pcp: Could not find `cid` for [v/v = 2:1]
2024-12-28 01:08:09,355 - pcp: Could not find `cid` for [H2dpt24]
2024-12-28 01:08:09,677 - pcp: Could not find `cid` for [DMF+MeOH]
2024-12-28 01:08:10,656 - pcp: Could not find `cid` for [Zn(Ac)2\u20226H]
2024-12-28 01:08:11,002 - pcp: Could not find `cid` for [o-phenanthroline (o-Ph]
2024-12-28 01:08:11,331 - pcp: Could not find `cid` for [Cu(ClO4)2\u20226H]
2024-12-28 01:08:11,648 - pcp: Could not find `cid` for [aqueous solution of AgPF6]
2024-12-28 01:08:11,962 - pcp: Could not find `cid` for [DMF/H2O (6 mL, ]
2024-12-28 01:08:12,298 - pcp: Could not find `cid` for [H3BTC, FeCl3, TMA]
2024-12-28 01:08:12,614 - pcp: Could not find `cid` for [DEF/EG/Toluene]
2024-12-28 01:08:12,932 - pcp: Could not find `cid` for [CuCl2\u22c5H2O]
2024-12-28 01:08:13,243 - pcp: Could not find `cid` for [DMF and CH3CN]
2024-12-28 01:08:13,558 - pcp: Could not find `cid` for [H2Tart]
2024-12-28 01:08:13,878 - pcp: Could not find `cid` for [FeTCP-Cl]
2024-12-28 01:08:14,198 - pcp: Could not find `cid` for [N,N-diethylformamide (DEF)]
2024-12-28 01:08:14,515 - pcp: Could not find `cid` for [In(NO3)3·5H2O]
2024-12-28 01:08:14,843 - pcp: Could not find `cid` for [H2O and EtOH]
2024-12-28 01:08:15,162 - pcp: Could not find `cid` for [Zn(OAc)2\u00027H]
2024-12-28 01:08:15,483 - pcp: Could not find `cid` for [Cu(NO3)2⋅3H]
2024-12-28 01:08:15,808 - pcp: Could not find `cid` for [DMF, EtOH (abs.), pyrid]
2024-12-28 01:08:16,126 - pcp: Could not find `cid` for [H4BTC]
2024-12-28 01:08:16,461 - pcp: Could not find `cid` for [H2bdc, pyrazine, N]
2024-12-28 01:08:16,778 - pcp: Could not find `cid` for [N,N-dimethylacetamide, methanol]
2024-12-28 01:08:17,098 - pcp: Could not find `cid` for [DMF:NMP:pyridine]
2024-12-28 01:08:17,450 - pcp: Could not find `cid` for [bpdc]
2024-12-28 01:08:17,784 - pcp: Could not find `cid` for [DMF: DMSO=10:2]
2024-12-28 01:08:18,119 - pcp: Could not find `cid` for [H2bpca]
2024-12-28 01:08:18,450 - pcp: Could not find `cid` for [H2fum]
2024-12-28 01:08:18,772 - pcp: Could not find `cid` for [1,3,5-triazine-2]
2024-12-28 01:08:19,136 - pcp: Could not find `cid` for [2,5-dihydroxyterephthal]
2024-12-28 01:08:19,451 - pcp: Could not find `cid` for [Qu-H3L]
2024-12-28 01:08:19,785 - pcp: Could not find `cid` for [DMF/methanol/H2O = ]
2024-12-28 01:08:20,475 - pcp: Could not find `cid` for [4-abpt]
2024-12-28 01:08:20,796 - pcp: Could not find `cid` for [H2O, DMF]
2024-12-28 01:08:21,117 - pcp: Could not find `cid` for [DMF/NMP]
2024-12-28 01:08:21,461 - pcp: Could not find `cid` for [H2nip (0.1 mmol),]
2024-12-28 01:08:21,797 - pcp: Could not find `cid` for [7.5 mL v/v = 1:]
2024-12-28 01:08:22,132 - pcp: Could not find `cid` for [imineodiacetic acid]
2024-12-28 01:08:22,457 - pcp: Could not find `cid` for [L3-H8]
2024-12-28 01:08:22,791 - pcp: Could not find `cid` for [DMF, H2O, HCl]
2024-12-28 01:08:23,108 - pcp: Could not find `cid` for [DEA and ethanol]
2024-12-28 01:08:23,443 - pcp: Could not find `cid` for [Co(CH3COO)2\u20214]
2024-12-28 01:08:23,762 - pcp: Could not find `cid` for [EtOH/H2O (1:1)]
2024-12-28 01:08:24,090 - pcp: Could not find `cid` for [ammonia solution (25% to 28]
2024-12-28 01:08:24,401 - pcp: Could not find `cid` for [H2O (3 mL) and DMF]
2024-12-28 01:08:24,738 - pcp: Could not find `cid` for [Na2bdc]
2024-12-28 01:08:25,059 - pcp: Could not find `cid` for [bztpy]
2024-12-28 01:08:25,392 - pcp: Could not find `cid` for [Zn(NO3)2\\u20226]
2024-12-28 01:08:25,705 - pcp: Could not find `cid` for [DEF/EtOH/H2O (8 mL]
2024-12-28 01:08:26,024 - pcp: Could not find `cid` for [H2hfipbb]
2024-12-28 01:08:26,336 - pcp: Could not find `cid` for [bmib]
2024-12-28 01:08:26,686 - pcp: Could not find `cid` for [H3BTN (8.3 mg, ]
2024-12-28 01:08:27,019 - pcp: Could not find `cid` for [N,N\u2019-diethylformamide (]
2024-12-28 01:08:27,350 - pcp: Could not find `cid` for [H3IDC]
2024-12-28 01:08:28,030 - pcp: Could not find `cid` for [H3BTC, d-Serine, D]
2024-12-28 01:08:28,364 - pcp: Could not find `cid` for [DMF, dioxane, H2O]
2024-12-28 01:08:28,708 - pcp: Could not find `cid` for [HFP]
2024-12-28 01:08:29,690 - pcp: Could not find `cid` for [DMF/ethanol (1/4,]
2024-12-28 01:08:30,030 - pcp: Could not find `cid` for [NH3·H2O]
2024-12-28 01:08:30,347 - pcp: Could not find `cid` for [DMF/H2O (3/1,]
2024-12-28 01:08:30,680 - pcp: Could not find `cid` for [La(NO3)3\u00b66H]
2024-12-28 01:08:31,017 - pcp: Could not find `cid` for [NaH2sip]
2024-12-28 01:08:31,356 - pcp: Could not find `cid` for [CH3OH, H2O]
2024-12-28 01:08:31,700 - pcp: Could not find `cid` for [Eu(NO3)3 6H2O]
2024-12-28 01:08:32,052 - pcp: Could not find `cid` for [2,2\u2030-bipyridine]
2024-12-28 01:08:32,384 - pcp: Could not find `cid` for [DMF: DMSO: H2O]
2024-12-28 01:08:33,026 - pcp: Could not find `cid` for [Cd(OAc)2\u00b72H]
2024-12-28 01:08:33,356 - pcp: Could not find `cid` for [Zn(NO3)2\u207a6]
2024-12-28 01:08:33,700 - pcp: Could not find `cid` for [10.00 g]
2024-12-28 01:08:34,059 - pcp: Could not find `cid` for [5-cyano-1,3-ben]
2024-12-28 01:08:34,385 - pcp: Could not find `cid` for [H2TPPS]
2024-12-28 01:08:34,721 - pcp: Could not find `cid` for [40% HBF4]
2024-12-28 01:08:35,067 - pcp: Could not find `cid` for [DMF: H2O: MeOH =]
2024-12-28 01:08:35,384 - pcp: Could not find `cid` for [bimb]
2024-12-28 01:08:36,038 - pcp: Could not find `cid` for [Zn(NO3)2\\u2009]
2024-12-28 01:08:36,400 - pcp: Could not find `cid` for [bpdc and bpNDI]
2024-12-28 01:08:36,735 - pcp: Could not find `cid` for [Zn(NO3)2\\u00b]
2024-12-28 01:08:37,053 - pcp: Could not find `cid` for [DMF (5 mL) and chlorobenz]
2024-12-28 01:08:37,393 - pcp: Could not find `cid` for [H6tL1]
2024-12-28 01:08:38,062 - pcp: Could not find `cid` for [Hbtz]
2024-12-28 01:08:38,403 - pcp: Could not find `cid` for [16.0 mL]
2024-12-28 01:08:38,726 - pcp: Could not find `cid` for [50% (CH3)4NOH solution]
2024-12-28 01:08:39,373 - pcp: Could not find `cid` for [4,4\u2032-bipyridyl]
2024-12-28 01:08:39,711 - pcp: Could not find `cid` for [water/methanol mixture]
2024-12-28 01:08:40,028 - pcp: Could not find `cid` for [H2atpa]
2024-12-28 01:08:40,364 - pcp: Could not find `cid` for [H2pydc, triethylamine]
2024-12-28 01:08:40,732 - pcp: Could not find `cid` for [Tb(NO3)3·6 H2]
2024-12-28 01:08:41,066 - pcp: Could not find `cid` for [H2O/CH3CN]
2024-12-28 01:08:41,381 - pcp: Could not find `cid` for [H3pdc, CuCO3.Cu]
2024-12-28 01:08:42,056 - pcp: Could not find `cid` for [DMF/H2O (10 mL, ]
2024-12-28 01:08:42,716 - pcp: Could not find `cid` for [Cu(NO3)6·3H2O]
2024-12-28 01:08:43,030 - pcp: Could not find `cid` for [H2O-EtOH]
2024-12-28 01:08:43,713 - pcp: Could not find `cid` for [CdCl2\u22ef2.5H]
2024-12-28 01:08:44,043 - pcp: Could not find `cid` for [0.30 mL]
2024-12-28 01:08:44,732 - pcp: Could not find `cid` for [N,N-dimethyl acetamide : deion]
2024-12-28 01:08:45,052 - pcp: Could not find `cid` for [Gd(NO3)3]
2024-12-28 01:08:45,365 - pcp: Could not find `cid` for [NH3\u2009\u2009H2]
2024-12-28 01:08:45,699 - pcp: Could not find `cid` for [DMF:CH3OH:water]
2024-12-28 01:08:46,035 - pcp: Could not find `cid` for [Cd(NO3)2\u20214H2]
2024-12-28 01:08:46,352 - pcp: Could not find `cid` for [Zn(OAc)2·2H2]
2024-12-28 01:08:46,687 - pcp: Could not find `cid` for [DMF/H2O/MeOH]
2024-12-28 01:08:47,028 - pcp: Could not find `cid` for [DMF (4 mL) and MeOH (]
2024-12-28 01:08:47,367 - pcp: Could not find `cid` for [H4PAGeS and MnCl2]
2024-12-28 01:08:47,705 - pcp: Could not find `cid` for [DMF/methanol (0.3/]
2024-12-28 01:08:48,023 - pcp: Could not find `cid` for [H3EIMDC]
2024-12-28 01:08:48,654 - pcp: Could not find `cid` for [3 mL]
2024-12-28 01:08:49,308 - pcp: Could not find `cid` for [H3PyImDC]
2024-12-28 01:08:49,640 - pcp: Could not find `cid` for [2-sulfoterephthalic acid mon]
2024-12-28 01:08:50,366 - pcp: Could not find `cid` for [H3AsO4, 1,2]
2024-12-28 01:08:50,678 - pcp: Could not find `cid` for [millipore water]
2024-12-28 01:08:51,355 - pcp: Could not find `cid` for [1,4-dioxane/H2O]
2024-12-28 01:08:51,691 - pcp: Could not find `cid` for [Cd(OAc)2]
2024-12-28 01:08:52,698 - pcp: Could not find `cid` for [DMF/CH3CN (8 mL;]
2024-12-28 01:08:53,029 - pcp: Could not find `cid` for [H3PMo12O40\u22c]
2024-12-28 01:08:53,343 - pcp: Could not find `cid` for [H2fum, glutamic acid]
2024-12-28 01:08:54,004 - pcp: Could not find `cid` for [DMF:MeOH]
2024-12-28 01:08:54,673 - pcp: Could not find `cid` for [DMF, CH3CH2OH]
2024-12-28 01:08:55,013 - pcp: Could not find `cid` for [H2ntd, Hmtz]
2024-12-28 01:08:55,349 - pcp: Could not find `cid` for [H2dnpdc]
2024-12-28 01:08:55,686 - pcp: Could not find `cid` for [CdCO3 (0.217 g, ]
2024-12-28 01:08:56,018 - pcp: Could not find `cid` for [H4BTC (0.127 g, ]
2024-12-28 01:08:56,352 - pcp: Could not find `cid` for [H2tbip]
2024-12-28 01:08:56,708 - pcp: Could not find `cid` for [Htz]
2024-12-28 01:08:57,801 - pcp: Could not find `cid` for [water and NaOH aqueous solution]
2024-12-28 01:08:58,141 - pcp: Could not find `cid` for [DMF/cyclohexanol/H2O]
2024-12-28 01:08:58,476 - pcp: Could not find `cid` for [HO-H3BTC and 4,4\u]
2024-12-28 01:08:58,793 - pcp: Could not find `cid` for [CH3CN/H2O (3/4]
2024-12-28 01:08:59,429 - pcp: Could not find `cid` for [Cd(NO3)2\u00b24H]
2024-12-28 01:08:59,760 - pcp: Could not find `cid` for [H4tpta]
2024-12-28 01:09:00,743 - pcp: Could not find `cid` for [Er(NO3)3·5H2O]
2024-12-28 01:09:01,081 - pcp: Could not find `cid` for [DMF (3 mL), C2H5]
2024-12-28 01:09:01,392 - pcp: Could not find `cid` for [Pr6O11]
2024-12-28 01:09:02,046 - pcp: Could not find `cid` for [DMF+formic acid]
2024-12-28 01:09:02,364 - pcp: Could not find `cid` for [DMF/glycol/H2O (8]
2024-12-28 01:09:03,072 - pcp: Could not find `cid` for [DMF+H2O]
2024-12-28 01:09:03,420 - pcp: Could not find `cid` for [Hmtz]
2024-12-28 01:09:03,757 - pcp: Could not find `cid` for [sdb]
2024-12-28 01:09:04,072 - pcp: Could not find `cid` for [N,N\u2032-dimethylacetamide]
2024-12-28 01:09:04,387 - pcp: Could not find `cid` for [DMF/CH3CN/H2O]
2024-12-28 01:09:04,722 - pcp: Could not find `cid` for [0.04 mmol of Co(NO3)]
2024-12-28 01:09:05,057 - pcp: Could not find `cid` for [7.5 mL H2O]
2024-12-28 01:09:05,397 - pcp: Could not find `cid` for [DMF/MeCN (4:1,]
2024-12-28 01:09:05,732 - pcp: Could not find `cid` for [Cobalt(II) chloride hexahydr]
2024-12-28 01:09:06,047 - pcp: Could not find `cid` for [H3IDC, bpy, KOH]
2024-12-28 01:09:06,384 - pcp: Could not find `cid` for [bpp]
2024-12-28 01:09:06,720 - pcp: Could not find `cid` for [10 ml]
2024-12-28 01:09:07,068 - pcp: Could not find `cid` for [H2E2Ge2O3 (0]
2024-12-28 01:09:07,404 - pcp: Could not find `cid` for [H2Me4BPDC]
2024-12-28 01:09:07,739 - pcp: Could not find `cid` for [68% concentrated nitric acid]
2024-12-28 01:09:08,060 - pcp: Could not find `cid` for [dimethylformamide (3.0 mL),]
2024-12-28 01:09:08,382 - pcp: Could not find `cid` for [Hpza]
2024-12-28 01:09:08,695 - pcp: Could not find `cid` for [DEF, water, HCl]
2024-12-28 01:09:09,344 - pcp: Could not find `cid` for [0.096 g]
2024-12-28 01:09:09,676 - pcp: Could not find `cid` for [DMF/dioxane/H2O (4]
2024-12-28 01:09:10,008 - pcp: Could not find `cid` for [concentrated hydrochloric acid]
2024-12-28 01:09:10,324 - pcp: Could not find `cid` for [DMF/H2O (2.4 mL]
2024-12-28 01:09:11,002 - pcp: Could not find `cid` for [H3MIDC (34.0 mg]
2024-12-28 01:09:11,317 - pcp: Could not find `cid` for [Cd(NO3)2\u22126H2]
2024-12-28 01:09:11,664 - pcp: Could not find `cid` for [1,4-naphthalenedicarbox]
2024-12-28 01:09:11,983 - pcp: Could not find `cid` for [H2O and aqueous NaOH]
2024-12-28 01:09:12,954 - pcp: Could not find `cid` for [Zinc nitrate hexahydrate (55]
2024-12-28 01:09:13,268 - pcp: Could not find `cid` for [KI]
2024-12-28 01:09:13,600 - pcp: Could not find `cid` for [imiminodiacetic acid]
2024-12-28 01:09:13,915 - pcp: Could not find `cid` for [0.062 g, 0.25 mm]
2024-12-28 01:09:14,230 - pcp: Could not find `cid` for [3 mL of water and 3 mL of gly]
2024-12-28 01:09:14,589 - pcp: Could not find `cid` for [NMP/dioxane/H2O]
2024-12-28 01:09:15,285 - pcp: Could not find `cid` for [H4btec]
