2024-12-29 23:03:39,200 - pcp: Could not find `cid` for [H4L1\u202e6.5]
2024-12-29 23:03:39,539 - pcp: Could not find `cid` for [DMF:MeOH]
2024-12-29 23:03:39,888 - pcp: Could not find `cid` for [DMF, dioxane, H2O]
2024-12-29 23:03:40,232 - pcp: Could not find `cid` for [Mg(NO3)2\\u00b]
2024-12-29 23:03:40,562 - pcp: Could not find `cid` for [deanol/ethanol (2:1 v]
2024-12-29 23:03:40,883 - pcp: Could not find `cid` for [H3BTB]
2024-12-29 23:03:41,226 - pcp: Could not find `cid` for [DMF/H2O (1:3)]
2024-12-29 23:03:41,543 - pcp: Could not find `cid` for [Co(NO3)2\u22ef6H]
2024-12-29 23:03:41,868 - pcp: Could not find `cid` for [H3IDC]
2024-12-29 23:03:42,203 - pcp: Could not find `cid` for [EtOH/H2O (1:1,]
2024-12-29 23:03:42,567 - pcp: Could not find `cid` for [1,2-bis(4-pyrid]
2024-12-29 23:03:42,889 - pcp: Could not find `cid` for [DMF and water]
2024-12-29 23:03:43,205 - pcp: Could not find `cid` for [DMF (1.0 mL) and water]
2024-12-29 23:03:43,902 - pcp: Could not find `cid` for [CoCl2\u22c6 6H]
2024-12-29 23:03:44,224 - pcp: Could not find `cid` for [H3BTPCA]
2024-12-29 23:03:44,547 - pcp: Could not find `cid` for [Htrz]
2024-12-29 23:03:44,876 - pcp: Could not find `cid` for [1-[(4-methylphenyl)sul]
2024-12-29 23:03:45,188 - pcp: Could not find `cid` for [L]
2024-12-29 23:03:45,506 - pcp: Could not find `cid` for [DMF/H2O/C2H5OH]
2024-12-29 23:03:46,185 - pcp: Could not find `cid` for [Water (H2O)]
2024-12-29 23:03:46,846 - pcp: Could not find `cid` for [N(Et)3 (0.1 mL]
2024-12-29 23:03:47,189 - pcp: Could not find `cid` for [DMF (1 mL), N(Et)]
2024-12-29 23:03:47,525 - pcp: Could not find `cid` for [H2tdc]
2024-12-29 23:03:47,852 - pcp: Could not find `cid` for [pDBI]
2024-12-29 23:03:48,186 - pcp: Could not find `cid` for [dmf/H2O]
2024-12-29 23:03:48,534 - pcp: Could not find `cid` for [Cd(NO3)2·4H2O]
2024-12-29 23:03:48,862 - pcp: Could not find `cid` for [water and glycol]
2024-12-29 23:03:49,549 - pcp: Could not find `cid` for [H2bdc]
2024-12-29 23:03:50,238 - pcp: Could not find `cid` for [pdp]
2024-12-29 23:03:50,576 - pcp: Could not find `cid` for [H2BDC]
2024-12-29 23:03:51,832 - pcp: Could not find `cid` for [None]
2024-12-29 23:03:52,169 - pcp: Could not find `cid` for [DMF + CH3COOH + HCl]
2024-12-29 23:03:52,490 - pcp: Could not find `cid` for [CH3OH, DMF]
2024-12-29 23:03:53,152 - pcp: Could not find `cid` for [1,9\u2014diaminon]
2024-12-29 23:03:53,485 - pcp: Could not find `cid` for [MgCl2·6H2O,]
2024-12-29 23:03:53,848 - pcp: Could not find `cid` for [dimethylforamide and water]
2024-12-29 23:03:54,184 - pcp: Could not find `cid` for [HBF4 (40%)]
2024-12-29 23:03:54,525 - pcp: Could not find `cid` for [Zn(OAc)2\u22ef2]
2024-12-29 23:03:54,857 - pcp: Could not find `cid` for [H4BDPO]
2024-12-29 23:03:55,193 - pcp: Could not find `cid` for [DMF, ethanol, H2O, H]
2024-12-29 23:03:55,886 - pcp: Could not find `cid` for [DMF/H2O]
2024-12-29 23:03:56,561 - pcp: Could not find `cid` for [pyrazine-2,3-dicar]
2024-12-29 23:03:56,892 - pcp: Could not find `cid` for [acetonitrile/H2O]
2024-12-29 23:03:57,578 - pcp: Could not find `cid` for [MnCl2·4H2O]
2024-12-29 23:03:57,914 - pcp: Could not find `cid` for [CuSO4\u25a0\u25a]
2024-12-29 23:03:58,236 - pcp: Could not find `cid` for [EtOH/H2O]
2024-12-29 23:03:58,563 - pcp: Could not find `cid` for [Ba(NO3)2]
2024-12-29 23:03:58,890 - pcp: Could not find `cid` for [N,N]
2024-12-29 23:03:59,203 - pcp: Could not find `cid` for [H2O, DMF]
2024-12-29 23:03:59,520 - pcp: Could not find `cid` for [DMF, H2O]
2024-12-29 23:04:00,193 - pcp: Could not find `cid` for [Zn(Ac)2]
2024-12-29 23:04:00,510 - pcp: Could not find `cid` for [H3CMPEIP]
2024-12-29 23:04:00,849 - pcp: Could not find `cid` for [DMF/1,4-dioxane]
2024-12-29 23:04:01,517 - pcp: Could not find `cid` for [DMF, EtOH]
2024-12-29 23:04:01,863 - pcp: Could not find `cid` for [CuCl2\\u20242H2O]
2024-12-29 23:04:02,180 - pcp: Could not find `cid` for [Zn(NO3)2\u20096H]
2024-12-29 23:04:02,523 - pcp: Could not find `cid` for [DMF/EtOH/H2O]
2024-12-29 23:04:03,176 - pcp: Could not find `cid` for [10 mL]
2024-12-29 23:04:03,523 - pcp: Could not find `cid` for [4,4\u0027-Bipy]
2024-12-29 23:04:03,861 - pcp: Could not find `cid` for [ZnF_(2) \* 4]
2024-12-29 23:04:04,201 - pcp: Could not find `cid` for [H3LMe]
2024-12-29 23:04:04,520 - pcp: Could not find `cid` for [DMF and MeOH]
2024-12-29 23:04:04,855 - pcp: Could not find `cid` for [DMF (4 mL) and MeOH (]
2024-12-29 23:04:05,950 - pcp: Could not find `cid` for [1,3,5-triazine-2]
2024-12-29 23:04:06,286 - pcp: Could not find `cid` for [DMF/ethanol]
2024-12-29 23:04:06,606 - pcp: Could not find `cid` for [Cu(ClO4)2\u22c6]
2024-12-29 23:04:06,925 - pcp: Could not find `cid` for [DMF/H2O (5/1,]
2024-12-29 23:04:07,249 - pcp: Could not find `cid` for [Zn(OAc)2\u22c75]
2024-12-29 23:04:07,592 - pcp: Could not find `cid` for [1,4-dioxane/H2O]
2024-12-29 23:04:07,931 - pcp: Could not find `cid` for [DMF/H2O (3:1,]
2024-12-29 23:04:08,619 - pcp: Could not find `cid` for [Dy(NO3)3·6H2]
2024-12-29 23:04:08,939 - pcp: Could not find `cid` for [H2Me4BPDC]
2024-12-29 23:04:09,256 - pcp: Could not find `cid` for [H2adi]
2024-12-29 23:04:09,572 - pcp: Could not find `cid` for [N,N-dimethylacetamide and methanol]
2024-12-29 23:04:10,245 - pcp: Could not find `cid` for [4,5-bis(4′-car]
2024-12-29 23:04:10,575 - pcp: Could not find `cid` for [1H-1,2,4-triaz]
2024-12-29 23:04:10,891 - pcp: Could not find `cid` for [H2dnpdc]
2024-12-29 23:04:11,679 - pcp: Could not find `cid` for [Millipore Water]
2024-12-29 23:04:12,001 - pcp: Could not find `cid` for [Cd(ClO4)2·6H2]
2024-12-29 23:04:12,318 - pcp: Could not find `cid` for [CH3OH and H2O]
2024-12-29 23:04:12,633 - pcp: Could not find `cid` for [6 M HCl]
2024-12-29 23:04:12,953 - pcp: Could not find `cid` for [0.0129 g of EuCl3·]
2024-12-29 23:04:13,289 - pcp: Could not find `cid` for [ca. 10.6 g of distilled water]
2024-12-29 23:04:13,609 - pcp: Could not find `cid` for [Co(NO3)2⋅6 H]
2024-12-29 23:04:13,926 - pcp: Could not find `cid` for [DMF  NMP]
2024-12-29 23:04:14,289 - pcp: Could not find `cid` for [4,4\u2032-bpy]
2024-12-29 23:04:14,625 - pcp: Could not find `cid` for [H2O/EtOH]
2024-12-29 23:04:15,284 - pcp: Could not find `cid` for [DMF/H2O (4:2 vol]
2024-12-29 23:04:15,614 - pcp: Could not find `cid` for [water, ethanol]
2024-12-29 23:04:16,267 - pcp: Could not find `cid` for [Ce(NO3)3·6H2O]
2024-12-29 23:04:16,617 - pcp: Could not find `cid` for [1,4-bib]
2024-12-29 23:04:16,931 - pcp: Could not find `cid` for [H2O/DMF (1 mL,]
2024-12-29 23:04:17,249 - pcp: Could not find `cid` for [H2PAM]
2024-12-29 23:04:17,585 - pcp: Could not find `cid` for [H2O:DMF (10:2]
2024-12-29 23:04:17,920 - pcp: Could not find `cid` for [EtOH:DMF]
2024-12-29 23:04:18,261 - pcp: Could not find `cid` for [Cu(NO3)2·2.5H]
2024-12-29 23:04:18,596 - pcp: Could not find `cid` for [DMF/NMP (5.0/5]
2024-12-29 23:04:19,285 - pcp: Could not find `cid` for [H5bpbc, 4,4\u]
2024-12-29 23:04:19,618 - pcp: Could not find `cid` for [Zn(NO3)2·6H2]
2024-12-29 23:04:19,941 - pcp: Could not find `cid` for [DMF, MeOH, H2O]
2024-12-29 23:04:20,263 - pcp: Could not find `cid` for [HCl (0.1 M)]
2024-12-29 23:04:20,596 - pcp: Could not find `cid` for [DMF (10 mL)]
2024-12-29 23:04:20,932 - pcp: Could not find `cid` for [H3TAIP]
2024-12-29 23:04:21,249 - pcp: Could not find `cid` for [Zn(OAc)2\u22bf2]
2024-12-29 23:04:21,584 - pcp: Could not find `cid` for [DMF\\/water\\/MeOH (2\\/]
2024-12-29 23:04:21,903 - pcp: Could not find `cid` for [2 M HCl]
2024-12-29 23:04:22,233 - pcp: Could not find `cid` for [Zn(NO3)2\u22126H]
2024-12-29 23:04:22,570 - pcp: Could not find `cid` for [YbCl3·6H2O]
2024-12-29 23:04:22,906 - pcp: Could not find `cid` for [CuCl2\\u00b72H2]
2024-12-29 23:04:23,226 - pcp: Could not find `cid` for [H4TADIP]
2024-12-29 23:04:23,573 - pcp: Could not find `cid` for [H3BPT (0.045 mmol]
2024-12-29 23:04:23,913 - pcp: Could not find `cid` for [DMF, H2O, ethanol]
2024-12-29 23:04:24,233 - pcp: Could not find `cid` for [H4L]
2024-12-29 23:04:24,552 - pcp: Could not find `cid` for [KH2TDA, azopy]
2024-12-29 23:04:24,870 - pcp: Could not find `cid` for [H3PIMDC]
2024-12-29 23:04:25,208 - pcp: Could not find `cid` for [H4tpta]
2024-12-29 23:04:25,525 - pcp: Could not find `cid` for [H4ptptc]
2024-12-29 23:04:25,843 - pcp: Could not find `cid` for [Me4NBr]
2024-12-29 23:04:26,160 - pcp: Could not find `cid` for [H3btc]
2024-12-29 23:04:26,505 - pcp: Could not find `cid` for [DMF and EtOH]
2024-12-29 23:04:26,832 - pcp: Could not find `cid` for [H8TDM]
2024-12-29 23:04:27,501 - pcp: Could not find `cid` for [DMF/MeCN/H2O (10]
2024-12-29 23:04:27,903 - pcp: Could not find `cid` for [1,3-bis(4-carboxy]
2024-12-29 23:04:28,244 - pcp: Could not find `cid` for [deionized water,CH3CN,CH]
2024-12-29 23:04:28,606 - pcp: Could not find `cid` for [bpt, triethylamine]
2024-12-29 23:04:28,924 - pcp: Could not find `cid` for [HFP]
2024-12-29 23:04:29,256 - pcp: Could not find `cid` for [DMF/CH3CN (8 mL;]
2024-12-29 23:04:29,573 - pcp: Could not find `cid` for [MnCl2·4H2O (]
2024-12-29 23:04:29,892 - pcp: Could not find `cid` for [N,N\u2032-diethylformamide (]
2024-12-29 23:04:30,215 - pcp: Could not find `cid` for [Co(NO3)2\\u20096H]
2024-12-29 23:04:31,251 - pcp: Could not find `cid` for [py]
2024-12-29 23:04:31,568 - pcp: Could not find `cid` for [DMF, EtOH, pyridine]
2024-12-29 23:04:31,917 - pcp: Could not find `cid` for [Hade]
2024-12-29 23:04:32,231 - pcp: Could not find `cid` for [Cu(NO3)2·3H2O]
2024-12-29 23:04:32,573 - pcp: Could not find `cid` for [1:1 solution of N,N-dimethyl]
2024-12-29 23:04:33,248 - pcp: Could not find `cid` for [DMF:EtOH (1:1)]
2024-12-29 23:04:33,886 - pcp: Could not find `cid` for [H2SBA (0.186 g,]
2024-12-29 23:04:34,210 - pcp: Could not find `cid` for [DMF (7.0 mL), EtOH]
2024-12-29 23:04:34,559 - pcp: Could not find `cid` for [Na+L]
2024-12-29 23:04:34,895 - pcp: Could not find `cid` for [EtOH:H2O (v:v =]
2024-12-29 23:04:35,235 - pcp: Could not find `cid` for [Cu(ClO4)2]
2024-12-29 23:04:35,569 - pcp: Could not find `cid` for [DMF:H2O:2M HCl]
2024-12-29 23:04:35,910 - pcp: Could not find `cid` for [AgNO3, bbi, NH4VO]
2024-12-29 23:04:36,243 - pcp: Could not find `cid` for [La(NO3)3\\u20262H]
2024-12-29 23:04:36,559 - pcp: Could not find `cid` for [DMF/methanol/H2O =]
2024-12-29 23:04:36,900 - pcp: Could not find `cid` for [Gd(NO3)3\u22c6]
2024-12-29 23:04:37,243 - pcp: Could not find `cid` for [A mixture of CoCl2\\u20226]
2024-12-29 23:04:37,574 - pcp: Could not find `cid` for [Zn(NO3)·6H2O]
2024-12-29 23:04:37,890 - pcp: Could not find `cid` for [H3MIDC]
2024-12-29 23:04:38,609 - pcp: Could not find `cid` for [DEF and deionized water]
2024-12-29 23:04:38,957 - pcp: Could not find `cid` for [DMF:H2O (9:1)]
2024-12-29 23:04:39,631 - pcp: Could not find `cid` for [bpfp (29.6 mg, 0]
2024-12-29 23:04:39,950 - pcp: Could not find `cid` for [H2O (10 mL)]
2024-12-29 23:04:40,274 - pcp: Could not find `cid` for [DMF/dioxane/H2O (4]
2024-12-29 23:04:40,606 - pcp: Could not find `cid` for [DMF/MeCN/H2O]
2024-12-29 23:04:40,945 - pcp: Could not find `cid` for [15 mL]
2024-12-29 23:04:41,657 - pcp: Could not find `cid` for [Tb(NO3)3\u00b66]
2024-12-29 23:04:41,990 - pcp: Could not find `cid` for [DMF (2 mL), H2O (]
2024-12-29 23:04:42,313 - pcp: Could not find `cid` for [H2BDC-F4]
2024-12-29 23:04:42,655 - pcp: Could not find `cid` for [DMF/C2H5OH/H2O]
2024-12-29 23:04:43,330 - pcp: Could not find `cid` for [DMF/acetonitrile (3 mL,]
2024-12-29 23:04:43,651 - pcp: Could not find `cid` for [H4bptc]
2024-12-29 23:04:43,972 - pcp: Could not find `cid` for [water\u2014ethanol (2:1]
2024-12-29 23:04:44,637 - pcp: Could not find `cid` for [50 μL of 6 M HCl]
2024-12-29 23:04:44,973 - pcp: Could not find `cid` for [DMF, acetonitrile and H2]
2024-12-29 23:04:45,683 - pcp: Could not find `cid` for [4A-zeolite]
2024-12-29 23:04:46,027 - pcp: Could not find `cid` for [N,N-dimethyl formamide (DMF]
2024-12-29 23:04:46,346 - pcp: Could not find `cid` for [DMF/H2O (9/1,]
2024-12-29 23:04:46,685 - pcp: Could not find `cid` for [CdCO3 (0.217 g,]
2024-12-29 23:04:47,024 - pcp: Could not find `cid` for [0.304 g meso-tartaric]
2024-12-29 23:04:47,339 - pcp: Could not find `cid` for [[(CH3)4N]OH]
2024-12-29 23:04:47,657 - pcp: Could not find `cid` for [Cu(NO3)2\u22c51.]
2024-12-29 23:04:47,991 - pcp: Could not find `cid` for [DMF/H2O/EtOH]
2024-12-29 23:04:48,304 - pcp: Could not find `cid` for [Et4NOH]
2024-12-29 23:04:48,631 - pcp: Could not find `cid` for [H3BTT]
2024-12-29 23:04:49,305 - pcp: Could not find `cid` for [CuCl2\u20222H2O]
2024-12-29 23:04:49,995 - pcp: Could not find `cid` for [DMF+H2O]
2024-12-29 23:04:50,349 - pcp: Could not find `cid` for [1,2,4,5-benzene]
2024-12-29 23:04:50,666 - pcp: Could not find `cid` for [H3tci]
2024-12-29 23:04:51,003 - pcp: Could not find `cid` for [5-cyano-1,3-ben]
2024-12-29 23:04:51,320 - pcp: Could not find `cid` for [DMF and H2O]
2024-12-29 23:04:51,654 - pcp: Could not find `cid` for [NH3\u00b7H2O]
2024-12-29 23:04:51,975 - pcp: Could not find `cid` for [DMF, CH3OH]
2024-12-29 23:04:52,338 - pcp: Could not find `cid` for [MnSO4\u00b7H2]
2024-12-29 23:04:52,683 - pcp: Could not find `cid` for [DMF, H2O, HCl]
2024-12-29 23:04:53,030 - pcp: Could not find `cid` for [N,N\'-dimethylformamide (DM]
2024-12-29 23:04:53,694 - pcp: Could not find `cid` for [100 \u00b5L of 6]
2024-12-29 23:04:54,012 - pcp: Could not find `cid` for [mixed solvent of N,N-dimethyl formamide]
2024-12-29 23:04:54,334 - pcp: Could not find `cid` for [Eu(NO3)3]
2024-12-29 23:04:54,979 - pcp: Could not find `cid` for [Cu(NO3)2\\u202e2]
2024-12-29 23:04:55,297 - pcp: Could not find `cid` for [DMF/NMP/pyridine]
2024-12-29 23:04:55,935 - pcp: Could not find `cid` for [H4btec]
2024-12-29 23:04:56,907 - pcp: Could not find `cid` for [water, methanol]
2024-12-29 23:04:57,228 - pcp: Could not find `cid` for [KI]
2024-12-29 23:04:57,562 - pcp: Could not find `cid` for [H2O/1,4-dioxane]
2024-12-29 23:04:57,896 - pcp: Could not find `cid` for [NaOH aqueous solution]
2024-12-29 23:04:58,545 - pcp: Could not find `cid` for [obtz]
2024-12-29 23:04:58,882 - pcp: Could not find `cid` for [NaOH, EuCl3\u00b26]
2024-12-29 23:04:59,532 - pcp: Could not find `cid` for [N,N-dimethylformamide, distilled water]
2024-12-29 23:04:59,877 - pcp: Could not find `cid` for [CdSO4·8/3H2O]
2024-12-29 23:05:00,214 - pcp: Could not find `cid` for [MnCl2\u202f4H2]
2024-12-29 23:05:00,555 - pcp: Could not find `cid` for [dmurea]
2024-12-29 23:05:00,873 - pcp: Could not find `cid` for [Cd(ClO4)2\u00b26]
2024-12-29 23:05:01,217 - pcp: Could not find `cid` for [TRZ]
2024-12-29 23:05:01,562 - pcp: Could not find `cid` for [DMF/H2O (v/v =]
2024-12-29 23:05:01,892 - pcp: Could not find `cid` for [Mn(NO3)2·4H2]
2024-12-29 23:05:02,238 - pcp: Could not find `cid` for [Zn(NO3)2\u20226H]
2024-12-29 23:05:02,574 - pcp: Could not find `cid` for [DEF/EtOH/H2O (8 mL]
2024-12-29 23:05:02,909 - pcp: Could not find `cid` for [H3TBOT]
2024-12-29 23:05:03,227 - pcp: Could not find `cid` for [DMF:NMP]
2024-12-29 23:05:03,592 - pcp: Could not find `cid` for [H2TBA]
2024-12-29 23:05:03,924 - pcp: Could not find `cid` for [N,N\u2019-dimethylformamide]
2024-12-29 23:05:04,251 - pcp: Could not find `cid` for [0.16 mmol, 32 mg Mn]
2024-12-29 23:05:04,584 - pcp: Could not find `cid` for [10 mL water]
2024-12-29 23:05:04,932 - pcp: Could not find `cid` for [2 drops]
2024-12-29 23:05:05,271 - pcp: Could not find `cid` for [bpdc]
2024-12-29 23:05:05,606 - pcp: Could not find `cid` for [Zn(NO3)2\\u20226]
2024-12-29 23:05:05,934 - pcp: Could not find `cid` for [TPOM]
2024-12-29 23:05:06,252 - pcp: Could not find `cid` for [DMF/H2O (1/2,]
2024-12-29 23:05:06,594 - pcp: Could not find `cid` for [Cu(NO3)2\u00b66 H]
2024-12-29 23:05:06,933 - pcp: Could not find `cid` for [H2L2]
2024-12-29 23:05:07,264 - pcp: Could not find `cid` for [H4ABTC]
2024-12-29 23:05:07,577 - pcp: Could not find `cid` for [DMF/glycol/H2O (8]
2024-12-29 23:05:07,900 - pcp: Could not find `cid` for [H22BPC]
2024-12-29 23:05:08,249 - pcp: Could not find `cid` for [UO2(NO3)3\\u00]
2024-12-29 23:05:08,568 - pcp: Could not find `cid` for [DMF (3 mL) and H2O]
2024-12-29 23:05:08,888 - pcp: Could not find `cid` for [H2O and ethanol]
2024-12-29 23:05:09,244 - pcp: Could not find `cid` for [KH3L1]
2024-12-29 23:05:09,581 - pcp: Could not find `cid` for [H2pdc]
2024-12-29 23:05:09,913 - pcp: Could not find `cid` for [aqueous]
2024-12-29 23:05:10,595 - pcp: Could not find `cid` for [2 drops concentrated nitric acid]
2024-12-29 23:05:10,915 - pcp: Could not find `cid` for [water/ethanol]
2024-12-29 23:05:11,276 - pcp: Could not find `cid` for [C6H6(COOH)6·]
2024-12-29 23:05:11,595 - pcp: Could not find `cid` for [water-ethanol (1:4)]
2024-12-29 23:05:11,926 - pcp: Could not find `cid` for [1 mol L\u22121 NaOH]
2024-12-29 23:05:12,246 - pcp: Could not find `cid` for [CH3OH (5 mL) and H2]
2024-12-29 23:05:12,900 - pcp: Could not find `cid` for [DMF (36 mL), 1,4]
2024-12-29 23:05:13,223 - pcp: Could not find `cid` for [1,4-dioxane (24 mL),]
2024-12-29 23:05:13,556 - pcp: Could not find `cid` for [dilute sodium hydroxide]
2024-12-29 23:05:13,873 - pcp: Could not find `cid` for [DMF/H2O (6 mL,]
2024-12-29 23:05:14,234 - pcp: Could not find `cid` for [Trimesic acid and (CH3)4]
2024-12-29 23:05:14,911 - pcp: Could not find `cid` for [C6H5PO3H2]
2024-12-29 23:05:15,252 - pcp: Could not find `cid` for [ZnF2·4H2O]
2024-12-29 23:05:15,590 - pcp: Could not find `cid` for [Dy2O3 (0.094 g]
2024-12-29 23:05:15,918 - pcp: Could not find `cid` for [DMF:MeOH:H2O]
2024-12-29 23:05:16,237 - pcp: Could not find `cid` for [H3L3]
2024-12-29 23:05:16,575 - pcp: Could not find `cid` for [H2Tart]
2024-12-29 23:05:16,896 - pcp: Could not find `cid` for [Co(NO3)2\u207a6H]
2024-12-29 23:05:17,211 - pcp: Could not find `cid` for [0]
2024-12-29 23:05:17,558 - pcp: Could not find `cid` for [14:1; 15 mL]
2024-12-29 23:05:17,892 - pcp: Could not find `cid` for [0.50 mL of a 1.0]
2024-12-29 23:05:18,223 - pcp: Could not find `cid` for [distilled H2O]
2024-12-29 23:05:18,561 - pcp: Could not find `cid` for [H2BPDC]
2024-12-29 23:05:18,878 - pcp: Could not find `cid` for [N-H2BDC]
2024-12-29 23:05:19,198 - pcp: Could not find `cid` for [none]
2024-12-29 23:05:19,520 - pcp: Could not find `cid` for [H4PANAD]
2024-12-29 23:05:19,856 - pcp: Could not find `cid` for [CuSO4\u22125H2O]
2024-12-29 23:05:20,552 - pcp: Could not find `cid` for [H2bpta]
2024-12-29 23:05:20,880 - pcp: Could not find `cid` for [N,N-dimethylformamide (DMF]
2024-12-29 23:05:21,231 - pcp: Could not find `cid` for [concentrated sulfuric acid (98%)]
2024-12-29 23:05:21,570 - pcp: Could not find `cid` for [L (16.8 mg, 0.]
2024-12-29 23:05:21,910 - pcp: Could not find `cid` for [water (10 mL)]
2024-12-29 23:05:22,247 - pcp: Could not find `cid` for [CoCl2\u20226H2O]
2024-12-29 23:05:22,582 - pcp: Could not find `cid` for [H4bdfdpa]
2024-12-29 23:05:22,957 - pcp: Could not find `cid` for [NH2–H2BDC]
2024-12-29 23:05:23,292 - pcp: Could not find `cid` for [Zn(OAc)2\u00b72]
2024-12-29 23:05:23,629 - pcp: Could not find `cid` for [H6L2]
2024-12-29 23:05:23,944 - pcp: Could not find `cid` for [Zn(NO3)2\u00b26]
2024-12-29 23:05:24,269 - pcp: Could not find `cid` for [H8TIAPy (5 mg,]
2024-12-29 23:05:24,606 - pcp: Could not find `cid` for [DMF (5 mL), H2O (]
2024-12-29 23:05:24,942 - pcp: Could not find `cid` for [H2L, CdCl2·2.]
2024-12-29 23:05:25,287 - pcp: Could not find `cid` for [DMF, H2O, MeOH]
2024-12-29 23:05:25,604 - pcp: Could not find `cid` for [Cu(NO3)2\u22123H2]
2024-12-29 23:05:25,932 - pcp: Could not find `cid` for [DEF\\/MeOH (1.5\\/1]
2024-12-29 23:05:26,276 - pcp: Could not find `cid` for [1-methyl-2-pyrrolidin]
2024-12-29 23:05:26,935 - pcp: Could not find `cid` for [Cu(NO3)2\u20262.5]
2024-12-29 23:05:27,602 - pcp: Could not find `cid` for [DMF, Water]
2024-12-29 23:05:27,937 - pcp: Could not find `cid` for [H2L]
2024-12-29 23:05:28,283 - pcp: Could not find `cid` for [Cd(NO3)2\u00b44H]
2024-12-29 23:05:28,605 - pcp: Could not find `cid` for [DMF/CH3CH2OH/H2]
2024-12-29 23:05:29,297 - pcp: Could not find `cid` for [bpz and CoCl2]
2024-12-29 23:05:29,639 - pcp: Could not find `cid` for [7 mL of distilled water]
2024-12-29 23:05:29,961 - pcp: Could not find `cid` for [H4MDIP]
2024-12-29 23:05:30,298 - pcp: Could not find `cid` for [H4dpstc]
2024-12-29 23:05:30,615 - pcp: Could not find `cid` for [ZnCl2]
2024-12-29 23:05:30,947 - pcp: Could not find `cid` for [DMF, C2H5OH, H]
2024-12-29 23:05:31,282 - pcp: Could not find `cid` for [Gd(NO3)3 (0.045]
2024-12-29 23:05:31,618 - pcp: Could not find `cid` for [H2O/ethanol (v:v =]
2024-12-29 23:05:31,940 - pcp: Could not find `cid` for [NH2(CH3)2Cl]
2024-12-29 23:05:32,269 - pcp: Could not find `cid` for [two drops of conc. HCl]
2024-12-29 23:05:32,603 - pcp: Could not find `cid` for [a mixture of DMF (1.5 mL]
2024-12-29 23:05:32,949 - pcp: Could not find `cid` for [N, N\u2032-diethylformamide]
2024-12-29 23:05:33,616 - pcp: Could not find `cid` for [Cobalt(II) chloride hexahydr]
2024-12-29 23:05:33,956 - pcp: Could not find `cid` for [Cd(NO3)2\u00b74H]
2024-12-29 23:05:34,287 - pcp: Could not find `cid` for [NaOH or KOH (10 mol·l]
2024-12-29 23:05:34,607 - pcp: Could not find `cid` for [DMF, CH3CN, H2O]
2024-12-29 23:05:35,417 - pcp: Could not find `cid` for [H2pddb]
2024-12-29 23:05:35,737 - pcp: Could not find `cid` for [water/MeCN]
2024-12-29 23:05:36,056 - pcp: Could not find `cid` for [Zn(Ac)2.2H2]
2024-12-29 23:05:36,386 - pcp: Could not find `cid` for [1,3-butane-diol, water]
2024-12-29 23:05:36,734 - pcp: Could not find `cid` for [2-propylimidazole (2-pim)]
2024-12-29 23:05:37,062 - pcp: Could not find `cid` for [C2H5OH, DMF, H]
2024-12-29 23:05:37,406 - pcp: Could not find `cid` for [Cd(NO3)2\\u00b24]
2024-12-29 23:05:37,745 - pcp: Could not find `cid` for [THF/H2O]
2024-12-29 23:05:38,082 - pcp: Could not find `cid` for [H2C2O4]
2024-12-29 23:05:38,404 - pcp: Could not find `cid` for [NH4(NO3)2]
2024-12-29 23:05:38,726 - pcp: Could not find `cid` for [btrb]
2024-12-29 23:05:39,047 - pcp: Could not find `cid` for [DMF/cyclohexanol/H2O]
2024-12-29 23:05:39,387 - pcp: Could not find `cid` for [NH4VO3 (0.047 g,]
2024-12-29 23:05:39,724 - pcp: Could not find `cid` for [H2O (8 mL)]
2024-12-29 23:05:40,041 - pcp: Could not find `cid` for [timtz]
2024-12-29 23:05:40,387 - pcp: Could not find `cid` for [Isophthalic acid (H2ipa,]
2024-12-29 23:05:40,724 - pcp: Could not find `cid` for [DMF, EtOH, H2O]
2024-12-29 23:05:41,381 - pcp: Could not find `cid` for [AgNO3, tptz, (NH]
2024-12-29 23:05:41,700 - pcp: Could not find `cid` for [Cd(NO3)2·6H2O]
2024-12-29 23:05:42,019 - pcp: Could not find `cid` for [DMF/H2O (2:1)]
2024-12-29 23:05:42,681 - pcp: Could not find `cid` for [HNO3 (2.0 mol·L]
2024-12-29 23:05:43,002 - pcp: Could not find `cid` for [DMF (1.5 mL) and H]
2024-12-29 23:05:43,337 - pcp: Could not find `cid` for [Co(OAc)2\u20042H2]
2024-12-29 23:05:43,690 - pcp: Could not find `cid` for [Sm(NO3)3\u20096H2]
2024-12-29 23:05:44,021 - pcp: Could not find `cid` for [DMF/DMSO]
2024-12-29 23:05:44,346 - pcp: Could not find `cid` for [H4X and Cd(NO3)2·]
2024-12-29 23:05:44,662 - pcp: Could not find `cid` for [Mg(NO3)2 \u22194]
2024-12-29 23:05:44,987 - pcp: Could not find `cid` for [H3TPO]
2024-12-29 23:05:45,320 - pcp: Could not find `cid` for [Cd(BF4)2]
2024-12-29 23:05:45,641 - pcp: Could not find `cid` for [H2O-MeOH]
2024-12-29 23:05:45,985 - pcp: Could not find `cid` for [NaHCOO\u00b72 H]
2024-12-29 23:05:46,646 - pcp: Could not find `cid` for [DMF/MeOH/H2O (5]
2024-12-29 23:05:46,985 - pcp: Could not find `cid` for [DMF (2 mL)]
2024-12-29 23:05:47,312 - pcp: Could not find `cid` for [DMF (2 mL) and H2O]
2024-12-29 23:05:47,651 - pcp: Could not find `cid` for [Cd(NO3)2\u22124H2]
2024-12-29 23:05:48,005 - pcp: Could not find `cid` for [BTC]
2024-12-29 23:05:48,682 - pcp: Could not find `cid` for [DMF/EtOH/pyridine]
2024-12-29 23:05:49,344 - pcp: Could not find `cid` for [btca]
2024-12-29 23:05:50,013 - pcp: Could not find `cid` for [aqueous solution]
2024-12-29 23:05:50,673 - pcp: Could not find `cid` for [Htz (14.0 mg, 0]
2024-12-29 23:05:51,013 - pcp: Could not find `cid` for [methanol\u2013water (v:v =]
2024-12-29 23:05:51,429 - pcp: Could not find `cid` for [DMF/H2O (10:10,]
2024-12-29 23:05:51,763 - pcp: Could not find `cid` for [DMF:H2O]
2024-12-29 23:05:52,093 - pcp: Could not find `cid` for [H3bpt]
2024-12-29 23:05:52,411 - pcp: Could not find `cid` for [H3PyImDC]
2024-12-29 23:05:52,731 - pcp: Could not find `cid` for [BaCl2\\u22C5\\u]
2024-12-29 23:05:53,079 - pcp: Could not find `cid` for [Cu(NO3)2\u22c75H]
2024-12-29 23:05:53,424 - pcp: Could not find `cid` for [DMF, methanol, and H2O]
2024-12-29 23:05:54,131 - pcp: Could not find `cid` for [N,N-dimethyl acetamide: deion]
2024-12-29 23:05:54,468 - pcp: Could not find `cid` for [H2E2Ge2O3]
2024-12-29 23:05:54,784 - pcp: Could not find `cid` for [Hmtz, H2ntd, Zn]
2024-12-29 23:05:55,101 - pcp: Could not find `cid` for [DMF, CH3CH2OH]
2024-12-29 23:05:55,443 - pcp: Could not find `cid` for [Cd(NO3)2\u20242H2]
2024-12-29 23:05:55,761 - pcp: Could not find `cid` for [H3PMo12O40\u22c]
2024-12-29 23:05:56,079 - pcp: Could not find `cid` for [CH3CH2OH/CH3OH]
2024-12-29 23:05:56,412 - pcp: Could not find `cid` for [Cu(NO3)6\u20233H2]
2024-12-29 23:05:56,745 - pcp: Could not find `cid` for [CuBr (29 mg, 0.2]
2024-12-29 23:05:57,060 - pcp: Could not find `cid` for [ammonia and 8 mL of MeCN]
2024-12-29 23:05:57,380 - pcp: Could not find `cid` for [DMF (2 mL) and ethanol (1]
2024-12-29 23:05:57,695 - pcp: Could not find `cid` for [DMF and ethanol]
2024-12-29 23:05:58,372 - pcp: Could not find `cid` for [Na2C2O4]
2024-12-29 23:05:58,691 - pcp: Could not find `cid` for [Cu(NO3)2⋅2.]
2024-12-29 23:05:59,028 - pcp: Could not find `cid` for [def/H2O]
2024-12-29 23:05:59,349 - pcp: Could not find `cid` for [H2SeO4, 0.17]
2024-12-29 23:05:59,699 - pcp: Could not find `cid` for [H2O, 9]
2024-12-29 23:06:00,034 - pcp: Could not find `cid` for [68 % concentrated nitric acid]
2024-12-29 23:06:00,370 - pcp: Could not find `cid` for [dimethylformamide, tetrahydrofuran]
2024-12-29 23:06:00,716 - pcp: Could not find `cid` for [Dy(NO3)3·5H2]
2024-12-29 23:06:01,139 - pcp: Could not find `cid` for [DMF, distilled water, ethanol]
2024-12-29 23:06:01,497 - pcp: Could not find `cid` for [MCF-19]
2024-12-29 23:06:01,828 - pcp: Could not find `cid` for [H3TATB and FeCl2]
2024-12-29 23:06:02,164 - pcp: Could not find `cid` for [Zn(OAc)\u00252\u002]
2024-12-29 23:06:02,499 - pcp: Could not find `cid` for [CH3OH/DMF]
2024-12-29 23:06:02,823 - pcp: Could not find `cid` for [imidazolidine-2,5-dione]
2024-12-29 23:06:03,149 - pcp: Could not find `cid` for [MeCN:H2O (1:1)]
2024-12-29 23:06:03,475 - pcp: Could not find `cid` for [Mn(CH3COO)2·4]
2024-12-29 23:06:04,130 - pcp: Could not find `cid` for [DMF (4 mL), EtOH (4]
2024-12-29 23:06:04,467 - pcp: Could not find `cid` for [N,N\u2032-dimethylformamide]
2024-12-29 23:06:05,452 - pcp: Could not find `cid` for [DMF/H2O (v:v =]
2024-12-29 23:06:05,796 - pcp: Could not find `cid` for [Gd(NO3)3]
2024-12-29 23:06:06,131 - pcp: Could not find `cid` for [DMF/H2O (5:1,]
2024-12-29 23:06:06,464 - pcp: Could not find `cid` for [H4[SiW12O40], bib]
2024-12-29 23:06:06,818 - pcp: Could not find `cid` for [5-(pyridin-4-yl)]
2024-12-29 23:06:07,488 - pcp: Could not find `cid` for [H2O/CH3CN]
2024-12-29 23:06:07,827 - pcp: Could not find `cid` for [bztpy]
2024-12-29 23:06:08,165 - pcp: Could not find `cid` for [H3TATB, In(NO3)]
2024-12-29 23:06:08,485 - pcp: Could not find `cid` for [Sm(NO3)3\u00b66 H]
2024-12-29 23:06:08,809 - pcp: Could not find `cid` for [sodium acetate buffer]
2024-12-29 23:06:09,139 - pcp: Could not find `cid` for [MnCl2\u22c5\u002]
2024-12-29 23:06:09,451 - pcp: Could not find `cid` for [NH3\u00b0H2O]
2024-12-29 23:06:09,799 - pcp: Could not find `cid` for [HO-H3BTC (11 mg, 0]
2024-12-29 23:06:10,129 - pcp: Could not find `cid` for [4′,4-bipy]
2024-12-29 23:06:10,473 - pcp: Could not find `cid` for [formic acid solution]
2024-12-29 23:06:10,807 - pcp: Could not find `cid` for [H3L]
2024-12-29 23:06:11,125 - pcp: Could not find `cid` for [2 M HNO3]
2024-12-29 23:06:11,441 - pcp: Could not find `cid` for [DMF/ethanol/H2O (5]
2024-12-29 23:06:12,109 - pcp: Could not find `cid` for [EtOH/H2O (1:1)]
2024-12-29 23:06:12,435 - pcp: Could not find `cid` for [DMF:EtOH:H2O =]
2024-12-29 23:06:13,120 - pcp: Could not find `cid` for [bimb]
2024-12-29 23:06:13,451 - pcp: Could not find `cid` for [Cu(NO3)2\u20263H2]
2024-12-29 23:06:14,116 - pcp: Could not find `cid` for [Zn(NO3)2\u20266H]
2024-12-29 23:06:14,466 - pcp: Could not find `cid` for [DEF:H]
2024-12-29 23:06:14,794 - pcp: Could not find `cid` for [FeCl2·4H2O (0]
2024-12-29 23:06:15,156 - pcp: Could not find `cid` for [p-BrPhH3IDC]
2024-12-29 23:06:15,482 - pcp: Could not find `cid` for [CH3CN/H2O (3/4]
2024-12-29 23:06:15,799 - pcp: Could not find `cid` for [Cd(NO3)2\\u202f4]
2024-12-29 23:06:16,116 - pcp: Could not find `cid` for [DMF\\\\u002fEtOH\\\\u]
2024-12-29 23:06:16,437 - pcp: Could not find `cid` for [50 \u00b5L of 6]
2024-12-29 23:06:16,753 - pcp: Could not find `cid` for [DMF, methanol and H2O]
2024-12-29 23:06:17,420 - pcp: Could not find `cid` for [MeCN/H2O]
2024-12-29 23:06:17,742 - pcp: Could not find `cid` for [Cd(NO3)2\u202614H2]
2024-12-29 23:06:18,063 - pcp: Could not find `cid` for [DMF/H2O (3/1,]
2024-12-29 23:06:18,379 - pcp: Could not find `cid` for [0.038 g, 0.2 mm]
2024-12-29 23:06:18,710 - pcp: Could not find `cid` for [DMF:CH3OH=10:0]
2024-12-29 23:06:19,027 - pcp: Could not find `cid` for [Hdpt24]
2024-12-29 23:06:19,363 - pcp: Could not find `cid` for [DMF,NMP]
2024-12-29 23:06:19,738 - pcp: Could not find `cid` for [CdSO4\u00b88/3H]
2024-12-29 23:06:20,084 - pcp: Could not find `cid` for [2,5-pyridinedicarbox]
2024-12-29 23:06:20,420 - pcp: Could not find `cid` for [Zn(NO3)2\u22c7]
2024-12-29 23:06:20,761 - pcp: Could not find `cid` for [Cd(NO3)2\u22c75H]
2024-12-29 23:06:21,078 - pcp: Could not find `cid` for [DMF/H]
2024-12-29 23:06:21,428 - pcp: Could not find `cid` for [bimh]
2024-12-29 23:06:21,766 - pcp: Could not find `cid` for [water/ethanol (10/2, mL]
2024-12-29 23:06:22,085 - pcp: Could not find `cid` for [two drops of HCl (6 mol L\u]
2024-12-29 23:06:22,402 - pcp: Could not find `cid` for [H2O, 4 mL of DMF]
2024-12-29 23:06:22,751 - pcp: Could not find `cid` for [Co(Ac)2⋅4 H]
2024-12-29 23:06:23,446 - pcp: Could not find `cid` for [Er(NO3)3\u00b55H]
2024-12-29 23:06:23,776 - pcp: Could not find `cid` for [KIO4]
2024-12-29 23:06:24,125 - pcp: Could not find `cid` for [ZrOCl2\u00b28H]
2024-12-29 23:06:24,439 - pcp: Could not find `cid` for [DMF (2 mL) and formic acid]
2024-12-29 23:06:25,120 - pcp: Could not find `cid` for [3,4-pyridinedicarbox]
2024-12-29 23:06:26,479 - pcp: Could not find `cid` for [N,N\\u2019-dimethylform]
2024-12-29 23:06:26,824 - pcp: Could not find `cid` for [DEF/EG/Toluene]
2024-12-29 23:06:27,155 - pcp: Could not find `cid` for [MnCl2·4H2O,]
2024-12-29 23:06:27,474 - pcp: Could not find `cid` for [N,N\u2030-dimethylformamide]
2024-12-29 23:06:27,832 - pcp: Could not find `cid` for [PDEB (11.33 mg,]
2024-12-29 23:06:28,187 - pcp: Could not find `cid` for [2 mL of N,N-dimethylformamide]
2024-12-29 23:06:28,521 - pcp: Could not find `cid` for [H2C2O4\\u202a]
2024-12-29 23:06:28,855 - pcp: Could not find `cid` for [Co(NO3)⋅6 H2]
2024-12-29 23:06:29,171 - pcp: Could not find `cid` for [DMF:EtOH:H2O (5]
2024-12-29 23:06:29,516 - pcp: Could not find `cid` for [2-imidazolidone hemihydr]
2024-12-29 23:06:29,852 - pcp: Could not find `cid` for [Co(CH3COO)2\u22124]
2024-12-29 23:06:30,170 - pcp: Could not find `cid` for [Zn(CH3COO)2·2]
2024-12-29 23:06:30,942 - pcp: Could not find `cid` for [EtOH/H2O (3 mL,]
2024-12-29 23:06:31,602 - pcp: Could not find `cid` for [Sr(NO3)2]
2024-12-29 23:06:31,939 - pcp: Could not find `cid` for [H2O:DMF]
2024-12-29 23:06:32,274 - pcp: Could not find `cid` for [Zn(NO3)2\\u20266]
2024-12-29 23:06:32,597 - pcp: Could not find `cid` for [NaOH (0.004 g, 0]
2024-12-29 23:06:32,926 - pcp: Could not find `cid` for [InCl3·4H2O]
2024-12-29 23:06:33,254 - pcp: Could not find `cid` for [4 ml H2O and 2 ml CH]
2024-12-29 23:06:33,601 - pcp: Could not find `cid` for [Cd(ClO4)2\\u20226]
2024-12-29 23:06:33,928 - pcp: Could not find `cid` for [DIPA]
2024-12-29 23:06:34,255 - pcp: Could not find `cid` for [La(NO)3\\u20096H2]
2024-12-29 23:06:34,939 - pcp: Could not find `cid` for [Dy(NO3)3\u25cf5]
2024-12-29 23:06:35,308 - pcp: Could not find `cid` for [1.5 ml benzene and 0.]
2024-12-29 23:06:35,626 - pcp: Could not find `cid` for [0.5 ml CHCl3]
2024-12-29 23:06:35,964 - pcp: Could not find `cid` for [H3btc (0.02 mmol),]
2024-12-29 23:06:36,285 - pcp: Could not find `cid` for [H2O and btrb (0.]
2024-12-29 23:06:36,602 - pcp: Could not find `cid` for [NH3·H2O, Ba(OH]
2024-12-29 23:06:36,955 - pcp: Could not find `cid` for [ammonia solution and triethylamine]
2024-12-29 23:06:37,275 - pcp: Could not find `cid` for [water and DMF]
2024-12-29 23:06:37,610 - pcp: Could not find `cid` for [Zn(NO3)2\u22ef6]
2024-12-29 23:06:37,943 - pcp: Could not find `cid` for [4-abpt]
2024-12-29 23:06:38,992 - pcp: Could not find `cid` for [1,4-dioxane (or THF]
2024-12-29 23:06:39,325 - pcp: Could not find `cid` for [CH3CN/CH3OH/H2O]
2024-12-29 23:06:39,660 - pcp: Could not find `cid` for [H2O and EtOH]
2024-12-29 23:06:40,573 - pcp: Could not find `cid` for [sodium acetate buffer (8 mL,]
2024-12-29 23:06:40,907 - pcp: Could not find `cid` for [DMF, ethanol, H2O]
2024-12-29 23:06:41,258 - pcp: Could not find `cid` for [1,4-bimb]
2024-12-29 23:06:41,595 - pcp: Could not find `cid` for [0.095 g bib]
2024-12-29 23:06:41,950 - pcp: Could not find `cid` for [Tb(NO3)3\u2229]
2024-12-29 23:06:42,291 - pcp: Could not find `cid` for [H2O/CH3CN (4/]
2024-12-29 23:06:42,618 - pcp: Could not find `cid` for [Hatz]
2024-12-29 23:06:42,930 - pcp: Could not find `cid` for [DMF (1.0 mL), ethanol (]
2024-12-29 23:06:43,254 - pcp: Could not find `cid` for [CdBr2.4H2O]
2024-12-29 23:06:43,918 - pcp: Could not find `cid` for [H10L, MnCl2\u20044]
2024-12-29 23:06:44,252 - pcp: Could not find `cid` for [4,4\u2019-bipyridine]
2024-12-29 23:06:44,588 - pcp: Could not find `cid` for [DMF (4 mL) and H2O]
2024-12-29 23:06:44,918 - pcp: Could not find `cid` for [2,2\u2032-oxydiac]
2024-12-29 23:06:45,236 - pcp: Could not find `cid` for [DMF:water (2:0.5]
2024-12-29 23:06:45,566 - pcp: Could not find `cid` for [Linker H43 (0.050 g,]
2024-12-29 23:06:45,914 - pcp: Could not find `cid` for [NMP/dioxane/H2O (4]
2024-12-29 23:06:46,233 - pcp: Could not find `cid` for [CuSO4\u20255H2O (]
2024-12-29 23:06:46,550 - pcp: Could not find `cid` for [EtOH (5 ml) and H2O]
2024-12-29 23:06:46,880 - pcp: Could not find `cid` for [K2C2O4]
2024-12-29 23:06:47,204 - pcp: Could not find `cid` for [n-C4H10OH]
2024-12-29 23:06:47,521 - pcp: Could not find `cid` for [DMF + CH3OH]
2024-12-29 23:06:47,856 - pcp: Could not find `cid` for [MeOH, DMF, H2O]
2024-12-29 23:06:48,176 - pcp: Could not find `cid` for [Cu-based materials were prepared by adding 2,]
2024-12-29 23:06:48,509 - pcp: Could not find `cid` for [In(NO3)3\u20244.5]
2024-12-29 23:06:48,829 - pcp: Could not find `cid` for [DMF, water]
2024-12-29 23:06:49,154 - pcp: Could not find `cid` for [H2MFDA]
2024-12-29 23:06:49,473 - pcp: Could not find `cid` for [DMF, CH3CH2OH, H]
2024-12-29 23:06:49,807 - pcp: Could not find `cid` for [H2MHFDA and Eu(NO3)3]
2024-12-29 23:06:50,139 - pcp: Could not find `cid` for [DMF/EtOH/MeCN/H2]
2024-12-29 23:06:50,495 - pcp: Could not find `cid` for [H6CPB]
2024-12-29 23:06:50,814 - pcp: Could not find `cid` for [DEF, EtOH, deionized water]
2024-12-29 23:06:51,128 - pcp: Could not find `cid` for [Ni(ClO4)2]
2024-12-29 23:06:51,467 - pcp: Could not find `cid` for [H2O/ethanol]
2024-12-29 23:06:51,805 - pcp: Could not find `cid` for [DMF/MeCN]
2024-12-29 23:06:52,150 - pcp: Could not find `cid` for [H4BTC]
2024-12-29 23:06:52,464 - pcp: Could not find `cid` for [H2-4,5-pmbc]
2024-12-29 23:06:52,812 - pcp: Could not find `cid` for [DMF and 1 mL of CH3CN]
2024-12-29 23:06:53,491 - pcp: Could not find `cid` for [dimethylformamide, dioxane, H]
2024-12-29 23:06:53,810 - pcp: Could not find `cid` for [MeCN/MeOH]
2024-12-29 23:06:54,136 - pcp: Could not find `cid` for [40% HBF4]
2024-12-29 23:06:54,453 - pcp: Could not find `cid` for [DMF, methanol, water]
2024-12-29 23:06:54,770 - pcp: Could not find `cid` for [LiOH\u2009\u00b7H]
2024-12-29 23:06:55,405 - pcp: Could not find `cid` for [DMF: DMSO: water]
2024-12-29 23:06:55,735 - pcp: Could not find `cid` for [DMF, MeOH]
2024-12-29 23:06:56,085 - pcp: Could not find `cid` for [5-amino-benzene-1,2]
2024-12-29 23:06:56,819 - pcp: Could not find `cid` for [DyCl3·6H2O]
2024-12-29 23:06:57,485 - pcp: Could not find `cid` for [3CdSO4\u22188H2O]
2024-12-29 23:06:57,807 - pcp: Could not find `cid` for [DMF/CH3OH/H2O (]
2024-12-29 23:06:58,147 - pcp: Could not find `cid` for [N, N\'-dimethylformamide (]
2024-12-29 23:06:58,470 - pcp: Could not find `cid` for [Co(NO3)2\u00b24H]
2024-12-29 23:06:59,393 - pcp: Could not find `cid` for [water/acetonitrile]
2024-12-29 23:06:59,711 - pcp: Could not find `cid` for [H4MTB (0.020 g,]
2024-12-29 23:07:00,042 - pcp: Could not find `cid` for [DMF (3 mL), C2H5]
2024-12-29 23:07:01,233 - pcp: Could not find `cid` for [40 \u03bcL of 6 M]
2024-12-29 23:07:01,571 - pcp: Could not find `cid` for [DMF\u2013C2H5OH]
2024-12-29 23:07:01,908 - pcp: Could not find `cid` for [H2obb]
2024-12-29 23:07:02,230 - pcp: Could not find `cid` for [MeCN:H2O]
2024-12-29 23:07:02,570 - pcp: Could not find `cid` for [1 drop of aqueous HCl]
2024-12-29 23:07:02,902 - pcp: Could not find `cid` for [DMF/EtOH/H2O (2]
2024-12-29 23:07:03,244 - pcp: Could not find `cid` for [0-phenanthroline]
2024-12-29 23:07:03,592 - pcp: Could not find `cid` for [H2fum, glutamic acid]
2024-12-29 23:07:04,255 - pcp: Could not find `cid` for [DMF/Ethanol (5:5)]
2024-12-29 23:07:04,577 - pcp: Could not find `cid` for [NaOH (0.3 ml, 1]
2024-12-29 23:07:04,908 - pcp: Could not find `cid` for [H3btb]
2024-12-29 23:07:05,245 - pcp: Could not find `cid` for [DMF:H2O = 5:1]
2024-12-29 23:07:05,592 - pcp: Could not find `cid` for [Mg(NO3)2·6H2]
2024-12-29 23:07:06,818 - pcp: Could not find `cid` for [H2bpydb]
2024-12-29 23:07:07,155 - pcp: Could not find `cid` for [H3PMo12O40\u22C]
2024-12-29 23:07:07,494 - pcp: Could not find `cid` for [Ni(Ac)2\u20214H2]
2024-12-29 23:07:07,827 - pcp: Could not find `cid` for [H2O, DMF, dioxane]
2024-12-29 23:07:08,181 - pcp: Could not find `cid` for [H4PAGeS and MnCl2]
2024-12-29 23:07:08,501 - pcp: Could not find `cid` for [DMF/methanol (0.3/]
2024-12-29 23:07:08,820 - pcp: Could not find `cid` for [Ni(NO3)2\u20096H2]
2024-12-29 23:07:09,158 - pcp: Could not find `cid` for [1:1 (v/v) mixture of meth]
2024-12-29 23:07:09,502 - pcp: Could not find `cid` for [L2]
2024-12-29 23:07:09,839 - pcp: Could not find `cid` for [CH3OH (2 mL), AgPF6]
2024-12-29 23:07:10,186 - pcp: Could not find `cid` for [Tb(ClO4)3·6H]
2024-12-29 23:07:10,530 - pcp: Could not find `cid` for [nitrate acid solution]
2024-12-29 23:07:10,846 - pcp: Could not find `cid` for [H2O/CH3OH]
2024-12-29 23:07:11,214 - pcp: Could not find `cid` for [no additive]
2024-12-29 23:07:11,557 - pcp: Could not find `cid` for [Cu(NO3)2\u00b22.]
2024-12-29 23:07:11,904 - pcp: Could not find `cid` for [4,4\u2032-bipyridyl]
2024-12-29 23:07:12,233 - pcp: Could not find `cid` for [water/methanol]
2024-12-29 23:07:12,551 - pcp: Could not find `cid` for [bpz and NiCl2\\u00b]
2024-12-29 23:07:12,870 - pcp: Could not find `cid` for [Cu(CH3COO)2]
2024-12-29 23:07:13,187 - pcp: Could not find `cid` for [DMF/MeOH/H2O/DMS]
2024-12-29 23:07:13,519 - pcp: Could not find `cid` for [CuCl2\u22122H2O,]
2024-12-29 23:07:13,859 - pcp: Could not find `cid` for [CuCl2·2H2O]
2024-12-29 23:07:14,190 - pcp: Could not find `cid` for [H2O/MeCN]
2024-12-29 23:07:14,506 - pcp: Could not find `cid` for [H2pdc (0.2500 mm]
2024-12-29 23:07:14,820 - pcp: Could not find `cid` for [aqueous mixture (10.0 mL)]
2024-12-29 23:07:15,147 - pcp: Could not find `cid` for [Pr6O11]
2024-12-29 23:07:15,461 - pcp: Could not find `cid` for [malic acid and DBO]
2024-12-29 23:07:15,779 - pcp: Could not find `cid` for [Na2WO4\u20092H2O]
2024-12-29 23:07:16,123 - pcp: Could not find `cid` for [H3PMo12O40 · 12]
2024-12-29 23:07:16,441 - pcp: Could not find `cid` for [H4ATC]
2024-12-29 23:07:16,759 - pcp: Could not find `cid` for [aqueous NaOH solution]
2024-12-29 23:07:17,074 - pcp: Could not find `cid` for [Zn(NO3)2\\u20092]
2024-12-29 23:07:17,399 - pcp: Could not find `cid` for [6N HNO3]
2024-12-29 23:07:17,715 - pcp: Could not find `cid` for [dpdo]
2024-12-29 23:07:18,049 - pcp: Could not find `cid` for [dmfCH3OH]
2024-12-29 23:07:18,374 - pcp: Could not find `cid` for [NaOH(0.004 g, 0]
2024-12-29 23:07:18,692 - pcp: Could not find `cid` for [deionized water (4 mL) and CH]
2024-12-29 23:07:19,027 - pcp: Could not find `cid` for [H3TCMTB]
2024-12-29 23:07:19,370 - pcp: Could not find `cid` for [N,N\u2032-dimethylacetamide]
2024-12-29 23:07:20,020 - pcp: Could not find `cid` for [Eu(NO3)3 \u22c6]
2024-12-29 23:07:20,338 - pcp: Could not find `cid` for [Zn(NO3)2\u00b66]
2024-12-29 23:07:20,685 - pcp: Could not find `cid` for [N,N\\u2011dimethylformamide]
2024-12-29 23:07:21,338 - pcp: Could not find `cid` for [Co(NO3)2\\u20076H]
2024-12-29 23:07:21,667 - pcp: Could not find `cid` for [EtOH/DMF/H2O]
2024-12-29 23:07:22,359 - pcp: Could not find `cid` for [Methanol/water]
2024-12-29 23:07:22,698 - pcp: Could not find `cid` for [BIDPE]
2024-12-29 23:07:23,035 - pcp: Could not find `cid` for [2-sulfoterephthalic acid mon]
2024-12-29 23:07:23,352 - pcp: Could not find `cid` for [TEA]
2024-12-29 23:07:23,689 - pcp: Could not find `cid` for [DMF/H2O (4/1,]
2024-12-29 23:07:24,409 - pcp: Could not find `cid` for [LiOH\u202fh2o]
2024-12-29 23:07:24,763 - pcp: Could not find `cid` for [cellosolve and 1,4-diox]
2024-12-29 23:07:25,090 - pcp: Could not find `cid` for [FeTCPPCl]
2024-12-29 23:07:25,436 - pcp: Could not find `cid` for [DMF, DEF]
2024-12-29 23:07:25,780 - pcp: Could not find `cid` for [H4L2]
2024-12-29 23:07:26,116 - pcp: Could not find `cid` for [H2O/DMF]
2024-12-29 23:07:26,436 - pcp: Could not find `cid` for [Eu(NO3)3·nH2O]
2024-12-29 23:07:27,115 - pcp: Could not find `cid` for [H4SiW12O40\u00b]
2024-12-29 23:07:27,761 - pcp: Could not find `cid` for [H2ip (16.6 mg,]
2024-12-29 23:07:28,082 - pcp: Could not find `cid` for [4,4′‐bipy]
2024-12-29 23:07:28,415 - pcp: Could not find `cid` for [H2CPNA]
2024-12-29 23:07:28,743 - pcp: Could not find `cid` for [1,4-Dioxane and DMF]
2024-12-29 23:07:30,102 - pcp: Could not find `cid` for [H4BTeC]
2024-12-29 23:07:30,435 - pcp: Could not find `cid` for [CdCl2\\u20076H2O]
2024-12-29 23:07:30,775 - pcp: Could not find `cid` for [DMF: H2O]
2024-12-29 23:07:31,106 - pcp: Could not find `cid` for [DMF/EtOH]
2024-12-29 23:07:31,446 - pcp: Could not find `cid` for [H2BPDA (0.0968 g]
2024-12-29 23:07:31,783 - pcp: Could not find `cid` for [H4DBIP]
2024-12-29 23:07:32,102 - pcp: Could not find `cid` for [distilled water and ethanol]
2024-12-29 23:07:32,446 - pcp: Could not find `cid` for [NH2–H3BTB]
2024-12-29 23:07:32,789 - pcp: Could not find `cid` for [DMF/DMSO (1:1)]
2024-12-29 23:07:33,136 - pcp: Could not find `cid` for [CoSO4\u22c5]
2024-12-29 23:07:33,455 - pcp: Could not find `cid` for [La(NO3)3\\u00b76]
2024-12-29 23:07:33,793 - pcp: Could not find `cid` for [DMF/MeOH/H2O (3]
2024-12-29 23:07:34,492 - pcp: Could not find `cid` for [La(NO3)2\u20226H2]
2024-12-29 23:07:34,836 - pcp: Could not find `cid` for [DMSO\\u00252H2O]
2024-12-29 23:07:35,180 - pcp: Could not find `cid` for [H9L1]
2024-12-29 23:07:36,043 - pcp: Could not find `cid` for [4bpdh]
2024-12-29 23:07:36,382 - pcp: Could not find `cid` for [DMF (1 mL) and ethanol (0]
2024-12-29 23:07:36,722 - pcp: Could not find `cid` for [DMF, chlorobenzene]
2024-12-29 23:07:37,041 - pcp: Could not find `cid` for [Zn(NO3)2 \u00b]
2024-12-29 23:07:37,388 - pcp: Could not find `cid` for [tpt, H2bpdc, HBF]
2024-12-29 23:07:37,733 - pcp: Could not find `cid` for [Gd(NO3)3, CuI,]
2024-12-29 23:07:38,072 - pcp: Could not find `cid` for [DMF/ethanol (v:v =]
2024-12-29 23:07:38,398 - pcp: Could not find `cid` for [bpmp]
2024-12-29 23:07:38,735 - pcp: Could not find `cid` for [NaH2SIP]
2024-12-29 23:07:39,075 - pcp: Could not find `cid` for [H5L1]
2024-12-29 23:07:39,409 - pcp: Could not find `cid` for [H3TZI]
2024-12-29 23:07:39,748 - pcp: Could not find `cid` for [H3tzdc]
2024-12-29 23:07:40,084 - pcp: Could not find `cid` for [H2O and CH3CN]
2024-12-29 23:07:40,418 - pcp: Could not find `cid` for [1,4-diazabicyclo[2]
2024-12-29 23:07:40,740 - pcp: Could not find `cid` for [Zn(OAc)2\u22122H]
2024-12-29 23:07:41,058 - pcp: Could not find `cid` for [water:DMF:ethanol]
2024-12-29 23:07:41,382 - pcp: Could not find `cid` for [Cd(NO3)2\u00b42H]
