2024-12-28 00:02:26,862 - pcp: Could not find `cid` for [DMF/H2O (3 mL, ]
2024-12-28 00:02:27,540 - pcp: Could not find `cid` for [EtOH:H2O (1:1)]
2024-12-28 00:02:27,861 - pcp: Could not find `cid` for [N,N\u02b0-methylformamide]
2024-12-28 00:02:28,207 - pcp: Could not find `cid` for [H2BDC]
2024-12-28 00:02:28,850 - pcp: Could not find `cid` for [DMF/H2O]
2024-12-28 00:02:29,180 - pcp: Could not find `cid` for [Zn(NO3)2\u22c6]
2024-12-28 00:02:29,496 - pcp: Could not find `cid` for [EtOH/DMF]
2024-12-28 00:02:29,828 - pcp: Could not find `cid` for [H4BDDC]
2024-12-28 00:02:30,160 - pcp: Could not find `cid` for [DMF (1 mL), EtOH (0]
2024-12-28 00:02:30,502 - pcp: Could not find `cid` for [dmurea]
2024-12-28 00:02:30,840 - pcp: Could not find `cid` for [water and MeOH]
2024-12-28 00:02:31,153 - pcp: Could not find `cid` for [DMF, methanol, H2O (]
2024-12-28 00:02:31,472 - pcp: Could not find `cid` for [H2O/CH3OH]
2024-12-28 00:02:31,788 - pcp: Could not find `cid` for [H2O/CH3OH = 3]
2024-12-28 00:02:32,121 - pcp: Could not find `cid` for [DMF/EtOH]
2024-12-28 00:02:32,455 - pcp: Could not find `cid` for [DMF: H2O]
2024-12-28 00:02:32,785 - pcp: Could not find `cid` for [CdBr2\u00b4\u20042]
2024-12-28 00:02:33,120 - pcp: Could not find `cid` for [methanol/water (V1:1)]
2024-12-28 00:02:33,456 - pcp: Could not find `cid` for [1.5 ml benzene and 0.]
2024-12-28 00:02:33,774 - pcp: Could not find `cid` for [N,N-Dimethyl Formamide (DMF]
2024-12-28 00:02:34,109 - pcp: Could not find `cid` for [H4L2]
2024-12-28 00:02:34,427 - pcp: Could not find `cid` for [Hta (21.0 mg, 0]
2024-12-28 00:02:34,759 - pcp: Could not find `cid` for [doubly deionized water (8.]
2024-12-28 00:02:35,758 - pcp: Could not find `cid` for [DMF:6 M HCl (1.]
2024-12-28 00:02:36,127 - pcp: Could not find `cid` for [water:dmf=1:1]
2024-12-28 00:02:36,446 - pcp: Could not find `cid` for [water-ACN]
2024-12-28 00:02:36,764 - pcp: Could not find `cid` for [NaOH (3 mg), KOH (4]
2024-12-28 00:02:37,100 - pcp: Could not find `cid` for [N,N-dimethylacetamide/methanol]
2024-12-28 00:02:37,436 - pcp: Could not find `cid` for [Mn(NO3)2·4H2]
2024-12-28 00:02:38,119 - pcp: Could not find `cid` for [H4EBTC]
2024-12-28 00:02:38,431 - pcp: Could not find `cid` for [DMF/H2O (v/v = ]
2024-12-28 00:02:38,765 - pcp: Could not find `cid` for [DMF/H2O (1/2,]
2024-12-28 00:02:39,089 - pcp: Could not find `cid` for [DMF/H2O (4:2 vol]
2024-12-28 00:02:39,423 - pcp: Could not find `cid` for [water and acetonitrile]
2024-12-28 00:02:39,741 - pcp: Could not find `cid` for [DMF and H2O]
2024-12-28 00:02:40,075 - pcp: Could not find `cid` for [Zn(NO3)2·6H2]
2024-12-28 00:02:40,408 - pcp: Could not find `cid` for [DMF/ethanol]
2024-12-28 00:02:40,727 - pcp: Could not find `cid` for [DMF/MeOH/H2O (3]
2024-12-28 00:02:41,044 - pcp: Could not find `cid` for [DMF\\\\u202fEtOH\\\\u]
2024-12-28 00:02:41,379 - pcp: Could not find `cid` for [H4qptc]
2024-12-28 00:02:41,718 - pcp: Could not find `cid` for [water/DMF (1:1)]
2024-12-28 00:02:42,054 - pcp: Could not find `cid` for [1-methyl-2-pyrrolidin]
2024-12-28 00:02:42,714 - pcp: Could not find `cid` for [N,N\u2019-dimethylformamide]
2024-12-28 00:02:43,036 - pcp: Could not find `cid` for [ammonia (25 wt.%)]
2024-12-28 00:02:43,351 - pcp: Could not find `cid` for [H4PANAD]
2024-12-28 00:02:43,688 - pcp: Could not find `cid` for [DMF and ethanol]
2024-12-28 00:02:44,021 - pcp: Could not find `cid` for [H2L]
2024-12-28 00:02:44,334 - pcp: Could not find `cid` for [water\u2013ethanol]
2024-12-28 00:02:44,670 - pcp: Could not find `cid` for [H3PMo12O40\\u202]
2024-12-28 00:02:45,011 - pcp: Could not find `cid` for [H3tci]
2024-12-28 00:02:45,331 - pcp: Could not find `cid` for [DMF/NMP/pyridine]
2024-12-28 00:02:45,664 - pcp: Could not find `cid` for [6 M HCl]
2024-12-28 00:02:45,993 - pcp: Could not find `cid` for [DMF (7.0 mL) and H]
2024-12-28 00:02:46,328 - pcp: Could not find `cid` for [18 M HNO3]
2024-12-28 00:02:46,640 - pcp: Could not find `cid` for [H2O/1,4-dioxane]
2024-12-28 00:02:46,957 - pcp: Could not find `cid` for [H2L (21 mg, 0.]
2024-12-28 00:02:47,292 - pcp: Could not find `cid` for [DMF-CH3OH]
2024-12-28 00:02:47,601 - pcp: Could not find `cid` for [acetonitrile, H2O]
2024-12-28 00:02:48,257 - pcp: Could not find `cid` for [beneze]
2024-12-28 00:02:48,895 - pcp: Could not find `cid` for [DMF, H2O]
2024-12-28 00:02:49,225 - pcp: Could not find `cid` for [Ba(NO3)2 (31.36 mg]
2024-12-28 00:02:49,564 - pcp: Could not find `cid` for [H2O (5 mL) and DMF]
2024-12-28 00:02:49,895 - pcp: Could not find `cid` for [def/H2O]
2024-12-28 00:02:50,217 - pcp: Could not find `cid` for [Htrz]
2024-12-28 00:02:50,551 - pcp: Could not find `cid` for [DMF:H2O]
2024-12-28 00:02:50,861 - pcp: Could not find `cid` for [DMF, EtOH (99%), water]
2024-12-28 00:02:51,176 - pcp: Could not find `cid` for [Cu(NO3)2\u22c75H]
2024-12-28 00:02:51,514 - pcp: Could not find `cid` for [DMF, MeOH, H2O]
2024-12-28 00:02:51,836 - pcp: Could not find `cid` for [H4L4]
2024-12-28 00:02:52,172 - pcp: Could not find `cid` for [H3BTTC]
2024-12-28 00:02:52,845 - pcp: Could not find `cid` for [n-C4H10OH]
2024-12-28 00:02:53,190 - pcp: Could not find `cid` for [EtOH/H2O]
2024-12-28 00:02:53,523 - pcp: Could not find `cid` for [3 mL DMF and 2 mL H2]
2024-12-28 00:02:53,845 - pcp: Could not find `cid` for [DMF,NMP]
2024-12-28 00:02:54,500 - pcp: Could not find `cid` for [distilled H2O]
2024-12-28 00:02:54,833 - pcp: Could not find `cid` for [H2O/DMF/dioxane]
2024-12-28 00:02:55,175 - pcp: Could not find `cid` for [1.0 M HCl]
2024-12-28 00:02:55,821 - pcp: Could not find `cid` for [water/CH3CN]
2024-12-28 00:02:56,140 - pcp: Could not find `cid` for [DMF/H2O (3:1,]
2024-12-28 00:02:56,460 - pcp: Could not find `cid` for [Co(NO3)2 6H2O]
2024-12-28 00:02:56,782 - pcp: Could not find `cid` for [EtOH (5 ml), H2O (]
2024-12-28 00:02:57,094 - pcp: Could not find `cid` for [N,N′-dimethylacetamide]
2024-12-28 00:02:57,431 - pcp: Could not find `cid` for [HCl (2 M, 0.3]
2024-12-28 00:02:58,085 - pcp: Could not find `cid` for [H2nip]
2024-12-28 00:02:58,401 - pcp: Could not find `cid` for [H2O,CH3CH2OH]
2024-12-28 00:02:58,712 - pcp: Could not find `cid` for [H3TBOT]
2024-12-28 00:02:59,060 - pcp: Could not find `cid` for [DMF:NMP:FA]
2024-12-28 00:02:59,729 - pcp: Could not find `cid` for [H2O/DMF]
2024-12-28 00:03:00,051 - pcp: Could not find `cid` for [N,N-dimethylformamide/EtOH]
2024-12-28 00:03:00,363 - pcp: Could not find `cid` for [H4L]
2024-12-28 00:03:00,687 - pcp: Could not find `cid` for [H2O:DMF]
2024-12-28 00:03:01,019 - pcp: Could not find `cid` for [DMF/EtOH/MeCN/H2]
2024-12-28 00:03:01,664 - pcp: Could not find `cid` for [DMF/CH3COOH]
2024-12-28 00:03:01,994 - pcp: Could not find `cid` for [H2O/EtOH]
2024-12-28 00:03:02,335 - pcp: Could not find `cid` for [5 mL distilled H2O]
2024-12-28 00:03:02,650 - pcp: Could not find `cid` for [CoSO4\u202f7 H2O]
2024-12-28 00:03:02,989 - pcp: Could not find `cid` for [DMF/H2O (6 mL/2]
2024-12-28 00:03:03,309 - pcp: Could not find `cid` for [DMF/H2O (2:1)]
2024-12-28 00:03:03,621 - pcp: Could not find `cid` for [H3btc]
2024-12-28 00:03:04,266 - pcp: Could not find `cid` for [H2O (4 mL), MeOH (]
2024-12-28 00:03:04,940 - pcp: Could not find `cid` for [ammonia:MeCN]
2024-12-28 00:03:05,273 - pcp: Could not find `cid` for [DMF/MeCN/H2O (1]
2024-12-28 00:03:05,609 - pcp: Could not find `cid` for [DMF, distilled water, ethanol]
2024-12-28 00:03:05,927 - pcp: Could not find `cid` for [bpmp]
2024-12-28 00:03:06,596 - pcp: Could not find `cid` for [H4BBTC]
2024-12-28 00:03:06,911 - pcp: Could not find `cid` for [DMF, methanol, HNO3]
2024-12-28 00:03:07,244 - pcp: Could not find `cid` for [DMF (6.0 mL) and H]
2024-12-28 00:03:07,577 - pcp: Could not find `cid` for [H3ABTC]
2024-12-28 00:03:07,919 - pcp: Could not find `cid` for [H2C2O4\u00b72]
2024-12-28 00:03:08,253 - pcp: Could not find `cid` for [H2O/glycol (14:1]
2024-12-28 00:03:08,574 - pcp: Could not find `cid` for [Cu(NO3)2\u22c5 ]
2024-12-28 00:03:08,889 - pcp: Could not find `cid` for [DMF/H2O (9/1,]
2024-12-28 00:03:09,208 - pcp: Could not find `cid` for [DMSO/H2O]
2024-12-28 00:03:09,540 - pcp: Could not find `cid` for [Cu(NO3)2·3H2O]
2024-12-28 00:03:09,876 - pcp: Could not find `cid` for [DMF, methanol and H2O (]
2024-12-28 00:03:10,196 - pcp: Could not find `cid` for [H2O, HNO3]
2024-12-28 00:03:10,868 - pcp: Could not find `cid` for [DMF/EtOH/H2O (2]
2024-12-28 00:03:11,244 - pcp: Could not find `cid` for [CH3CH2OH/CH3OH]
2024-12-28 00:03:11,589 - pcp: Could not find `cid` for [5.0 mL]
2024-12-28 00:03:11,921 - pcp: Could not find `cid` for [EtOH:H2O]
2024-12-28 00:03:12,263 - pcp: Could not find `cid` for [DMF/CH3CH2OH/H2]
2024-12-28 00:03:12,578 - pcp: Could not find `cid` for [DMF,dioxane,H2O]
2024-12-28 00:03:12,902 - pcp: Could not find `cid` for [0.016 g NaOH, 0.]
2024-12-28 00:03:13,237 - pcp: Could not find `cid` for [CH3CN/CH3OH/H2O]
2024-12-28 00:03:13,567 - pcp: Could not find `cid` for [DMF/MeOH/H2O]
2024-12-28 00:03:13,902 - pcp: Could not find `cid` for [water/ethanol]
2024-12-28 00:03:14,237 - pcp: Could not find `cid` for [aqueous]
2024-12-28 00:03:14,558 - pcp: Could not find `cid` for [Mg(NO3)2·6H2]
2024-12-28 00:03:14,884 - pcp: Could not find `cid` for [DEF/H2O]
2024-12-28 00:03:15,219 - pcp: Could not find `cid` for [distilled water, ethanol]
2024-12-28 00:03:15,535 - pcp: Could not find `cid` for [H2O, MeCN]
2024-12-28 00:03:15,861 - pcp: Could not find `cid` for [water and ethanol]
2024-12-28 00:03:16,193 - pcp: Could not find `cid` for [DMF, water]
2024-12-28 00:03:16,513 - pcp: Could not find `cid` for [dilute sodium hydroxide]
2024-12-28 00:03:16,845 - pcp: Could not find `cid` for [TEA]
2024-12-28 00:03:17,163 - pcp: Could not find `cid` for [Eu(NO3)3]
2024-12-28 00:03:17,813 - pcp: Could not find `cid` for [NaHCOO\u2009\u00]
2024-12-28 00:03:18,152 - pcp: Could not find `cid` for [DMF/CH3CN]
2024-12-28 00:03:18,496 - pcp: Could not find `cid` for [Ba(NO3)2]
2024-12-28 00:03:18,814 - pcp: Could not find `cid` for [DMF, EtOH, H2O]
2024-12-28 00:03:19,131 - pcp: Could not find `cid` for [Na2WO4\u20092H2O]
2024-12-28 00:03:19,471 - pcp: Could not find `cid` for [CuCl2\u22c5\u22122]
2024-12-28 00:03:19,819 - pcp: Could not find `cid` for [DMF, acetonitrile and H2]
2024-12-28 00:03:20,144 - pcp: Could not find `cid` for [DMF, C2H5OH, H]
2024-12-28 00:03:20,475 - pcp: Could not find `cid` for [2 drops of HNO3 (0.1]
2024-12-28 00:03:20,843 - pcp: Could not find `cid` for [DMF (5 mL)]
2024-12-28 00:03:21,181 - pcp: Could not find `cid` for [None]
2024-12-28 00:03:21,498 - pcp: Could not find `cid` for [Zn(CH3COO)2·2]
2024-12-28 00:03:21,818 - pcp: Could not find `cid` for [Cu(NO3)2·2.5 H]
2024-12-28 00:03:22,154 - pcp: Could not find `cid` for [dmf/H2O (3 mL/1]
2024-12-28 00:03:22,471 - pcp: Could not find `cid` for [H2pdc, Na2MoO4]
2024-12-28 00:03:22,788 - pcp: Could not find `cid` for [aqueous mixture]
2024-12-28 00:03:23,102 - pcp: Could not find `cid` for [DMF and 1 mL of CH3CN]
2024-12-28 00:03:23,440 - pcp: Could not find `cid` for [H4DBIP]
2024-12-28 00:03:24,110 - pcp: Could not find `cid` for [H3PMo12O40\u00b]
2024-12-28 00:03:24,440 - pcp: Could not find `cid` for [pyridine-2,5-dicar]
2024-12-28 00:03:24,776 - pcp: Could not find `cid` for [Zn(NO3)2\u22126H]
2024-12-28 00:03:25,115 - pcp: Could not find `cid` for [DMF:EtOH=2:1]
2024-12-28 00:03:25,452 - pcp: Could not find `cid` for [DMF, CH3OH]
2024-12-28 00:03:25,785 - pcp: Could not find `cid` for [MeCN/H2O]
2024-12-28 00:03:26,117 - pcp: Could not find `cid` for [DMF/C2H5OH/H2O]
2024-12-28 00:03:26,435 - pcp: Could not find `cid` for [Cd(NO3)2\\u00b74]
2024-12-28 00:03:26,763 - pcp: Could not find `cid` for [THF/H2O]
2024-12-28 00:03:27,100 - pcp: Could not find `cid` for [DMF (2 mL) and EtOH (]
2024-12-28 00:03:27,414 - pcp: Could not find `cid` for [DMF--ethanol--water]
2024-12-28 00:03:27,733 - pcp: Could not find `cid` for [Zn(NO3)2\u00b26]
2024-12-28 00:03:28,053 - pcp: Could not find `cid` for [DMF/CH3OH/H2O (]
2024-12-28 00:03:28,384 - pcp: Could not find `cid` for [H4abtc]
2024-12-28 00:03:28,718 - pcp: Could not find `cid` for [an aliquot of HNO3 in EtOH]
2024-12-28 00:03:29,039 - pcp: Could not find `cid` for [MeCN:H2O (4:2,]
2024-12-28 00:03:30,564 - pcp: Could not find `cid` for [NaOH or KOH (10 mol·l]
2024-12-28 00:03:30,894 - pcp: Could not find `cid` for [v:v =]
2024-12-28 00:03:31,232 - pcp: Could not find `cid` for [Zn(OAc)2\*H2]
2024-12-28 00:03:31,565 - pcp: Could not find `cid` for [one drop of 6N HNO3]
2024-12-28 00:03:31,903 - pcp: Could not find `cid` for [DMF:water]
2024-12-28 00:03:32,241 - pcp: Could not find `cid` for [H4ABTC]
2024-12-28 00:03:32,572 - pcp: Could not find `cid` for [DMF/ethanol/H2O]
2024-12-28 00:03:32,882 - pcp: Could not find `cid` for [H2O and CH3CN]
2024-12-28 00:03:33,196 - pcp: Could not find `cid` for [distilled water and ethanol]
2024-12-28 00:03:33,537 - pcp: Could not find `cid` for [8 mL]
2024-12-28 00:03:33,886 - pcp: Could not find `cid` for [water and CH3CN]
2024-12-28 00:03:34,223 - pcp: Could not find `cid` for [DMF, ethanol, H2O]
2024-12-28 00:03:34,538 - pcp: Could not find `cid` for [water and 0.2 mL of Et4]
2024-12-28 00:03:35,210 - pcp: Could not find `cid` for [sodium acetate buffer]
2024-12-28 00:03:35,542 - pcp: Could not find `cid` for [LiOH·H2O]
2024-12-28 00:03:36,226 - pcp: Could not find `cid` for [7.5 mL]
2024-12-28 00:03:36,881 - pcp: Could not find `cid` for [dmf/CH3OH]
2024-12-28 00:03:37,215 - pcp: Could not find `cid` for [Cu(NO3)2\u20096 H2]
2024-12-28 00:03:37,533 - pcp: Could not find `cid` for [water\u2013ethanol (2:1]
2024-12-28 00:03:37,855 - pcp: Could not find `cid` for [H2pdc]
2024-12-28 00:03:38,182 - pcp: Could not find `cid` for [DMF/EtOH/pyridine (1]
2024-12-28 00:03:38,494 - pcp: Could not find `cid` for [formic acid solution (88%)]
2024-12-28 00:03:38,828 - pcp: Could not find `cid` for [DMF/H2O/C2H5OH]
2024-12-28 00:03:39,814 - pcp: Could not find `cid` for [DMF (1 mL), N(Et)]
2024-12-28 00:03:40,133 - pcp: Could not find `cid` for [H4btec (0.1 mmol]
2024-12-28 00:03:40,449 - pcp: Could not find `cid` for [DMF, MeOH]
2024-12-28 00:03:40,785 - pcp: Could not find `cid` for [In(NO3)3\\u202f4]
2024-12-28 00:03:41,100 - pcp: Could not find `cid` for [HCOOH, DMF, DEF]
2024-12-28 00:03:41,434 - pcp: Could not find `cid` for [H2O/MeCN]
2024-12-28 00:03:41,771 - pcp: Could not find `cid` for [DMF/MeCN/H2O]
2024-12-28 00:03:42,107 - pcp: Could not find `cid` for [DMF, methanol, water]
2024-12-28 00:03:42,425 - pcp: Could not find `cid` for [tetrahydrofuran (THF)]
2024-12-28 00:03:42,758 - pcp: Could not find `cid` for [DMF and EtOH]
2024-12-28 00:03:43,440 - pcp: Could not find `cid` for [CuCl2·2H2O]
2024-12-28 00:03:43,773 - pcp: Could not find `cid` for [N,N-dimethylformamide (DMF]
2024-12-28 00:03:44,114 - pcp: Could not find `cid` for [N,N'-dimethylformamide (DMF]
2024-12-28 00:03:44,449 - pcp: Could not find `cid` for [3 drops of concentrated nitric acid]
2024-12-28 00:03:44,767 - pcp: Could not find `cid` for [0.384 g of magnesium nitrate hexahy]
2024-12-28 00:03:45,084 - pcp: Could not find `cid` for [water (3 mL)]
2024-12-28 00:03:45,398 - pcp: Could not find `cid` for [H5bpbc]
2024-12-28 00:03:45,730 - pcp: Could not find `cid` for [doubly deionized water]
2024-12-28 00:03:46,058 - pcp: Could not find `cid` for [N,N\\u2032-dimethylform]
2024-12-28 00:03:46,380 - pcp: Could not find `cid` for [1 M HNO3]
2024-12-28 00:03:46,712 - pcp: Could not find `cid` for [DMF-C2H5OH-H2O]
2024-12-28 00:03:47,034 - pcp: Could not find `cid` for [DMF/DMSO (10 mL, v]
2024-12-28 00:03:47,367 - pcp: Could not find `cid` for [H4BCBAIP]
2024-12-28 00:03:47,684 - pcp: Could not find `cid` for [0.50 mL of a 1.0]
2024-12-28 00:03:48,004 - pcp: Could not find `cid` for [H8TBCB]
2024-12-28 00:03:48,660 - pcp: Could not find `cid` for [aqueous solution]
2024-12-28 00:03:48,996 - pcp: Could not find `cid` for [10 mL]
2024-12-28 00:03:49,331 - pcp: Could not find `cid` for [CH3N2CH3]
2024-12-28 00:03:49,974 - pcp: Could not find `cid` for [H4btadpa]
2024-12-28 00:03:50,306 - pcp: Could not find `cid` for [DMF:EtOH]
2024-12-28 00:03:50,624 - pcp: Could not find `cid` for [H2O (10 mL)]
2024-12-28 00:03:50,936 - pcp: Could not find `cid` for [DMF/EtOH/H2O]
2024-12-28 00:03:51,255 - pcp: Could not find `cid` for [mineralization triethylamine]
2024-12-28 00:03:51,593 - pcp: Could not find `cid` for [DMF/MeOH/H2O/DMS]
2024-12-28 00:03:51,914 - pcp: Could not find `cid` for [H4TADIP]
2024-12-28 00:03:52,240 - pcp: Could not find `cid` for [N,N\'-dimethylformamide (DM]
2024-12-28 00:03:52,552 - pcp: Could not find `cid` for [DEF/MeOH]
2024-12-28 00:03:52,887 - pcp: Could not find `cid` for [Zn(Ac)2\u20222]
2024-12-28 00:03:53,224 - pcp: Could not find `cid` for [100 μL of 6 mol L−1]
2024-12-28 00:03:53,546 - pcp: Could not find `cid` for [DMF (1.5 mL), CH3]
2024-12-28 00:03:53,876 - pcp: Could not find `cid` for [Cu(NO3)2\\u00b72]
2024-12-28 00:03:54,210 - pcp: Could not find `cid` for [1,3-bis(4-pyrid]
2024-12-28 00:03:54,554 - pcp: Could not find `cid` for [1:1 (v/v) mixture of meth]
2024-12-28 00:03:54,871 - pcp: Could not find `cid` for [Teflon reactor]
2024-12-28 00:03:55,218 - pcp: Could not find `cid` for [N,N\u2032-dimethylformamide]
2024-12-28 00:03:55,552 - pcp: Could not find `cid` for [CH3OH/H2O]
2024-12-28 00:03:56,220 - pcp: Could not find `cid` for [CH3OH DMF]
2024-12-28 00:03:56,552 - pcp: Could not find `cid` for [10 mL aqueous solution]
2024-12-28 00:03:56,890 - pcp: Could not find `cid` for [1,9-\u2009diamin]
2024-12-28 00:03:57,201 - pcp: Could not find `cid` for [N,N\u2032-diethylformamide (]
2024-12-28 00:03:57,534 - pcp: Could not find `cid` for [Cd(NO3)2·4H2O]
2024-12-28 00:03:57,849 - pcp: Could not find `cid` for [DMF/H2O (1:3)]
2024-12-28 00:03:58,195 - pcp: Could not find `cid` for [v/v = 2:1]
2024-12-28 00:03:58,531 - pcp: Could not find `cid` for [Cd(NO3)2\u00b44H]
2024-12-28 00:03:58,847 - pcp: Could not find `cid` for [DMF+MeOH]
2024-12-28 00:03:59,497 - pcp: Could not find `cid` for [Zn(Ac)2\u20226H]
2024-12-28 00:03:59,838 - pcp: Could not find `cid` for [o-phenanthroline (o-Ph]
2024-12-28 00:04:00,154 - pcp: Could not find `cid` for [aqueous solution of AgPF6]
2024-12-28 00:04:00,468 - pcp: Could not find `cid` for [DMF/H2O (6 mL, ]
2024-12-28 00:04:00,791 - pcp: Could not find `cid` for [DEF/EG/Toluene]
2024-12-28 00:04:01,130 - pcp: Could not find `cid` for [CuCl2\u22c5H2O]
2024-12-28 00:04:01,457 - pcp: Could not find `cid` for [DMF and CH3CN]
2024-12-28 00:04:01,787 - pcp: Could not find `cid` for [FeTCP-Cl]
2024-12-28 00:04:02,120 - pcp: Could not find `cid` for [N,N-diethylformamide (DEF)]
2024-12-28 00:04:02,449 - pcp: Could not find `cid` for [H2O and EtOH]
2024-12-28 00:04:02,771 - pcp: Could not find `cid` for [Cu(NO3)2⋅3H]
2024-12-28 00:04:03,106 - pcp: Could not find `cid` for [DMF, EtOH (abs.), pyrid]
2024-12-28 00:04:03,440 - pcp: Could not find `cid` for [H4BTC]
2024-12-28 00:04:03,780 - pcp: Could not find `cid` for [N,N-dimethylacetamide, methanol]
2024-12-28 00:04:04,118 - pcp: Could not find `cid` for [DMF:NMP:pyridine]
2024-12-28 00:04:04,427 - pcp: Could not find `cid` for [DMF: DMSO=10:2]
2024-12-28 00:04:04,761 - pcp: Could not find `cid` for [1,3,5-triazine-2]
2024-12-28 00:04:05,100 - pcp: Could not find `cid` for [DMF/methanol/H2O = ]
2024-12-28 00:04:05,736 - pcp: Could not find `cid` for [H2O, DMF]
2024-12-28 00:04:06,053 - pcp: Could not find `cid` for [DMF/NMP]
2024-12-28 00:04:06,366 - pcp: Could not find `cid` for [H2nip (0.1 mmol),]
2024-12-28 00:04:06,678 - pcp: Could not find `cid` for [7.5 mL v/v = 1:]
2024-12-28 00:04:07,005 - pcp: Could not find `cid` for [imineodiacetic acid]
2024-12-28 00:04:07,338 - pcp: Could not find `cid` for [L3-H8]
2024-12-28 00:04:07,677 - pcp: Could not find `cid` for [DMF, H2O, HCl]
2024-12-28 00:04:08,009 - pcp: Could not find `cid` for [DEA and ethanol]
2024-12-28 00:04:08,343 - pcp: Could not find `cid` for [EtOH/H2O (1:1)]
2024-12-28 00:04:08,690 - pcp: Could not find `cid` for [ammonia solution (25% to 28]
2024-12-28 00:04:09,017 - pcp: Could not find `cid` for [H2O (3 mL) and DMF]
2024-12-28 00:04:09,337 - pcp: Could not find `cid` for [DEF/EtOH/H2O (8 mL]
2024-12-28 00:04:09,669 - pcp: Could not find `cid` for [bmib]
2024-12-28 00:04:10,017 - pcp: Could not find `cid` for [H3BTN (8.3 mg, ]
2024-12-28 00:04:10,355 - pcp: Could not find `cid` for [N,N\u2019-diethylformamide (]
2024-12-28 00:04:10,672 - pcp: Could not find `cid` for [H3IDC]
2024-12-28 00:04:11,004 - pcp: Could not find `cid` for [DMF, dioxane, H2O]
2024-12-28 00:04:11,335 - pcp: Could not find `cid` for [HFP]
2024-12-28 00:04:12,003 - pcp: Could not find `cid` for [DMF/ethanol (1/4,]
2024-12-28 00:04:12,340 - pcp: Could not find `cid` for [NH3·H2O]
2024-12-28 00:04:12,674 - pcp: Could not find `cid` for [DMF/H2O (3/1,]
2024-12-28 00:04:13,008 - pcp: Could not find `cid` for [La(NO3)3\u00b66H]
2024-12-28 00:04:13,326 - pcp: Could not find `cid` for [NaH2sip]
2024-12-28 00:04:13,654 - pcp: Could not find `cid` for [CH3OH, H2O]
2024-12-28 00:04:13,994 - pcp: Could not find `cid` for [DMF: DMSO: H2O]
2024-12-28 00:04:14,630 - pcp: Could not find `cid` for [Cd(OAc)2\u00b72H]
2024-12-28 00:04:14,968 - pcp: Could not find `cid` for [10.00 g]
2024-12-28 00:04:15,288 - pcp: Could not find `cid` for [40% HBF4]
2024-12-28 00:04:15,625 - pcp: Could not find `cid` for [DMF: H2O: MeOH =]
2024-12-28 00:04:15,959 - pcp: Could not find `cid` for [bimb]
2024-12-28 00:04:16,293 - pcp: Could not find `cid` for [DMF (5 mL) and chlorobenz]
2024-12-28 00:04:16,607 - pcp: Could not find `cid` for [16.0 mL]
2024-12-28 00:04:16,921 - pcp: Could not find `cid` for [50% (CH3)4NOH solution]
2024-12-28 00:04:17,257 - pcp: Could not find `cid` for [water/methanol mixture]
2024-12-28 00:04:17,593 - pcp: Could not find `cid` for [H2atpa]
2024-12-28 00:04:17,908 - pcp: Could not find `cid` for [H2pydc, triethylamine]
2024-12-28 00:04:18,252 - pcp: Could not find `cid` for [H2O/CH3CN]
2024-12-28 00:04:18,572 - pcp: Could not find `cid` for [DMF/H2O (10 mL, ]
2024-12-28 00:04:18,907 - pcp: Could not find `cid` for [H2O-EtOH]
2024-12-28 00:04:19,238 - pcp: Could not find `cid` for [CdCl2\u22ef2.5H]
2024-12-28 00:04:19,570 - pcp: Could not find `cid` for [0.30 mL]
2024-12-28 00:04:19,880 - pcp: Could not find `cid` for [N,N-dimethyl acetamide : deion]
2024-12-28 00:04:20,202 - pcp: Could not find `cid` for [DMF:CH3OH:water]
2024-12-28 00:04:20,539 - pcp: Could not find `cid` for [Zn(OAc)2·2H2]
2024-12-28 00:04:20,874 - pcp: Could not find `cid` for [DMF/H2O/MeOH]
2024-12-28 00:04:21,214 - pcp: Could not find `cid` for [DMF (4 mL) and MeOH (]
2024-12-28 00:04:21,548 - pcp: Could not find `cid` for [DMF/methanol (0.3/]
2024-12-28 00:04:21,878 - pcp: Could not find `cid` for [H3EIMDC]
2024-12-28 00:04:22,542 - pcp: Could not find `cid` for [3 mL]
2024-12-28 00:04:23,213 - pcp: Could not find `cid` for [millipore water]
2024-12-28 00:04:23,547 - pcp: Could not find `cid` for [1,4-dioxane/H2O]
2024-12-28 00:04:23,877 - pcp: Could not find `cid` for [DMF/CH3CN (8 mL;]
2024-12-28 00:04:24,221 - pcp: Could not find `cid` for [H3PMo12O40\u22c]
2024-12-28 00:04:24,951 - pcp: Could not find `cid` for [H2fum, glutamic acid]
2024-12-28 00:04:25,260 - pcp: Could not find `cid` for [DMF:MeOH]
2024-12-28 00:04:25,908 - pcp: Could not find `cid` for [H2ntd, Hmtz]
2024-12-28 00:04:26,231 - pcp: Could not find `cid` for [H2dnpdc]
2024-12-28 00:04:26,547 - pcp: Could not find `cid` for [H4BTC (0.127 g, ]
2024-12-28 00:04:26,862 - pcp: Could not find `cid` for [H2tbip]
2024-12-28 00:04:27,183 - pcp: Could not find `cid` for [Htz]
2024-12-28 00:04:28,553 - pcp: Could not find `cid` for [water and NaOH aqueous solution]
2024-12-28 00:04:28,897 - pcp: Could not find `cid` for [DMF/cyclohexanol/H2O]
2024-12-28 00:04:29,217 - pcp: Could not find `cid` for [CH3CN/H2O (3/4]
2024-12-28 00:04:29,864 - pcp: Could not find `cid` for [H4tpta]
2024-12-28 00:04:30,197 - pcp: Could not find `cid` for [DMF (3 mL), C2H5]
2024-12-28 00:04:30,517 - pcp: Could not find `cid` for [Pr6O11]
2024-12-28 00:04:30,847 - pcp: Could not find `cid` for [DMF+formic acid]
2024-12-28 00:04:31,167 - pcp: Could not find `cid` for [DMF/glycol/H2O (8]
2024-12-28 00:04:31,480 - pcp: Could not find `cid` for [DMF+H2O]
2024-12-28 00:04:31,809 - pcp: Could not find `cid` for [Hmtz]
2024-12-28 00:04:32,139 - pcp: Could not find `cid` for [N,N\u2032-dimethylacetamide]
2024-12-28 00:04:32,473 - pcp: Could not find `cid` for [DMF/CH3CN/H2O]
2024-12-28 00:04:32,797 - pcp: Could not find `cid` for [0.04 mmol of Co(NO3)]
2024-12-28 00:04:33,116 - pcp: Could not find `cid` for [7.5 mL H2O]
2024-12-28 00:04:33,451 - pcp: Could not find `cid` for [DMF/MeCN (4:1,]
2024-12-28 00:04:33,785 - pcp: Could not find `cid` for [H3IDC, bpy, KOH]
2024-12-28 00:04:34,123 - pcp: Could not find `cid` for [bpp]
2024-12-28 00:04:34,457 - pcp: Could not find `cid` for [10 ml]
2024-12-28 00:04:34,795 - pcp: Could not find `cid` for [bpz]
2024-12-28 00:04:35,124 - pcp: Could not find `cid` for [68% concentrated nitric acid]
2024-12-28 00:04:35,435 - pcp: Could not find `cid` for [dimethylformamide (3.0 mL),]
2024-12-28 00:04:36,105 - pcp: Could not find `cid` for [DEF, water, HCl]
2024-12-28 00:04:36,438 - pcp: Could not find `cid` for [0.096 g]
2024-12-28 00:04:36,769 - pcp: Could not find `cid` for [DMF/dioxane/H2O (4]
2024-12-28 00:04:37,125 - pcp: Could not find `cid` for [concentrated hydrochloric acid]
2024-12-28 00:04:37,457 - pcp: Could not find `cid` for [DMF/H2O (2.4 mL]
2024-12-28 00:04:37,793 - pcp: Could not find `cid` for [Cd(NO3)2\u22126H2]
2024-12-28 00:04:38,144 - pcp: Could not find `cid` for [1,4-naphthalenedicarbox]
2024-12-28 00:04:38,463 - pcp: Could not find `cid` for [H2O and aqueous NaOH]
2024-12-28 00:04:39,122 - pcp: Could not find `cid` for [Zinc nitrate hexahydrate (55]
2024-12-28 00:04:39,447 - pcp: Could not find `cid` for [KI]
2024-12-28 00:04:39,769 - pcp: Could not find `cid` for [0.062 g, 0.25 mm]
2024-12-28 00:04:40,103 - pcp: Could not find `cid` for [3 mL of water and 3 mL of gly]
2024-12-28 00:04:40,418 - pcp: Could not find `cid` for [NMP/dioxane/H2O]
