2025-01-07 14:40:46,416 - pcp: Could not find `cid` for [DMF and water]
2025-01-07 14:40:46,772 - pcp: Could not find `cid` for [DMF/water]
2025-01-07 14:40:47,104 - pcp: Could not find `cid` for [DMF and ethanol]
2025-01-07 14:40:47,457 - pcp: Could not find `cid` for [Cu(NO3)2·2.5H]
2025-01-07 14:40:47,776 - pcp: Could not find `cid` for [DMF/H2O]
2025-01-07 14:40:48,439 - pcp: Could not find `cid` for [NH3\u00b7H2O]
2025-01-07 14:40:48,763 - pcp: Could not find `cid` for [CH3OH, CH3CN, H2]
2025-01-07 14:40:49,450 - pcp: Could not find `cid` for [obtz]
2025-01-07 14:40:49,806 - pcp: Could not find `cid` for [distilled H2O]
2025-01-07 14:40:50,161 - pcp: Could not find `cid` for [concentrated nitric acid]
2025-01-07 14:40:50,503 - pcp: Could not find `cid` for [0.50 mL of a 1.0]
2025-01-07 14:40:50,821 - pcp: Could not find `cid` for [DMF:H2O:MeOH]
2025-01-07 14:40:51,170 - pcp: Could not find `cid` for [DMF/NMP/pyridine]
2025-01-07 14:40:51,489 - pcp: Could not find `cid` for [DMF/CH3CH2OH/H2]
2025-01-07 14:40:51,818 - pcp: Could not find `cid` for [H4L]
2025-01-07 14:40:52,155 - pcp: Could not find `cid` for [DMF/EtOH]
2025-01-07 14:40:52,495 - pcp: Could not find `cid` for [CuCl2·2H2O]
2025-01-07 14:40:53,163 - pcp: Could not find `cid` for [DMF, EtOH, H2O]
2025-01-07 14:40:53,508 - pcp: Could not find `cid` for [DMF (2 mL) and ethanol (1]
2025-01-07 14:40:53,842 - pcp: Could not find `cid` for [Cu(ClO4)2·6H2]
2025-01-07 14:40:54,179 - pcp: Could not find `cid` for [DEF/H2O/1 M HCl]
2025-01-07 14:40:54,535 - pcp: Could not find `cid` for [Cu(NO3)2\u22c75H]
2025-01-07 14:40:54,869 - pcp: Could not find `cid` for [DMF, C2H5OH, H]
2025-01-07 14:40:55,200 - pcp: Could not find `cid` for [H2O, MeOH, CH3CN]
2025-01-07 14:40:55,536 - pcp: Could not find `cid` for [EtOH/H2O]
2025-01-07 14:40:55,894 - pcp: Could not find `cid` for [DMF/EtOH/H2O]
2025-01-07 14:40:56,283 - pcp: Could not find `cid` for [nitrate acid solution]
2025-01-07 14:40:56,701 - pcp: Could not find `cid` for [H2O/CH3OH = 3]
2025-01-07 14:40:57,209 - pcp: Could not find `cid` for [H2O/MeCN]
2025-01-07 14:40:57,690 - pcp: Could not find `cid` for [H4ABTC]
2025-01-07 14:40:58,175 - pcp: Could not find `cid` for [DMF/C2H5OH/H2O]
