2025-01-07 17:42:53,688 - 
Paragraph: HULTEN_clean
Model: Phi 3 Mini 4k Instruct
Expected: None°C (None C)
Got: 190°C (463.0 K)
Original text: A typical synthesis recipe was as follows: 3.86 g phosphoric acid (85 wt% in water) was placed in a glass beaker. 6.16 g tetramethylammonium hydroxide pentahydrate and 1.33 g zinc oxide were successiv...
2025-01-07 17:42:55,830 - 
Paragraph: MATHEV_clean
Model: Phi 3 Mini 4k Instruct
Expected: None°C (None C)
Got: 150°C (150.0 Celsius)
Original text: The cobalt phosphite–oxalate, [C4N2H12][Co4(HPO3)2(C2O4)3], I, was synthesized under hydrothermal conditions starting from cobalt (II) oxalate. In a typical synthesis, 0.285 g of CoC2O4 was dispersed ...
2025-01-07 17:42:57,511 - 
Paragraph: KAHYEY_clean
Model: Phi 3 Mini 4k Instruct
Expected: None°C (None C)
Got: 130°C (130.0 Celsius)
Original text: The title compound was synthesized hydrothermally from a starting mixture of MnCl2, H2O2, H2C2O4, H3PO4, H2N(CH2)2NH(CH2)2NH2 and H2O in a molar ratio of 1.0:3.0–9.0:1.0:10:1.0:400. In a typical synth...
2025-01-07 17:42:57,880 - 
Paragraph: ILEPEW_clean
Model: Phi 3 Mini 4k Instruct
Expected: 160°C (160.0 C)
Got: 130°C (130.0 C)
Original text: A mixture of Ba(NO3)2 (31.36 mg, 0.12 mmol), La(NO3)3·6H2O (8.6 mg, 0.02 mmol), and H3L (17.4 mg, 0.1 mmol) was vigorously stirred for half an hour in H2O (5 mL) and DMF (5 mL), and then HNO3 (30 μL, ...
2025-01-07 17:42:58,223 - 
Paragraph: TOVJAP_charged
Model: Phi 3 Mini 4k Instruct
Expected: None°C (None C)
Got: 200°C (200.0 Celsius)
Original text: Synthesis of [H3N(CH2)2NH3]2 [H3N(CH2)2NH2] [FeIII(H2O)2(VIVO)8(OH)4(HPO4)4(PO4)4]·4H2O (2). The synthesis was similar to the above described for solid 1. The hydrothermal reaction of V metal (0.0254 ...
2025-01-07 17:42:58,561 - 
Paragraph: AQEFOS_clean
Model: Phi 3 Mini 4k Instruct
Expected: None°C (None C)
Got: 160°C (160.0 Celsius)
Original text: A mixture of Na2MoO4·2H2O (0.48 g, 1.98 mmol), H3PO4 (1 mL, 7.96 mmol), CuCl2·2H2O (0.23 g, 1.35 mmol), pz (0.07 g, 0.87 mmol) and H2O (10 mL) was stirred for an hour. The pH was adjusted to 2.6 with ...
2025-01-07 17:42:59,908 - 
Paragraph: TANFEV_clean
Model: Phi 3 Mini 4k Instruct
Expected: None°C (None C)
Got: 160°C (160.0 Celsius)
Original text:   A mixture of Na2MoO4·2H2O (0.121 g, 0.5 mmol), H3PO4 (0.28 mL, 4 mmol), CoCl2·6H2O (0.119 g, 0.5 mmol), bix (0.119 g, 0.5 mmol), and H2O (6 mL) was stirred for 0.5 h in air. The pH was then adjusted...
2025-01-07 17:43:00,922 - 
Paragraph: ADASIJ_clean
Model: Phi 3 Mini 4k Instruct
Expected: 115°C (115.0 C)
Got: 85°C (85.0 Celsius)
Original text: rht‐MOF‐4 a: Cu(NO3)2⋅2.5 H2O (20 mg), H6tL1 (37 mg), DMF (1 mL), and H2O (1 mL) added to 20 mL vial, heated to 85 °C/12 h, 105 °C/23 h, 115 °C/23 h to give green polyhedral crystals. Fm, a=41.479 Å. ...
2025-01-07 17:43:00,922 - 
Paragraph: EBITAL_clean
Model: Phi 3 Mini 4k Instruct
Expected: None°C (None C)
Got: 160°C (160.0 Celsius)
Original text: Synthesis of [H3N(CH2)3NH3]·[Be3(HPO3)4] 1. The reactants BeO (0.025 g, 1 mmol), H3PO3 (0.410 g, 5 mmol), H3BO3 (0.305 g, 5 mmol), and 1,3-diammonium propane (0.2 mL, 2.35 mmol) were added to 2 mL (11...
2025-01-07 17:43:05,222 - 
Paragraph: AJOTEY_clean
Model: Phi 3 Mini 4k Instruct
Expected: None°C (None C)
Got: 90°C (90.0 Celsius)
Original text: (CN3H6)2·(VO)3(H2O)3(HPO3)4·3H2O was prepared by combining 0.5 g H3PO3, 1.14 g VOSO4·nH2O and 0.71 g guanidinium carbonate in 10 ml water contained in a PTFE bottle, resulting in a deep blue solution ...
2025-01-07 17:43:05,222 - 
Paragraph: FORXAM_clean
Model: Phi 3 Mini 4k Instruct
Expected: None°C (None C)
Got: 110°C (110.0 C)
Original text: Zn(NO3)2·6H2O (0.290 g, 0.98 mmol) and H2(ip) (0.162 g, 0.98 mmol) were dissolved in dimethylformamide (DMF, 15 mL), and the resulting solution was heated to 110 °C for 14 h in a sealed vial. After fi...
2025-01-07 17:43:06,448 - 
Paragraph: ATOGEV_clean
Model: Phi 3 Mini 4k Instruct
Expected: None°C (None C)
Got: 160°C (160.0 Celsius)
Original text: Synthesis and Initial Characterization: FJ‐8 was hydrothermally synthesized under autogenous pressure. In a typical synthesis, a mixture of ZnO (0.093 g, 1.14 mmol), H3PO3 (0.3 mL, 50 wt %), Ni(en)3Cl...
2025-01-07 17:43:07,470 - 
Paragraph: WOBHOM_clean
Model: Phi 3 Mini 4k Instruct
Expected: None°C (None C)
Got: 30°C (30.0 Celsius)
Original text:   A solution of L-proline (18.3 mg) in ethanol (0.5 mL) was added dropwise to IRMOF-3 (0.2 g), and stored overnight at room temperature. The samples were dried in vacuum at 30 °C to yield IRMOF-3–Pr(P...
2025-01-07 17:43:08,738 - 
Paragraph: ADASUV_clean
Model: Phi 3 Mini 4k Instruct
Expected: 105°C (105.0 C)
Got: 85°C (85.0 Celsius)
Original text: rht‐MOF‐4 c: Co(NO3)2⋅6 H2O (24 mg), H6tL1 (37 mg), DMF (1 mL), and NMP (0.5 mL) added to 20 mL vial, heated to 85 °C/12 h, 105 °C/23 h to give a few red cube crystals. I4m, a=29.395 Å, c=41.638 Å. ...
2025-01-07 17:43:11,801 - 
Paragraph: QOBWEJ01_clean
Model: Phi 3 Mini 4k Instruct
Expected: None°C (None C)
Got: 150°C (150.0 Celsius)
Original text: First, 0.5 g P2O5 was dissolved in 10 ml water contained in a 23-ml teflon pot (Caution! This reaction is extremely vigorous). Then, 0.285 g ZnO, 0.444 g oxalic acid dihydrate, and 0.522 g 1,3-diamino...
2025-01-07 17:43:12,776 - 
Paragraph: VEZQEX_clean
Model: Phi 3 Mini 4k Instruct
Expected: None°C (None C)
Got: 180°C (180.0 Celsius)
Original text: The title compound was prepared hydrothermally from a mixture of indium nitrate (In(NO3)3 · 4.5H2O, Shanghai Reagent Plant, 99.5%), phosphoric acid (Beijing Chemical Plant, 85 wt%), Trithylenetetramin...
2025-01-07 17:43:13,763 - 
Paragraph: CUTBIE_clean
Model: Phi 3 Mini 4k Instruct
Expected: 105°C (105.0 C)
Got: 85°C (85.0 Celsius)
Original text:   La(NO3)3·6H2O (25 mg, 0.0577 mmol) and H3TAIP (10 mg, 0.0282 mmol) were dissolved in DMF (1 mL), and then HNO3 (125 μL, 2.7 M in DMF) was added. The solution was sealed in a 20 mL vial and heated at...
2025-01-07 17:43:14,773 - 
Paragraph: LAVMAY_clean
Model: Phi 3 Mini 4k Instruct
Expected: None°C (None C)
Got: 180°C (180.0 Celsius)
Original text: Synthesis of single crystals of {Zn3(Atz)3(PO4)}⋅(H2O)3.5 (1⋅(H2O)3.5): Colorless crystals of 1⋅(H2O)3.5 in the shape of thick square plates were obtained from the reaction of a mixture containing ZnC...
2025-01-07 17:43:16,135 - 
Paragraph: FIVQOR_clean
Model: Phi 3 Mini 4k Instruct
Expected: None°C (None C)
Got: 180°C (180.0 °C)
Original text: The title compound MIL-90 or Ga5(PO4)4(C2O4)F2(OH)2·1.5N2C3H12 was prepared by hydrothermal method under autogenous pressure. The reactants were gallium oxide (Ga2O3, Aldrich, 99.99%+), phosphoric aci...
2025-01-07 17:43:16,136 - 
Paragraph: GUVBEF_clean
Model: Phi 3 Mini 4k Instruct
Expected: None°C (None C)
Got: 175°C (175.0 Celsius)
Original text: A solution of Na3PO4 (5 mmol), Na2WO4·2H2O (10 mmol), NiCl2·6H2O (2 mmol) and en (0.33 mL) in H2O (20 mL) acidified by diluted HCl solution (pH 1.0), was refluxed for 8 h. The resulting reaction mixtu...
2025-01-07 17:43:16,859 - 
Paragraph: RIFQUT_clean
Model: Phi 3 Mini 4k Instruct
Expected: None°C (None C)
Got: 160°C (160.0 Celsius)
Original text: A mixture of CoCl2·6H2O (1.0 mmol), H3PO3 (2.0 mmol), trans-1,4-diaminocyclohexane (2.7 mmol), and H2O (10 mL) was stirred overnight in a Teflon cup. It was then sealed in an acid digestion bomb and h...
2025-01-07 17:43:16,859 - 
Paragraph: UCAJUF_clean
Model: Phi 3 Mini 4k Instruct
Expected: None°C (None C)
Got: 80°C (80.0 °C)
Original text: [Zn4(μ3‐OH)2(H2O)2(ZnTCPEP‐H)2(DABCO)2]·2DMF·10.5H2O (Zn4·ZnTCPEP·DABCO): A mixture of Zn(NO3)·6H2O (157 mg, 0.526 mmol), ZnTCPEP‐H4 (100 mg, 0.105 mmol), and DABCO (24 mg, 0.210 mmol) was dissolved i...
2025-01-07 17:43:18,673 - 
Paragraph: FEJDII_clean
Model: Phi 3 Mini 4k Instruct
Expected: None°C (None C)
Got: 180°C (180.0 Celsius)
Original text: Synthesis of [C3N2H5]2·[Zn3(HPO3)4] 2. Compound 2 was prepared from a mixture of ZnO (0.113 g), H3PO3 (0.74 mL, 50 wt %), imidazole (0.19 g), and H2O (2.5 mL) in a molar ratio of 1:4:2:100. The reacti...
2025-01-07 17:43:20,489 - 
Paragraph: CIXCOC_clean
Model: Phi 3 Mini 4k Instruct
Expected: None°C (None C)
Got: 130°C (130.0 °C)
Original text: CoHPO-CJ2 was synthesized by a solvothermal reaction of CoCl2·6H2O, H3PO3, diethylenetriamine (DETA), ethylene glycol (EG), and H2O in a molar ratio of 1.0:1.0:0.734:115:66. Typically, CoCl2·6H2O (0.2...
2025-01-07 17:43:20,490 - 
Paragraph: LIXWEV_clean
Model: Phi 3 Mini 4k Instruct
Expected: None°C (None C)
Got: 110°C (110.0 Celsius)
Original text: The iron phosphite, [C4N2H12][Fe4(H2O)3(HPO3)7]·(H2O)x x = 0.6 (1), was synthesized under hydrothermal conditions using ferric chloride hexahydrate as the source of iron. The FeCl3·6H2O (0.270 g, 1 mm...
2025-01-07 17:43:20,490 - 
Paragraph: NAVFUM_clean
Model: Phi 3 Mini 4k Instruct
Expected: None°C (None C)
Got: 150°C (150.0 Celsius)
Original text: Synthesis and Initial Characterization. The iron oxalatophosphite, [C4N2H12][FeII4(HPO3)2(C2O4)3], I, was synthesized under  hydrothermal conditions using iron(II) oxalate dihydrate as the source of i...
2025-01-07 17:43:20,808 - 
Paragraph: WACKOB_clean
Model: Phi 3 Mini 4k Instruct
Expected: None°C (None C)
Got: 175°C (175.0 Celsius)
Original text: The title compound 1 was hydrothermally synthesized under autogenous pressure. A mixture of CoCl2·6H2O (1.0 g), Na2MoO4·2H2O (1.8 g), H3PO4 (0.8 ml), and water (12 ml) was neutralized to pH 8.5 with e...
2025-01-07 17:43:21,138 - 
Paragraph: SASKIH_clean
Model: Phi 3 Mini 4k Instruct
Expected: None°C (None C)
Got: 160°C (160.0 Celsius)
Original text: In a typical synthesis for [C2N2H10] · [(VO)3(H2O)(HPO3)4] · H2O, 0.091 g (0.5 mmol) of vanadium oxide (V2O5) were dissolved in 5.0 mL (166 mmol) of water, and then 0.410 g (5 mmol) of phosphorous aci...
2025-01-07 17:43:21,783 - 
Paragraph: IMIDZB10_clean
Model: Phi 3 Mini 4k Instruct
Expected: None°C (None C)
Got: 120°C (120.0 Celsius)
Original text: 350 mg of Zn(NO3)2·6H2O and 200 mg of 2-methylimidazole were placed in a 20 mL screw-top vial and dissolved in 15 mL of DMF. Three drops of HNO3 were added to a mixture with a Pasteur pipet, and compl...
2025-01-07 17:43:21,784 - 
Paragraph: IWAHUK_clean
Model: Phi 3 Mini 4k Instruct
Expected: None°C (None C)
Got: 100°C (373.0 K)
Original text: Compound 2: [Zn(BDC‐OH)(TED)0.5]⋅1.5DMF⋅0.3H2O (2) was prepared by a solvothermal reaction of [Zn(NO3)]⋅6H2O (0.089 g, 0.3 mmol), BDC‐OH (0.055 g, 0.3 mmol), and TED (0.022 g, 0.2 mmol) in DMF (10 mL)...
2025-01-07 17:43:22,463 - 
Paragraph: NEZBOK_clean
Model: Phi 3 Mini 4k Instruct
Expected: None°C (None C)
Got: 150°C (150.0 Celsius)
Original text:   The manganese phosphite–oxalate [C4N2H12][MnII2(HPO3)2(C2O4)], I, was synthesized under hydrothermal conditions using manganese oxalate as the source of manganese. In a typical synthesis, 0.277 g of...
2025-01-07 17:43:22,463 - 
Paragraph: TAPXIT01_clean
Model: Phi 3 Mini 4k Instruct
Expected: None°C (None C)
Got: 150°C (150.0 Celsius)
Original text: Tb(NO3)3·6H2O (0.5 mmol), H2OBA (1.0 mmol), and NaCl (0.5 mmol) were added to a mixture of DMF (6.0 mL) and ethanol (6.0 mL). The mixture was heated in a 23 mL Teflon-lined autoclave at 150 °C for 3 d...
2025-01-07 17:43:22,826 - 
Paragraph: YABWOP_clean
Model: Phi 3 Mini 4k Instruct
Expected: None°C (None C)
Got: 170°C (170.0 Celsius)
Original text: Vanadium(V) oxide (0.183 g, 0.97 mmol) was dissolved in HF (1 mL, 29.0 mmol) and stirred for 5 min before methylene diphosphonic acid (0.16 g, 0.909 mmol), tris(2-aminoethyl)amine (500 μL, 3.34 mmol),...
2025-01-07 17:43:23,161 - 
Paragraph: YONNAR_clean
Model: Phi 3 Mini 4k Instruct
Expected: None°C (None C)
Got: 90°C (90.0 Celsius)
Original text:   Crystals were grown from a solution of Zn(NO3)2·4H2O (885 mg, 3.39 mmol) and 1 (100 mg, 0.282 mmol) in DEF (11.3 mL), and additional water (1.04 g, 57.63 mmol) kept at 90 °C for 40 h, resulting in 1...
2025-01-07 17:43:24,217 - 
Paragraph: VEHLEA_clean
Model: Phi 3 Mini 4k Instruct
Expected: None°C (None C)
Got: 120°C (120.0 °C)
Original text: B. [HN(CH3)3]2Zn3(HPO3)4. A total of 0.3750 g of zinc carbonate, 1.9388 g of water, 1.5198 g of ethylene glycol, 0.7569 g of phosphorous acid, 0.0611 g of hydrogen fluoride−pyridine, and 3.737 g of tr...
2025-01-07 17:43:25,277 - 
Paragraph: IXEJOL_clean
Model: Phi 3 Mini 4k Instruct
Expected: None°C (None C)
Got: 165°C (165.0 Celsius)
Original text: A mixture of Na2MoO4·2H2O (1.452 g, 6.00 mmol), Co(CH3COO)2·4H2O (0.480 g, 2.52 mmol), 4,4′-bipyridine (0.400 g, 2.70 mmol), H3PO4 (2 mL, 30 mmol), and pyridine (0.350 g, 4.42 mmol) was dissolved in 3...
2025-01-07 17:43:25,278 - 
Paragraph: SUXNIJ_clean
Model: Phi 3 Mini 4k Instruct
Expected: None°C (None C)
Got: 180°C (180.0 Celsius)
Original text: A reaction mixture of VOSO4 (1 mmol), H3BO3 (1.5 mmol), H3PO3 (6 mmol), cyclohexylamine (cha, 5 mmol), and H2O (5 mL) was placed in a Teflon-lined digestion bomb (internal volume = 23 mL) and heated a...
2025-01-07 17:43:25,278 - 
Paragraph: XEQGAC_clean
Model: Phi 3 Mini 4k Instruct
Expected: None°C (None C)
Got: 170°C (170.0 Celsius)
Original text: H2(PIP)[VIVO(H2O)VIII(OH)(O3PCH2CO2)2]·2.5H2O (2). A solution of VOSO4 (0.97 g, 0.6 mmol), triethyl phosphonoacetate (0.124 g, 0.54 mmol), piperazine (PIP) (0.115 g, 0.6 mmol), and H2O (7 mL) in the m...
2025-01-07 17:43:25,629 - 
Paragraph: GUCJAQ_clean
Model: Phi 3 Mini 4k Instruct
Expected: None°C (None C)
Got: 180°C (180.0 C)
Original text: Transparent colorless columnar crystals of NTHU‐8 were prepared from a reaction mixture containing Zn(NO3)2⋅6 H2O (0.2975 g, 1 mmol), H3PO4 (0.27 mL, 4 mmol), benzene‐1,2,4,5‐tetracarboxylic acid (H4b...
2025-01-07 17:43:25,629 - 
Paragraph: YIJCEB_clean
Model: Phi 3 Mini 4k Instruct
Expected: None°C (None C)
Got: 90°C (90.0 Celsius)
Original text:   A 35 mL 19/22 flask was charged with 0.5 mmol (0.136 g) polymeric nickel cyanide hydrate Ni[Ni(CN)4]n(H2O)3 and made to dissolve through the sequential addition of 5 mL H2O, 5 mL concentrated ammoni...
2025-01-07 17:43:27,977 - 
Paragraph: OFIWIK_charged
Model: Phi 3 Mini 4k Instruct
Expected: None°C (None C)
Got: 160°C (160.0 Celsius)
Original text: Typically, zinc acetate (0.22 g, 1 mmol), was first dissolved in the water (8 mL), and then cyclohexylamine (0.38–0.41 mL, 3.2–3.4 mmol) and phosphorous acid (0.205 g, 2.5 mmol, 85%) were added with s...
2025-01-07 17:43:28,972 - 
Paragraph: XAWBEE_clean
Model: Phi 3 Mini 4k Instruct
Expected: None°C (None C)
Got: 160°C (160.0 Celsius)
Original text: All reagents were of analytical grade. Compound 1 was hydrothermally prepared from a starting mixture containing indium trichloride (InCl3), phosphorous acid (H3PO3), diethylenetriamine (DETA) and hyd...
2025-01-07 17:43:29,678 - 
Paragraph: AKEDIF_clean
Model: Phi 3 Mini 4k Instruct
Expected: None°C (None C)
Got: 110°C (110.0 Celsius)
Original text: A mixture of bpeb (20.1 mg, 0.070 mmol), H2bdc (11.6 mg, 0.070 mmol), and Zn(NO3)2·4H2O (18.4 mg, 0.070 mmol) dissolved in DEF (3 mL), H2O (1 mL), and DMSO (0.5 mL) was placed in a 10 mL glass tube, a...
2025-01-07 17:43:30,026 - 
Paragraph: FORXIU_clean
Model: Phi 3 Mini 4k Instruct
Expected: None°C (None C)
Got: 110°C (110.0 Celsius)
Original text: A DMF solution (15.0 mL) containing Zn(NO3)2·6H2O (0.297 g, 1.0 mmol) and H2(2,7-ndc) (0.217 g, 1.0 mmol) was heated to 110 °C for 32 h in a sealed vial. Afterward, the reaction mixture was filtered t...
2025-01-07 17:43:32,501 - 
Paragraph: EKUPEG_clean
Model: Phi 3 Mini 4k Instruct
Expected: None°C (None C)
Got: 80°C (80.0 Celsius)
Original text: 2: A mixture of CuSO4⋅5H2O (25 mg, 0.1 mmol) and 1 (135 mg, 0.05 mmol) was placed in a small vial containing DMSO (1 mL), H2O (0.1 mL), and sBuOH (1 mL). The vial was sealed, heated at 80 °C for one d...
2025-01-07 17:43:32,502 - 
Paragraph: TEQVAO_manual
Model: Phi 3 Mini 4k Instruct
Expected: None°C (None C)
Got: 200°C (200.0 Celsius)
Original text:   A mixture of Zn(NO3)2·6H2O (2.0 mmol), NH3·H2O (9.0 mmol) and 5-methylisophthalic acid (4.0 mmol) in 20 mL H2O are stirred for 10 min at room temperature. The mixture is then transferred into a 40 m...
2025-01-07 17:43:35,572 - 
Paragraph: RORVAX_clean
Model: Phi 3 Mini 4k Instruct
Expected: None°C (None C)
Got: 60°C (60.0 C)
Original text: In a scintillation vial, as-synthesized 1-Zn was washed with fresh DMF (3 × 5 mL) over 3 h and then washed with fresh MeOH (3 × 5 mL) over 3 h. The MeOH was decanted and a solution of Co(NO3)2 (30 mg,...
2025-01-07 17:43:36,238 - 
Paragraph: TACFIN01_clean
Model: Phi 3 Mini 4k Instruct
Expected: None°C (None C)
Got: 180°C (180.0 Celsius)
Original text: All chemicals were purchased from Aldrich (USA) and used without further purification. In a typical synthesis, the following reagents were used: zinc oxide (0.39 g, 4.76 mmol), cobalt(II)oxalate dihyd...
2025-01-07 17:43:36,556 - 
Paragraph: WOWGUK_clean
Model: Phi 3 Mini 4k Instruct
Expected: None°C (None C)
Got: 90°C (90.0 Celsius)
Original text:   First, 4.4761 g Zn(NO3)2  (BDH Analar, 98%) was added to 30 ml of 1 M H3PO4  (made up from 85% BDH Analar H3PO4 solution) in a glass beaker. Once the Zn(NO3)2 had dissolved, 37.277 g of ethylene gly...
2025-01-07 17:43:39,756 - 
Paragraph: ILENOC_clean
Model: Phi 3 Mini 4k Instruct
Expected: None°C (None C)
Got: 180°C (180.0 °C)
Original text:   The title compound was synthesized hydrothermally using pyridine–HF as the solvent in the presence of diethyelenetriamine (DETA). In a typical synthesis 0.335 g indium sulfate was dissolved in 1 ml ...
2025-01-07 17:43:41,282 - 
Paragraph: IPICOA_clean
Model: Phi 3 Mini 4k Instruct
Expected: None°C (None C)
Got: 160°C (160.0 Celsius)
Original text: Synthesis of 1: a mixture of ZnO (1 mmol, 0.082 g), H3PO3 (4 mmol, 0.328 g), sec-butylammine (5 mmol, 0.505 ml), H2O (5 mL) and ethyleneglycol (5 mL) was heated at 160 °C in a Teflon-lined stainless s...
2025-01-07 17:43:41,282 - 
Paragraph: OMAMEU_clean
Model: Phi 3 Mini 4k Instruct
Expected: None°C (None C)
Got: 110°C (110.0 °C)
Original text: Synthesis: The title compound was prepared by means of a hydrothermal reaction between Zn(OAc)2⋅2 H2O, H3PO4, [Co(en)3]Cl3 and H2O in a molar ratio of 1:3:0.5:488. Typically, Zn(OAc)2⋅2 H2O (0.25 g) w...
2025-01-07 17:43:42,072 - 
Paragraph: MUVMOG_clean
Model: Phi 3 Mini 4k Instruct
Expected: None°C (None C)
Got: 165°C (165.0 °C)
Original text: In a typical synthesis, compound 1 was prepared under hydrothermal conditions. First, a mixture of GaOOH (0.1028 g) (prepared from direct reaction of metallic gallium with distilled water at 200 °C un...
2025-01-07 17:43:45,273 - 
Paragraph: XIQHIO_clean
Model: Phi 3 Mini 4k Instruct
Expected: None°C (None C)
Got: 180°C (180.0 Celsius)
Original text: The title compound was synthesized from a gel containing ethylenediamine (en) as the structure-directing agent. In a typical synthesis, 0.464 g of FeCl3–6H2O and 0.169 g of MnCl2–4H2O was dispersed an...
2025-01-07 17:43:45,274 - 
Paragraph: ECODOQ_clean
Model: Phi 3 Mini 4k Instruct
Expected: None°C (None C)
Got: 170°C (170.0 Celsius)
Original text: The title compound was synthesized hydrothermally by a typical solution-mediated reaction: 0.05 g Ga2O3, 0.80 g H3PO3, 0.10 ml DETA, 0.40 ml HF and 8 ml of water were stirred for 30 min at room temper...
2025-01-07 17:43:45,274 - 
Paragraph: NIMPOQ_clean
Model: Phi 3 Mini 4k Instruct
Expected: None°C (None C)
Got: 85°C (85.0 Celsius)
Original text: 0.005 g (0.0065 mmol) H4pbtd-OEt and 0.015 g (0.064 mmol) Cu(NO3)2·2.5H2O dissolved in 1.5 mL N,N-dimethylacetamide (DMA) with 4 drops HBF4 (48% min w/w aqueous solution) were added to a 2 mL glass vi...
2025-01-07 17:43:46,552 - 
Paragraph: PETNOS_clean
Model: Phi 3 Mini 4k Instruct
Expected: None°C (None C)
Got: 180°C (180.0 Celsius)
Original text: The compound II was prepared from a reaction mixture of InCl3 · 4H2O, H3PO3, piperazine and water with a molar ratio of 0.5:17.1:4.0:666. A typical synthesis procedure begins with mixing 0.16 g InCl3,...
2025-01-07 17:43:47,593 - 
Paragraph: ESIDOB_clean
Model: Phi 3 Mini 4k Instruct
Expected: None°C (None C)
Got: 160°C (160.0 Celsius)
Original text: [In(popha)(1,10‐phen)]⋅4 H2O (InPF‐21), CH synthesis: a mixture of H3popha (0.119 g, 0.343 mmol), 1,10‐phen (0.061 g, 0.343 mmol), and In(OAc)3 (0.100 g, 0.343 mmol) in distilled water (8 mL) was heat...
2025-01-07 17:43:47,917 - 
Paragraph: POBJIB_clean
Model: Phi 3 Mini 4k Instruct
Expected: None°C (None C)
Got: 170°C (170.0 Celsius)
Original text: The title compound was synthesized hydrothermally under autogenous pressure. In a typical synthesis, a mixture of BeSO4·4H2O (0.179 g), H3PO3 (0.327 g), diethylenetriamine (dien, 0.16 mL), ethylene gl...
2025-01-07 17:43:47,918 - 
Paragraph: QIYCEI_clean
Model: Phi 3 Mini 4k Instruct
Expected: 25°C (25.0 C)
Got: 175°C (175.0 Celsius)
Original text: A methanol solution (2 mL) of each L1 (15 mg, 0.06 mmol) and L2 (14 mg, 0.06 mmol) was carefully layered onto an aqueous solution (2 mL) of AgPF6 (15 mg, 0.06 mmol). Colorless crystals of [Ag(L1)(L2)]...
2025-01-07 17:43:49,246 - 
Paragraph: WONRUM02_clean
Model: Phi 3 Mini 4k Instruct
Expected: None°C (None C)
Got: 190°C (190.0 Celsius)
Original text: Synthesis. Initially, the blue needle crystals of 1 were obtained occasionally as a minor product in an attempt to repeat the synthesis of the known compound [H3NC2H4NH3]0.5CoPO4 using a different cob...
2025-01-07 17:43:50,911 - 
Paragraph: NAGCAB_clean
Model: Phi 3 Mini 4k Instruct
Expected: None°C (None C)
Got: 165°C (165.0 C)
Original text: Compound 1 was prepared by the hydrothermal method: a mixture of Na2MoO4·2H2O (1.452 g, 6.00 mmol), ZnSO4·H2O (0.516 g, 2.88 mmol), H3PO4 (2 mL, 30 mmol), and 1,3-bis (4-pyridyl) propane (0.382 g, 2.6...
2025-01-07 17:43:52,337 - 
Paragraph: GARTUR_clean
Model: Phi 3 Mini 4k Instruct
Expected: None°C (None C)
Got: 120°C (120.0 Celsius)
Original text: Crystals of 1 and 2 were observed to form concurrently when a reaction mixture of zinc lactate (0.122 g, 0.5 mmol), Ga2O3 (0.047 g, 0.25 mmol), 5 m H3PO3 (0.6 mL, 3 mmol), DADD (0.4 g, 2 mmol), HF (40...
2025-01-07 17:43:52,337 - 
Paragraph: YORRII_clean
Model: Phi 3 Mini 4k Instruct
Expected: None°C (None C)
Got: 160°C (160.0 Celsius)
Original text: In a typical synthesis, a mixture of BeSO4·4H2O (0.27 g), H3PO3 (0.42 g), pyridine (3.00 mL) and H2O (2.00 mL) was sealed in a 25 mL Teflon-lined autoclave and heated at 160 °C for 6 days. After cooli...
2025-01-07 17:43:52,338 - 
Paragraph: QIYCIM_clean
Model: Phi 3 Mini 4k Instruct
Expected: 25°C (25.0 C)
Got: 176°C (176.0 Celsius)
Original text: A methanol solution (2 mL) of each L1 (15 mg, 0.06 mmol) and L3 (14 mg, 0.06 mmol) was carefully layered onto an aqueous solution (2 mL) of AgPF6 (15 mg, 0.06 mmol). Colorless crystals of [Ag(L1)(L3)]...
2025-01-07 17:43:52,790 - 
Paragraph: KUDWAJ_clean
Model: Phi 3 Mini 4k Instruct
Expected: None°C (None C)
Got: 120°C (120.0 C)
Original text: An acetone solution (6 mL) containing Cu(NO3)2·6H2O (0.2 mmol) was layered upon an aqueous solution (4 mL) containing H3tci (0.1 mmol), 4,4′-bipy (0.1 mL) and triethylamine (60 μL) in a test tube; blu...
2025-01-07 17:43:53,135 - 
Paragraph: VEHLIE_clean
Model: Phi 3 Mini 4k Instruct
Expected: None°C (None C)
Got: 120°C (120.0 Celsius)
Original text: C. [H2N(CH3)2]2Zn3(HPO3)4. A total of 0.3748 g of zinc carbonate, 1.9383 g of water, 1.5193 g of ethylene glycol, 1.0351 g of phosphorous acid, 0.0610 g of hydrogen fluoride−pyridine, and 2.425 g of d...
2025-01-07 17:43:54,188 - 
Paragraph: LEVBAQ_clean
Model: Phi 3 Mini 4k Instruct
Expected: None°C (None C)
Got: 180°C (180.0 Celsius)
Original text: The title compound was prepared hydrothermally from a mixture of indium nitrate (In(NO3)3 · 4.5H2O, Shanghai Reagent Plant, 99.5%), phosphoric acid (Beijing Chemical Plant, 85 wt%), 4,4′-bipyridine (4...
2025-01-07 17:43:54,188 - 
Paragraph: PIJDIX_clean
Model: Phi 3 Mini 4k Instruct
Expected: None°C (None C)
Got: 155°C (155.0 Celsius)
Original text:   A mixture of Zn(CH3COO)2·2H2O (0.22 g), H3PO3 (0.45 g), 2-methyl-piperazine (0.36 g), methanol (3 mL) and H2O (2 mL) in the molar ratio of 1:5.5:3.5:111:74 was sealed in a Teflon-lined autoclave and...
2025-01-07 17:43:54,513 - 
Paragraph: QESRAI_clean
Model: Phi 3 Mini 4k Instruct
Expected: None°C (None C)
Got: 180°C (180.0 Celsius)
Original text: The zinc phosphate, [C8N5H28][Zn5(PO4)5].H2O, I, is synthesized under hydrothermal conditions in the presence of TEPA. In a typical synthesis, 0.3 g of ZnO was dispersed in a mixture of 6.634 ml of de...
2025-01-07 17:43:54,513 - 
Paragraph: NIZNAN_clean
Model: Phi 3 Mini 4k Instruct
Expected: None°C (None C)
Got: 65°C (65.0 Celsius)
Original text: All compounds including the mixed-lanthanide ones were obtained by adopting an otherwise identical procedure except for the different starting lanthanide salts. The synthesis of [La(BTPCA)H2O]·2DMF·3H...
2025-01-07 17:43:58,562 - 
Paragraph: LADKIN_clean
Model: Phi 3 Mini 4k Instruct
Expected: None°C (None C)
Got: 130°C (130.0 Celsius)
Original text: Compound 1 was prepared from a starting mixture containing indium chloride tetrahydrate (InCl3·4H2O) (Aladdin, 98%), phosphorous acid (H3PO3) (Sinopharm Chemical Reagent Beijing Co., Ltd, 99%), oxalic...
2025-01-07 17:43:59,238 - 
Paragraph: OLAGIR_clean
Model: Phi 3 Mini 4k Instruct
Expected: None°C (None C)
Got: 130°C (130.0 °C)
Original text: 1: Zn(OAc)2⋅2 H2O (0.5 g) was dissolved in H2O (10 mL) and then H3PO4 (0.46 mL, 85 wt % in water) and [Co(dien)2]Cl3 (0.58 g) were subsequently added while stirring. Finally, Me4NOH (6.0 mL, 10 wt % a...
2025-01-07 17:43:59,239 - 
Paragraph: MUHPOV_clean
Model: Phi 3 Mini 4k Instruct
Expected: None°C (None C)
Got: 160°C (160.0 Celsius)
Original text: Compound 1 was prepared hydrothermally from a mixture of indium nitrate (In(NO3)3·4H2O), oxalic acid (H2C2O4), hydrogen phosphite (H3PO3), 1,4-diazabicyclo[2.2.2]octane (dabco) and H2O with a molar ra...
2025-01-07 17:43:59,240 - 
Paragraph: UGOFED_clean
Model: Phi 3 Mini 4k Instruct
Expected: None°C (None C)
Got: 180°C (180.0 Celsius)
Original text: H2TCPP (90 mg, 0.11 mmol) and FeCl3·6H2O (90 mg, 0.33 mmol) were dissolved in 10 mL of DMF in a 45 mL Teflon-lined reactor. Pyrazine was added to the reaction mixture (20 mg, 0.25 mmol), and the solut...
2025-01-07 17:43:59,579 - 
Paragraph: WAVREQ_clean
Model: Phi 3 Mini 4k Instruct
Expected: None°C (None C)
Got: 165°C (165.0 Celsius)
Original text: We sought to synthesize I in pure form by employing another route starting with a cobalt(II) tris amine complex. The amine complex was prepared using the standard inorganic synthesis procedures16 star...
2025-01-07 17:43:59,580 - 
Paragraph: HEZNUW_clean
Model: Phi 3 Mini 4k Instruct
Expected: None°C (None C)
Got: 168°C (168.0 Celsius)
Original text: The title compound was synthesized by hydrothermal method under autogenous pressure. In a typical synthesis, a mixture of ZnO (0.25 g), H3PO4 (0.43 ml, 85 wt.%), 1-(2-aminoethyl)piperazine (0.32 ml) a...
2025-01-07 17:43:59,580 - 
Paragraph: UVEXAV_clean
Model: Phi 3 Mini 4k Instruct
Expected: None°C (None C)
Got: 210°C (210.0 Celsius)
Original text: The second phase MIL-124 (Ga2(OH)4[C9O6H4]) was synthesized from a mixture of 0.6 g gallium nitrate (2.4 mmol), 0.37 g 1,2,4-btc (1.8 mmol) and 5 mL H2O (277.8 mmol), which was heated at 210 °C for 24...
2025-01-07 17:44:02,135 - 
Paragraph: TEZKAM_clean
Model: Phi 3 Mini 4k Instruct
Expected: None°C (None C)
Got: 85°C (85.0 Celsius)
Original text: [Zn3(bpdc)3(2,2′‐dmbpy)]⋅(DMF)x(H2O)y was synthesized by the reaction of a mixture of Zn(NO3)⋅6 H2O (0.089 g, 0.3 mmol), 2,2′‐dmbpy (0.019 g, 0.1 mmol), and bpdc (0.072 g, 0.3 mmol) in DMF (10 mL) in ...
2025-01-07 17:44:02,135 - 
Paragraph: GULCAS_clean
Model: Phi 3 Mini 4k Instruct
Expected: None°C (None C)
Got: 160°C (160.0 °C)
Original text: The title compound was synthesized by using mild solvothermal conditions under autogenous pressure. Typically, 0.27 g (1 mmol) FeCl3·6H2O was dissolved in a mixture of 6 mL H2O and 3 mL ethanol with s...
2025-01-07 17:44:02,468 - 
Paragraph: RUYZUH_clean
Model: Phi 3 Mini 4k Instruct
Expected: None°C (None C)
Got: 180°C (180.0 Celsius)
Original text: Compound 1 was prepared by the hydrothermal method: a mixture of Na2MoO4·2H2O (1.452 g), MnSO4·H2O (0.676 g), ethylenediamine tetraacetic acid (EDTA) (0.744 g), H3PO4 (2 mL), HF (1 mL), ethylenediamin...
2025-01-07 17:44:02,469 - 
Paragraph: PUPHUE_clean
Model: Phi 3 Mini 4k Instruct
Expected: None°C (None C)
Got: 140°C (140.0 Celsius)
Original text: A mixture of Cd(CH3COO)2·2H2O (0.135 g, 0.5 mmol) and H2L (0.172 g, 0.5 mmol) were dissolved in water (12 ml) and ethanol (3 ml), the pH of the solution was adjusted to be about 6–7 with 0.2 mol L−1 a...
2025-01-07 17:44:02,470 - 
Paragraph: NIMPEG01_clean
Model: Phi 3 Mini 4k Instruct
Expected: None°C (None C)
Got: 85°C (85.0 Celsius)
Original text: 0.005 g (0.0068 mmol) H4pbtd-OMe and 0.015 g (0.064 mmol) Cu(NO3)2·2.5H2O dissolved in 1.5 mL N,N-dimethylacetamide (DMA) with 4 drops HBF4 (48% min w/w aqueous solution) were added to a 2 mL glass vi...
2025-01-07 17:44:05,495 - 
Paragraph: UXISUR_clean
Model: Phi 3 Mini 4k Instruct
Expected: None°C (None C)
Got: 80°C (80.0 Celsius)
Original text:   In a typical synthesis, the sodium salt of trimesic acid or benzene-1,3,5-tricarboxylic acid (BTC) (0.2 mmol, 46 mg) and Cu(NO3)2·3H2O (0.2 mmol, 48 mg) were dissolved separately in 10 mL DI water a...
2025-01-07 17:44:05,496 - 
Paragraph: LADWAR_clean
Model: Phi 3 Mini 4k Instruct
Expected: None°C (None C)
Got: 140°C (140.0 Celsius)
Original text: A mixture of CoSO4·7H2O (28.3 mg, 0.10 mmol), 5-phosphononicotinic acid (20.3 mg, 0.1 mmol), DABCO (16.8 mg, 0.15 mmol) and H2O (10 mL) was mixed and stirred for 20 min then transferred to a Teflon-li...
2025-01-07 17:44:05,866 - 
Paragraph: LEQVIN_clean
Model: Phi 3 Mini 4k Instruct
Expected: None°C (None C)
Got: 170°C (170.0 Celsius)
Original text: Synthesis and Characterization. (C5H18N3)[Fe3(HPO3)6]·3H2O has been synthesized using mild hydrothermal conditions and autogenous pressure. H3PO3 (12 mmol) and Fe(SO4)3·5H2O (0.16 mmol) were dissolved...
2025-01-07 17:44:07,630 - 
Paragraph: BOWSUC_clean
Model: Phi 3 Mini 4k Instruct
Expected: None°C (None C)
Got: 140°C (140.0 Celsius)
Original text: Compound 2 was synthesized in the V2O5/H3PO3/DETA/NH4F/H2O reaction system with a molar ratio of 1/24/4/4/664. Typically, 0.046 g V2O5, 0.6 mL H3PO3, 0.11 mL DETA and 0.039 g NH4F were dissolved in 5 ...
2025-01-07 17:44:07,976 - 
Paragraph: QIYCOS_clean
Model: Phi 3 Mini 4k Instruct
Expected: 25°C (25.0 C)
Got: 173°C (173.0 Celsius)
Original text: A methanol solution (2 mL) of each L2 (14 mg, 0.06 mmol) and L3 (14 mg, 0.06 mmol) was carefully layered onto an aqueous solution (2 mL) of AgPF6 (15 mg, 0.06 mmol). Colorless crystals of [Ag(L2)(L3)]...
2025-01-07 17:44:07,977 - 
Paragraph: SERCEZ_clean
Model: Phi 3 Mini 4k Instruct
Expected: None°C (None C)
Got: 95°C (368.0 K)
Original text: An amount of 0.025 g (0.097 mmol) of 2-hydroxybiphenyl-4,4′-dicarboxylic acid (H2(BPDC–OH)), 0.023 g (0.097 mmol) of biphenyl-4,4′-dicarboxylic acid (H2BPDC), and 0.181 g (0.5 mmol) of Zn(NO3)2·6H2O w...
2025-01-07 17:44:07,977 - 
Paragraph: IWAHIZ_clean
Model: Phi 3 Mini 4k Instruct
Expected: None°C (None C)
Got: 175°C (175.0 Celsius)
Original text: [tmpip][Al6(PO4)6(HPO4)]·(H2O) (3) A mixture of Al(OH)3 (0.0796 g, 1 mmol), H3PO4 (0.33 mL, 5 mmol), 1-methylpiperazine (0.27 mL, 2.5 mmol), methanol (3.0 mL, 75 mmol) and H2O (2.0 mL, 111 mmol) was s...
2025-01-07 17:44:07,978 - 
Paragraph: PACZOK_clean
Model: Phi 3 Mini 4k Instruct
Expected: None°C (None C)
Got: 170°C (170.0 Celsius)
Original text: A mixture of V2O5 (0.3025 g), Zr(NO3)4·5H2O (0.7156 g), 1,6‐hexanediamine (0.7746 g), and H2O (9 mL) in molar ratio 1:1:4:100 was stirred for 2 h briefly in air, then was neutralized to pH = 4 with 50...
2025-01-07 17:44:08,935 - 
Paragraph: QAJKAO_clean
Model: Phi 3 Mini 4k Instruct
Expected: None°C (None C)
Got: 170°C (170.0 Celsius)
Original text: To a solution of 0.070 g V2O5 in 8 mL H2O, was added 1.000 g H3PO3 with stirring, followed by the addtion of 0.777 g piperazine. The molar composition of the initial mixture was V2O5:H3PO3:piperazine:...
2025-01-07 17:44:08,936 - 
Paragraph: OREZUI_clean
Model: Phi 3 Mini 4k Instruct
Expected: None°C (None C)
Got: 150°C (150.0 °C)
Original text: Zn3(BDC)2(HBDC)2·2DMA (1): A mixture of Zn(OAc)2·2H2O (82 mg), 9‐AC (55 mg), H2BDC (42 mg), methanol (1 mL), and DMA (4 mL) was sealed in a 25 mL, Teflon®‐lined, stainless‐steel autoclave and heated a...
2025-01-07 17:44:08,936 - 
Paragraph: DEKPUF_clean
Model: Phi 3 Mini 4k Instruct
Expected: None°C (None C)
Got: 160°C (160.0 Celsius)
Original text: In a typical synthesis of 1, a reaction mixture of ZnO (0.36 g) and NiCl2·6H2O (0.79 g) were first dissolved in H2O (10 mL), and then DACH (1.00 mL) was added with stirring under ambient conditions. F...
2025-01-07 17:44:09,312 - 
Paragraph: VEHLAW_clean
Model: Phi 3 Mini 4k Instruct
Expected: None°C (None C)
Got: 180°C (180.0 Celsius)
Original text: Synthesis. A. [N(CH3)4]2Zn3(HPO3)4. A total of 0.3759 g of zinc carbonate, 2.1342 g of water, 2.0302 g of ethylene glycol, 0.7546 g of phosphorous acid, 0.0414 g of hydrogen fluoride−pyridine, and 4.0...
2025-01-07 17:44:09,649 - 
Paragraph: FEJDEE_clean
Model: Phi 3 Mini 4k Instruct
Expected: None°C (None C)
Got: 120°C (120.0 Celsius)
Original text: Synthesis of [H3N(CH2)4NH3]·[Zn3(HPO3)4]·H2O, 1. In a typical synthesis for compound 1, a mixture of ZnO (0.113 g), H3PO3 (0.55 mL, 50 wt %), 1,4-diaminobutane (0.14 mL), and H2O (2.5 mL) in a molar r...
2025-01-07 17:44:09,971 - 
Paragraph: QUDGED_clean
Model: Phi 3 Mini 4k Instruct
Expected: None°C (None C)
Got: 105°C (105.0 C)
Original text: Synthesis of IRMOF‐1, IRMOF‐3, and MOF‐2: Both IRMOF‐1 and IRMOF‐3 were synthesized based on a modified procedure reported by Eddaoudi and co‐workers.13 For IRMOF‐1 synthesis, a solution comprised of ...
2025-01-07 17:44:10,979 - 
Paragraph: ICIVEW_clean
Model: Phi 3 Mini 4k Instruct
Expected: None°C (None C)
Got: 180°C (180.0 Celsius)
Original text: Synthesis and characterization: Typically, Zn(OAc)2⋅2 H2O (0.25 g) was first dissolved in H2O (10 mL), and then n‐butylamine (0.51 mL) was added while stirring. Finally, H3PO3 (0.280 g) was added to t...
2025-01-07 17:44:11,316 - 
Paragraph: VOXVEL_clean
Model: Phi 3 Mini 4k Instruct
Expected: None°C (None C)
Got: 180°C (180.0 Celsius)
Original text:   A mixture of BeSO4·4H2O (0.089 g), H3PO4 (0.144 g, 85 wt%), 4,4′-bipyridine (0.078 g), H2O (1.0 mL), and n-butanol (4.0 mL) was sealed in a Teflon-lined stainless steel autoclave and heated at 180 °...
2025-01-07 17:44:12,327 - 
Paragraph: ADATIK_clean
Model: Phi 3 Mini 4k Instruct
Expected: 85°C (85.0 C)
Got: 75°C (75.0 Celsius)
Original text: rht‐MOF‐8: Cu(NO3)2⋅2.5 H2O (39 mg), H3L4 (40 mg), DMF (1 mL) added to 20 mL vial, heated to 75 °C/20 h, 85 °C/12 h to give blue polyhedral crystals. I4m, a=41.557, c=59.003 Å. ...
2025-01-07 17:44:12,664 - 
Paragraph: BOZFIH_clean
Model: Phi 3 Mini 4k Instruct
Expected: None°C (None C)
Got: 150°C (150.0 Celsius)
Original text: Cd3L(L1)3(H2O) (1): A mixture of Cd(NO3)2·4H2O (0.05 mmol, 0.016 g), L (0.0125 mmol, 0.05 g), H2L1 (0.0375 mmol, 0.012 g), and DMF (8 mL) was heated at 150 °C in a Teflon®‐lined autoclave for 3 days; ...
2025-01-07 17:44:13,685 - 
Paragraph: CEYPUT_clean
Model: Phi 3 Mini 4k Instruct
Expected: None°C (None C)
Got: 140°C (140.0 °C)
Original text:   A mixture of Co(NO3)2·6H2O (58.2 mg, 0.2 mmol) and HIN (24.6 mg, 0.2 mmol) was treated in DMF (10 mL) and deionized H2O (two drops) under ultrasonic irradiation to produce a clear solution. The resu...
2025-01-07 17:44:14,022 - 
Paragraph: QIYCAE_clean
Model: Phi 3 Mini 4k Instruct
Expected: 25°C (25.0 C)
Got: 178°C (178.0 Celsius)
Original text: A methanol solution (2 mL) of L3 (28 mg, 0.12 mmol) was carefully layered onto an aqueous solution (2 mL) of AgPF6 (15 mg, 0.06 mmol). Colorless crystals of [Ag(L3)2](PF6)⋅CH3OH formed at the interfac...
2025-01-07 17:44:15,728 - 
Paragraph: JESDIV_clean
Model: Phi 3 Mini 4k Instruct
Expected: None°C (None C)
Got: 180°C (180.0 Celsius)
Original text: The compound 1 was synthesized hydrothermally by a typical solution mediated reaction: 0.05 g Ga2O3, 0.80 ml H3PO3, 0.50 g piperazine, 0.60 ml HF and 2 ml of water was stirred for 30 min at room tempe...
2025-01-07 17:44:15,728 - 
Paragraph: PENZIS_clean
Model: Phi 3 Mini 4k Instruct
Expected: None°C (None C)
Got: 130°C (130.0 Celsius)
Original text: (4,4‘-(C5H4N)2(CH2)3)Zn3(HPO3)4, 1. Zinc acetate dihydrate (220 mg, 1.0 mmol), phosphorous acid (164 mg, 2.0 mmol), 4,4‘-(C5H4N)2(CH2)3 (300 mg, 1.5 mmol), and 6 mL of water were added to a heavy-wall...
2025-01-07 17:44:15,729 - 
Paragraph: XAJZOY_clean
Model: Phi 3 Mini 4k Instruct
Expected: None°C (None C)
Got: 200°C (200.0 Celsius)
Original text: AlPO-ERI was synthesized under hydrothermal conditions in the presence of TMHDA as template. Aluminum isopropoxide Al(OiPr)3 (98+%, Aldrich) and phosphoric acid (85 wt.% in water, Prolabo) were used a...
2025-01-07 17:44:15,729 - 
Paragraph: DEKPEP_clean
Model: Phi 3 Mini 4k Instruct
Expected: None°C (None C)
Got: 150°C (150.0 Celsius)
Original text: A sample of (C5H5NH)2[Ga4F2(O3PC2H4PO3)3] (II) was synthesized in a similar manner to compound I. Initially Ga2(SO4)3·18H2O (0.768 mmol) was dissolved in a solution of distilled water (111 mmol), pyri...
2025-01-07 17:44:15,730 - 
Paragraph: ECASAD_clean
Model: Phi 3 Mini 4k Instruct
Expected: None°C (None C)
Got: 160°C (160.0 Celsius)
Original text: All chemicals and solvents used in the syntheses were of reagent grade and used as purchased from Beijing without further purification. Compound 1 were prepared from a mixture of 5ZnO·2CO2·4H2O (0.567...
2025-01-07 17:44:17,018 - 
Paragraph: REKCUG_clean
Model: Phi 3 Mini 4k Instruct
Expected: None°C (None C)
Got: 160°C (160.0 Celsius)
Original text: The title compound was hydrothermally prepared from a mixture of ZnO, H3PO3, 3-dimethylamino-1-propylamine, and distilled water with a molar composition of 15:30:8:1110. Typically, 1.231 g H3PO3 was f...
2025-01-07 17:44:17,684 - 
Paragraph: PIHWOU_clean
Model: Phi 3 Mini 4k Instruct
Expected: None°C (None C)
Got: 160°C (160.0 Celsius)
Original text:   A mixture of Zn(CH3COO)2·2H2O (0.34 g), H3PO4 (0.26 mL), 3-(aminomethyl)pyridine (0.41 mL), methanol (4 mL) and H2O (1 mL) in the molar ratio of 1:3:2.6:65:36 was sealed in a Teflon-lined autoclave ...
2025-01-07 17:44:19,458 - 
Paragraph: BOWSOW_clean
Model: Phi 3 Mini 4k Instruct
Expected: None°C (None C)
Got: 80°C (80.0 Celsius)
Original text: Compound 1 was prepared hydrothermally from a mixture of V2O5/H3PO3/Bipy/H2O with a molar ratio of 1/16/1/531. Typically, 0.023 g V2O5, 0.2 mL H3PO3 and 0.025 g Bipy were dissolved in 0.1 mL NH3 · H2O...
2025-01-07 17:44:19,459 - 
Paragraph: KOMFUO_clean
Model: Phi 3 Mini 4k Instruct
Expected: 100°C (100.0 C)
Got: 200°C (200.0 C)
Original text: The mixture of btr (1.5 mmol, 0.54 g) and Cu(ClO4)2·6H2O (0.5 mmol, 0.173 g) was heated under reflux in 20 mL of H2O for 2 h and then the resulting solution was filtered. Blue single-crystals suitable...
2025-01-07 17:44:20,172 - 
Paragraph: ORERAG_clean
Model: Phi 3 Mini 4k Instruct
Expected: None°C (None C)
Got: 180°C (180.0 Celsius)
Original text: First, 0.710 g P2O5 was dissolved in 10 ml water contained in a 23 ml teflon pot (this reaction is very vigorous). Then, 0.443 g BeSO4·4H2O and 0.186 g 1,3-diaminopropane were added sequentially (star...
2025-01-07 17:44:20,172 - 
Paragraph: KIRTOW_clean
Model: Phi 3 Mini 4k Instruct
Expected: None°C (None C)
Got: 170°C (170.0 Celsius)
Original text: A mixture of Al2O3·3H2O (0.156 g), H3PO3 (0.164 g), terephthalic acid (0.166 g) and N,N-dimethylformamide (5.0 ml) was sealed in a Teflon-lined steel autoclave and heated at 170 °C for 5 days. After c...
2025-01-07 17:44:22,647 - 
Paragraph: CIMTEZ_charged
Model: Phi 3 Mini 4k Instruct
Expected: None°C (None C)
Got: 80°C (80.0 Celsius)
Original text: A mixture of NdCl3·6H2O (0.01 mmol), H3L (0.005 mmol), and K2CO3 (0.005 mmol) was placed in a small vial containing THF (1.0 mL), DMF (0.5 mL), and EtOH (0.5 mL). The vial was sealed, heated at 80 °C ...
2025-01-07 17:44:25,058 - 
Paragraph: WOQYUW_clean
Model: Phi 3 Mini 4k Instruct
Expected: None°C (None C)
Got: 170°C (170.0 Celsius)
Original text: The cobalt phosphate-oxalate, was synthesized under mild hydrothermal conditions starting from a gel containing piperazine as the structure-directing agent. In a typical synthesis, 0.487 g of cobalt c...
2025-01-07 17:44:25,058 - 
Paragraph: VAMQIJ_clean
Model: Phi 3 Mini 4k Instruct
Expected: None°C (None C)
Got: 120°C (120.0 Celsius)
Original text: Synthesis. (CN3H6)2·(VO2)3(PO4)(HPO4) was prepared from a mixture of 0.875 g of guanidinium carbonate [(C(NH2)3)2CO3], 2.240 g of 85% H3PO4, 0.883 g of V2O5, 1.245 g of Mg(NO3)2, and 7 mL of deionized...
2025-01-07 17:44:25,400 - 
Paragraph: VOXTUZ_clean
Model: Phi 3 Mini 4k Instruct
Expected: None°C (None C)
Got: 180°C (180.0 Celsius)
Original text:   A mixture of BeSO4·4H2O (0.089 g), H3PO4 (0.115 g, 85 wt%), 4,4′-bipyridine (0.078 g), and methanol (4.0 mL) was sealed in a Teflon-lined stainless steel autoclave and heated at 180 °C for 10 days. ...
2025-01-07 17:44:25,401 - 
Paragraph: TISKOW_clean
Model: Phi 3 Mini 4k Instruct
Expected: None°C (None C)
Got: 180°C (180.0 Celsius)
Original text: A mixture of Zn(OAc)2·2H2O (0.22 g, 1.0 mmol), trz (0.11 g, 1.5 mmol), KSCN (0.049 g, 0.50 mmol), and H2O (10 mL) was heated at 180 °C for 5 days under autogenous pressure. The mixture was cooled to r...
2025-01-07 17:44:25,401 - 
Paragraph: YIZJEY_clean
Model: Phi 3 Mini 4k Instruct
Expected: None°C (None C)
Got: 85°C (85.0 Celsius)
Original text: Three drops of aqueous H3PO3 (50 %) were added to a mixture of Zn(NO3)2⋅6 H2O (0.12 g, 0.40 mmol) and HL (0.05 g, 0.60 mmol) in DMF (5 mL) with stirring. The mixture was heated at 85 °C for 72 h and t...
2025-01-07 17:44:25,402 - 
Paragraph: HIJMEU_clean
Model: Phi 3 Mini 4k Instruct
Expected: None°C (None C)
Got: 180°C (180.0 Celsius)
Original text: The compound 1 was hydrothermally synthesized under autogenous pressure. A mixture of Mn(OAc)2 · 4H2O (0.1 g), Dy(OAc)3 · 10H2O (0.1 g), (NH4)6Mo7O24 · 4H2O (0.2 g), ethylenediamine (0. 3 ml), and wat...
2025-01-07 17:44:25,402 - 
Paragraph: AGIMOU_clean
Model: Phi 3 Mini 4k Instruct
Expected: None°C (None C)
Got: 170°C (170.0 Celsius)
Original text: A mixture containing Mn(NO3)2 (53.7 mg, 0.3 mmol), Hatz (25.5 mg, 0.3 mmol) and H2ip (16.6 mg. 0.1 mmol) was dissolved in mixed water–ethanol solution (10.0 mL, v:v = 1:1), and the initial pH value of...
2025-01-07 17:44:25,402 - 
Paragraph: BASSOF_clean
Model: Phi 3 Mini 4k Instruct
Expected: None°C (None C)
Got: 170°C (170.0 Celsius)
Original text:   A mixture of Ce(NO3)3·6H2O (0.2 mmol), AgNO3 (0.2 mmol), H3bidc (0.2 mmol), and water (10 mL) was sealed in a 23 mL Teflon reactor and was kept under autogenous pressure at 170 °C for 5 days, then c...
2025-01-07 17:44:28,163 - 
Paragraph: VOXVAH_clean
Model: Phi 3 Mini 4k Instruct
Expected: None°C (None C)
Got: 180°C (180.0 Celsius)
Original text:   A mixture of BeSO4·4H2O (0.177 g), H3PO4 (0.230 g, 85 wt%), 4,4′-bipyridine (0.156 g), and ethanol (8.0 mL) was sealed in a Teflon-lined stainless steel autoclave and heated at 180 °C for 9 days. Th...
2025-01-07 17:44:28,513 - 
Paragraph: UBIPAY_clean
Model: Phi 3 Mini 4k Instruct
Expected: None°C (None C)
Got: 80°C (80.0 Celsius)
Original text: Synthesis of [Mn2L2(H2O)2]⋅3 H2O (1): Ligand H2L (10 mg, 0.037 mmol) and MnCl2⋅4 H2O (20 mg, 0.10 mmol) were dissolved in a mixture of DMF (10 mL) and H2O (16 mL). After the resulting yellow solution ...
2025-01-07 17:44:29,514 - 
Paragraph: INIXOT_clean
Model: Phi 3 Mini 4k Instruct
Expected: None°C (None C)
Got: 170°C (170.0 °C)
Original text: Synthesis: The title compound was synthesized under mild hydrothermal conditions. MgCl2·6H2O (4.0662 g, 20 mmol) and B2O3 (2.7848 g, 40 mmol) were mixed in deionized water (40 mL) whilst stirring. H3P...
2025-01-07 17:44:29,841 - 
Paragraph: IRAYOQ_clean
Model: Phi 3 Mini 4k Instruct
Expected: None°C (None C)
Got: 170°C (170.0 Celsius)
Original text: V2O5 (0.09 g, 0.5 mmol) was added to deionized water (10 mL), resulting in a yellow turbid mixture. H3PO4 (1 mL) and ethanediamine (1.5 mL) were added to the mixture and it turned a light green color....
2025-01-07 17:44:29,842 - 
Paragraph: QIYBUX_clean
Model: Phi 3 Mini 4k Instruct
Expected: 25°C (25.0 C)
Got: 171°C (171.0 Celsius)
Original text: A methanol solution (2 mL) of L2 (27 mg, 0.12 mmol) was carefully layered onto an aqueous solution (2 mL) of AgPF6 (15 mg, 0.06 mmol). Colorless crystals of [Ag(L2)2](PF6)⋅CH3OH formed at the interfac...
2025-01-07 17:44:29,842 - 
Paragraph: BOWRAH_clean
Model: Phi 3 Mini 4k Instruct
Expected: None°C (None C)
Got: 170°C (443.0 K)
Original text: (C3H12N2)FeIII 6(H2O)4[B4P8O32(OH)8] was prepared under mild hydrothermal conditions at 443 K. A mixture of 0.811 g FeCl3·6H2O (Alfa, 99.8%), 1.484 g H3BO3 (Alfa, 99.9%), 0.822 g C3H10N2 (1,3-diaminop...
2025-01-07 17:44:30,480 - 
Paragraph: FIVYEP_clean
Model: Phi 3 Mini 4k Instruct
Expected: None°C (None C)
Got: 80°C (80.0 C)
Original text: † Preparation of [K2Mg2{U2(C2O4)7}·2H2O];9H2O: K4U(C2O4)4 was synthesized in situ from U(C2O4)2·6H2O (0.2 g, 0.4 mmol) and K2(C2O4)·H2O (0.15 g, 0.8 mmol) in H2O (12 mL) at 80 °C. To the hot green sol...
2025-01-07 17:44:31,170 - 
Paragraph: WECBAJ_clean
Model: Phi 3 Mini 4k Instruct
Expected: None°C (None C)
Got: 180°C (180.0 Celsius)
Original text: ‡ The synthesis of 1. Compound 1 was synthesized by solvo(hydro)thermal reaction of Zn(NO3)2(1 mmol), H3PO4 (6 mmol), 4,4′-bipyridine (6.4 mmol) in ethylene glycol (2 ml) and water (6 ml) mixed solven...
2025-01-07 17:44:33,492 - 
Paragraph: FIGFOR_clean
Model: Phi 3 Mini 4k Instruct
Expected: None°C (None C)
Got: 160°C (160.0 Celsius)
Original text: Hydrothermal reactions were carried out in home-made Teflon-lined stainless-steel autoclaves with 8 mL capacity. 1 was prepared from starting mixtures of approximate molar compositions ZnCl2:H3BO3:H3P...
2025-01-07 17:44:34,186 - 
Paragraph: AHAMAY_clean
Model: Phi 3 Mini 4k Instruct
Expected: None°C (None C)
Got: 160°C (160.0 °C)
Original text: [enH2]0.5Zn[(L)(H2O)]·H2O (1): A mixture of Zn(NO3)2·6H2O (0.30 g, 1.0 mmol), NaF (0.04g, 1.0 mmol), and H3L (0.5 mL, 2.0 mmol) in deionised water (10.0 mL), adjusted to pH ≈︁ 6 with ethylenediamine w...
2025-01-07 17:44:34,523 - 
Paragraph: YILJAG_clean
Model: Phi 3 Mini 4k Instruct
Expected: 130°C (130.0 C)
Got: 120°C (120.0 Celsius)
Original text: [Zn4O(bpz)2(abdc)]⋅guest (1⋅g, MAF‐X11). A mixture of H2abdc (0.068 g, 0.375 mmol), H2bpz (0.143 g, 0.75 mmol), Zn(NO3)2⋅6 H2O (0.446 g, 1.5 mmol), N,N‐dimethylformamide (30 mL), and EtOH (20 mL) was ...
2025-01-07 17:44:34,864 - 
Paragraph: EDOYOL_clean
Model: Phi 3 Mini 4k Instruct
Expected: None°C (None C)
Got: 180°C (180.0 Celsius)
Original text:   ZCP-THO was prepared by employing hydrothermal methods. Typically, ZnO (240 mg), 2CoCO3  ·3Co(OH)2·xH2O (600 mg), H3PO4 (85%, 0.6 ml) and 4 ml H2O were mixed together and stirred for about half an h...
2025-01-07 17:44:37,673 - 
Paragraph: WEVQOD01_clean
Model: Phi 3 Mini 4k Instruct
Expected: None°C (None C)
Got: 180°C (180.0 Celsius)
Original text: [Co(H2O)6][CoGd(oda)3]2⋅3 H2O (2‐Co): A mixture of Co(CH3COO)2⋅6 H2O (0.18 g, 0.75 mmol), H2oda (0.012 g, 0.75 mmol), and Gd2O3 (0.09 g, 0.25 mmol) was added to 15 mL of deionized water and the mixtur...
2025-01-07 17:44:37,674 - 
Paragraph: QOCBUH_clean
Model: Phi 3 Mini 4k Instruct
Expected: None°C (None C)
Got: 180°C (180.0 °C)
Original text: Hpy·Be3(OH)(HPO4)3 (2b): A mixture of BeSO4·4H2O (0.089 g), H3PO4 (0.144 g, 85 wt.‐%), pyridine (0.101 g), H2O (1.0 mL), and isopropyl alcohol (4.0 mL) was sealed in a 20 mL Teflon‐lined steel autocla...
2025-01-07 17:44:41,056 - 
Paragraph: GUGXOX_clean
Model: Phi 3 Mini 4k Instruct
Expected: None°C (None C)
Got: 160°C (160.0 Celsius)
Original text: Synthesis of [H2ampy][Be3(HPO4)4] (2): A mixture of BeSO4·4H2O (0.170g), H3PO4 (0.30 mL), 3‐(aminomethyl)pyridine (0.20 mL), methanol (4.40 mL), and H2O (0.60 mL) was sealed in a 25 mL Teflon‐lined au...
2025-01-07 17:44:45,016 - 
Paragraph: PEJMUO_clean
Model: Phi 3 Mini 4k Instruct
Expected: 105°C (105.0 C)
Got: 85°C (85.0 Celsius)
Original text: H3tzdc (0.017 g, 0.108 mmol), Cu(NO3)2·3H2O (0.024 g, 0.100 mmol), H2O (1 mL), CH3CN (1 mL), ETA (0.050 mL), and HNO3 (0.275 mL, 0.33 M in H2O) were added, respectively, to a 20 mL vial, which was sea...
2025-01-07 17:44:45,355 - 
Paragraph: QOBPEE_clean
Model: Phi 3 Mini 4k Instruct
Expected: None°C (None C)
Got: 180°C (180.0 °C)
Original text: Him·Be3(OH)(HPO4)3 (2a): A mixture of BeSO4·4H2O (0.089 g), H3PO4 (0.115 g, 85 wt.‐%), imidazole (0.034 g), water (0.9 mL), and ethylene glycol (4.0 mL) was sealed in a 20 mL Teflon‐lined steel autocl...
2025-01-07 17:44:45,356 - 
Paragraph: EXOFIH_clean
Model: Phi 3 Mini 4k Instruct
Expected: 105°C (105.0 C)
Got: 85°C (358.0 K)
Original text:   [H3O][In(btec)]·0.8H2O (1). The mixture of InCl3·4H2O (0.2 mmol, 0.059 g), H4btec (0.3 mmol, 0.076 g), DMA (3 mL) (DMA = N,N′-dimethyl acetamide), C2H5OH (2 mL), piperazine (0.1 mL, 0.9 mol L−1 in D...
