2025-01-07 17:42:50,001 - pcp: Could not find `cid` for [CoSO4⋅7 H2O]
2025-01-07 17:42:50,532 - pcp: Could not find `cid` for [N,N‐dimethylacetam]
2025-01-07 17:42:50,873 - pcp: Could not find `cid` for [H8TBCB]
2025-01-07 17:42:51,331 - pcp: Could not find `cid` for [DEA and ethanol]
2025-01-07 17:42:51,654 - pcp: Could not find `cid` for [DMF/H2O]
2025-01-07 17:42:52,005 - pcp: Could not find `cid` for [H4TADIP]
2025-01-07 17:42:52,343 - pcp: Could not find `cid` for [H3IDC]
2025-01-07 17:42:52,664 - pcp: Could not find `cid` for [EtOH/H2O]
2025-01-07 17:42:53,005 - pcp: Could not find `cid` for [DMF and water]
2025-01-07 17:42:53,327 - pcp: Could not find `cid` for [H3L1]
2025-01-07 17:42:53,687 - pcp: Could not find `cid` for [TMBDI]
2025-01-07 17:42:54,036 - pcp: Could not find `cid` for [sulfonyl]-1H-Im]
2025-01-07 17:42:54,428 - pcp: Could not find `cid` for [DMF/H2O/C2H]
2025-01-07 17:42:54,748 - pcp: Could not find `cid` for [Co(NO3)2·6H2]
2025-01-07 17:42:55,474 - pcp: Could not find `cid` for [Sodium 5-sulfoisoph]
2025-01-07 17:42:55,830 - pcp: Could not find `cid` for [La(NO3)3·6H2]
2025-01-07 17:42:56,184 - pcp: Could not find `cid` for [5-methylpyrazine-2]
2025-01-07 17:42:56,537 - pcp: Could not find `cid` for [CuI]
2025-01-07 17:42:56,873 - pcp: Could not find `cid` for [Cu(NO3)2⋅2.]
2025-01-07 17:42:57,187 - pcp: Could not find `cid` for [dmf/H2O]
2025-01-07 17:42:57,511 - pcp: Could not find `cid` for [Cd(NO3)2·4H]
2025-01-07 17:42:58,223 - pcp: Could not find `cid` for [1·3DMF]
2025-01-07 17:42:58,561 - pcp: Could not find `cid` for [NaAc·2H2O]
2025-01-07 17:42:58,885 - pcp: Could not find `cid` for [1,9‐diaminononane]
2025-01-07 17:42:59,907 - pcp: Could not find `cid` for [Cu(NO3)2·3H]
2025-01-07 17:43:00,226 - pcp: Could not find `cid` for [EtOH and H2O]
2025-01-07 17:43:00,584 - pcp: Could not find `cid` for [Zn(NO3)2·6H]
2025-01-07 17:43:00,922 - pcp: Could not find `cid` for [N,N′-dimethylacet]
2025-01-07 17:43:01,260 - pcp: Could not find `cid` for [Zn(Ac)2·6H2]
2025-01-07 17:43:01,580 - pcp: Could not find `cid` for [DMF and ethanol]
2025-01-07 17:43:01,903 - pcp: Could not find `cid` for [DMF/1,4-diox]
2025-01-07 17:43:02,236 - pcp: Could not find `cid` for [Zn(Ac)2·2H2]
2025-01-07 17:43:02,626 - pcp: Could not find `cid` for [EuCl3·6H2O]
2025-01-07 17:43:02,963 - pcp: Could not find `cid` for [CuCl2·2H2O]
2025-01-07 17:43:03,301 - pcp: Could not find `cid` for [H4LV]
2025-01-07 17:43:03,618 - pcp: Could not find `cid` for [DMF and H2O]
2025-01-07 17:43:03,958 - pcp: Could not find `cid` for [CdCl2·2.5H2]
2025-01-07 17:43:04,297 - pcp: Could not find `cid` for [DMF and MeOH]
2025-01-07 17:43:04,690 - pcp: Could not find `cid` for [FeTCP-Cl]
2025-01-07 17:43:05,597 - pcp: Could not find `cid` for [1,3,5-triazine-2]
2025-01-07 17:43:06,448 - pcp: Could not find `cid` for [DMF/ethanol]
2025-01-07 17:43:06,771 - pcp: Could not find `cid` for [1,4-dioxane/H]
2025-01-07 17:43:07,153 - pcp: Could not find `cid` for [5-NH2-bdc]
2025-01-07 17:43:07,469 - pcp: Could not find `cid` for [N,N-dimethylacetam]
2025-01-07 17:43:07,841 - pcp: Could not find `cid` for [H2dnpdc]
2025-01-07 17:43:08,308 - pcp: Could not find `cid` for [millipore water]
2025-01-07 17:43:08,737 - pcp: Could not find `cid` for [Mg(NO3)2·6H]
2025-01-07 17:43:09,086 - pcp: Could not find `cid` for [H2O and EtOH]
2025-01-07 17:43:09,734 - pcp: Could not find `cid` for [water and ethanol]
2025-01-07 17:43:10,157 - pcp: Could not find `cid` for [aqueous solution]
2025-01-07 17:43:10,733 - pcp: Could not find `cid` for [H3L]
2025-01-07 17:43:11,081 - pcp: Could not find `cid` for [MnCl2·4H2O]
2025-01-07 17:43:11,801 - pcp: Could not find `cid` for [DMF/NMP]
2025-01-07 17:43:12,776 - pcp: Could not find `cid` for [Cu(NO3)2·6H]
2025-01-07 17:43:13,107 - pcp: Could not find `cid` for [Co(Ac)2·4H2O]
2025-01-07 17:43:13,442 - pcp: Could not find `cid` for [NH4VO3]
2025-01-07 17:43:13,762 - pcp: Could not find `cid` for [ImhedpH4]
2025-01-07 17:43:14,103 - pcp: Could not find `cid` for [Cu(HIm)4](NO3]
2025-01-07 17:43:14,432 - pcp: Could not find `cid` for [DMF/water/MeOH]
2025-01-07 17:43:14,773 - pcp: Could not find `cid` for [2,2′-bipyridine]
2025-01-07 17:43:15,130 - pcp: Could not find `cid` for [tetracarboxylic dianhyd]
2025-01-07 17:43:15,784 - pcp: Could not find `cid` for [distilled H2O]
2025-01-07 17:43:16,135 - pcp: Could not find `cid` for [AcOH in DMF]
2025-01-07 17:43:16,536 - pcp: Could not find `cid` for [H4L]
2025-01-07 17:43:16,858 - pcp: Could not find `cid` for [H4tpta]
2025-01-07 17:43:17,545 - pcp: Could not find `cid` for [CuNO3·2.5H2]
2025-01-07 17:43:17,883 - pcp: Could not find `cid` for [DMF/MeCN/H2O]
2025-01-07 17:43:18,334 - pcp: Could not find `cid` for [bpt]
2025-01-07 17:43:18,672 - pcp: Could not find `cid` for [HFP]
2025-01-07 17:43:19,155 - pcp: Could not find `cid` for [DMF/CH3CN]
2025-01-07 17:43:19,494 - pcp: Could not find `cid` for [Mn(III)Cl-ttzpp]
2025-01-07 17:43:19,832 - pcp: Could not find `cid` for [N,N′-diethylformam]
2025-01-07 17:43:20,489 - pcp: Could not find `cid` for [DMF, EtOH, py]
2025-01-07 17:43:20,807 - pcp: Could not find `cid` for [H2nip]
2025-01-07 17:43:21,137 - pcp: Could not find `cid` for [L3-H8]
2025-01-07 17:43:21,783 - pcp: Could not find `cid` for [DMF/methanol/H2]
2025-01-07 17:43:22,462 - pcp: Could not find `cid` for [DMF/dioxane/H2]
2025-01-07 17:43:22,826 - pcp: Could not find `cid` for [DMF/acetonitrile]
2025-01-07 17:43:23,161 - pcp: Could not find `cid` for [water–ethanol]
2025-01-07 17:43:23,500 - pcp: Could not find `cid` for [DMF, acetonitrile and H2]
2025-01-07 17:43:24,217 - pcp: Could not find `cid` for [H2bdc]
2025-01-07 17:43:24,540 - pcp: Could not find `cid` for [H5DDCBA]
2025-01-07 17:43:24,937 - pcp: Could not find `cid` for [Et4NOH]
2025-01-07 17:43:25,277 - pcp: Could not find `cid` for [terphthalic acid]
2025-01-07 17:43:25,628 - pcp: Could not find `cid` for [H3tci]
2025-01-07 17:43:26,314 - pcp: Could not find `cid` for [MnSO4·H2O]
2025-01-07 17:43:26,652 - pcp: Could not find `cid` for [N,N\u2013dim]
2025-01-07 17:43:26,971 - pcp: Could not find `cid` for [DMF/NMP/pyridine]
2025-01-07 17:43:27,313 - pcp: Could not find `cid` for [H22TDC]
2025-01-07 17:43:27,655 - pcp: Could not find `cid` for [H2L]
2025-01-07 17:43:27,977 - pcp: Could not find `cid` for [N,N‐dimethylformamide]
2025-01-07 17:43:28,314 - pcp: Could not find `cid` for [In(NO3)3⋅2 H2]
2025-01-07 17:43:28,646 - pcp: Could not find `cid` for [Gd2O3]
2025-01-07 17:43:28,971 - pcp: Could not find `cid` for [pivalic acid and water]
2025-01-07 17:43:29,678 - pcp: Could not find `cid` for [H3BTC]
2025-01-07 17:43:30,026 - pcp: Could not find `cid` for [DEF/EtOH/H2O]
2025-01-07 17:43:30,373 - pcp: Could not find `cid` for [H3TBOT]
2025-01-07 17:43:31,041 - pcp: Could not find `cid` for [DMF and EtOH]
2025-01-07 17:43:31,400 - pcp: Could not find `cid` for [N,N\u2010dim]
2025-01-07 17:43:31,850 - pcp: Could not find `cid` for [BBTZ]
2025-01-07 17:43:32,177 - pcp: Could not find `cid` for [MnCl2·(H2O)]
2025-01-07 17:43:32,501 - pcp: Could not find `cid` for [DMF/glycol/H2O]
2025-01-07 17:43:32,828 - pcp: Could not find `cid` for [MnCl2·H2O]
2025-01-07 17:43:33,195 - pcp: Could not find `cid` for [Sm(NO3)3·6H2]
2025-01-07 17:43:33,530 - pcp: Could not find `cid` for [H2pdc]
2025-01-07 17:43:33,863 - pcp: Could not find `cid` for [aqueous mixture]
2025-01-07 17:43:34,205 - pcp: Could not find `cid` for [Tb4O7]
2025-01-07 17:43:34,548 - pcp: Could not find `cid` for [distilled water and ethanol]
2025-01-07 17:43:34,877 - pcp: Could not find `cid` for [water-ethanol (1:4)]
2025-01-07 17:43:36,556 - pcp: Could not find `cid` for [DMF, methanol, water]
2025-01-07 17:43:36,904 - pcp: Could not find `cid` for [H2O/glycol (14:]
2025-01-07 17:43:37,236 - pcp: Could not find `cid` for [H4PANAD]
2025-01-07 17:43:37,568 - pcp: Could not find `cid` for [CuSO4·5H2O]
2025-01-07 17:43:37,919 - pcp: Could not find `cid` for [Ni(CH3COO)2·]
2025-01-07 17:43:38,246 - pcp: Could not find `cid` for [aqueous NaOH solution]
2025-01-07 17:43:38,745 - pcp: Could not find `cid` for [H4TSTC]
2025-01-07 17:43:39,076 - pcp: Could not find `cid` for [concentrated sulfuric acid]
2025-01-07 17:43:39,420 - pcp: Could not find `cid` for [K4pztc]
2025-01-07 17:43:39,756 - pcp: Could not find `cid` for [CoCl2⋅6 H2O]
2025-01-07 17:43:40,089 - pcp: Could not find `cid` for [H8TIAPy]
2025-01-07 17:43:40,421 - pcp: Could not find `cid` for [Cd2C40H74N]
2025-01-07 17:43:40,817 - pcp: Could not find `cid` for [DMF, H2O, MeOH]
2025-01-07 17:43:41,282 - pcp: Could not find `cid` for [DEF/MeOH]
2025-01-07 17:43:41,614 - pcp: Could not find `cid` for [1-methyl-2-pyr]
2025-01-07 17:43:42,072 - pcp: Could not find `cid` for [DMF/CH3CH2OH/H]
2025-01-07 17:43:42,602 - pcp: Could not find `cid` for [NaH2SIP]
2025-01-07 17:43:43,147 - pcp: Could not find `cid` for [bpz]
2025-01-07 17:43:43,557 - pcp: Could not find `cid` for [CoCl2·6H2O]
2025-01-07 17:43:43,942 - pcp: Could not find `cid` for [Ce(NO3)2·6H]
2025-01-07 17:43:44,263 - pcp: Could not find `cid` for [H2O/ethanol]
2025-01-07 17:43:44,578 - pcp: Could not find `cid` for [DMF/MeOH]
2025-01-07 17:43:44,905 - pcp: Could not find `cid` for [ZnCl2]
2025-01-07 17:43:45,273 - pcp: Could not find `cid` for [m-H4TCPB]
2025-01-07 17:43:45,932 - pcp: Could not find `cid` for [DMF, CH3CN, H2O]
2025-01-07 17:43:46,888 - pcp: Could not find `cid` for [btrb]
2025-01-07 17:43:47,250 - pcp: Could not find `cid` for [ethanol/H2O]
2025-01-07 17:43:47,592 - pcp: Could not find `cid` for [DMF/cyclohexanol/H]
2025-01-07 17:43:47,916 - pcp: Could not find `cid` for [DMF, EtOH, H2O]
2025-01-07 17:43:48,273 - pcp: Could not find `cid` for [4-abpt]
2025-01-07 17:43:48,591 - pcp: Could not find `cid` for [Co(OAc)2⋅4 H2]
2025-01-07 17:43:48,928 - pcp: Could not find `cid` for [NUPF-3]
2025-01-07 17:43:49,246 - pcp: Could not find `cid` for [DMF/DMSO]
2025-01-07 17:43:49,891 - pcp: Could not find `cid` for [Teflon inlet]
2025-01-07 17:43:50,218 - pcp: Could not find `cid` for [Th(NO3)4·6H2]
2025-01-07 17:43:50,556 - pcp: Could not find `cid` for [Cu(NO3)2⋅3H]
2025-01-07 17:43:50,910 - pcp: Could not find `cid` for [Ni(HCOO)2⋅2]
2025-01-07 17:43:51,272 - pcp: Could not find `cid` for [Cd(NO3)2 · 4]
2025-01-07 17:43:51,611 - pcp: Could not find `cid` for [DMF/MeOH/H2O]
2025-01-07 17:43:52,016 - pcp: Could not find `cid` for [P-4mo-BDCME]
2025-01-07 17:43:52,337 - pcp: Could not find `cid` for [DMF, EtOH, pyridine]
2025-01-07 17:43:53,135 - pcp: Could not find `cid` for [H2NDC]
2025-01-07 17:43:53,521 - pcp: Could not find `cid` for [mixed methanol-water solution]
2025-01-07 17:43:53,853 - pcp: Could not find `cid` for [DMF/H2O (10:]
2025-01-07 17:43:54,188 - pcp: Could not find `cid` for [Cu(NO3)2·2.]
2025-01-07 17:43:54,512 - pcp: Could not find `cid` for [DMF, methanol, and H]
2025-01-07 17:43:54,841 - pcp: Could not find `cid` for [Ni(NO3)2·6 H]
2025-01-07 17:43:55,163 - pcp: Could not find `cid` for [K2C2O4\u00]
2025-01-07 17:43:55,890 - pcp: Could not find `cid` for [CH3CH2OH/CH3OH]
2025-01-07 17:43:56,574 - pcp: Could not find `cid` for [cis- and trans-1,4-cyc]
2025-01-07 17:43:56,926 - pcp: Could not find `cid` for [L1‐H4]
2025-01-07 17:43:57,241 - pcp: Could not find `cid` for [def/H2O]
2025-01-07 17:43:57,556 - pcp: Could not find `cid` for [H4L4]
2025-01-07 17:43:57,904 - pcp: Could not find `cid` for [H2NH2BDC]
2025-01-07 17:43:58,562 - pcp: Could not find `cid` for [dimethylformamide, tetrah]
2025-01-07 17:43:58,897 - pcp: Could not find `cid` for [Ni(NO3)2⋅7 H]
2025-01-07 17:43:59,579 - pcp: Could not find `cid` for [H4LIV]
2025-01-07 17:44:00,296 - pcp: Could not find `cid` for [phenyl)pyridine]
2025-01-07 17:44:00,675 - pcp: Could not find `cid` for [N,N'-dimethylformamide]
2025-01-07 17:44:01,015 - pcp: Could not find `cid` for [Co(NO3)2·3H2]
2025-01-07 17:44:01,360 - pcp: Could not find `cid` for [H4BPTC]
2025-01-07 17:44:01,718 - pcp: Could not find `cid` for [Sm(NO3)3⋅6 H2]
2025-01-07 17:44:02,135 - pcp: Could not find `cid` for [sodium acetate buffer]
2025-01-07 17:44:02,468 - pcp: Could not find `cid` for [1,2,4,5-benz]
2025-01-07 17:44:02,819 - pcp: Could not find `cid` for [formic acid solution]
2025-01-07 17:44:03,161 - pcp: Could not find `cid` for [Cu(NO3)2·(H]
2025-01-07 17:44:03,479 - pcp: Could not find `cid` for [DMF/ethanol/H2O]
2025-01-07 17:44:03,802 - pcp: Could not find `cid` for [DMF/EtOH/Py]
2025-01-07 17:44:04,135 - pcp: Could not find `cid` for [DMF, EtOH, water]
2025-01-07 17:44:04,482 - pcp: Could not find `cid` for [L1-H8]
2025-01-07 17:44:04,817 - pcp: Could not find `cid` for [bimb]
2025-01-07 17:44:05,154 - pcp: Could not find `cid` for [H4BDDC]
2025-01-07 17:44:05,495 - pcp: Could not find `cid` for [H3TCA]
2025-01-07 17:44:05,866 - pcp: Could not find `cid` for [m-H2BDC]
2025-01-07 17:44:06,232 - pcp: Could not find `cid` for [p-BrPhH3IDC]
2025-01-07 17:44:06,573 - pcp: Could not find `cid` for [CH3CN/H2O]
2025-01-07 17:44:06,909 - pcp: Could not find `cid` for [DMF/EtOH/H2O]
2025-01-07 17:44:07,270 - pcp: Could not find `cid` for [DMF, methanol and H2]
2025-01-07 17:44:08,296 - pcp: Could not find `cid` for [H4BCBAIP]
2025-01-07 17:44:08,617 - pcp: Could not find `cid` for [CuCl2·2 H2O]
2025-01-07 17:44:08,935 - pcp: Could not find `cid` for [H2O and DMF]
2025-01-07 17:44:09,312 - pcp: Could not find `cid` for [N,N\u2019-]
2025-01-07 17:44:09,649 - pcp: Could not find `cid` for [KI]
2025-01-07 17:44:09,971 - pcp: Could not find `cid` for [DMF and formic acid]
2025-01-07 17:44:10,311 - pcp: Could not find `cid` for [N, N-dimethylacetam]
2025-01-07 17:44:10,642 - pcp: Could not find `cid` for [N,N‘-dimethylformam]
2025-01-07 17:44:10,978 - pcp: Could not find `cid` for [DEF/EG/Toluene]
2025-01-07 17:44:11,316 - pcp: Could not find `cid` for [N,N′-dimethylformam]
2025-01-07 17:44:11,650 - pcp: Could not find `cid` for [isopropylidene)diphth]
2025-01-07 17:44:11,972 - pcp: Could not find `cid` for [DMF, ethanol, H2O]
2025-01-07 17:44:12,327 - pcp: Could not find `cid` for [Zn(CH3COO)2·]
2025-01-07 17:44:12,664 - pcp: Could not find `cid` for [DBIBN]
2025-01-07 17:44:13,024 - pcp: Could not find `cid` for [pyridine-2,5-dicar]
2025-01-07 17:44:13,348 - pcp: Could not find `cid` for [H4abtc]
2025-01-07 17:44:13,684 - pcp: Could not find `cid` for [Co(ClO4)2·6H]
2025-01-07 17:44:14,022 - pcp: Could not find `cid` for [NJU-Bai 19]
2025-01-07 17:44:14,378 - pcp: Could not find `cid` for [DIPA]
2025-01-07 17:44:14,705 - pcp: Could not find `cid` for [La(NO)3·6H2O]
2025-01-07 17:44:15,049 - pcp: Could not find `cid` for [benzene and CHCl3]
2025-01-07 17:44:15,371 - pcp: Could not find `cid` for [NH3·H2O]
2025-01-07 17:44:15,727 - pcp: Could not find `cid` for [KH2TDA]
2025-01-07 17:44:16,107 - pcp: Could not find `cid` for [CoCl2·2H2O]
2025-01-07 17:44:16,446 - pcp: Could not find `cid` for [Ba(NO3)2]
2025-01-07 17:44:17,017 - pcp: Could not find `cid` for [DMF, ethanol, water]
2025-01-07 17:44:17,348 - pcp: Could not find `cid` for [Dy2O3]
2025-01-07 17:44:17,683 - pcp: Could not find `cid` for [H4bta]
2025-01-07 17:44:18,016 - pcp: Could not find `cid` for [NMP/dioxane/H2]
2025-01-07 17:44:18,453 - pcp: Could not find `cid` for [NiSO4·6H2O]
2025-01-07 17:44:19,136 - pcp: Could not find `cid` for [n-C4H10OH and water]
2025-01-07 17:44:19,458 - pcp: Could not find `cid` for [H4L·H2O]
2025-01-07 17:44:19,820 - pcp: Could not find `cid` for [ZJU-31]
2025-01-07 17:44:20,514 - pcp: Could not find `cid` for [DMF, EtOH, MeCN, H]
2025-01-07 17:44:20,838 - pcp: Could not find `cid` for [water/ethanol (6:1,]
2025-01-07 17:44:21,174 - pcp: Could not find `cid` for [DMF/MeCN]
2025-01-07 17:44:21,504 - pcp: Could not find `cid` for [DMF and CH3CN]
2025-01-07 17:44:21,868 - pcp: Could not find `cid` for [2-hydroxy terephthal]
2025-01-07 17:44:22,647 - pcp: Could not find `cid` for [Ni(NO3)2·6H]
2025-01-07 17:44:22,985 - pcp: Could not find `cid` for [MeCN and MeOH]
2025-01-07 17:44:23,380 - pcp: Could not find `cid` for [CdC20H34N1]
2025-01-07 17:44:23,716 - pcp: Could not find `cid` for [Co(CH3COO)2·4]
2025-01-07 17:44:24,041 - pcp: Could not find `cid` for [DMF, DMSO, water]
2025-01-07 17:44:24,716 - pcp: Could not find `cid` for [DMF/CH3OH/H2O]
2025-01-07 17:44:25,400 - pcp: Could not find `cid` for [H3cpip]
2025-01-07 17:44:25,749 - pcp: Could not find `cid` for [DMF\u2013C2]
2025-01-07 17:44:26,070 - pcp: Could not find `cid` for [Co(OAC)2·4H2]
2025-01-07 17:44:26,404 - pcp: Could not find `cid` for [NaOH aqueous solution]
2025-01-07 17:44:26,925 - pcp: Could not find `cid` for [H2fum]
2025-01-07 17:44:27,289 - pcp: Could not find `cid` for [InCl3·4H2O]
2025-01-07 17:44:27,808 - pcp: Could not find `cid` for [H2bpa]
2025-01-07 17:44:28,513 - pcp: Could not find `cid` for [NiCl2·6H2O]
2025-01-07 17:44:28,861 - pcp: Could not find `cid` for [L-H8]
2025-01-07 17:44:29,195 - pcp: Could not find `cid` for [H2O, DMF, dioxane]
2025-01-07 17:44:29,514 - pcp: Could not find `cid` for [DMF/methanol]
2025-01-07 17:44:29,841 - pcp: Could not find `cid` for [methanol/water]
2025-01-07 17:44:30,166 - pcp: Could not find `cid` for [Co(OAc)2·4H2]
2025-01-07 17:44:30,480 - pcp: Could not find `cid` for [H2O/CH3OH]
2025-01-07 17:44:30,821 - pcp: Could not find `cid` for [water/methanol mixture]
2025-01-07 17:44:31,519 - pcp: Could not find `cid` for [Cu(CH3COO)2·]
2025-01-07 17:44:32,174 - pcp: Could not find `cid` for [DMF/MeOH/H2O/]
2025-01-07 17:44:32,499 - pcp: Could not find `cid` for [H2O/MeCN]
2025-01-07 17:44:33,175 - pcp: Could not find `cid` for [Pr6O11]
2025-01-07 17:44:33,492 - pcp: Could not find `cid` for [HNO3 and H2O]
2025-01-07 17:44:33,810 - pcp: Could not find `cid` for [H2mbdc]
2025-01-07 17:44:34,185 - pcp: Could not find `cid` for [H4adtp]
2025-01-07 17:44:34,523 - pcp: Could not find `cid` for [H2FDC]
2025-01-07 17:44:34,863 - pcp: Could not find `cid` for [Hpnta]
2025-01-07 17:44:35,241 - pcp: Could not find `cid` for [1,4‐benzenedicarboxy]
2025-01-07 17:44:35,612 - pcp: Could not find `cid` for [p-cbiaH3]
2025-01-07 17:44:36,295 - pcp: Could not find `cid` for [N,N‐diethylformamide]
2025-01-07 17:44:36,645 - pcp: Could not find `cid` for [In(NO3)3·4H2]
2025-01-07 17:44:36,981 - pcp: Could not find `cid` for [H2BDC]
2025-01-07 17:44:37,337 - pcp: Could not find `cid` for [Eu(NO3)3·nH]
2025-01-07 17:44:38,027 - pcp: Could not find `cid` for [CdCl2·2H2O]
2025-01-07 17:44:38,361 - pcp: Could not find `cid` for [H2O and N,N-dimeth]
2025-01-07 17:44:38,713 - pcp: Could not find `cid` for [H4DBIP]
2025-01-07 17:44:39,057 - pcp: Could not find `cid` for [H2pda]
2025-01-07 17:44:39,378 - pcp: Could not find `cid` for [2,5-dihydroxytereph]
2025-01-07 17:44:39,737 - pcp: Could not find `cid` for [H6LMe]
2025-01-07 17:44:40,705 - pcp: Could not find `cid` for [DMSO and H2O]
2025-01-07 17:44:41,056 - pcp: Could not find `cid` for [Mg(CO2CH3)2·]
2025-01-07 17:44:41,373 - pcp: Could not find `cid` for [H2muco]
2025-01-07 17:44:41,708 - pcp: Could not find `cid` for [H4TCPP]
2025-01-07 17:44:42,245 - pcp: Could not find `cid` for [Cu(NO3)2⋅3 H]
2025-01-07 17:44:42,923 - pcp: Could not find `cid` for [Eu(NO3)3·3H]
2025-01-07 17:44:43,585 - pcp: Could not find `cid` for [DMF/C2H5OH/H]
2025-01-07 17:44:43,999 - pcp: Could not find `cid` for [Gd(NO3)3]
2025-01-07 17:44:44,341 - pcp: Could not find `cid` for [C23H11.6Zn]
2025-01-07 17:44:44,684 - pcp: Could not find `cid` for [H3TZI]
2025-01-07 17:44:45,355 - pcp: Could not find `cid` for [H3tzdc]
