2025-01-02 20:09:58,305 - pcp: Could not find `cid` for [DMF:MeOH]
2025-01-02 20:09:58,642 - pcp: Could not find `cid` for [DMF, dioxane, H2O]
2025-01-02 20:09:58,956 - pcp: Could not find `cid` for [DEA]
2025-01-02 20:09:59,294 - pcp: Could not find `cid` for [Cd(NO3)2·4H2O]
2025-01-02 20:09:59,610 - pcp: Could not find `cid` for [DMF/H2O (1:3)]
2025-01-02 20:09:59,932 - pcp: Could not find `cid` for [Tb(NO3)3\u00b66]
2025-01-02 20:10:00,254 - pcp: Could not find `cid` for [EtOH/H2O (1:1)]
2025-01-02 20:10:00,571 - pcp: Could not find `cid` for [DMF and water]
2025-01-02 20:10:00,895 - pcp: Could not find `cid` for [DMF/EtOH]
2025-01-02 20:10:01,238 - pcp: Could not find `cid` for [H2O and MeCN]
2025-01-02 20:10:01,587 - pcp: Could not find `cid` for [DMF/H2O/C2H5OH]
2025-01-02 20:10:02,434 - pcp: Could not find `cid` for [H3TTCA]
2025-01-02 20:10:02,781 - pcp: Could not find `cid` for [H4btadpa]
2025-01-02 20:10:03,114 - pcp: Could not find `cid` for [dmf/H2O]
2025-01-02 20:10:03,433 - pcp: Could not find `cid` for [LiOH·H2O]
2025-01-02 20:10:03,750 - pcp: Could not find `cid` for [water and glycol]
2025-01-02 20:10:04,411 - pcp: Could not find `cid` for [HNO3 in EtOH]
2025-01-02 20:10:04,737 - pcp: Could not find `cid` for [Ba(NO3)2, La(NO3)]
2025-01-02 20:10:05,079 - pcp: Could not find `cid` for [H2O, DMF]
2025-01-02 20:10:05,401 - pcp: Could not find `cid` for [H2O, isopropyl alcohol]
2025-01-02 20:10:06,062 - pcp: Could not find `cid` for [CH3OH, DMF]
2025-01-02 20:10:07,404 - pcp: Could not find `cid` for [DMF/water]
2025-01-02 20:10:07,744 - pcp: Could not find `cid` for [H4BDPO (10.4 mg,]
2025-01-02 20:10:08,077 - pcp: Could not find `cid` for [DMF (2 mL), ethanol (1.]
2025-01-02 20:10:08,418 - pcp: Could not find `cid` for [DMF, H2O]
2025-01-02 20:10:08,767 - pcp: Could not find `cid` for [acetonitrile, water]
2025-01-02 20:10:09,094 - pcp: Could not find `cid` for [EtOH/H2O]
2025-01-02 20:10:09,443 - pcp: Could not find `cid` for [N,N\u2032-dimethylacetamide]
2025-01-02 20:10:09,766 - pcp: Could not find `cid` for [DMF/H2O]
2025-01-02 20:10:10,103 - pcp: Could not find `cid` for [DMF and ethanol]
2025-01-02 20:10:10,462 - pcp: Could not find `cid` for [DMF/1,4-dioxane]
2025-01-02 20:10:10,817 - pcp: Could not find `cid` for [1,4-naphthalenedicarbox]
2025-01-02 20:10:11,154 - pcp: Could not find `cid` for [50% (CH3)4NOH solution]
2025-01-02 20:10:11,495 - pcp: Could not find `cid` for [DMF/EtOH/H2O]
2025-01-02 20:10:11,854 - pcp: Could not find `cid` for [6 M HCl]
2025-01-02 20:10:12,179 - pcp: Could not find `cid` for [DMF (7.0 mL) and H]
2025-01-02 20:10:12,855 - pcp: Could not find `cid` for [10 mL]
2025-01-02 20:10:13,169 - pcp: Could not find `cid` for [HfOCl2·8H2O]
2025-01-02 20:10:13,482 - pcp: Could not find `cid` for [N,N-diethylformamide (DEF)]
2025-01-02 20:10:13,841 - pcp: Could not find `cid` for [1,3,5-triazine-2]
2025-01-02 20:10:14,171 - pcp: Could not find `cid` for [DMF/ethanol (1/4,]
2025-01-02 20:10:14,501 - pcp: Could not find `cid` for [1,4-dioxane/H2O (]
2025-01-02 20:10:14,831 - pcp: Could not find `cid` for [DMF/H2O (3:1,]
2025-01-02 20:10:15,170 - pcp: Could not find `cid` for [N,N-dimethylacetamide and methanol]
2025-01-02 20:10:15,495 - pcp: Could not find `cid` for [H2dnpdc]
2025-01-02 20:10:15,812 - pcp: Could not find `cid` for [millipore water]
2025-01-02 20:10:16,145 - pcp: Could not find `cid` for [CH3OH/H2O]
2025-01-02 20:10:16,465 - pcp: Could not find `cid` for [DMF, NMP]
2025-01-02 20:10:17,135 - pcp: Could not find `cid` for [H2O/EtOH]
2025-01-02 20:10:17,454 - pcp: Could not find `cid` for [DMF/H2O (4:2 vol]
2025-01-02 20:10:17,799 - pcp: Could not find `cid` for [water and ethanol]
2025-01-02 20:10:18,117 - pcp: Could not find `cid` for [H2O/DMF]
2025-01-02 20:10:18,729 - pcp: Could not find `cid` for [EtOH, DMF]
2025-01-02 20:10:19,236 - pcp: Could not find `cid` for [DMF/NMP]
2025-01-02 20:10:19,587 - pcp: Could not find `cid` for [H5bpbc]
2025-01-02 20:10:19,932 - pcp: Could not find `cid` for [DMF (2 mL) and MeOH (]
2025-01-02 20:10:20,266 - pcp: Could not find `cid` for [ImhedpH4]
2025-01-02 20:10:20,606 - pcp: Could not find `cid` for [Zn(OAc)2\u00b22]
2025-01-02 20:10:20,925 - pcp: Could not find `cid` for [DMF/water/MeOH (2/]
2025-01-02 20:10:21,585 - pcp: Could not find `cid` for [distilled H2O]
2025-01-02 20:10:21,908 - pcp: Could not find `cid` for [DMF, H2O, ethanol]
2025-01-02 20:10:22,249 - pcp: Could not find `cid` for [NH3·H2O]
2025-01-02 20:10:22,610 - pcp: Could not find `cid` for [DMF and H2O]
2025-01-02 20:10:22,977 - pcp: Could not find `cid` for [DMF/MeCN/H2O]
2025-01-02 20:10:23,311 - pcp: Could not find `cid` for [CH3OH, CH3CN, deion]
2025-01-02 20:10:23,641 - pcp: Could not find `cid` for [HFP]
2025-01-02 20:10:23,998 - pcp: Could not find `cid` for [DMF/CH3CN (8 mL;]
2025-01-02 20:10:24,315 - pcp: Could not find `cid` for [N,N\u2032-diethylformamide (]
2025-01-02 20:10:24,636 - pcp: Could not find `cid` for [DMF, EtOH]
2025-01-02 20:10:24,971 - pcp: Could not find `cid` for [DMF/H2O (10 mL,]
2025-01-02 20:10:25,291 - pcp: Could not find `cid` for [EtOH:H2O (v:v =]
2025-01-02 20:10:25,666 - pcp: Could not find `cid` for [Cu(ClO4)2·6H2]
2025-01-02 20:10:26,004 - pcp: Could not find `cid` for [DMF/H2O/2 M HCl]
2025-01-02 20:10:26,690 - pcp: Could not find `cid` for [4:2:0.5]
2025-01-02 20:10:27,013 - pcp: Could not find `cid` for [H2pydc]
2025-01-02 20:10:27,337 - pcp: Could not find `cid` for [Linker H43]
2025-01-02 20:10:27,656 - pcp: Could not find `cid` for [DMF/dioxane/H2O]
2025-01-02 20:10:27,976 - pcp: Could not find `cid` for [DMF/MeCN/H2O (1]
2025-01-02 20:10:28,300 - pcp: Could not find `cid` for [DMF, C2H5OH, H]
2025-01-02 20:10:28,619 - pcp: Could not find `cid` for [DMF/acetonitrile (3 mL,]
2025-01-02 20:10:28,942 - pcp: Could not find `cid` for [water-ethanol (2:1 v/v]
2025-01-02 20:10:29,291 - pcp: Could not find `cid` for [DMF, acetonitrile and H2]
2025-01-02 20:10:29,624 - pcp: Could not find `cid` for [DMF/H2O (6 mL,]
2025-01-02 20:10:30,260 - pcp: Could not find `cid` for [H4L2]
2025-01-02 20:10:30,578 - pcp: Could not find `cid` for [DMF, CH3OH]
2025-01-02 20:10:30,901 - pcp: Could not find `cid` for [H4BTC]
2025-01-02 20:10:31,223 - pcp: Could not find `cid` for [N,N-dimethylformamide (DMF]
2025-01-02 20:10:31,545 - pcp: Could not find `cid` for [DMF, CH3OH, H2O]
2025-01-02 20:10:31,911 - pcp: Could not find `cid` for [DMF/H2O/ethanol]
2025-01-02 20:10:32,236 - pcp: Could not find `cid` for [DMF (8 mL) and water (2]
2025-01-02 20:10:32,579 - pcp: Could not find `cid` for [Sr(NO3)2]
2025-01-02 20:10:32,906 - pcp: Could not find `cid` for [DMF/NMP/pyridine]
2025-01-02 20:10:33,249 - pcp: Could not find `cid` for [NH3\u00b7H2O]
2025-01-02 20:10:33,588 - pcp: Could not find `cid` for [H2O/1,4-dioxane]
2025-01-02 20:10:33,929 - pcp: Could not find `cid` for [NaOH aqueous solution]
2025-01-02 20:10:34,262 - pcp: Could not find `cid` for [obtz]
2025-01-02 20:10:34,583 - pcp: Could not find `cid` for [NaAc\u00b23H2O]
2025-01-02 20:10:35,240 - pcp: Could not find `cid` for [dmurea]
2025-01-02 20:10:35,575 - pcp: Could not find `cid` for [distilled water and DMF (1:1]
2025-01-02 20:10:35,926 - pcp: Could not find `cid` for [DMF/H2O (v/v =]
2025-01-02 20:10:36,242 - pcp: Could not find `cid` for [DEF/EtOH/H2O]
2025-01-02 20:10:36,564 - pcp: Could not find `cid` for [H3TBOT]
2025-01-02 20:10:36,901 - pcp: Could not find `cid` for [DMF:NMP:H2CO]
2025-01-02 20:10:37,243 - pcp: Could not find `cid` for [Cd(OAc)2\u22c72H]
2025-01-02 20:10:37,580 - pcp: Could not find `cid` for [N,N\\u2032-dimethylform]
2025-01-02 20:10:37,936 - pcp: Could not find `cid` for [MnCl2\u202f4H2]
2025-01-02 20:10:38,283 - pcp: Could not find `cid` for [concentrated nitric acid]
2025-01-02 20:10:38,634 - pcp: Could not find `cid` for [DMF and DMSO]
2025-01-02 20:10:38,981 - pcp: Could not find `cid` for [DMF/H2O (1/2,]
2025-01-02 20:10:39,325 - pcp: Could not find `cid` for [Cu(NO3)2\u00b66 H]
2025-01-02 20:10:39,640 - pcp: Could not find `cid` for [H4ABTC]
2025-01-02 20:10:39,981 - pcp: Could not find `cid` for [DMF/glycol/H2O (8]
2025-01-02 20:10:40,318 - pcp: Could not find `cid` for [H2pdc]
2025-01-02 20:10:40,655 - pcp: Could not find `cid` for [H3tci]
2025-01-02 20:10:41,343 - pcp: Could not find `cid` for [water-ethanol (1:4)]
2025-01-02 20:10:41,666 - pcp: Could not find `cid` for [NaH2sip]
2025-01-02 20:10:41,994 - pcp: Could not find `cid` for [DMF, 1,4-dioxane]
2025-01-02 20:10:42,337 - pcp: Could not find `cid` for [dilute sodium hydroxide]
2025-01-02 20:10:42,686 - pcp: Could not find `cid` for [Cu(NO3)2·2.5H]
2025-01-02 20:10:43,704 - pcp: Could not find `cid` for [isobutanol and methanol]
2025-01-02 20:10:44,040 - pcp: Could not find `cid` for [Cu(NO3)2·3H2O]
2025-01-02 20:10:44,366 - pcp: Could not find `cid` for [N,N\u2032-dimethylformamide]
2025-01-02 20:10:44,708 - pcp: Could not find `cid` for [H2O/glycol (14:1]
2025-01-02 20:10:45,054 - pcp: Could not find `cid` for [Cu(NO3)2\u20262.5]
2025-01-02 20:10:45,397 - pcp: Could not find `cid` for [H4PANAD]
2025-01-02 20:10:45,771 - pcp: Could not find `cid` for [H2O (1 mL), and aqueous]
2025-01-02 20:10:46,444 - pcp: Could not find `cid` for [H4bdfdpa]
2025-01-02 20:10:46,786 - pcp: Could not find `cid` for [Eu(NO3)3]
2025-01-02 20:10:47,123 - pcp: Could not find `cid` for [DMF:H2O:MeOH]
2025-01-02 20:10:47,510 - pcp: Could not find `cid` for [DEF/MeOH]
2025-01-02 20:10:47,826 - pcp: Could not find `cid` for [1-methyl-2-pyrrolidin]
2025-01-02 20:10:48,174 - pcp: Could not find `cid` for [DMF/CH3CH2OH/H2]
2025-01-02 20:10:48,501 - pcp: Could not find `cid` for [triethylenediamine (TEDA]
2025-01-02 20:10:48,824 - pcp: Could not find `cid` for [bpz]
2025-01-02 20:10:49,176 - pcp: Could not find `cid` for [H2O/ethanol]
2025-01-02 20:10:49,495 - pcp: Could not find `cid` for [DMF and MeOH]
2025-01-02 20:10:49,872 - pcp: Could not find `cid` for [N, N\u2032-diethylformamide]
2025-01-02 20:10:50,602 - pcp: Could not find `cid` for [DMF:EtOH:H2O]
2025-01-02 20:10:50,969 - pcp: Could not find `cid` for [NaOH or KOH]
2025-01-02 20:10:51,309 - pcp: Could not find `cid` for [DMF, CH3CN, H2O]
2025-01-02 20:10:52,013 - pcp: Could not find `cid` for [water and MeCN]
2025-01-02 20:10:52,372 - pcp: Could not find `cid` for [Cd(NO3)2\u22c75H]
2025-01-02 20:10:52,744 - pcp: Could not find `cid` for [btrb]
2025-01-02 20:10:53,060 - pcp: Could not find `cid` for [DMF/cyclohexanol/H2O]
2025-01-02 20:10:53,394 - pcp: Could not find `cid` for [DMF:EtOH:H2O (1]
2025-01-02 20:10:53,731 - pcp: Could not find `cid` for [DMF/H2O (2:1)]
2025-01-02 20:10:54,072 - pcp: Could not find `cid` for [Co(OAc)2\u00b44 H]
2025-01-02 20:10:54,437 - pcp: Could not find `cid` for [DMF/DMSO (10 mL, v]
2025-01-02 20:10:54,796 - pcp: Could not find `cid` for [2,5-Dihydroxyterephthal]
2025-01-02 20:10:55,165 - pcp: Could not find `cid` for [H3TPO]
2025-01-02 20:10:55,843 - pcp: Could not find `cid` for [NaHCOO\u00b72 H]
2025-01-02 20:10:56,193 - pcp: Could not find `cid` for [DMF/MeOH/H2O]
2025-01-02 20:10:56,533 - pcp: Could not find `cid` for [H4L]
2025-01-02 20:10:56,863 - pcp: Could not find `cid` for [DMF, EtOH, pyridine]
2025-01-02 20:10:57,245 - pcp: Could not find `cid` for [CuCl2·2H2O]
2025-01-02 20:10:57,974 - pcp: Could not find `cid` for [DMF/H2O (10:10,]
2025-01-02 20:10:58,316 - pcp: Could not find `cid` for [DMF, methanol, H2O (]
2025-01-02 20:10:58,647 - pcp: Could not find `cid` for [N,N-dimethyl acetamide : deion]
2025-01-02 20:10:59,018 - pcp: Could not find `cid` for [DMF and CH3CH2OH]
2025-01-02 20:10:59,404 - pcp: Could not find `cid` for [H3PMo12O40\u202613]
2025-01-02 20:10:59,741 - pcp: Could not find `cid` for [CH3CH2OH/CH3OH]
2025-01-02 20:11:00,081 - pcp: Could not find `cid` for [H2bptp]
2025-01-02 20:11:00,421 - pcp: Could not find `cid` for [ammonia and MeCN]
2025-01-02 20:11:00,762 - pcp: Could not find `cid` for [def/H2O]
2025-01-02 20:11:01,098 - pcp: Could not find `cid` for [DMF, ethanol, H2O]
2025-01-02 20:11:01,772 - pcp: Could not find `cid` for [H3BTN]
2025-01-02 20:11:02,151 - pcp: Could not find `cid` for [dimethylformamide, tetrahydrofuran]
2025-01-02 20:11:02,524 - pcp: Could not find `cid` for [DMF, distilled water, ethanol]
2025-01-02 20:11:02,858 - pcp: Could not find `cid` for [MCF-19]
2025-01-02 20:11:03,182 - pcp: Could not find `cid` for [NH3\u22c5H2O]
2025-01-02 20:11:03,569 - pcp: Could not find `cid` for [methanol, DMF]
2025-01-02 20:11:03,931 - pcp: Could not find `cid` for [H2O, MeCN]
2025-01-02 20:11:04,264 - pcp: Could not find `cid` for [DMF/ethanol]
2025-01-02 20:11:04,614 - pcp: Could not find `cid` for [Zn(NO3)2\u20096H]
2025-01-02 20:11:04,957 - pcp: Could not find `cid` for [H4LIV (50 mg, 0]
2025-01-02 20:11:05,593 - pcp: Could not find `cid` for [H4[SiW12O40], bib]
2025-01-02 20:11:05,937 - pcp: Could not find `cid` for [DMF, ethanol, water]
2025-01-02 20:11:06,278 - pcp: Could not find `cid` for [H2O/CH3CN]
2025-01-02 20:11:06,949 - pcp: Could not find `cid` for [sodium acetate buffer]
2025-01-02 20:11:07,284 - pcp: Could not find `cid` for [DMF/ethanol/H2O (5]
2025-01-02 20:11:07,631 - pcp: Could not find `cid` for [DMF/EtOH/pyridine]
2025-01-02 20:11:07,958 - pcp: Could not find `cid` for [DMF (10 mL), EtOH (99]
2025-01-02 20:11:08,316 - pcp: Could not find `cid` for [DEF/H2O/1 M HCl]
2025-01-02 20:11:08,629 - pcp: Could not find `cid` for [H4[SiW12O40]·]
2025-01-02 20:11:08,967 - pcp: Could not find `cid` for [Cu(NO3)2\u00b23H]
2025-01-02 20:11:09,291 - pcp: Could not find `cid` for [DMF, EtOH, H2O]
2025-01-02 20:11:09,604 - pcp: Could not find `cid` for [H3TCA (0.05 mol),]
2025-01-02 20:11:09,959 - pcp: Could not find `cid` for [DEF/H2O]
2025-01-02 20:11:10,297 - pcp: Could not find `cid` for [CH3CN/H2O (3/4]
2025-01-02 20:11:10,630 - pcp: Could not find `cid` for [DMF/EtOH/H2O (1]
2025-01-02 20:11:10,965 - pcp: Could not find `cid` for [DMF, methanol and H2O]
2025-01-02 20:11:11,303 - pcp: Could not find `cid` for [MeCN/H2O]
2025-01-02 20:11:11,628 - pcp: Could not find `cid` for [Cd(NO3)2\u00b24H]
2025-01-02 20:11:11,965 - pcp: Could not find `cid` for [DMF/H2O (3/1,]
2025-01-02 20:11:12,623 - pcp: Could not find `cid` for [DMF:CH3OH]
2025-01-02 20:11:12,956 - pcp: Could not find `cid` for [H4BCBAIP]
2025-01-02 20:11:13,356 - pcp: Could not find `cid` for [KI]
2025-01-02 20:11:13,698 - pcp: Could not find `cid` for [H2O, MeOH, CH3CN]
2025-01-02 20:11:14,038 - pcp: Could not find `cid` for [DMF/formic acid]
2025-01-02 20:11:14,362 - pcp: Could not find `cid` for [DEF/EG/Toluene]
2025-01-02 20:11:14,818 - pcp: Could not find `cid` for [DMF and anhydrous ethanol]
2025-01-02 20:11:15,161 - pcp: Could not find `cid` for [CuCl2\u20262H2O]
2025-01-02 20:11:15,483 - pcp: Could not find `cid` for [H2C2O4\u20262H]
2025-01-02 20:11:15,831 - pcp: Could not find `cid` for [Zn(CH3COO)2·2]
2025-01-02 20:11:16,186 - pcp: Could not find `cid` for [EtOH/H2O (3 mL,]
2025-01-02 20:11:16,602 - pcp: Could not find `cid` for [H2tbip]
2025-01-02 20:11:16,936 - pcp: Could not find `cid` for [Gd(NO3)3·6H2]
2025-01-02 20:11:17,269 - pcp: Could not find `cid` for [DIPA]
2025-01-02 20:11:17,614 - pcp: Could not find `cid` for [benzene and CHCl3]
2025-01-02 20:11:17,970 - pcp: Could not find `cid` for [ammonia solution (25% to 28]
2025-01-02 20:11:18,302 - pcp: Could not find `cid` for [H2O (3 mL) and DMF]
2025-01-02 20:11:18,628 - pcp: Could not find `cid` for [bimb]
2025-01-02 20:11:18,970 - pcp: Could not find `cid` for [Cd(NO3)2\u00b44H]
2025-01-02 20:11:19,308 - pcp: Could not find `cid` for [CH3CN/CH3OH/H2O]
2025-01-02 20:11:19,635 - pcp: Could not find `cid` for [H2O, EtOH]
2025-01-02 20:11:20,407 - pcp: Could not find `cid` for [DMF:ethanol:water]
2025-01-02 20:11:20,777 - pcp: Could not find `cid` for [CdBr2\u00b24H2O]
2025-01-02 20:11:21,117 - pcp: Could not find `cid` for [DMF/CH3CN]
2025-01-02 20:11:21,466 - pcp: Could not find `cid` for [NMP/dioxane/H2O]
2025-01-02 20:11:21,833 - pcp: Could not find `cid` for [n-C4H10OH]
2025-01-02 20:11:22,154 - pcp: Could not find `cid` for [H3EIMDC]
2025-01-02 20:11:22,492 - pcp: Could not find `cid` for [MeOH, DMF, H2O]
2025-01-02 20:11:22,861 - pcp: Could not find `cid` for [H3IDC]
2025-01-02 20:11:23,181 - pcp: Could not find `cid` for [DMF, CH3CH2OH, H]
2025-01-02 20:11:23,518 - pcp: Could not find `cid` for [DMF, EtOH, MeCN, H]
2025-01-02 20:11:23,837 - pcp: Could not find `cid` for [water/ethanol (6:1, v]
2025-01-02 20:11:24,177 - pcp: Could not find `cid` for [DMF/MeCN (4:1,]
2025-01-02 20:11:24,556 - pcp: Could not find `cid` for [DMF and 1 mL of CH3CN]
2025-01-02 20:11:25,518 - pcp: Could not find `cid` for [dimethylformamide, dioxane, H]
2025-01-02 20:11:25,896 - pcp: Could not find `cid` for [MeCN, MeOH]
2025-01-02 20:11:26,266 - pcp: Could not find `cid` for [DMF, methanol, water]
2025-01-02 20:11:26,625 - pcp: Could not find `cid` for [DMF:DMSO:H2O (7]
2025-01-02 20:11:26,960 - pcp: Could not find `cid` for [DMF, MeOH]
2025-01-02 20:11:27,278 - pcp: Could not find `cid` for [NH4VO3]
2025-01-02 20:11:27,628 - pcp: Could not find `cid` for [H2O, acetonitrile]
2025-01-02 20:11:27,975 - pcp: Could not find `cid` for [DMF/CH3OH/H2O (]
2025-01-02 20:11:29,333 - pcp: Could not find `cid` for [N, N\u2032-dimethylform]
2025-01-02 20:11:29,696 - pcp: Could not find `cid` for [mixed distilled water (4 mL)–MeCN]
2025-01-02 20:11:30,087 - pcp: Could not find `cid` for [DMF-C2H5OH-H2O]
2025-01-02 20:11:30,423 - pcp: Could not find `cid` for [H2fum, glutamic acid]
2025-01-02 20:11:30,740 - pcp: Could not find `cid` for [DMF:H2O]
2025-01-02 20:11:31,402 - pcp: Could not find `cid` for [H2O, DMF, dioxane]
2025-01-02 20:11:31,744 - pcp: Could not find `cid` for [DMF/methanol]
2025-01-02 20:11:32,081 - pcp: Could not find `cid` for [methanol and water]
2025-01-02 20:11:32,490 - pcp: Could not find `cid` for [Zn(NO3)2·6H2]
2025-01-02 20:11:33,171 - pcp: Could not find `cid` for [H2O/CH3OH = 3]
2025-01-02 20:11:33,492 - pcp: Could not find `cid` for [DMF/HCl]
2025-01-02 20:11:33,821 - pcp: Could not find `cid` for [water/methanol]
2025-01-02 20:11:34,143 - pcp: Could not find `cid` for [DMF, water]
2025-01-02 20:11:34,460 - pcp: Could not find `cid` for [DMF/MeOH/H2O/DMS]
2025-01-02 20:11:34,796 - pcp: Could not find `cid` for [H2O and methanol]
2025-01-02 20:11:35,132 - pcp: Could not find `cid` for [H2O/MeCN]
2025-01-02 20:11:35,469 - pcp: Could not find `cid` for [aqueous NaOH solution]
2025-01-02 20:11:35,834 - pcp: Could not find `cid` for [Zn(NO3)2\u20226H]
2025-01-02 20:11:36,168 - pcp: Could not find `cid` for [THF/H2O]
2025-01-02 20:11:36,499 - pcp: Could not find `cid` for [dmf and CH3OH]
2025-01-02 20:11:36,835 - pcp: Could not find `cid` for [deionized water and CH3OH]
2025-01-02 20:11:37,156 - pcp: Could not find `cid` for [N,N\\u2030-dimethylacet]
2025-01-02 20:11:37,498 - pcp: Could not find `cid` for [DMF/EtOH/H2O (V]
2025-01-02 20:11:37,819 - pcp: Could not find `cid` for [N,N-dimethylformamide and EtOH]
2025-01-02 20:11:38,141 - pcp: Could not find `cid` for [methanol/water (V1:1,]
2025-01-02 20:11:38,456 - pcp: Could not find `cid` for [TEA]
2025-01-02 20:11:38,815 - pcp: Could not find `cid` for [DMF/H2O (3 mL,]
2025-01-02 20:11:39,480 - pcp: Could not find `cid` for [2,2\u2032-bipyridine]
2025-01-02 20:11:39,873 - pcp: Could not find `cid` for [Eu(NO3)3·nH2O]
2025-01-02 20:11:40,188 - pcp: Could not find `cid` for [tetrahydrofuran (THF)]
2025-01-02 20:11:40,503 - pcp: Could not find `cid` for [H4SiW12O40\u202f]
2025-01-02 20:11:41,174 - pcp: Could not find `cid` for [4,4\u2032-bipy]
2025-01-02 20:11:41,514 - pcp: Could not find `cid` for [DMF (2 mL) and ethanol (1]
2025-01-02 20:11:41,858 - pcp: Could not find `cid` for [H4DBIP]
2025-01-02 20:11:42,176 - pcp: Could not find `cid` for [DMF/DMSO (1:1)]
2025-01-02 20:11:42,514 - pcp: Could not find `cid` for [DMF/MeOH/H2O (3]
2025-01-02 20:11:42,905 - pcp: Could not find `cid` for [DMSO/H2O]
2025-01-02 20:11:43,250 - pcp: Could not find `cid` for [Zn(NO3)2\u22c6]
2025-01-02 20:11:43,580 - pcp: Could not find `cid` for [DMF and chlorobenzene]
2025-01-02 20:11:43,914 - pcp: Could not find `cid` for [Eu(NO3)3·3H2O]
2025-01-02 20:11:44,253 - pcp: Could not find `cid` for [DMF/C2H5OH/H2O]
2025-01-02 20:11:44,599 - pcp: Could not find `cid` for [Gd(NO3)3, CuI,]
2025-01-02 20:11:44,921 - pcp: Could not find `cid` for [Cd(NO3)2·6H2O]
2025-01-02 20:11:45,254 - pcp: Could not find `cid` for [DMF/EtOH/H2O (4]
2025-01-02 20:11:45,599 - pcp: Could not find `cid` for [water, DMF, ethanol]
2025-01-02 20:11:45,967 - pcp: Could not find `cid` for [Cd(NO3)2\u00b74H]
