2025-01-06 15:34:43,368 - pcp: Could not find `cid` for [DMF:MeOH]
2025-01-06 15:34:44,382 - pcp: Could not find `cid` for [DMF/H2O]
2025-01-06 15:34:45,057 - pcp: Could not find `cid` for [EtOH/H2O]
2025-01-06 15:34:45,384 - pcp: Could not find `cid` for [DMF/H2O/C2H5OH]
2025-01-06 15:34:46,056 - pcp: Could not find `cid` for [Teflon-lined stainless-Steel-aut]
2025-01-06 15:34:46,372 - pcp: Could not find `cid` for [AQUEONS NH3]
2025-01-06 15:34:46,696 - pcp: Could not find `cid` for [H3BTB]
2025-01-06 15:34:47,067 - pcp: Could not find `cid` for [H3L]
2025-01-06 15:34:47,395 - pcp: Could not find `cid` for [NaAc·2H2O]
2025-01-06 15:34:47,715 - pcp: Could not find `cid` for [CH3COHHCl]
2025-01-06 15:34:48,038 - pcp: Could not find `cid` for [DMF/water mixture]
2025-01-06 15:34:48,366 - pcp: Could not find `cid` for [H3TCMTB]
2025-01-06 15:34:48,712 - pcp: Could not find `cid` for [H3BTC]
2025-01-06 15:34:49,035 - pcp: Could not find `cid` for [50% (CH3)4NOH]
2025-01-06 15:34:49,358 - pcp: Could not find `cid` for [air]
2025-01-06 15:34:50,026 - pcp: Could not find `cid` for [DMF/ethanol]
2025-01-06 15:34:50,376 - pcp: Could not find `cid` for [water,ethanol]
2025-01-06 15:34:51,038 - pcp: Could not find `cid` for [H2O/DMF]
2025-01-06 15:34:51,386 - pcp: Could not find `cid` for [EtOH, DMF]
2025-01-06 15:34:51,742 - pcp: Could not find `cid` for [DMF/NMP]
2025-01-06 15:34:52,080 - pcp: Could not find `cid` for [H2O/EtOH]
2025-01-06 15:34:52,409 - pcp: Could not find `cid` for [CH2CH2CH2CH2CH2]
2025-01-06 15:34:52,755 - pcp: Could not find `cid` for [DMF/water/MeOH]
2025-01-06 15:34:53,095 - pcp: Could not find `cid` for [2 M HCl]
2025-01-06 15:34:53,785 - pcp: Could not find `cid` for [Cu(NO3)2·3H2O]
2025-01-06 15:34:54,455 - pcp: Could not find `cid` for [H4TADIP]
2025-01-06 15:34:54,793 - pcp: Could not find `cid` for [DMF/MeCN/H2O]
2025-01-06 15:34:55,137 - pcp: Could not find `cid` for [HFP]
2025-01-06 15:34:55,469 - pcp: Could not find `cid` for [DMF/CH3CN]
2025-01-06 15:34:56,128 - pcp: Could not find `cid` for [H2O = water]
2025-01-06 15:34:56,472 - pcp: Could not find `cid` for [H4L]
2025-01-06 15:34:56,825 - pcp: Could not find `cid` for [water, CoCl2·6H2O]
2025-01-06 15:34:57,149 - pcp: Could not find `cid` for [DMF/d255ena/H2O]
2025-01-06 15:34:57,492 - pcp: Could not find `cid` for [DMF/dixana/H2O]
2025-01-06 15:34:58,229 - pcp: Could not find `cid` for [water–ethanol]
2025-01-06 15:34:58,573 - pcp: Could not find `cid` for [DMF, CH3CN, H2O]
2025-01-06 15:34:59,252 - pcp: Could not find `cid` for [H3tci]
2025-01-06 15:34:59,603 - pcp: Could not find `cid` for [DMF,CH3OH,water]
2025-01-06 15:34:59,946 - pcp: Could not find `cid` for [6 mol L255.1 HCl]
2025-01-06 15:35:00,268 - pcp: Could not find `cid` for [DMF, CH3OH, H2O]
2025-01-06 15:35:00,762 - pcp: Could not find `cid` for [DMF–H2O]
2025-01-06 15:35:01,322 - pcp: Could not find `cid` for [NH3·H2O]
2025-01-06 15:35:01,656 - pcp: Could not find `cid` for [H2O/1,4-dioxane]
2025-01-06 15:35:03,282 - pcp: Could not find `cid` for [water and ethanol]
2025-01-06 15:35:03,639 - pcp: Could not find `cid` for [DEF/EtOH/H2O]
2025-01-06 15:35:03,960 - pcp: Could not find `cid` for [DMF/glycol/H2O]
2025-01-06 15:35:04,296 - pcp: Could not find `cid` for [H4Ab255tc]
2025-01-06 15:35:04,626 - pcp: Could not find `cid` for [water−Ethanol]
2025-01-06 15:35:04,963 - pcp: Could not find `cid` for [H3O2C2H5O2]
2025-01-06 15:35:05,627 - pcp: Could not find `cid` for [Na2WO4·2H2O]
2025-01-06 15:35:06,002 - pcp: Could not find `cid` for [6 M HCl]
2025-01-06 15:35:06,331 - pcp: Could not find `cid` for [DMF, methanol,water]
2025-01-06 15:35:06,679 - pcp: Could not find `cid` for [H8TLAPy]
2025-01-06 15:35:07,385 - pcp: Could not find `cid` for [DEF/MeOH]
2025-01-06 15:35:07,739 - pcp: Could not find `cid` for [DMF/N255ene/pyridine]
2025-01-06 15:35:08,059 - pcp: Could not find `cid` for [DMF/CH3CH2OH/H2]
2025-01-06 15:35:08,390 - pcp: Could not find `cid` for [NaH2SIP]
2025-01-06 15:35:08,732 - pcp: Could not find `cid` for [H2O/ethanol]
2025-01-06 15:35:09,465 - pcp: Could not find `cid` for [DMF/EtOH/H2O]
2025-01-06 15:35:09,818 - pcp: Could not find `cid` for [NaOH or KOH]
2025-01-06 15:35:10,141 - pcp: Could not find `cid` for [DMF and water]
2025-01-06 15:35:10,479 - pcp: Could not find `cid` for [DMF, ethanol and H2O]
2025-01-06 15:35:10,816 - pcp: Could not find `cid` for [NaHCOO⋅2 H2]
2025-01-06 15:35:11,517 - pcp: Could not find `cid` for [methanol–water]
2025-01-06 15:35:11,844 - pcp: Could not find `cid` for [Teflon‐lined stainless Steel Vessel]
2025-01-06 15:35:12,178 - pcp: Could not find `cid` for [DMF, methanol, H2O]
2025-01-06 15:35:12,989 - pcp: Could not find `cid` for [DEF; H2O]
2025-01-06 15:35:13,359 - pcp: Could not find `cid` for [DMF, EtOH]
2025-01-06 15:35:13,678 - pcp: Could not find `cid` for [DMF\u2013ethanol and water]
2025-01-06 15:35:14,324 - pcp: Could not find `cid` for [K12.5Na1.5[Na]
2025-01-06 15:35:14,666 - pcp: Could not find `cid` for [DMF/ethanol/H2O]
2025-01-06 15:35:15,037 - pcp: Could not find `cid` for [DMF, EtOH, water]
2025-01-06 15:35:15,364 - pcp: Could not find `cid` for [H4BDDC]
2025-01-06 15:35:15,705 - pcp: Could not find `cid` for [H3TCA]
2025-01-06 15:35:16,042 - pcp: Could not find `cid` for [KI]
2025-01-06 15:35:16,377 - pcp: Could not find `cid` for [DMF and formic acid]
2025-01-06 15:35:16,709 - pcp: Could not find `cid` for [DEF/EtOH/water]
2025-01-06 15:35:17,055 - pcp: Could not find `cid` for [H2O andCH3CN]
2025-01-06 15:35:17,376 - pcp: Could not find `cid` for [DIPA]
2025-01-06 15:35:17,695 - pcp: Could not find `cid` for [MeCN)]
2025-01-06 15:35:18,038 - pcp: Could not find `cid` for [H2O, EtOH, HNO3]
2025-01-06 15:35:18,554 - pcp: Could not find `cid` for [H2O, EtOH]
2025-01-06 15:35:18,899 - pcp: Could not find `cid` for [Teflon–lined stainless Steel reactor]
2025-01-06 15:35:19,237 - pcp: Could not find `cid` for [DMF, ethanol,water]
2025-01-06 15:35:19,558 - pcp: Could not find `cid` for [DMF, H2O]
2025-01-06 15:35:20,216 - pcp: Could not find `cid` for [water/ethanol]
2025-01-06 15:35:20,575 - pcp: Could not find `cid` for [water)]
2025-01-06 15:35:20,899 - pcp: Could not find `cid` for [DMF/CH3OH/H2O]
2025-01-06 15:35:21,243 - pcp: Could not find `cid` for [DMF–C2H5OH–H]
2025-01-06 15:35:21,566 - pcp: Could not find `cid` for [water and absolute alcohol]
2025-01-06 15:35:21,953 - pcp: Could not find `cid` for [DMF/methanol]
2025-01-06 15:35:22,309 - pcp: Could not find `cid` for [H2O/CH3OH]
2025-01-06 15:35:22,649 - pcp: Could not find `cid` for [water/methanol mixture]
2025-01-06 15:35:22,971 - pcp: Could not find `cid` for [methanol and nitric acid]
2025-01-06 15:35:23,312 - pcp: Could not find `cid` for [DMF/MeOH/H2O/DM]
2025-01-06 15:35:23,651 - pcp: Could not find `cid` for [H2O/MeCN]
2025-01-06 15:35:25,189 - pcp: Could not find `cid` for [methanol/water]
2025-01-06 15:35:26,581 - pcp: Could not find `cid` for [1.0 mL of Cellosolve]
2025-01-06 15:35:26,906 - pcp: Could not find `cid` for [N,N‐diethylformamide]
2025-01-06 15:35:27,243 - pcp: Could not find `cid` for [H4BBTC]
2025-01-06 15:35:27,570 - pcp: Could not find `cid` for [DMF, ethanol]
2025-01-06 15:35:27,889 - pcp: Could not find `cid` for [DMF/MeOH/H2O]
2025-01-06 15:35:28,214 - pcp: Could not find `cid` for [DMF/5ML of H2O]
2025-01-06 15:35:28,553 - pcp: Could not find `cid` for [DMF/ethanol mixture]
2025-01-06 15:35:28,894 - pcp: Could not find `cid` for [H3TZI]
2025-01-06 15:35:29,244 - pcp: Could not find `cid` for [H3etzdc]
2025-01-06 15:35:29,560 - pcp: Could not find `cid` for [H4b255e]
