2025-01-07 17:41:40,350 - pcp: Could not find `cid` for [N, N\u2019-dimethylform]
2025-01-07 17:41:40,733 - pcp: Could not find `cid` for [DMF and water]
2025-01-07 17:41:41,074 - pcp: Could not find `cid` for [DMF and ethanol]
2025-01-07 17:41:41,394 - pcp: Could not find `cid` for [6 M HCl]
2025-01-07 17:41:41,732 - pcp: Could not find `cid` for [DMF and H2O]
2025-01-07 17:41:42,068 - pcp: Could not find `cid` for [ethylenediamine solution]
2025-01-07 17:41:42,404 - pcp: Could not find `cid` for [H2O, DMF]
2025-01-07 17:41:43,157 - pcp: Could not find `cid` for [NH3\u00b7H2O]
2025-01-07 17:41:43,494 - pcp: Could not find `cid` for [CH3OH, CH3CN, and de]
2025-01-07 17:41:44,220 - pcp: Could not find `cid` for [distilled H2O]
2025-01-07 17:41:44,544 - pcp: Could not find `cid` for [concentrated nitric acid]
2025-01-07 17:41:44,867 - pcp: Could not find `cid` for [DMF/H2O]
2025-01-07 17:41:45,187 - pcp: Could not find `cid` for [water and DMF]
2025-01-07 17:41:45,530 - pcp: Could not find `cid` for [40% HBF4]
2025-01-07 17:41:45,873 - pcp: Could not find `cid` for [DMF, H2O, MeOH]
2025-01-07 17:41:46,213 - pcp: Could not find `cid` for [DMF/NMP/pyridine]
2025-01-07 17:41:46,534 - pcp: Could not find `cid` for [DMF/CH3CH2OH/H2]
2025-01-07 17:41:46,866 - pcp: Could not find `cid` for [DMF, EtOH]
2025-01-07 17:41:47,548 - pcp: Could not find `cid` for [DMF, EtOH, water]
2025-01-07 17:41:47,886 - pcp: Could not find `cid` for [Cu(ClO4)2\u00b76]
2025-01-07 17:41:48,220 - pcp: Could not find `cid` for [DMF, EtOH, H2O]
2025-01-07 17:41:48,559 - pcp: Could not find `cid` for [DMF, C2H5OH, H]
2025-01-07 17:41:48,887 - pcp: Could not find `cid` for [H2O, MeOH, CH3CN]
2025-01-07 17:41:49,254 - pcp: Could not find `cid` for [EtOH, H2O]
2025-01-07 17:41:49,597 - pcp: Could not find `cid` for [DMF, DMSO]
2025-01-07 17:41:49,944 - pcp: Could not find `cid` for [DMF/EtOH/H2O]
2025-01-07 17:41:50,288 - pcp: Could not find `cid` for [H2O, acetonitrile]
2025-01-07 17:41:50,641 - pcp: Could not find `cid` for [nitrate acid solution]
2025-01-07 17:41:50,980 - pcp: Could not find `cid` for [H2O/CH3OH]
2025-01-07 17:41:51,302 - pcp: Could not find `cid` for [H2O/MeCN]
2025-01-07 17:41:52,042 - pcp: Could not find `cid` for [DMF/C2H5OH/H2O]
