2024-12-29 23:09:19,834 - pcp: Could not find `cid` for [None]
2024-12-29 23:09:20,148 - pcp: Could not find `cid` for [aqueous HNO3 solution]
2024-12-29 23:09:20,799 - pcp: Could not find `cid` for [DMF/H2O (1:3)]
2024-12-29 23:09:21,117 - pcp: Could not find `cid` for [EtOH/H2O]
2024-12-29 23:09:21,437 - pcp: Could not find `cid` for [1,2-bis(4-pyrid]
2024-12-29 23:09:22,794 - pcp: Could not find `cid` for [1-[(4-methylphenyl)sul]
2024-12-29 23:09:23,132 - pcp: Could not find `cid` for [component solvent (DMF/H2O/C2]
2024-12-29 23:09:23,450 - pcp: Could not find `cid` for [NaOH solution]
2024-12-29 23:09:23,776 - pcp: Could not find `cid` for [H2tpa]
2024-12-29 23:09:24,089 - pcp: Could not find `cid` for [Ba(NO3)2]
2024-12-29 23:09:24,409 - pcp: Could not find `cid` for [HF (48%)]
2024-12-29 23:09:25,413 - pcp: Could not find `cid` for [concentrated HNO3]
2024-12-29 23:09:26,165 - pcp: Could not find `cid` for [4,4′-bpy]
2024-12-29 23:09:26,501 - pcp: Could not find `cid` for [N,N\'-dimethylacetamide]
2024-12-29 23:09:26,834 - pcp: Could not find `cid` for [distilled H2O]
2024-12-29 23:09:27,931 - pcp: Could not find `cid` for [DMF/1,4-dioxane]
2024-12-29 23:09:28,626 - pcp: Could not find `cid` for [N,N-dimethylformamide (DMF]
2024-12-29 23:09:28,947 - pcp: Could not find `cid` for [50% (CH3)4NOH]
2024-12-29 23:09:29,296 - pcp: Could not find `cid` for [N,N-diethylformamide (DEF)]
2024-12-29 23:09:29,624 - pcp: Could not find `cid` for [DMF/ethanol (1/4,]
2024-12-29 23:09:29,942 - pcp: Could not find `cid` for [DMF/H2O]
2024-12-29 23:09:30,284 - pcp: Could not find `cid` for [1,4-dioxane/H2O (]
2024-12-29 23:09:30,597 - pcp: Could not find `cid` for [BIDPE]
2024-12-29 23:09:31,653 - pcp: Could not find `cid` for [Cu(OAc)2·H2O]
2024-12-29 23:09:31,983 - pcp: Could not find `cid` for [ethyl glycol (EG)]
2024-12-29 23:09:33,318 - pcp: Could not find `cid` for [H2O/EtOH]
2024-12-29 23:09:34,325 - pcp: Could not find `cid` for [water and ethanol]
2024-12-29 23:09:34,655 - pcp: Could not find `cid` for [H2C2O4]
2024-12-29 23:09:34,973 - pcp: Could not find `cid` for [aqueous solution]
2024-12-29 23:09:35,314 - pcp: Could not find `cid` for [DMF and H2O mixture]
2024-12-29 23:09:36,672 - pcp: Could not find `cid` for [H2O/EtOH (1:1]
2024-12-29 23:09:37,312 - pcp: Could not find `cid` for [DMF/water/MeOH]
2024-12-29 23:09:37,976 - pcp: Could not find `cid` for [azopy]
2024-12-29 23:09:38,313 - pcp: Could not find `cid` for [NH3\u22c7H2O]
2024-12-29 23:09:38,643 - pcp: Could not find `cid` for [concentrated H2SO4]
2024-12-29 23:09:38,989 - pcp: Could not find `cid` for [Me4NBr]
2024-12-29 23:09:39,326 - pcp: Could not find `cid` for [deionised water]
2024-12-29 23:09:39,640 - pcp: Could not find `cid` for [DMF/MeCN/H2O (3]
2024-12-29 23:09:39,979 - pcp: Could not find `cid` for [HFP]
2024-12-29 23:09:40,319 - pcp: Could not find `cid` for [DMF/CH3CN]
2024-12-29 23:09:40,662 - pcp: Could not find `cid` for [N,N′-diethylformamide (DEF]
2024-12-29 23:09:41,665 - pcp: Could not find `cid` for [Hade]
2024-12-29 23:09:42,000 - pcp: Could not find `cid` for [H3PMo12O40]
2024-12-29 23:09:42,337 - pcp: Could not find `cid` for [2 M HCl]
2024-12-29 23:09:42,685 - pcp: Could not find `cid` for [bismuthiobenzoate (bb]
2024-12-29 23:09:43,023 - pcp: Could not find `cid` for [DMF/methanol/H2O]
2024-12-29 23:09:44,699 - pcp: Could not find `cid` for [bpfp]
2024-12-29 23:09:45,036 - pcp: Could not find `cid` for [DMF/MeCN/H2O]
2024-12-29 23:09:45,722 - pcp: Could not find `cid` for [water-ethanol (2:1 v/v]
2024-12-29 23:09:46,058 - pcp: Could not find `cid` for [6 M HCl]
2024-12-29 23:09:46,399 - pcp: Could not find `cid` for [[(CH3)4N]OH]
2024-12-29 23:09:47,052 - pcp: Could not find `cid` for [Et4NOH]
2024-12-29 23:09:47,386 - pcp: Could not find `cid` for [NaOH solution (0.25 M)]
2024-12-29 23:09:47,703 - pcp: Could not find `cid` for [NiCl2\u20226H2O]
2024-12-29 23:09:48,398 - pcp: Could not find `cid` for [Co(NO3)2·6H2O]
2024-12-29 23:09:48,737 - pcp: Could not find `cid` for [DMF/NMP/pyridine]
2024-12-29 23:09:49,055 - pcp: Could not find `cid` for [NH3·H2O]
2024-12-29 23:09:49,705 - pcp: Could not find `cid` for [bpz]
2024-12-29 23:09:50,041 - pcp: Could not find `cid` for [Hpba]
2024-12-29 23:09:50,358 - pcp: Could not find `cid` for [H2O/1,4-dioxane]
2024-12-29 23:09:50,680 - pcp: Could not find `cid` for [obtz]
2024-12-29 23:09:50,993 - pcp: Could not find `cid` for [NaAc·3H2O]
2024-12-29 23:09:52,066 - pcp: Could not find `cid` for [dmurea]
2024-12-29 23:09:52,406 - pcp: Could not find `cid` for [mixed solvents of distilled water and DMF (]
2024-12-29 23:09:52,743 - pcp: Could not find `cid` for [3-bpmp]
2024-12-29 23:09:53,065 - pcp: Could not find `cid` for [DEF/EtOH/H2O]
2024-12-29 23:09:53,393 - pcp: Could not find `cid` for [NaOH, KOH]
2024-12-29 23:09:53,729 - pcp: Could not find `cid` for [N,N′-dimethylformamide (DM]
2024-12-29 23:09:54,045 - pcp: Could not find `cid` for [TPOM]
2024-12-29 23:09:54,367 - pcp: Could not find `cid` for [DMF/glycol/H2O (8]
2024-12-29 23:09:54,685 - pcp: Could not find `cid` for [DMF and H2O]
2024-12-29 23:09:55,317 - pcp: Could not find `cid` for [concentrated nitric acid]
2024-12-29 23:09:55,655 - pcp: Could not find `cid` for [water−ethanol (1:4)]
2024-12-29 23:09:56,323 - pcp: Could not find `cid` for [N,N\u2032-dimethylformamide]
2024-12-29 23:09:56,667 - pcp: Could not find `cid` for [H2Tart]
2024-12-29 23:09:57,995 - pcp: Could not find `cid` for [L]
2024-12-29 23:09:58,970 - pcp: Could not find `cid` for [N,N′-dimethylaniline]
2024-12-29 23:09:59,282 - pcp: Could not find `cid` for [DEF/MeOH]
2024-12-29 23:09:59,616 - pcp: Could not find `cid` for [1-methyl-2-pyrrolidin]
2024-12-29 23:09:59,939 - pcp: Could not find `cid` for [DMF/CH3CH2OH/H2]
2024-12-29 23:10:00,580 - pcp: Could not find `cid` for [NaI]
2024-12-29 23:10:00,910 - pcp: Could not find `cid` for [H2O/ethanol]
2024-12-29 23:10:01,245 - pcp: Could not find `cid` for [con. HCl]
2024-12-29 23:10:01,567 - pcp: Could not find `cid` for [N, N′-diethylformamide]
2024-12-29 23:10:01,885 - pcp: Could not find `cid` for [NaOH or KOH solution]
2024-12-29 23:10:02,225 - pcp: Could not find `cid` for [2 M NaOH solution]
2024-12-29 23:10:02,873 - pcp: Could not find `cid` for [ethanol/H2O solution]
2024-12-29 23:10:03,208 - pcp: Could not find `cid` for [bpdab]
2024-12-29 23:10:03,542 - pcp: Could not find `cid` for [timtz]
2024-12-29 23:10:04,618 - pcp: Could not find `cid` for [DPT]
2024-12-29 23:10:04,933 - pcp: Could not find `cid` for [DMF/H2O (2:1)]
2024-12-29 23:10:05,251 - pcp: Could not find `cid` for [DMF/DMSO]
2024-12-29 23:10:06,242 - pcp: Could not find `cid` for [NaHCOO·2 H2O]
2024-12-29 23:10:06,876 - pcp: Could not find `cid` for [DMF/MeOH/H2O]
2024-12-29 23:10:07,196 - pcp: Could not find `cid` for [CH3)4NOH]
2024-12-29 23:10:07,553 - pcp: Could not find `cid` for [18 M HNO3]
2024-12-29 23:10:08,551 - pcp: Could not find `cid` for [DMF/EtOH]
2024-12-29 23:10:09,226 - pcp: Could not find `cid` for [CH3CH2OH/CH3OH]
2024-12-29 23:10:09,564 - pcp: Could not find `cid` for [Co(NH3)6·Cl3]
2024-12-29 23:10:09,906 - pcp: Could not find `cid` for [def/H2O]
2024-12-29 23:10:10,256 - pcp: Could not find `cid` for [Mn(CH3COO)2·4]
2024-12-29 23:10:12,312 - pcp: Could not find `cid` for [sodium acetate buffer]
2024-12-29 23:10:12,636 - pcp: Could not find `cid` for [NH3\u22c5H2O]
2024-12-29 23:10:12,974 - pcp: Could not find `cid` for [4]
2024-12-29 23:10:13,310 - pcp: Could not find `cid` for [DMF/H2O (3:1,]
2024-12-29 23:10:13,643 - pcp: Could not find `cid` for [DMF/H2O/C2H5OH]
2024-12-29 23:10:13,984 - pcp: Could not find `cid` for [2 M HNO3]
2024-12-29 23:10:14,327 - pcp: Could not find `cid` for [DMF/ethanol/H2O (5]
2024-12-29 23:10:15,313 - pcp: Could not find `cid` for [DMF/EtOH/pyridine]
2024-12-29 23:10:15,650 - pcp: Could not find `cid` for [bimb]
2024-12-29 23:10:15,986 - pcp: Could not find `cid` for [DMF/H2O (3 mL/0]
2024-12-29 23:10:16,307 - pcp: Could not find `cid` for [CH3CN/H2O]
2024-12-29 23:10:16,645 - pcp: Could not find `cid` for [DMF/EtOH/H2O (1]
2024-12-29 23:10:16,978 - pcp: Could not find `cid` for [bimh]
2024-12-29 23:10:17,311 - pcp: Could not find `cid` for [water/ethanol]
2024-12-29 23:10:17,975 - pcp: Could not find `cid` for [N,N′‐dimethylformamide]
2024-12-29 23:10:18,303 - pcp: Could not find `cid` for [KI]
2024-12-29 23:10:18,621 - pcp: Could not find `cid` for [DMF and formic acid mixture]
2024-12-29 23:10:19,275 - pcp: Could not find `cid` for [DEF/EG/Toluene]
2024-12-29 23:10:19,594 - pcp: Could not find `cid` for [N,N′-dimethylformamide]
2024-12-29 23:10:20,275 - pcp: Could not find `cid` for [conc. HCl]
2024-12-29 23:10:20,927 - pcp: Could not find `cid` for [DIPA]
2024-12-29 23:10:21,598 - pcp: Could not find `cid` for [4-abpt]
2024-12-29 23:10:22,257 - pcp: Could not find `cid` for [H2O and EtOH]
2024-12-29 23:10:22,920 - pcp: Could not find `cid` for [H2O/CH3CN]
2024-12-29 23:10:23,255 - pcp: Could not find `cid` for [mixed solvent of DMF, ethanol, and water]
2024-12-29 23:10:23,593 - pcp: Could not find `cid` for [N(n-C4H9)4Cl]
2024-12-29 23:10:23,918 - pcp: Could not find `cid` for [2,2′-oxydiacetic acid]
2024-12-29 23:10:24,239 - pcp: Could not find `cid` for [NMP/dioxane/H2O]
2024-12-29 23:10:24,946 - pcp: Could not find `cid` for [DMF/MeCN]
2024-12-29 23:10:25,649 - pcp: Could not find `cid` for [LiOH·H2O]
2024-12-29 23:10:25,993 - pcp: Could not find `cid` for [NH4VO3]
2024-12-29 23:10:26,344 - pcp: Could not find `cid` for [N, N′-dimethylformamide (]
2024-12-29 23:10:26,697 - pcp: Could not find `cid` for [Hbtz]
2024-12-29 23:10:27,381 - pcp: Could not find `cid` for [mixed distilled water-ACN]
2024-12-29 23:10:27,722 - pcp: Could not find `cid` for [DMF-C2H5OH-H2O]
2024-12-29 23:10:28,380 - pcp: Could not find `cid` for [DMF/EtOH/H2O]
2024-12-29 23:10:29,028 - pcp: Could not find `cid` for [H2O, DMF, dioxane]
2024-12-29 23:10:29,362 - pcp: Could not find `cid` for [1:1 methanol and water]
2024-12-29 23:10:29,682 - pcp: Could not find `cid` for [nitrate acid solution]
2024-12-29 23:10:30,004 - pcp: Could not find `cid` for [H2O/CH3OH]
2024-12-29 23:10:30,323 - pcp: Could not find `cid` for [HCOONa\u22c6 2]
2024-12-29 23:10:30,658 - pcp: Could not find `cid` for [water/methanol]
2024-12-29 23:10:31,015 - pcp: Could not find `cid` for [FeCl3·6H2O]
2024-12-29 23:10:31,336 - pcp: Could not find `cid` for [DMF/MeOH/H2O/DMS]
2024-12-29 23:10:31,653 - pcp: Could not find `cid` for [H2O/MeCN]
2024-12-29 23:10:32,340 - pcp: Could not find `cid` for [N(CH3)4·Br]
2024-12-29 23:10:32,675 - pcp: Could not find `cid` for [l-(+)-malic acid]
2024-12-29 23:10:33,332 - pcp: Could not find `cid` for [dpdo]
2024-12-29 23:10:33,653 - pcp: Could not find `cid` for [N,N′-dimethylacetamide]
2024-12-29 23:10:34,303 - pcp: Could not find `cid` for [H2bpca]
2024-12-29 23:10:35,012 - pcp: Could not find `cid` for [methanol/water]
2024-12-29 23:10:35,332 - pcp: Could not find `cid` for [TEA]
2024-12-29 23:10:35,666 - pcp: Could not find `cid` for [N,N\u2210diethylformamide]
2024-12-29 23:10:35,983 - pcp: Could not find `cid` for [DMF/MeCN/H2O (1]
2024-12-29 23:10:36,304 - pcp: Could not find `cid` for [4,4′‐bipyridine]
2024-12-29 23:10:36,643 - pcp: Could not find `cid` for [ethanol (C2H5OH)]
2024-12-29 23:10:36,965 - pcp: Could not find `cid` for [DMF/ethanol]
2024-12-29 23:10:37,287 - pcp: Could not find `cid` for [DMF/EtOH/H2O (4]
2024-12-29 23:10:37,653 - pcp: Could not find `cid` for [ETA]
