2025-01-06 11:42:24,716 - pcp: Could not find `cid` for [string]
2025-01-06 11:42:25,036 - pcp: Could not find `cid` for [0.5 mg]
2025-01-06 11:42:25,370 - pcp: Could not find `cid` for [0.0mmOL bufferedATEIUM]
2025-01-06 11:42:25,689 - pcp: Could not find `cid` for [0.0mm caudateateic]
2025-01-06 11:42:26,017 - pcp: Could not find `cid` for [0.0 mL]
2025-01-06 11:42:26,423 - pcp: Could not find `cid` for [1.0.0.0.0.]
2025-01-06 11:42:27,757 - pcp: Could not find `cid` for [C4H164O38.5]
2025-01-06 11:42:28,093 - pcp: Could not find `cid` for [1h-1,2,4triac]
2025-01-06 11:42:28,442 - pcp: Could not find `cid` for [0.0 g]
2025-01-06 11:42:28,779 - pcp: Could not find `cid` for [0.0 mmol), H2PAM]
2025-01-06 11:42:29,093 - pcp: Could not find `cid` for [0.04mmol DMF3O25]
2025-01-06 11:42:29,448 - pcp: Could not find `cid` for [0.0]
2025-01-06 11:42:29,813 - pcp: Could not find `cid` for [0.1mg]
2025-01-06 11:42:30,263 - pcp: Could not find `cid` for [Zn3]
2025-01-06 11:42:30,579 - pcp: Could not find `cid` for [0.10mmol]
2025-01-06 11:42:30,921 - pcp: Could not find `cid` for [0.20mmOL]
2025-01-06 11:42:31,262 - pcp: Could not find `cid` for [0.0.0.0.0.]
2025-01-06 11:42:31,600 - pcp: Could not find `cid` for [0.0.0.0.]
2025-01-06 11:42:31,928 - pcp: Could not find `cid` for [0.01 mmol;,]
2025-01-06 11:42:32,256 - pcp: Could not find `cid` for [0.04mmol;]
2025-01-06 11:42:33,180 - pcp: Could not find `cid` for [1.00.00.00.00.]
2025-01-06 11:42:33,549 - pcp: Could not find `cid` for [0.1 mL DMF]
2025-01-06 11:42:33,903 - pcp: Could not find `cid` for [0.0 mg]
2025-01-06 11:42:34,243 - pcp: Could not find `cid` for [0.0mg]
2025-01-06 11:42:34,932 - pcp: Could not find `cid` for [ZnN6O6: C 50]
2025-01-06 11:42:35,256 - pcp: Could not find `cid` for [C 50.74]
2025-01-06 11:42:35,599 - pcp: Could not find `cid` for [Lithiumene hydroxide]
2025-01-06 11:42:35,942 - pcp: Could not find `cid` for [0.5 mL]
2025-01-06 11:42:36,284 - pcp: Could not find `cid` for [0.2 mL]
2025-01-06 11:42:36,625 - pcp: Could not find `cid` for [0.25 mmol)]
2025-01-06 11:42:36,940 - pcp: Could not find `cid` for [0.4mmol]
2025-01-06 11:42:37,283 - pcp: Could not find `cid` for [C 4.0 mg, 0.]
2025-01-06 11:42:37,603 - pcp: Could not find `cid` for [H 3.0.0.0.]
2025-01-06 11:42:37,943 - pcp: Could not find `cid` for [object]
2025-01-06 11:42:38,287 - pcp: Could not find `cid` for [1.4-NET-1.4-N]
2025-01-06 11:42:38,635 - pcp: Could not find `cid` for [C 5.50,]
2025-01-06 11:42:38,982 - pcp: Could not find `cid` for [C 5.59,]
2025-01-06 11:42:39,304 - pcp: Could not find `cid` for [0.0mmol]
2025-01-06 11:42:39,648 - pcp: Could not find `cid` for [0.25]
