2025-01-06 11:28:39,441 - pcp: Could not find `cid` for [H3btb]
2025-01-06 11:28:39,759 - pcp: Could not find `cid` for [DMF, H2O]
2025-01-06 11:28:40,077 - pcp: Could not find `cid` for [H3L1]
2025-01-06 11:28:40,396 - pcp: Could not find `cid` for [DMF/H2O]
2025-01-06 11:28:40,719 - pcp: Could not find `cid` for [H3BTC]
2025-01-06 11:28:41,052 - pcp: Could not find `cid` for [DMF/ethanol]
2025-01-06 11:28:41,385 - pcp: Could not find `cid` for [H4LV]
2025-01-06 11:28:42,055 - pcp: Could not find `cid` for [YCl3·6H2O (0]
2025-01-06 11:28:42,373 - pcp: Could not find `cid` for [H3L]
2025-01-06 11:28:42,693 - pcp: Could not find `cid` for [DMF/H2O (2/10,]
2025-01-06 11:28:43,008 - pcp: Could not find `cid` for [Co(Ac)2·4H2O]
2025-01-06 11:28:43,978 - pcp: Could not find `cid` for [H4tpta]
2025-01-06 11:28:44,334 - pcp: Could not find `cid` for [1,3-bis(4-carboxy]
2025-01-06 11:28:44,655 - pcp: Could not find `cid` for [CH3OH/CH3CN/H2O]
2025-01-06 11:28:44,986 - pcp: Could not find `cid` for [Cd(NO3)2·4H2O]
2025-01-06 11:28:45,306 - pcp: Could not find `cid` for [H2O/MeOH (5/5]
2025-01-06 11:28:45,668 - pcp: Could not find `cid` for [Mn3O4·H2O·]
2025-01-06 11:28:46,128 - pcp: Could not find `cid` for [H6L2]
2025-01-06 11:28:46,803 - pcp: Could not find `cid` for [3-pmna]
2025-01-06 11:28:47,551 - pcp: Could not find `cid` for [DMF/H2O (1:1,]
2025-01-06 11:28:48,019 - pcp: Could not find `cid` for [DMF/H2O (10/5,]
2025-01-06 11:28:49,519 - pcp: Could not find `cid` for [DMF/H2O (10/5),]
2025-01-06 11:28:50,856 - pcp: Could not find `cid` for [H2L]
2025-01-06 11:28:51,191 - pcp: Could not find `cid` for [DMF/H2O/MeOH]
2025-01-06 11:28:51,508 - pcp: Could not find `cid` for [DMF/NMP/pyridine]
2025-01-06 11:28:51,829 - pcp: Could not find `cid` for [DMF/CH3CH2OH/H2]
2025-01-06 11:28:53,501 - pcp: Could not find `cid` for [2,3,5-benzenetricar]
2025-01-06 11:28:53,851 - pcp: Could not find `cid` for [1,2,4,5-benzene]
2025-01-06 11:28:54,174 - pcp: Could not find `cid` for [DMF/EtOH (1:1,]
2025-01-06 11:28:54,854 - pcp: Could not find `cid` for [H4DTPD]
2025-01-06 11:28:55,194 - pcp: Could not find `cid` for [DMF/EtOH/H2O (1]
2025-01-06 11:28:55,514 - pcp: Could not find `cid` for [1,2-benzenedicarboxy]
2025-01-06 11:28:55,848 - pcp: Could not find `cid` for [L1-H8]
2025-01-06 11:28:56,193 - pcp: Could not find `cid` for [DEF/H2O/1 M HCl]
2025-01-06 11:28:56,519 - pcp: Could not find `cid` for [H4BIP]
2025-01-06 11:28:56,858 - pcp: Could not find `cid` for [DMF/ethanol/H2O (1]
2025-01-06 11:28:57,198 - pcp: Could not find `cid` for [DMF/C2H5OH/H2O]
2025-01-06 11:28:57,538 - pcp: Could not find `cid` for [CoCl2·6H2O]
2025-01-06 11:28:57,871 - pcp: Could not find `cid` for [H2O (1:1),]
2025-01-06 11:28:58,194 - pcp: Could not find `cid` for [Co(COOCH3)2·4H]
2025-01-06 11:28:58,532 - pcp: Could not find `cid` for [EtOH/H2O (10 ml,]
2025-01-06 11:28:58,858 - pcp: Could not find `cid` for [Zn(NO3)2·6H2]
2025-01-06 11:28:59,199 - pcp: Could not find `cid` for [H4TC]
2025-01-06 11:28:59,521 - pcp: Could not find `cid` for [H4L]
2025-01-06 11:28:59,861 - pcp: Could not find `cid` for [DMF/EtOH/H2O (2]
2025-01-06 11:29:00,204 - pcp: Could not find `cid` for [1,4-NDC]
2025-01-06 11:29:00,523 - pcp: Could not find `cid` for [InCl3·4H2O]
2025-01-06 11:29:01,190 - pcp: Could not find `cid` for [H2O/CH3OH = 3]
2025-01-06 11:29:01,514 - pcp: Could not find `cid` for [H2O/MeCN]
2025-01-06 11:29:01,837 - pcp: Could not find `cid` for [H4BDC]
2025-01-06 11:29:02,183 - pcp: Could not find `cid` for [2-methylpiperazine (1.00]
2025-01-06 11:29:02,516 - pcp: Could not find `cid` for [H5L1]
