2025-01-06 20:05:56,273 - pcp: Could not find `cid` for [HBF4{]
2025-01-06 20:05:56,605 - pcp: Could not find `cid` for [DMF\n4O8H8\n2]
2025-01-06 20:05:56,961 - pcp: Could not find `cid` for [DMF\n]
2025-01-06 20:05:57,285 - pcp: Could not find `cid` for [DMF}}]{211.0C}][]
2025-01-06 20:05:57,627 - pcp: Could not find `cid` for [DMF\n{]
2025-01-06 20:05:57,999 - pcp: Could not find `cid` for [None
well{{}}}}
Result: {]
2025-01-06 20:05:58,326 - pcp: Could not find `cid` for [DMF\nwell{{{}}}}\nResult]
2025-01-06 20:05:58,663 - pcp: Could not find `cid` for [DMF\n\n>:</tdassistantassistant]
2025-01-06 20:05:59,008 - pcp: Could not find `cid` for [None, 160.0}}C
vault]
2025-01-06 20:05:59,344 - pcp: Could not find `cid` for [H2O\n\n}}a7R1]
2025-01-06 20:05:59,733 - pcp: Could not find `cid` for [None}}]>NaOH

{]
2025-01-06 20:06:00,081 - pcp: Could not find `cid` for [H2O\n\n{]
2025-01-06 20:06:00,428 - pcp: Could not find `cid` for [piperazine}}{{]
2025-01-06 20:06:00,788 - pcp: Could not find `cid` for [NH3.0.5}}C5.]
2025-01-06 20:06:01,133 - pcp: Could not find `cid` for [DMF.0.0}}C3.]
2025-01-06 20:06:01,609 - pcp: Could not find `cid` for [None}}]
{]
2025-01-06 20:06:02,121 - pcp: Could not find `cid` for [DMF\n\n}\n411.0C]
2025-01-06 20:06:02,566 - pcp: Could not find `cid` for [DMe\n\n\n\n\n\n\n OR]
2025-01-06 20:06:02,997 - pcp: Could not find `cid` for [None}
{]
2025-01-06 20:06:03,393 - pcp: Could not find `cid` for [H2O\n{]
2025-01-06 20:06:03,798 - pcp: Could not find `cid` for [H2O\n\n\n\n\n\n\n]
2025-01-06 20:06:04,161 - pcp: Could not find `cid` for [NaOH}}]
{]
2025-01-06 20:06:04,515 - pcp: Could not find `cid` for [water}}]\n{[]
2025-01-06 20:06:04,891 - pcp: Could not find `cid` for [None,]
2025-01-06 20:06:05,214 - pcp: Could not find `cid` for [H2O,]
2025-01-06 20:06:05,561 - pcp: Could not find `cid` for [DMF\n\n\n\n\n\nDMF]
2025-01-06 20:06:05,897 - pcp: Could not find `cid` for [DMF\n\n\n\n\n\n\n\n]
2025-01-06 20:06:06,223 - pcp: Could not find `cid` for [None

 Solidumfluoruforen]
2025-01-06 20:06:06,590 - pcp: Could not find `cid` for [DMF\n\n
ic acid\n\n DM]
2025-01-06 20:06:06,913 - pcp: Could not find `cid` for [HClO4}}aNone8C2]
2025-01-06 20:06:07,556 - pcp: Could not find `cid` for [HCl}{}

{]
2025-01-06 20:06:07,878 - pcp: Could not find `cid` for [DMF}{}\n\n{H2O]
2025-01-06 20:06:08,220 - pcp: Could not find `cid` for [DMF\n\n\n 100.0\n]
2025-01-06 20:06:08,561 - pcp: Could not find `cid` for [DMF\nic acid}aNone0.]
2025-01-06 20:06:08,894 - pcp: Could not find `cid` for [HCl}}]}
211.0

H2]
2025-01-06 20:06:09,241 - pcp: Could not find `cid` for [HNO3}}]
{]
2025-01-06 20:06:09,578 - pcp: Could not find `cid` for [DMF}}]\n{C}{ 85]
2025-01-06 20:06:09,921 - pcp: Could not find `cid` for [H2O}assistant]
2025-01-06 20:06:10,291 - pcp: Could not find `cid` for [NaOH}}\\
211.0M}}]
2025-01-06 20:06:10,637 - pcp: Could not find `cid` for [H2O\nesqO2qO]
2025-01-06 20:06:10,989 - pcp: Could not find `cid` for [H2O\n\n O O none none none]
2025-01-06 20:06:11,327 - pcp: Could not find `cid` for [EtOH\n\n\n\n\n\n\n\n]
2025-01-06 20:06:11,709 - pcp: Could not find `cid` for [NaOH}}C2O}}O4O]
2025-01-06 20:06:12,067 - pcp: Could not find `cid` for [H2O}}O4O8O4]
2025-01-06 20:06:12,408 - pcp: Could not find `cid` for [H2O}}]\n{8.0]
2025-01-06 20:06:12,829 - pcp: Could not find `cid` for [None

: H2O
:]
2025-01-06 20:06:13,187 - pcp: Could not find `cid` for [acetonite\n\n:]
2025-01-06 20:06:13,513 - pcp: Could not find `cid` for [None


NITRIC ACID]
2025-01-06 20:06:13,856 - pcp: Could not find `cid` for [H2O\n\n\n\n]
2025-01-06 20:06:14,178 - pcp: Could not find `cid` for [celcosyl\n}\n{]
2025-01-06 20:06:14,519 - pcp: Could not find `cid` for [water}}]>]C</aT8.]
2025-01-06 20:06:14,898 - pcp: Could not find `cid` for [HNO3
}
{]
2025-01-06 20:06:15,263 - pcp: Could not find `cid` for [H2O\n}\n{*,]
2025-01-06 20:06:15,623 - pcp: Could not find `cid` for [water\n\n\n\n\n\n\n\n OR]
2025-01-06 20:06:16,010 - pcp: Could not find `cid` for [HCl}{C}H2O{DM]
2025-01-06 20:06:16,335 - pcp: Could not find `cid` for [None

 Solvent: H2O Temper]
2025-01-06 20:06:16,657 - pcp: Could not find `cid` for [H2O\n\n solvents]
